This file contains any messages produced by compilers while
running configure, to aid debugging if configure makes a mistake.

It was created by libmodbus configure 3.0.6, which was
generated by GNU Autoconf 2.69.  Invocation command line was

  $ ./configure --host=x86_64-linux-gnu --target=arm-linux-gnueabihf

## --------- ##
## Platform. ##
## --------- ##

hostname = DESKTOP-73LHMUU
uname -m = x86_64
uname -r = 4.19.128-microsoft-standard
uname -s = Linux
uname -v = #1 SMP Tue Jun 23 12:58:10 UTC 2020

/usr/bin/uname -p = unknown
/bin/uname -X     = unknown

/bin/arch              = unknown
/usr/bin/arch -k       = unknown
/usr/convex/getsysinfo = unknown
/usr/bin/hostinfo      = unknown
/bin/machine           = unknown
/usr/bin/oslevel       = unknown
/bin/universe          = unknown

PATH: /usr/local/sbin
PATH: /usr/local/bin
PATH: /usr/sbin
PATH: /usr/bin
PATH: /sbin
PATH: /bin


## ----------- ##
## Core tests. ##
## ----------- ##

configure:2502: checking for a BSD-compatible install
configure:2570: result: /usr/bin/install -c
configure:2581: checking whether build environment is sane
configure:2636: result: yes
configure:2693: checking for x86_64-linux-gnu-strip
configure:2709: found /usr/bin/x86_64-linux-gnu-strip
configure:2720: result: x86_64-linux-gnu-strip
configure:2785: checking for a thread-safe mkdir -p
configure:2824: result: /bin/mkdir -p
configure:2831: checking for gawk
configure:2861: result: no
configure:2831: checking for mawk
configure:2847: found /usr/bin/mawk
configure:2858: result: mawk
configure:2869: checking whether make sets $(MAKE)
configure:2891: result: yes
configure:2920: checking whether make supports nested variables
configure:2937: result: yes
configure:3074: checking whether make supports nested variables
configure:3091: result: yes
configure:3124: checking build system type
configure:3138: result: x86_64-unknown-linux-gnu
configure:3158: checking host system type
configure:3171: result: x86_64-pc-linux-gnu
configure:3228: checking for x86_64-linux-gnu-gcc
configure:3255: result: arm-linux-gnueabihf-gcc
configure:3524: checking for C compiler version
configure:3533: arm-linux-gnueabihf-gcc --version >&5
arm-linux-gnueabihf-gcc (Debian 8.3.0-2) 8.3.0
Copyright (C) 2018 Free Software Foundation, Inc.
This is free software; see the source for copying conditions.  There is NO
warranty; not even for MERCHANTABILITY or FITNESS FOR A PARTICULAR PURPOSE.

configure:3544: $? = 0
configure:3533: arm-linux-gnueabihf-gcc -v >&5
Using built-in specs.
COLLECT_GCC=arm-linux-gnueabihf-gcc
COLLECT_LTO_WRAPPER=/usr/lib/gcc-cross/arm-linux-gnueabihf/8/lto-wrapper
Target: arm-linux-gnueabihf
Configured with: ../src/configure -v --with-pkgversion='Debian 8.3.0-2' --with-bugurl=file:///usr/share/doc/gcc-8/README.Bugs --enable-languages=c,ada,c++,go,d,fortran,objc,obj-c++ --prefix=/usr --with-gcc-major-version-only --program-suffix=-8 --enable-shared --enable-linker-build-id --libexecdir=/usr/lib --without-included-gettext --enable-threads=posix --libdir=/usr/lib --enable-nls --with-sysroot=/ --enable-clocale=gnu --enable-libstdcxx-debug --enable-libstdcxx-time=yes --with-default-libstdcxx-abi=new --enable-gnu-unique-object --disable-libitm --disable-libquadmath --disable-libquadmath-support --enable-plugin --enable-default-pie --with-system-zlib --with-target-system-zlib --enable-multiarch --disable-sjlj-exceptions --with-arch=armv7-a --with-fpu=vfpv3-d16 --with-float=hard --with-mode=thumb --disable-werror --enable-checking=release --build=x86_64-linux-gnu --host=x86_64-linux-gnu --target=arm-linux-gnueabihf --program-prefix=arm-linux-gnueabihf- --includedir=/usr/arm-linux-gnueabihf/include
Thread model: posix
gcc version 8.3.0 (Debian 8.3.0-2) 
configure:3544: $? = 0
configure:3533: arm-linux-gnueabihf-gcc -V >&5
arm-linux-gnueabihf-gcc: error: unrecognized command line option '-V'
arm-linux-gnueabihf-gcc: fatal error: no input files
compilation terminated.
configure:3544: $? = 1
configure:3533: arm-linux-gnueabihf-gcc -qversion >&5
arm-linux-gnueabihf-gcc: error: unrecognized command line option '-qversion'; did you mean '--version'?
arm-linux-gnueabihf-gcc: fatal error: no input files
compilation terminated.
configure:3544: $? = 1
configure:3564: checking whether the C compiler works
configure:3586: arm-linux-gnueabihf-gcc    conftest.c  >&5
configure:3590: $? = 0
configure:3638: result: yes
configure:3641: checking for C compiler default output file name
configure:3643: result: a.out
configure:3649: checking for suffix of executables
configure:3656: arm-linux-gnueabihf-gcc -o conftest    conftest.c  >&5
configure:3660: $? = 0
configure:3682: result: 
configure:3704: checking whether we are cross compiling
configure:3712: arm-linux-gnueabihf-gcc -o conftest    conftest.c  >&5
configure:3716: $? = 0
configure:3723: ./conftest
./configure: line 3725: ./conftest: cannot execute binary file: Exec format error
configure:3727: $? = 126
configure:3715: result: yes
configure:3720: checking for suffix of object files
configure:3742: arm-linux-gnueabihf-gcc -c   conftest.c >&5
configure:3746: $? = 0
configure:3767: result: o
configure:3771: checking whether we are using the GNU C compiler
configure:3790: arm-linux-gnueabihf-gcc -c   conftest.c >&5
configure:3790: $? = 0
configure:3799: result: yes
configure:3808: checking whether arm-linux-gnueabihf-gcc accepts -g
configure:3828: arm-linux-gnueabihf-gcc -c -g  conftest.c >&5
configure:3828: $? = 0
configure:3869: result: yes
configure:3886: checking for arm-linux-gnueabihf-gcc option to accept ISO C89
configure:3949: arm-linux-gnueabihf-gcc  -c -g -O2  conftest.c >&5
configure:3949: $? = 0
configure:3962: result: none needed
configure:3987: checking whether arm-linux-gnueabihf-gcc understands -c and -o together
configure:4009: arm-linux-gnueabihf-gcc -c conftest.c -o conftest2.o
configure:4012: $? = 0
configure:4009: arm-linux-gnueabihf-gcc -c conftest.c -o conftest2.o
configure:4012: $? = 0
configure:4024: result: yes
configure:4052: checking for style of include used by make
configure:4080: result: GNU
configure:4106: checking dependency style of arm-linux-gnueabihf-gcc
configure:4217: result: gcc3
configure:4246: checking for x86_64-linux-gnu-g++
configure:4262: found /usr/bin/x86_64-linux-gnu-g++
configure:4273: result: x86_64-linux-gnu-g++
configure:4344: checking for C++ compiler version
configure:4353: x86_64-linux-gnu-g++ --version >&5
x86_64-linux-gnu-g++ (Debian 8.3.0-6) 8.3.0
Copyright (C) 2018 Free Software Foundation, Inc.
This is free software; see the source for copying conditions.  There is NO
warranty; not even for MERCHANTABILITY or FITNESS FOR A PARTICULAR PURPOSE.

configure:4364: $? = 0
configure:4353: x86_64-linux-gnu-g++ -v >&5
Using built-in specs.
COLLECT_GCC=x86_64-linux-gnu-g++
COLLECT_LTO_WRAPPER=/usr/lib/gcc/x86_64-linux-gnu/8/lto-wrapper
OFFLOAD_TARGET_NAMES=nvptx-none
OFFLOAD_TARGET_DEFAULT=1
Target: x86_64-linux-gnu
Configured with: ../src/configure -v --with-pkgversion='Debian 8.3.0-6' --with-bugurl=file:///usr/share/doc/gcc-8/README.Bugs --enable-languages=c,ada,c++,go,brig,d,fortran,objc,obj-c++ --prefix=/usr --with-gcc-major-version-only --program-suffix=-8 --program-prefix=x86_64-linux-gnu- --enable-shared --enable-linker-build-id --libexecdir=/usr/lib --without-included-gettext --enable-threads=posix --libdir=/usr/lib --enable-nls --enable-bootstrap --enable-clocale=gnu --enable-libstdcxx-debug --enable-libstdcxx-time=yes --with-default-libstdcxx-abi=new --enable-gnu-unique-object --disable-vtable-verify --enable-libmpx --enable-plugin --enable-default-pie --with-system-zlib --with-target-system-zlib --enable-objc-gc=auto --enable-multiarch --disable-werror --with-arch-32=i686 --with-abi=m64 --with-multilib-list=m32,m64,mx32 --enable-multilib --with-tune=generic --enable-offload-targets=nvptx-none --without-cuda-driver --enable-checking=release --build=x86_64-linux-gnu --host=x86_64-linux-gnu --target=x86_64-linux-gnu
Thread model: posix
gcc version 8.3.0 (Debian 8.3.0-6) 
configure:4364: $? = 0
configure:4353: x86_64-linux-gnu-g++ -V >&5
x86_64-linux-gnu-g++: error: unrecognized command line option '-V'
x86_64-linux-gnu-g++: fatal error: no input files
compilation terminated.
configure:4364: $? = 1
configure:4353: x86_64-linux-gnu-g++ -qversion >&5
x86_64-linux-gnu-g++: error: unrecognized command line option '-qversion'; did you mean '--version'?
x86_64-linux-gnu-g++: fatal error: no input files
compilation terminated.
configure:4364: $? = 1
configure:4368: checking whether we are using the GNU C++ compiler
configure:4387: x86_64-linux-gnu-g++ -c   conftest.cpp >&5
configure:4387: $? = 0
configure:4396: result: yes
configure:4405: checking whether x86_64-linux-gnu-g++ accepts -g
configure:4425: x86_64-linux-gnu-g++ -c -g  conftest.cpp >&5
configure:4425: $? = 0
configure:4466: result: yes
configure:4491: checking dependency style of x86_64-linux-gnu-g++
configure:4602: result: gcc3
configure:4617: checking whether make sets $(MAKE)
configure:4639: result: yes
configure:4694: checking how to print strings
configure:4721: result: printf
configure:4742: checking for a sed that does not truncate output
configure:4806: result: /bin/sed
configure:4824: checking for grep that handles long lines and -e
configure:4882: result: /bin/grep
configure:4887: checking for egrep
configure:4949: result: /bin/grep -E
configure:4954: checking for fgrep
configure:5016: result: /bin/grep -F
configure:5051: checking for ld used by arm-linux-gnueabihf-gcc
configure:5118: result: /usr/arm-linux-gnueabihf/bin/ld
configure:5125: checking if the linker (/usr/arm-linux-gnueabihf/bin/ld) is GNU ld
configure:5140: result: yes
configure:5152: checking for BSD- or MS-compatible name lister (nm)
configure:5201: result: /usr/bin/x86_64-linux-gnu-nm -B
configure:5331: checking the name lister (/usr/bin/x86_64-linux-gnu-nm -B) interface
configure:5338: arm-linux-gnueabihf-gcc -c -g -O2  conftest.c >&5
configure:5341: /usr/bin/x86_64-linux-gnu-nm -B "conftest.o"
configure:5344: output
00000000 b $d
00000000 B some_variable
configure:5345: result: BSD nm
configure:5348: checking whether ln -s works
configure:5352: result: yes
configure:5360: checking the maximum length of command line arguments
configure:5490: result: 1572864
configure:5507: checking whether the shell understands some XSI constructs
configure:5516: result: yes
configure:5520: checking whether the shell understands "+="
configure:5524: result: yes
configure:5559: checking how to convert x86_64-unknown-linux-gnu file names to x86_64-pc-linux-gnu format
configure:5599: result: func_convert_file_noop
configure:5606: checking how to convert x86_64-unknown-linux-gnu file names to toolchain format
configure:5626: result: func_convert_file_noop
configure:5633: checking for /usr/arm-linux-gnueabihf/bin/ld option to reload object files
configure:5640: result: -r
configure:5674: checking for x86_64-linux-gnu-objdump
configure:5690: found /usr/bin/x86_64-linux-gnu-objdump
configure:5701: result: x86_64-linux-gnu-objdump
configure:5770: checking how to recognize dependent libraries
configure:5972: result: pass_all
configure:6017: checking for x86_64-linux-gnu-dlltool
configure:6047: result: no
configure:6057: checking for dlltool
configure:6087: result: no
configure:6114: checking how to associate runtime and link libraries
configure:6141: result: printf %s\n
configure:6158: checking for x86_64-linux-gnu-ar
configure:6174: found /usr/bin/x86_64-linux-gnu-ar
configure:6185: result: x86_64-linux-gnu-ar
configure:6266: checking for archiver @FILE support
configure:6283: arm-linux-gnueabihf-gcc -c -g -O2  conftest.c >&5
configure:6283: $? = 0
configure:6286: x86_64-linux-gnu-ar cru libconftest.a @conftest.lst >&5
x86_64-linux-gnu-ar: `u' modifier ignored since `D' is the default (see `U')
configure:6289: $? = 0
configure:6294: x86_64-linux-gnu-ar cru libconftest.a @conftest.lst >&5
x86_64-linux-gnu-ar: `u' modifier ignored since `D' is the default (see `U')
x86_64-linux-gnu-ar: conftest.o: No such file or directory
configure:6297: $? = 1
configure:6296: result: @
configure:6314: checking for x86_64-linux-gnu-strip
configure:6341: result: x86_64-linux-gnu-strip
configure:6413: checking for x86_64-linux-gnu-ranlib
configure:6429: found /usr/bin/x86_64-linux-gnu-ranlib
configure:6440: result: x86_64-linux-gnu-ranlib
configure:6582: checking command to parse /usr/bin/x86_64-linux-gnu-nm -B output from arm-linux-gnueabihf-gcc object
configure:6702: arm-linux-gnueabihf-gcc -c -g -O2  conftest.c >&5
configure:6705: $? = 0
configure:6709: /usr/bin/x86_64-linux-gnu-nm -B conftest.o \| sed -n -e 's/^.*[ ]\([ABCDGIRSTW][ABCDGIRSTW]*\)[ ][ ]*\([_A-Za-z][_A-Za-z0-9]*\)$/\1 \2 \2/p' | sed '/ __gnu_lto/d' \> conftest.nm
configure:6712: $? = 0
configure:6778: arm-linux-gnueabihf-gcc -o conftest -g -O2   conftest.c conftstm.o >&5
configure:6781: $? = 0
configure:6819: result: ok
configure:6856: checking for sysroot
configure:6886: result: no
configure:6963: arm-linux-gnueabihf-gcc -c -g -O2  conftest.c >&5
configure:6966: $? = 0
configure:7102: checking for x86_64-linux-gnu-mt
configure:7132: result: no
configure:7142: checking for mt
configure:7158: found /bin/mt
configure:7169: result: mt
configure:7181: WARNING: using cross tools not prefixed with host triplet
configure:7192: checking if mt is a manifest tool
configure:7198: mt '-?'
configure:7206: result: no
configure:7848: checking how to run the C preprocessor
configure:7879: arm-linux-gnueabihf-gcc -E  conftest.c
configure:7879: $? = 0
configure:7893: arm-linux-gnueabihf-gcc -E  conftest.c
conftest.c:11:10: fatal error: ac_nonexistent.h: No such file or directory
 #include <ac_nonexistent.h>
          ^~~~~~~~~~~~~~~~~~
compilation terminated.
configure:7893: $? = 1
configure: failed program was:
| /* confdefs.h */
| #define PACKAGE_NAME "libmodbus"
| #define PACKAGE_TARNAME "libmodbus"
| #define PACKAGE_VERSION "3.0.6"
| #define PACKAGE_STRING "libmodbus 3.0.6"
| #define PACKAGE_BUGREPORT "https://github.com/stephane/libmodbus/issues"
| #define PACKAGE_URL ""
| #define PACKAGE "libmodbus"
| #define VERSION "3.0.6"
| /* end confdefs.h.  */
| #include <ac_nonexistent.h>
configure:7918: result: arm-linux-gnueabihf-gcc -E
configure:7938: arm-linux-gnueabihf-gcc -E  conftest.c
configure:7938: $? = 0
configure:7952: arm-linux-gnueabihf-gcc -E  conftest.c
conftest.c:11:10: fatal error: ac_nonexistent.h: No such file or directory
 #include <ac_nonexistent.h>
          ^~~~~~~~~~~~~~~~~~
compilation terminated.
configure:7952: $? = 1
configure: failed program was:
| /* confdefs.h */
| #define PACKAGE_NAME "libmodbus"
| #define PACKAGE_TARNAME "libmodbus"
| #define PACKAGE_VERSION "3.0.6"
| #define PACKAGE_STRING "libmodbus 3.0.6"
| #define PACKAGE_BUGREPORT "https://github.com/stephane/libmodbus/issues"
| #define PACKAGE_URL ""
| #define PACKAGE "libmodbus"
| #define VERSION "3.0.6"
| /* end confdefs.h.  */
| #include <ac_nonexistent.h>
configure:7981: checking for ANSI C header files
configure:8001: arm-linux-gnueabihf-gcc -c -g -O2  conftest.c >&5
configure:8001: $? = 0
configure:8085: result: yes
configure:8098: checking for sys/types.h
configure:8098: arm-linux-gnueabihf-gcc -c -g -O2  conftest.c >&5
configure:8098: $? = 0
configure:8098: result: yes
configure:8098: checking for sys/stat.h
configure:8098: arm-linux-gnueabihf-gcc -c -g -O2  conftest.c >&5
configure:8098: $? = 0
configure:8098: result: yes
configure:8098: checking for stdlib.h
configure:8098: arm-linux-gnueabihf-gcc -c -g -O2  conftest.c >&5
configure:8098: $? = 0
configure:8098: result: yes
configure:8098: checking for string.h
configure:8098: arm-linux-gnueabihf-gcc -c -g -O2  conftest.c >&5
configure:8098: $? = 0
configure:8098: result: yes
configure:8098: checking for memory.h
configure:8098: arm-linux-gnueabihf-gcc -c -g -O2  conftest.c >&5
configure:8098: $? = 0
configure:8098: result: yes
configure:8098: checking for strings.h
configure:8098: arm-linux-gnueabihf-gcc -c -g -O2  conftest.c >&5
configure:8098: $? = 0
configure:8098: result: yes
configure:8098: checking for inttypes.h
configure:8098: arm-linux-gnueabihf-gcc -c -g -O2  conftest.c >&5
configure:8098: $? = 0
configure:8098: result: yes
configure:8098: checking for stdint.h
configure:8098: arm-linux-gnueabihf-gcc -c -g -O2  conftest.c >&5
configure:8098: $? = 0
configure:8098: result: yes
configure:8098: checking for unistd.h
configure:8098: arm-linux-gnueabihf-gcc -c -g -O2  conftest.c >&5
configure:8098: $? = 0
configure:8098: result: yes
configure:8112: checking for dlfcn.h
configure:8112: arm-linux-gnueabihf-gcc -c -g -O2  conftest.c >&5
configure:8112: $? = 0
configure:8112: result: yes
configure:8626: checking for objdir
configure:8641: result: .libs
configure:8912: checking if arm-linux-gnueabihf-gcc supports -fno-rtti -fno-exceptions
configure:8930: arm-linux-gnueabihf-gcc -c -g -O2  -fno-rtti -fno-exceptions conftest.c >&5
cc1: warning: command line option '-fno-rtti' is valid for C++/ObjC++ but not for C
configure:8934: $? = 0
configure:8947: result: no
configure:9274: checking for arm-linux-gnueabihf-gcc option to produce PIC
configure:9281: result: -fPIC -DPIC
configure:9289: checking if arm-linux-gnueabihf-gcc PIC flag -fPIC -DPIC works
configure:9307: arm-linux-gnueabihf-gcc -c -g -O2  -fPIC -DPIC -DPIC conftest.c >&5
configure:9311: $? = 0
configure:9324: result: yes
configure:9353: checking if arm-linux-gnueabihf-gcc static flag -static works
configure:9381: result: yes
configure:9396: checking if arm-linux-gnueabihf-gcc supports -c -o file.o
configure:9417: arm-linux-gnueabihf-gcc -c -g -O2  -o out/conftest2.o conftest.c >&5
configure:9421: $? = 0
configure:9443: result: yes
configure:9451: checking if arm-linux-gnueabihf-gcc supports -c -o file.o
configure:9498: result: yes
configure:9531: checking whether the arm-linux-gnueabihf-gcc linker (/usr/arm-linux-gnueabihf/bin/ld -m elf_i386) supports shared libraries
configure:10684: result: no
configure:10924: checking dynamic linker characteristics
configure:11435: arm-linux-gnueabihf-gcc -o conftest -g -O2    conftest.c  >&5
configure:11435: $? = 0
configure:11657: result: GNU/Linux ld.so
configure:11764: checking how to hardcode library paths into programs
configure:11789: result: unsupported
configure:12329: checking whether stripping libraries is possible
configure:12334: result: yes
configure:12369: checking if libtool supports shared libraries
configure:12371: result: no
configure:12374: checking whether to build shared libraries
configure:12395: result: no
configure:12398: checking whether to build static libraries
configure:12402: result: yes
configure:9435: checking how to run the C++ preprocessor
configure:9462: x86_64-linux-gnu-g++ -E  conftest.cpp
configure:9462: $? = 0
configure:9476: x86_64-linux-gnu-g++ -E  conftest.cpp
conftest.cpp:23:10: fatal error: ac_nonexistent.h: No such file or directory
 #include <ac_nonexistent.h>
          ^~~~~~~~~~~~~~~~~~
compilation terminated.
configure:9476: $? = 1
configure: failed program was:
| /* confdefs.h */
| #define PACKAGE_NAME "libmodbus"
| #define PACKAGE_TARNAME "libmodbus"
| #define PACKAGE_VERSION "3.0.6"
| #define PACKAGE_STRING "libmodbus 3.0.6"
| #define PACKAGE_BUGREPORT "https://github.com/stephane/libmodbus/issues"
| #define PACKAGE_URL ""
| #define PACKAGE "libmodbus"
| #define VERSION "3.0.6"
| #define STDC_HEADERS 1
| #define HAVE_SYS_TYPES_H 1
| #define HAVE_SYS_STAT_H 1
| #define HAVE_STDLIB_H 1
| #define HAVE_STRING_H 1
| #define HAVE_MEMORY_H 1
| #define HAVE_STRINGS_H 1
| #define HAVE_INTTYPES_H 1
| #define HAVE_STDINT_H 1
| #define HAVE_UNISTD_H 1
| #define HAVE_DLFCN_H 1
| #define LT_OBJDIR ".libs/"
| /* end confdefs.h.  */
| #include <ac_nonexistent.h>
configure:9501: result: x86_64-linux-gnu-g++ -E
configure:9521: x86_64-linux-gnu-g++ -E  conftest.cpp
configure:9521: $? = 0
configure:9535: x86_64-linux-gnu-g++ -E  conftest.cpp
conftest.cpp:23:10: fatal error: ac_nonexistent.h: No such file or directory
 #include <ac_nonexistent.h>
          ^~~~~~~~~~~~~~~~~~
compilation terminated.
configure:9535: $? = 1
configure: failed program was:
| /* confdefs.h */
| #define PACKAGE_NAME "libmodbus"
| #define PACKAGE_TARNAME "libmodbus"
| #define PACKAGE_VERSION "3.0.6"
| #define PACKAGE_STRING "libmodbus 3.0.6"
| #define PACKAGE_BUGREPORT "https://github.com/stephane/libmodbus/issues"
| #define PACKAGE_URL ""
| #define PACKAGE "libmodbus"
| #define VERSION "3.0.6"
| #define STDC_HEADERS 1
| #define HAVE_SYS_TYPES_H 1
| #define HAVE_SYS_STAT_H 1
| #define HAVE_STDLIB_H 1
| #define HAVE_STRING_H 1
| #define HAVE_MEMORY_H 1
| #define HAVE_STRINGS_H 1
| #define HAVE_INTTYPES_H 1
| #define HAVE_STDINT_H 1
| #define HAVE_UNISTD_H 1
| #define HAVE_DLFCN_H 1
| #define LT_OBJDIR ".libs/"
| /* end confdefs.h.  */
| #include <ac_nonexistent.h>
configure:9704: checking for ld used by x86_64-linux-gnu-g++
configure:9771: result: /usr/arm-linux-gnueabihf/bin/ld -m elf_i386
configure:9778: checking if the linker (/usr/arm-linux-gnueabihf/bin/ld -m elf_i386) is GNU ld
configure:9793: result: no
configure:9848: checking whether the x86_64-linux-gnu-g++ linker (/usr/arm-linux-gnueabihf/bin/ld -m elf_i386) supports shared libraries
configure:10853: result: yes
configure:10889: x86_64-linux-gnu-g++ -c -g -O2  conftest.cpp >&5
configure:10892: $? = 0
configure:11412: checking for x86_64-linux-gnu-g++ option to produce PIC
configure:11419: result: -fPIC -DPIC
configure:11427: checking if x86_64-linux-gnu-g++ PIC flag -fPIC -DPIC works
configure:11445: x86_64-linux-gnu-g++ -c -g -O2  -fPIC -DPIC -DPIC conftest.cpp >&5
configure:11449: $? = 0
configure:11462: result: yes
configure:11485: checking if x86_64-linux-gnu-g++ static flag -static works
configure:11513: result: yes
configure:11525: checking if x86_64-linux-gnu-g++ supports -c -o file.o
configure:11546: x86_64-linux-gnu-g++ -c -g -O2  -o out/conftest2.o conftest.cpp >&5
configure:11550: $? = 0
configure:11572: result: yes
configure:11577: checking if x86_64-linux-gnu-g++ supports -c -o file.o
configure:11624: result: yes
configure:11654: checking whether the x86_64-linux-gnu-g++ linker (/usr/arm-linux-gnueabihf/bin/ld -m elf_i386) supports shared libraries
configure:11690: result: yes
configure:11831: checking dynamic linker characteristics
configure:12498: result: GNU/Linux ld.so
configure:12551: checking how to hardcode library paths into programs
configure:12576: result: unsupported
configure:11596: checking termios.h usability
configure:11596: arm-linux-gnueabihf-gcc -c -g -O2  conftest.c >&5
configure:11596: $? = 0
configure:11596: result: yes
configure:11596: checking termios.h presence
configure:11596: arm-linux-gnueabihf-gcc -E  conftest.c
configure:11596: $? = 0
configure:11596: result: yes
configure:11596: checking for termios.h
configure:11596: result: yes
configure:11596: checking sys/time.h usability
configure:11596: arm-linux-gnueabihf-gcc -c -g -O2  conftest.c >&5
configure:11596: $? = 0
configure:11596: result: yes
configure:11596: checking sys/time.h presence
configure:11596: arm-linux-gnueabihf-gcc -E  conftest.c
configure:11596: $? = 0
configure:11596: result: yes
configure:11596: checking for sys/time.h
configure:11596: result: yes
configure:11596: checking time.h usability
configure:11596: arm-linux-gnueabihf-gcc -c -g -O2  conftest.c >&5
configure:11596: $? = 0
configure:11596: result: yes
configure:11596: checking time.h presence
configure:11596: arm-linux-gnueabihf-gcc -E  conftest.c
configure:11596: $? = 0
configure:11596: result: yes
configure:11596: checking for time.h
configure:11596: result: yes
configure:11596: checking for unistd.h
configure:11596: result: yes
configure:11596: checking errno.h usability
configure:11596: arm-linux-gnueabihf-gcc -c -g -O2  conftest.c >&5
configure:11596: $? = 0
configure:11596: result: yes
configure:11596: checking errno.h presence
configure:11596: arm-linux-gnueabihf-gcc -E  conftest.c
configure:11596: $? = 0
configure:11596: result: yes
configure:11596: checking for errno.h
configure:11596: result: yes
configure:11596: checking limits.h usability
configure:11596: arm-linux-gnueabihf-gcc -c -g -O2  conftest.c >&5
configure:11596: $? = 0
configure:11596: result: yes
configure:11596: checking limits.h presence
configure:11596: arm-linux-gnueabihf-gcc -E  conftest.c
configure:11596: $? = 0
configure:11596: result: yes
configure:11596: checking for limits.h
configure:11596: result: yes
configure:11596: checking fcntl.h usability
configure:11596: arm-linux-gnueabihf-gcc -c -g -O2  conftest.c >&5
configure:11596: $? = 0
configure:11596: result: yes
configure:11596: checking fcntl.h presence
configure:11596: arm-linux-gnueabihf-gcc -E  conftest.c
configure:11596: $? = 0
configure:11596: result: yes
configure:11596: checking for fcntl.h
configure:11596: result: yes
configure:11596: checking for sys/types.h
configure:11596: result: yes
configure:11596: checking sys/socket.h usability
configure:11596: arm-linux-gnueabihf-gcc -c -g -O2  conftest.c >&5
configure:11596: $? = 0
configure:11596: result: yes
configure:11596: checking sys/socket.h presence
configure:11596: arm-linux-gnueabihf-gcc -E  conftest.c
configure:11596: $? = 0
configure:11596: result: yes
configure:11596: checking for sys/socket.h
configure:11596: result: yes
configure:11596: checking sys/ioctl.h usability
configure:11596: arm-linux-gnueabihf-gcc -c -g -O2  conftest.c >&5
configure:11596: $? = 0
configure:11596: result: yes
configure:11596: checking sys/ioctl.h presence
configure:11596: arm-linux-gnueabihf-gcc -E  conftest.c
configure:11596: $? = 0
configure:11596: result: yes
configure:11596: checking for sys/ioctl.h
configure:11596: result: yes
configure:11596: checking netinet/in.h usability
configure:11596: arm-linux-gnueabihf-gcc -c -g -O2  conftest.c >&5
configure:11596: $? = 0
configure:11596: result: yes
configure:11596: checking netinet/in.h presence
configure:11596: arm-linux-gnueabihf-gcc -E  conftest.c
configure:11596: $? = 0
configure:11596: result: yes
configure:11596: checking for netinet/in.h
configure:11596: result: yes
configure:11596: checking netinet/tcp.h usability
configure:11596: arm-linux-gnueabihf-gcc -c -g -O2  conftest.c >&5
configure:11596: $? = 0
configure:11596: result: yes
configure:11596: checking netinet/tcp.h presence
configure:11596: arm-linux-gnueabihf-gcc -E  conftest.c
configure:11596: $? = 0
configure:11596: result: yes
configure:11596: checking for netinet/tcp.h
configure:11596: result: yes
configure:11596: checking arpa/inet.h usability
configure:11596: arm-linux-gnueabihf-gcc -c -g -O2  conftest.c >&5
configure:11596: $? = 0
configure:11596: result: yes
configure:11596: checking arpa/inet.h presence
configure:11596: arm-linux-gnueabihf-gcc -E  conftest.c
configure:11596: $? = 0
configure:11596: result: yes
configure:11596: checking for arpa/inet.h
configure:11596: result: yes
configure:11596: checking netdb.h usability
configure:11596: arm-linux-gnueabihf-gcc -c -g -O2  conftest.c >&5
configure:11596: $? = 0
configure:11596: result: yes
configure:11596: checking netdb.h presence
configure:11596: arm-linux-gnueabihf-gcc -E  conftest.c
configure:11596: $? = 0
configure:11596: result: yes
configure:11596: checking for netdb.h
configure:11596: result: yes
configure:11596: checking linux/serial.h usability
configure:11596: arm-linux-gnueabihf-gcc -c -g -O2  conftest.c >&5
configure:11596: $? = 0
configure:11596: result: yes
configure:11596: checking linux/serial.h presence
configure:11596: arm-linux-gnueabihf-gcc -E  conftest.c
configure:11596: $? = 0
configure:11596: result: yes
configure:11596: checking for linux/serial.h
configure:11596: result: yes
configure:11627: checking for asciidoc
configure:11655: result: no
configure:11665: checking for xmlto
configure:11693: result: no
configure:11719: checking whether to build documentation
configure:11721: result: no
configure:11724: checking whether to install manpages
configure:11726: result: yes
configure:11748: checking for ANSI C header files
configure:11852: result: yes
configure:11862: checking for an ANSI C-conforming const
configure:11928: arm-linux-gnueabihf-gcc -c -g -O2  conftest.c >&5
configure:11928: $? = 0
configure:11935: result: yes
configure:11943: checking for size_t
configure:11943: arm-linux-gnueabihf-gcc -c -g -O2  conftest.c >&5
configure:11943: $? = 0
configure:11943: arm-linux-gnueabihf-gcc -c -g -O2  conftest.c >&5
conftest.c: In function 'main':
conftest.c:75:21: error: expected expression before ')' token
 if (sizeof ((size_t)))
                     ^
configure:11943: $? = 1
configure: failed program was:
| /* confdefs.h */
| #define PACKAGE_NAME "libmodbus"
| #define PACKAGE_TARNAME "libmodbus"
| #define PACKAGE_VERSION "3.0.6"
| #define PACKAGE_STRING "libmodbus 3.0.6"
| #define PACKAGE_BUGREPORT "https://github.com/stephane/libmodbus/issues"
| #define PACKAGE_URL ""
| #define PACKAGE "libmodbus"
| #define VERSION "3.0.6"
| #define STDC_HEADERS 1
| #define HAVE_SYS_TYPES_H 1
| #define HAVE_SYS_STAT_H 1
| #define HAVE_STDLIB_H 1
| #define HAVE_STRING_H 1
| #define HAVE_MEMORY_H 1
| #define HAVE_STRINGS_H 1
| #define HAVE_INTTYPES_H 1
| #define HAVE_STDINT_H 1
| #define HAVE_UNISTD_H 1
| #define HAVE_DLFCN_H 1
| #define LT_OBJDIR ".libs/"
| #define HAVE_TERMIOS_H 1
| #define HAVE_SYS_TIME_H 1
| #define HAVE_TIME_H 1
| #define HAVE_UNISTD_H 1
| #define HAVE_ERRNO_H 1
| #define HAVE_LIMITS_H 1
| #define HAVE_FCNTL_H 1
| #define HAVE_SYS_TYPES_H 1
| #define HAVE_SYS_SOCKET_H 1
| #define HAVE_SYS_IOCTL_H 1
| #define HAVE_NETINET_IN_H 1
| #define HAVE_NETINET_TCP_H 1
| #define HAVE_ARPA_INET_H 1
| #define HAVE_NETDB_H 1
| #define HAVE_LINUX_SERIAL_H 1
| #define STDC_HEADERS 1
| /* end confdefs.h.  */
| #include <stdio.h>
| #ifdef HAVE_SYS_TYPES_H
| # include <sys/types.h>
| #endif
| #ifdef HAVE_SYS_STAT_H
| # include <sys/stat.h>
| #endif
| #ifdef STDC_HEADERS
| # include <stdlib.h>
| # include <stddef.h>
| #else
| # ifdef HAVE_STDLIB_H
| #  include <stdlib.h>
| # endif
| #endif
| #ifdef HAVE_STRING_H
| # if !defined STDC_HEADERS && defined HAVE_MEMORY_H
| #  include <memory.h>
| # endif
| # include <string.h>
| #endif
| #ifdef HAVE_STRINGS_H
| # include <strings.h>
| #endif
| #ifdef HAVE_INTTYPES_H
| # include <inttypes.h>
| #endif
| #ifdef HAVE_STDINT_H
| # include <stdint.h>
| #endif
| #ifdef HAVE_UNISTD_H
| # include <unistd.h>
| #endif
| int
| main ()
| {
| if (sizeof ((size_t)))
| 	    return 0;
|   ;
|   return 0;
| }
configure:11943: result: yes
configure:11954: checking whether time.h and sys/time.h may both be included
configure:11974: arm-linux-gnueabihf-gcc -c -g -O2  conftest.c >&5
configure:11974: $? = 0
configure:11981: result: yes
configure:11996: checking whether __CYGWIN__ is declared
configure:11996: arm-linux-gnueabihf-gcc -c -g -O2  conftest.c >&5
conftest.c: In function 'main':
conftest.c:80:10: error: '__CYGWIN__' undeclared (first use in this function); did you mean '__FLT_MIN__'?
   (void) __CYGWIN__;
          ^~~~~~~~~~
          __FLT_MIN__
conftest.c:80:10: note: each undeclared identifier is reported only once for each function it appears in
configure:11996: $? = 1
configure: failed program was:
| /* confdefs.h */
| #define PACKAGE_NAME "libmodbus"
| #define PACKAGE_TARNAME "libmodbus"
| #define PACKAGE_VERSION "3.0.6"
| #define PACKAGE_STRING "libmodbus 3.0.6"
| #define PACKAGE_BUGREPORT "https://github.com/stephane/libmodbus/issues"
| #define PACKAGE_URL ""
| #define PACKAGE "libmodbus"
| #define VERSION "3.0.6"
| #define STDC_HEADERS 1
| #define HAVE_SYS_TYPES_H 1
| #define HAVE_SYS_STAT_H 1
| #define HAVE_STDLIB_H 1
| #define HAVE_STRING_H 1
| #define HAVE_MEMORY_H 1
| #define HAVE_STRINGS_H 1
| #define HAVE_INTTYPES_H 1
| #define HAVE_STDINT_H 1
| #define HAVE_UNISTD_H 1
| #define HAVE_DLFCN_H 1
| #define LT_OBJDIR ".libs/"
| #define HAVE_TERMIOS_H 1
| #define HAVE_SYS_TIME_H 1
| #define HAVE_TIME_H 1
| #define HAVE_UNISTD_H 1
| #define HAVE_ERRNO_H 1
| #define HAVE_LIMITS_H 1
| #define HAVE_FCNTL_H 1
| #define HAVE_SYS_TYPES_H 1
| #define HAVE_SYS_SOCKET_H 1
| #define HAVE_SYS_IOCTL_H 1
| #define HAVE_NETINET_IN_H 1
| #define HAVE_NETINET_TCP_H 1
| #define HAVE_ARPA_INET_H 1
| #define HAVE_NETDB_H 1
| #define HAVE_LINUX_SERIAL_H 1
| #define STDC_HEADERS 1
| #define TIME_WITH_SYS_TIME 1
| /* end confdefs.h.  */
| #include <stdio.h>
| #ifdef HAVE_SYS_TYPES_H
| # include <sys/types.h>
| #endif
| #ifdef HAVE_SYS_STAT_H
| # include <sys/stat.h>
| #endif
| #ifdef STDC_HEADERS
| # include <stdlib.h>
| # include <stddef.h>
| #else
| # ifdef HAVE_STDLIB_H
| #  include <stdlib.h>
| # endif
| #endif
| #ifdef HAVE_STRING_H
| # if !defined STDC_HEADERS && defined HAVE_MEMORY_H
| #  include <memory.h>
| # endif
| # include <string.h>
| #endif
| #ifdef HAVE_STRINGS_H
| # include <strings.h>
| #endif
| #ifdef HAVE_INTTYPES_H
| # include <inttypes.h>
| #endif
| #ifdef HAVE_STDINT_H
| # include <stdint.h>
| #endif
| #ifdef HAVE_UNISTD_H
| # include <unistd.h>
| #endif
| int
| main ()
| {
| #ifndef __CYGWIN__
| #ifdef __cplusplus
|   (void) __CYGWIN__;
| #else
|   (void) __CYGWIN__;
| #endif
| #endif
| 
|   ;
|   return 0;
| }
configure:11996: result: no
configure:12009: checking for pid_t
configure:12009: arm-linux-gnueabihf-gcc -c -g -O2  conftest.c >&5
configure:12009: $? = 0
configure:12009: arm-linux-gnueabihf-gcc -c -g -O2  conftest.c >&5
conftest.c: In function 'main':
conftest.c:77:20: error: expected expression before ')' token
 if (sizeof ((pid_t)))
                    ^
configure:12009: $? = 1
configure: failed program was:
| /* confdefs.h */
| #define PACKAGE_NAME "libmodbus"
| #define PACKAGE_TARNAME "libmodbus"
| #define PACKAGE_VERSION "3.0.6"
| #define PACKAGE_STRING "libmodbus 3.0.6"
| #define PACKAGE_BUGREPORT "https://github.com/stephane/libmodbus/issues"
| #define PACKAGE_URL ""
| #define PACKAGE "libmodbus"
| #define VERSION "3.0.6"
| #define STDC_HEADERS 1
| #define HAVE_SYS_TYPES_H 1
| #define HAVE_SYS_STAT_H 1
| #define HAVE_STDLIB_H 1
| #define HAVE_STRING_H 1
| #define HAVE_MEMORY_H 1
| #define HAVE_STRINGS_H 1
| #define HAVE_INTTYPES_H 1
| #define HAVE_STDINT_H 1
| #define HAVE_UNISTD_H 1
| #define HAVE_DLFCN_H 1
| #define LT_OBJDIR ".libs/"
| #define HAVE_TERMIOS_H 1
| #define HAVE_SYS_TIME_H 1
| #define HAVE_TIME_H 1
| #define HAVE_UNISTD_H 1
| #define HAVE_ERRNO_H 1
| #define HAVE_LIMITS_H 1
| #define HAVE_FCNTL_H 1
| #define HAVE_SYS_TYPES_H 1
| #define HAVE_SYS_SOCKET_H 1
| #define HAVE_SYS_IOCTL_H 1
| #define HAVE_NETINET_IN_H 1
| #define HAVE_NETINET_TCP_H 1
| #define HAVE_ARPA_INET_H 1
| #define HAVE_NETDB_H 1
| #define HAVE_LINUX_SERIAL_H 1
| #define STDC_HEADERS 1
| #define TIME_WITH_SYS_TIME 1
| #define HAVE_DECL___CYGWIN__ 0
| /* end confdefs.h.  */
| #include <stdio.h>
| #ifdef HAVE_SYS_TYPES_H
| # include <sys/types.h>
| #endif
| #ifdef HAVE_SYS_STAT_H
| # include <sys/stat.h>
| #endif
| #ifdef STDC_HEADERS
| # include <stdlib.h>
| # include <stddef.h>
| #else
| # ifdef HAVE_STDLIB_H
| #  include <stdlib.h>
| # endif
| #endif
| #ifdef HAVE_STRING_H
| # if !defined STDC_HEADERS && defined HAVE_MEMORY_H
| #  include <memory.h>
| # endif
| # include <string.h>
| #endif
| #ifdef HAVE_STRINGS_H
| # include <strings.h>
| #endif
| #ifdef HAVE_INTTYPES_H
| # include <inttypes.h>
| #endif
| #ifdef HAVE_STDINT_H
| # include <stdint.h>
| #endif
| #ifdef HAVE_UNISTD_H
| # include <unistd.h>
| #endif
| int
| main ()
| {
| if (sizeof ((pid_t)))
| 	    return 0;
|   ;
|   return 0;
| }
configure:12009: result: yes
configure:12022: checking vfork.h usability
configure:12022: arm-linux-gnueabihf-gcc -c -g -O2  conftest.c >&5
conftest.c:74:10: fatal error: vfork.h: No such file or directory
 #include <vfork.h>
          ^~~~~~~~~
compilation terminated.
configure:12022: $? = 1
configure: failed program was:
| /* confdefs.h */
| #define PACKAGE_NAME "libmodbus"
| #define PACKAGE_TARNAME "libmodbus"
| #define PACKAGE_VERSION "3.0.6"
| #define PACKAGE_STRING "libmodbus 3.0.6"
| #define PACKAGE_BUGREPORT "https://github.com/stephane/libmodbus/issues"
| #define PACKAGE_URL ""
| #define PACKAGE "libmodbus"
| #define VERSION "3.0.6"
| #define STDC_HEADERS 1
| #define HAVE_SYS_TYPES_H 1
| #define HAVE_SYS_STAT_H 1
| #define HAVE_STDLIB_H 1
| #define HAVE_STRING_H 1
| #define HAVE_MEMORY_H 1
| #define HAVE_STRINGS_H 1
| #define HAVE_INTTYPES_H 1
| #define HAVE_STDINT_H 1
| #define HAVE_UNISTD_H 1
| #define HAVE_DLFCN_H 1
| #define LT_OBJDIR ".libs/"
| #define HAVE_TERMIOS_H 1
| #define HAVE_SYS_TIME_H 1
| #define HAVE_TIME_H 1
| #define HAVE_UNISTD_H 1
| #define HAVE_ERRNO_H 1
| #define HAVE_LIMITS_H 1
| #define HAVE_FCNTL_H 1
| #define HAVE_SYS_TYPES_H 1
| #define HAVE_SYS_SOCKET_H 1
| #define HAVE_SYS_IOCTL_H 1
| #define HAVE_NETINET_IN_H 1
| #define HAVE_NETINET_TCP_H 1
| #define HAVE_ARPA_INET_H 1
| #define HAVE_NETDB_H 1
| #define HAVE_LINUX_SERIAL_H 1
| #define STDC_HEADERS 1
| #define TIME_WITH_SYS_TIME 1
| #define HAVE_DECL___CYGWIN__ 0
| /* end confdefs.h.  */
| #include <stdio.h>
| #ifdef HAVE_SYS_TYPES_H
| # include <sys/types.h>
| #endif
| #ifdef HAVE_SYS_STAT_H
| # include <sys/stat.h>
| #endif
| #ifdef STDC_HEADERS
| # include <stdlib.h>
| # include <stddef.h>
| #else
| # ifdef HAVE_STDLIB_H
| #  include <stdlib.h>
| # endif
| #endif
| #ifdef HAVE_STRING_H
| # if !defined STDC_HEADERS && defined HAVE_MEMORY_H
| #  include <memory.h>
| # endif
| # include <string.h>
| #endif
| #ifdef HAVE_STRINGS_H
| # include <strings.h>
| #endif
| #ifdef HAVE_INTTYPES_H
| # include <inttypes.h>
| #endif
| #ifdef HAVE_STDINT_H
| # include <stdint.h>
| #endif
| #ifdef HAVE_UNISTD_H
| # include <unistd.h>
| #endif
| #include <vfork.h>
configure:12022: result: no
configure:12022: checking vfork.h presence
configure:12022: arm-linux-gnueabihf-gcc -E  conftest.c
conftest.c:41:10: fatal error: vfork.h: No such file or directory
 #include <vfork.h>
          ^~~~~~~~~
compilation terminated.
configure:12022: $? = 1
configure: failed program was:
| /* confdefs.h */
| #define PACKAGE_NAME "libmodbus"
| #define PACKAGE_TARNAME "libmodbus"
| #define PACKAGE_VERSION "3.0.6"
| #define PACKAGE_STRING "libmodbus 3.0.6"
| #define PACKAGE_BUGREPORT "https://github.com/stephane/libmodbus/issues"
| #define PACKAGE_URL ""
| #define PACKAGE "libmodbus"
| #define VERSION "3.0.6"
| #define STDC_HEADERS 1
| #define HAVE_SYS_TYPES_H 1
| #define HAVE_SYS_STAT_H 1
| #define HAVE_STDLIB_H 1
| #define HAVE_STRING_H 1
| #define HAVE_MEMORY_H 1
| #define HAVE_STRINGS_H 1
| #define HAVE_INTTYPES_H 1
| #define HAVE_STDINT_H 1
| #define HAVE_UNISTD_H 1
| #define HAVE_DLFCN_H 1
| #define LT_OBJDIR ".libs/"
| #define HAVE_TERMIOS_H 1
| #define HAVE_SYS_TIME_H 1
| #define HAVE_TIME_H 1
| #define HAVE_UNISTD_H 1
| #define HAVE_ERRNO_H 1
| #define HAVE_LIMITS_H 1
| #define HAVE_FCNTL_H 1
| #define HAVE_SYS_TYPES_H 1
| #define HAVE_SYS_SOCKET_H 1
| #define HAVE_SYS_IOCTL_H 1
| #define HAVE_NETINET_IN_H 1
| #define HAVE_NETINET_TCP_H 1
| #define HAVE_ARPA_INET_H 1
| #define HAVE_NETDB_H 1
| #define HAVE_LINUX_SERIAL_H 1
| #define STDC_HEADERS 1
| #define TIME_WITH_SYS_TIME 1
| #define HAVE_DECL___CYGWIN__ 0
| /* end confdefs.h.  */
| #include <vfork.h>
configure:12022: result: no
configure:12022: checking for vfork.h
configure:12022: result: no
configure:12035: checking for fork
configure:12035: arm-linux-gnueabihf-gcc -o conftest -g -O2   conftest.c  >&5
conftest.c:64:6: warning: conflicting types for built-in function 'fork' [-Wbuiltin-declaration-mismatch]
 char fork ();
      ^~~~
configure:12035: $? = 0
configure:12035: result: yes
configure:12035: checking for vfork
configure:12035: arm-linux-gnueabihf-gcc -o conftest -g -O2   conftest.c  >&5
configure:12035: $? = 0
configure:12035: result: yes
configure:12045: checking for working fork
configure:12077: result: cross
configure:12093: WARNING: result yes guessed because of cross compilation
configure:12098: checking for working vfork
configure:12208: result: yes
configure:12236: checking for gettimeofday
configure:12236: arm-linux-gnueabihf-gcc -o conftest -g -O2   conftest.c  >&5
configure:12236: $? = 0
configure:12236: result: yes
configure:12236: checking for inet_ntoa
configure:12236: arm-linux-gnueabihf-gcc -o conftest -g -O2   conftest.c  >&5
configure:12236: $? = 0
configure:12236: result: yes
configure:12236: checking for memset
configure:12236: arm-linux-gnueabihf-gcc -o conftest -g -O2   conftest.c  >&5
conftest.c:70:6: warning: conflicting types for built-in function 'memset' [-Wbuiltin-declaration-mismatch]
 char memset ();
      ^~~~~~
configure:12236: $? = 0
configure:12236: result: yes
configure:12236: checking for select
configure:12236: arm-linux-gnueabihf-gcc -o conftest -g -O2   conftest.c  >&5
configure:12236: $? = 0
configure:12236: result: yes
configure:12236: checking for socket
configure:12236: arm-linux-gnueabihf-gcc -o conftest -g -O2   conftest.c  >&5
configure:12236: $? = 0
configure:12236: result: yes
configure:12236: checking for strerror
configure:12236: arm-linux-gnueabihf-gcc -o conftest -g -O2   conftest.c  >&5
configure:12236: $? = 0
configure:12236: result: yes
configure:12236: checking for strlcpy
configure:12236: arm-linux-gnueabihf-gcc -o conftest -g -O2   conftest.c  >&5
/usr/lib/gcc-cross/arm-linux-gnueabihf/8/../../../../arm-linux-gnueabihf/bin/ld: /tmp/ccUHhdcN.o: in function `main':
/home/soic/libmodbus-3.0.6/conftest.c:85: undefined reference to `strlcpy'
collect2: error: ld returned 1 exit status
configure:12236: $? = 1
configure: failed program was:
| /* confdefs.h */
| #define PACKAGE_NAME "libmodbus"
| #define PACKAGE_TARNAME "libmodbus"
| #define PACKAGE_VERSION "3.0.6"
| #define PACKAGE_STRING "libmodbus 3.0.6"
| #define PACKAGE_BUGREPORT "https://github.com/stephane/libmodbus/issues"
| #define PACKAGE_URL ""
| #define PACKAGE "libmodbus"
| #define VERSION "3.0.6"
| #define STDC_HEADERS 1
| #define HAVE_SYS_TYPES_H 1
| #define HAVE_SYS_STAT_H 1
| #define HAVE_STDLIB_H 1
| #define HAVE_STRING_H 1
| #define HAVE_MEMORY_H 1
| #define HAVE_STRINGS_H 1
| #define HAVE_INTTYPES_H 1
| #define HAVE_STDINT_H 1
| #define HAVE_UNISTD_H 1
| #define HAVE_DLFCN_H 1
| #define LT_OBJDIR ".libs/"
| #define HAVE_TERMIOS_H 1
| #define HAVE_SYS_TIME_H 1
| #define HAVE_TIME_H 1
| #define HAVE_UNISTD_H 1
| #define HAVE_ERRNO_H 1
| #define HAVE_LIMITS_H 1
| #define HAVE_FCNTL_H 1
| #define HAVE_SYS_TYPES_H 1
| #define HAVE_SYS_SOCKET_H 1
| #define HAVE_SYS_IOCTL_H 1
| #define HAVE_NETINET_IN_H 1
| #define HAVE_NETINET_TCP_H 1
| #define HAVE_ARPA_INET_H 1
| #define HAVE_NETDB_H 1
| #define HAVE_LINUX_SERIAL_H 1
| #define STDC_HEADERS 1
| #define TIME_WITH_SYS_TIME 1
| #define HAVE_DECL___CYGWIN__ 0
| #define HAVE_FORK 1
| #define HAVE_VFORK 1
| #define HAVE_WORKING_VFORK 1
| #define HAVE_WORKING_FORK 1
| #define HAVE_GETTIMEOFDAY 1
| #define HAVE_INET_NTOA 1
| #define HAVE_MEMSET 1
| #define HAVE_SELECT 1
| #define HAVE_SOCKET 1
| #define HAVE_STRERROR 1
| /* end confdefs.h.  */
| /* Define strlcpy to an innocuous variant, in case <limits.h> declares strlcpy.
|    For example, HP-UX 11i <limits.h> declares gettimeofday.  */
| #define strlcpy innocuous_strlcpy
| 
| /* System header to define __stub macros and hopefully few prototypes,
|     which can conflict with char strlcpy (); below.
|     Prefer <limits.h> to <assert.h> if __STDC__ is defined, since
|     <limits.h> exists even on freestanding compilers.  */
| 
| #ifdef __STDC__
| # include <limits.h>
| #else
| # include <assert.h>
| #endif
| 
| #undef strlcpy
| 
| /* Override any GCC internal prototype to avoid an error.
|    Use char because int might match the return type of a GCC
|    builtin and then its argument prototype would still apply.  */
| #ifdef __cplusplus
| extern "C"
| #endif
| char strlcpy ();
| /* The GNU C library defines this for functions which it implements
|     to always fail with ENOSYS.  Some functions are actually named
|     something starting with __ and the normal name is an alias.  */
| #if defined __stub_strlcpy || defined __stub___strlcpy
| choke me
| #endif
| 
| int
| main ()
| {
| return strlcpy ();
|   ;
|   return 0;
| }
configure:12236: result: no
configure:12236: checking for getaddrinfo
configure:12236: arm-linux-gnueabihf-gcc -o conftest -g -O2   conftest.c  >&5
configure:12236: $? = 0
configure:12236: result: yes
configure:12264: checking winsock2.h usability
configure:12264: arm-linux-gnueabihf-gcc -c -g -O2 -Wall -Werror  conftest.c >&5
conftest.c:85:10: fatal error: winsock2.h: No such file or directory
 #include <winsock2.h>
          ^~~~~~~~~~~~
compilation terminated.
configure:12264: $? = 1
configure: failed program was:
| /* confdefs.h */
| #define PACKAGE_NAME "libmodbus"
| #define PACKAGE_TARNAME "libmodbus"
| #define PACKAGE_VERSION "3.0.6"
| #define PACKAGE_STRING "libmodbus 3.0.6"
| #define PACKAGE_BUGREPORT "https://github.com/stephane/libmodbus/issues"
| #define PACKAGE_URL ""
| #define PACKAGE "libmodbus"
| #define VERSION "3.0.6"
| #define STDC_HEADERS 1
| #define HAVE_SYS_TYPES_H 1
| #define HAVE_SYS_STAT_H 1
| #define HAVE_STDLIB_H 1
| #define HAVE_STRING_H 1
| #define HAVE_MEMORY_H 1
| #define HAVE_STRINGS_H 1
| #define HAVE_INTTYPES_H 1
| #define HAVE_STDINT_H 1
| #define HAVE_UNISTD_H 1
| #define HAVE_DLFCN_H 1
| #define LT_OBJDIR ".libs/"
| #define HAVE_TERMIOS_H 1
| #define HAVE_SYS_TIME_H 1
| #define HAVE_TIME_H 1
| #define HAVE_UNISTD_H 1
| #define HAVE_ERRNO_H 1
| #define HAVE_LIMITS_H 1
| #define HAVE_FCNTL_H 1
| #define HAVE_SYS_TYPES_H 1
| #define HAVE_SYS_SOCKET_H 1
| #define HAVE_SYS_IOCTL_H 1
| #define HAVE_NETINET_IN_H 1
| #define HAVE_NETINET_TCP_H 1
| #define HAVE_ARPA_INET_H 1
| #define HAVE_NETDB_H 1
| #define HAVE_LINUX_SERIAL_H 1
| #define STDC_HEADERS 1
| #define TIME_WITH_SYS_TIME 1
| #define HAVE_DECL___CYGWIN__ 0
| #define HAVE_FORK 1
| #define HAVE_VFORK 1
| #define HAVE_WORKING_VFORK 1
| #define HAVE_WORKING_FORK 1
| #define HAVE_GETTIMEOFDAY 1
| #define HAVE_INET_NTOA 1
| #define HAVE_MEMSET 1
| #define HAVE_SELECT 1
| #define HAVE_SOCKET 1
| #define HAVE_STRERROR 1
| #define HAVE_GETADDRINFO 1
| /* end confdefs.h.  */
| #include <stdio.h>
| #ifdef HAVE_SYS_TYPES_H
| # include <sys/types.h>
| #endif
| #ifdef HAVE_SYS_STAT_H
| # include <sys/stat.h>
| #endif
| #ifdef STDC_HEADERS
| # include <stdlib.h>
| # include <stddef.h>
| #else
| # ifdef HAVE_STDLIB_H
| #  include <stdlib.h>
| # endif
| #endif
| #ifdef HAVE_STRING_H
| # if !defined STDC_HEADERS && defined HAVE_MEMORY_H
| #  include <memory.h>
| # endif
| # include <string.h>
| #endif
| #ifdef HAVE_STRINGS_H
| # include <strings.h>
| #endif
| #ifdef HAVE_INTTYPES_H
| # include <inttypes.h>
| #endif
| #ifdef HAVE_STDINT_H
| # include <stdint.h>
| #endif
| #ifdef HAVE_UNISTD_H
| # include <unistd.h>
| #endif
| #include <winsock2.h>
configure:12264: result: no
configure:12264: checking winsock2.h presence
configure:12264: arm-linux-gnueabihf-gcc -E  conftest.c
conftest.c:52:10: fatal error: winsock2.h: No such file or directory
 #include <winsock2.h>
          ^~~~~~~~~~~~
compilation terminated.
configure:12264: $? = 1
configure: failed program was:
| /* confdefs.h */
| #define PACKAGE_NAME "libmodbus"
| #define PACKAGE_TARNAME "libmodbus"
| #define PACKAGE_VERSION "3.0.6"
| #define PACKAGE_STRING "libmodbus 3.0.6"
| #define PACKAGE_BUGREPORT "https://github.com/stephane/libmodbus/issues"
| #define PACKAGE_URL ""
| #define PACKAGE "libmodbus"
| #define VERSION "3.0.6"
| #define STDC_HEADERS 1
| #define HAVE_SYS_TYPES_H 1
| #define HAVE_SYS_STAT_H 1
| #define HAVE_STDLIB_H 1
| #define HAVE_STRING_H 1
| #define HAVE_MEMORY_H 1
| #define HAVE_STRINGS_H 1
| #define HAVE_INTTYPES_H 1
| #define HAVE_STDINT_H 1
| #define HAVE_UNISTD_H 1
| #define HAVE_DLFCN_H 1
| #define LT_OBJDIR ".libs/"
| #define HAVE_TERMIOS_H 1
| #define HAVE_SYS_TIME_H 1
| #define HAVE_TIME_H 1
| #define HAVE_UNISTD_H 1
| #define HAVE_ERRNO_H 1
| #define HAVE_LIMITS_H 1
| #define HAVE_FCNTL_H 1
| #define HAVE_SYS_TYPES_H 1
| #define HAVE_SYS_SOCKET_H 1
| #define HAVE_SYS_IOCTL_H 1
| #define HAVE_NETINET_IN_H 1
| #define HAVE_NETINET_TCP_H 1
| #define HAVE_ARPA_INET_H 1
| #define HAVE_NETDB_H 1
| #define HAVE_LINUX_SERIAL_H 1
| #define STDC_HEADERS 1
| #define TIME_WITH_SYS_TIME 1
| #define HAVE_DECL___CYGWIN__ 0
| #define HAVE_FORK 1
| #define HAVE_VFORK 1
| #define HAVE_WORKING_VFORK 1
| #define HAVE_WORKING_FORK 1
| #define HAVE_GETTIMEOFDAY 1
| #define HAVE_INET_NTOA 1
| #define HAVE_MEMSET 1
| #define HAVE_SELECT 1
| #define HAVE_SOCKET 1
| #define HAVE_STRERROR 1
| #define HAVE_GETADDRINFO 1
| /* end confdefs.h.  */
| #include <winsock2.h>
configure:12264: result: no
configure:12264: checking for winsock2.h
configure:12264: result: no
configure:12280: checking whether TIOCSRS485 is declared
configure:12280: arm-linux-gnueabihf-gcc -c -g -O2 -Wall -Werror  conftest.c >&5
configure:12280: $? = 0
configure:12280: result: yes
configure:12396: checking that generated files are newer than configure
configure:12402: result: done
configure:12445: creating ./config.status

## ---------------------- ##
## Running config.status. ##
## ---------------------- ##

This file was extended by libmodbus config.status 3.0.6, which was
generated by GNU Autoconf 2.69.  Invocation command line was

  CONFIG_FILES    = 
  CONFIG_HEADERS  = 
  CONFIG_LINKS    = 
  CONFIG_COMMANDS = 
  $ ./config.status 

on DESKTOP-73LHMUU

config.status:1190: creating Makefile
config.status:1190: creating src/Makefile
config.status:1190: creating src/modbus-version.h
config.status:1190: creating doc/Makefile
config.status:1190: creating tests/Makefile
config.status:1190: creating libmodbus.pc
config.status:1190: creating libmodbus.spec
config.status:1190: creating config.h
config.status:1371: config.h is unchanged
config.status:1190: creating tests/unit-test.h
config.status:1371: tests/unit-test.h is unchanged
config.status:1419: executing depfiles commands
config.status:1419: executing libtool commands

## ---------------- ##
## Cache variables. ##
## ---------------- ##

ac_cv_build=x86_64-unknown-linux-gnu
ac_cv_c_compiler_gnu=yes
ac_cv_c_const=yes
ac_cv_cxx_compiler_gnu=yes
ac_cv_env_CCC_set=
ac_cv_env_CCC_value=
ac_cv_env_CC_set=set
ac_cv_env_CC_value=arm-linux-gnueabihf-gcc
ac_cv_env_CFLAGS_set=
ac_cv_env_CFLAGS_value=
ac_cv_env_CPPFLAGS_set=
ac_cv_env_CPPFLAGS_value=
ac_cv_env_CPP_set=
ac_cv_env_CPP_value=
ac_cv_env_CXXCPP_set=
ac_cv_env_CXXCPP_value=
ac_cv_env_CXXFLAGS_set=
ac_cv_env_CXXFLAGS_value=
ac_cv_env_CXX_set=
ac_cv_env_CXX_value=
ac_cv_env_LDFLAGS_set=
ac_cv_env_LDFLAGS_value=
ac_cv_env_LIBS_set=
ac_cv_env_LIBS_value=
ac_cv_env_build_alias_set=
ac_cv_env_build_alias_value=
ac_cv_env_host_alias_set=set
ac_cv_env_host_alias_value=x86_64-linux-gnu
ac_cv_env_target_alias_set=set
ac_cv_env_target_alias_value=arm-linux-gnueabihf
ac_cv_func_fork=yes
ac_cv_func_fork_works=yes
ac_cv_func_getaddrinfo=yes
ac_cv_func_gettimeofday=yes
ac_cv_func_inet_ntoa=yes
ac_cv_func_memset=yes
ac_cv_func_select=yes
ac_cv_func_socket=yes
ac_cv_func_strerror=yes
ac_cv_func_strlcpy=no
ac_cv_func_vfork=yes
ac_cv_func_vfork_works=yes
ac_cv_have_decl_TIOCSRS485=yes
ac_cv_have_decl___CYGWIN__=no
ac_cv_header_arpa_inet_h=yes
ac_cv_header_dlfcn_h=yes
ac_cv_header_errno_h=yes
ac_cv_header_fcntl_h=yes
ac_cv_header_inttypes_h=yes
ac_cv_header_limits_h=yes
ac_cv_header_linux_serial_h=yes
ac_cv_header_memory_h=yes
ac_cv_header_netdb_h=yes
ac_cv_header_netinet_in_h=yes
ac_cv_header_netinet_tcp_h=yes
ac_cv_header_stdc=yes
ac_cv_header_stdint_h=yes
ac_cv_header_stdlib_h=yes
ac_cv_header_string_h=yes
ac_cv_header_strings_h=yes
ac_cv_header_sys_ioctl_h=yes
ac_cv_header_sys_socket_h=yes
ac_cv_header_sys_stat_h=yes
ac_cv_header_sys_time_h=yes
ac_cv_header_sys_types_h=yes
ac_cv_header_termios_h=yes
ac_cv_header_time=yes
ac_cv_header_time_h=yes
ac_cv_header_unistd_h=yes
ac_cv_header_vfork_h=no
ac_cv_header_winsock2_h=no
ac_cv_host=x86_64-pc-linux-gnu
ac_cv_objext=o
ac_cv_path_EGREP='/bin/grep -E'
ac_cv_path_FGREP='/bin/grep -F'
ac_cv_path_GREP=/bin/grep
ac_cv_path_SED=/bin/sed
ac_cv_path_install='/usr/bin/install -c'
ac_cv_path_mkdir=/bin/mkdir
ac_cv_prog_AR=x86_64-linux-gnu-ar
ac_cv_prog_AWK=mawk
ac_cv_prog_CC=arm-linux-gnueabihf-gcc
ac_cv_prog_CPP='arm-linux-gnueabihf-gcc -E'
ac_cv_prog_CXX=x86_64-linux-gnu-g++
ac_cv_prog_CXXCPP='x86_64-linux-gnu-g++ -E'
ac_cv_prog_OBJDUMP=x86_64-linux-gnu-objdump
ac_cv_prog_RANLIB=x86_64-linux-gnu-ranlib
ac_cv_prog_STRIP=x86_64-linux-gnu-strip
ac_cv_prog_ac_ct_MANIFEST_TOOL=mt
ac_cv_prog_ac_libmodbus_have_asciidoc=no
ac_cv_prog_ac_libmodbus_have_xmlto=no
ac_cv_prog_cc_c89=
ac_cv_prog_cc_g=yes
ac_cv_prog_cxx_g=yes
ac_cv_prog_make_make_set=yes
ac_cv_type_pid_t=yes
ac_cv_type_size_t=yes
am_cv_CC_dependencies_compiler_type=gcc3
am_cv_CXX_dependencies_compiler_type=gcc3
am_cv_make_support_nested_variables=yes
am_cv_prog_cc_c_o=yes
lt_cv_ar_at_file=@
lt_cv_deplibs_check_method=pass_all
lt_cv_file_magic_cmd='$MAGIC_CMD'
lt_cv_file_magic_test_file=
lt_cv_ld_reload_flag=-r
lt_cv_nm_interface='BSD nm'
lt_cv_objdir=.libs
lt_cv_path_LD=/usr/arm-linux-gnueabihf/bin/ld
lt_cv_path_LDCXX='/usr/arm-linux-gnueabihf/bin/ld -m elf_i386'
lt_cv_path_NM='/usr/bin/x86_64-linux-gnu-nm -B'
lt_cv_path_mainfest_tool=no
lt_cv_prog_compiler_c_o=yes
lt_cv_prog_compiler_c_o_CXX=yes
lt_cv_prog_compiler_pic='-fPIC -DPIC'
lt_cv_prog_compiler_pic_CXX='-fPIC -DPIC'
lt_cv_prog_compiler_pic_works=yes
lt_cv_prog_compiler_pic_works_CXX=yes
lt_cv_prog_compiler_rtti_exceptions=no
lt_cv_prog_compiler_static_works=yes
lt_cv_prog_compiler_static_works_CXX=yes
lt_cv_prog_gnu_ld=yes
lt_cv_prog_gnu_ldcxx=no
lt_cv_sharedlib_from_linklib_cmd='printf %s\n'
lt_cv_shlibpath_overrides_runpath=no
lt_cv_sys_global_symbol_pipe='sed -n -e '\''s/^.*[	 ]\([ABCDGIRSTW][ABCDGIRSTW]*\)[	 ][	 ]*\([_A-Za-z][_A-Za-z0-9]*\)$/\1 \2 \2/p'\'' | sed '\''/ __gnu_lto/d'\'''
lt_cv_sys_global_symbol_to_c_name_address='sed -n -e '\''s/^: \([^ ]*\)[ ]*$/  {\"\1\", (void *) 0},/p'\'' -e '\''s/^[ABCDGIRSTW]* \([^ ]*\) \([^ ]*\)$/  {"\2", (void *) \&\2},/p'\'''
lt_cv_sys_global_symbol_to_c_name_address_lib_prefix='sed -n -e '\''s/^: \([^ ]*\)[ ]*$/  {\"\1\", (void *) 0},/p'\'' -e '\''s/^[ABCDGIRSTW]* \([^ ]*\) \(lib[^ ]*\)$/  {"\2", (void *) \&\2},/p'\'' -e '\''s/^[ABCDGIRSTW]* \([^ ]*\) \([^ ]*\)$/  {"lib\2", (void *) \&\2},/p'\'''
lt_cv_sys_global_symbol_to_cdecl='sed -n -e '\''s/^T .* \(.*\)$/extern int \1();/p'\'' -e '\''s/^[ABCDGIRSTW]* .* \(.*\)$/extern char \1;/p'\'''
lt_cv_sys_max_cmd_len=1572864
lt_cv_to_host_file_cmd=func_convert_file_noop
lt_cv_to_tool_file_cmd=func_convert_file_noop

## ----------------- ##
## Output variables. ##
## ----------------- ##

ACLOCAL='${SHELL} /home/soic/libmodbus-3.0.6/missing aclocal-1.14'
AMDEPBACKSLASH='\'
AMDEP_FALSE='#'
AMDEP_TRUE=''
AMTAR='$${TAR-tar}'
AM_BACKSLASH='\'
AM_DEFAULT_V='$(AM_DEFAULT_VERBOSITY)'
AM_DEFAULT_VERBOSITY='0'
AM_V='$(V)'
AR='x86_64-linux-gnu-ar'
AS='as'
AUTOCONF='${SHELL} /home/soic/libmodbus-3.0.6/missing autoconf'
AUTOHEADER='${SHELL} /home/soic/libmodbus-3.0.6/missing autoheader'
AUTOMAKE='${SHELL} /home/soic/libmodbus-3.0.6/missing automake-1.14'
AWK='mawk'
BUILD_DOC_FALSE=''
BUILD_DOC_TRUE='#'
CC='arm-linux-gnueabihf-gcc'
CCDEPMODE='depmode=gcc3'
CFLAGS='-g -O2 -Wall -Werror'
CPP='arm-linux-gnueabihf-gcc -E'
CPPFLAGS=''
CXX='x86_64-linux-gnu-g++'
CXXCPP='x86_64-linux-gnu-g++ -E'
CXXDEPMODE='depmode=gcc3'
CXXFLAGS='-g -O2'
CYGPATH_W='echo'
DEFS='-DHAVE_CONFIG_H'
DEPDIR='.deps'
DLLTOOL='false'
DSYMUTIL=''
DUMPBIN=''
ECHO_C=''
ECHO_N='-n'
ECHO_T=''
EGREP='/bin/grep -E'
EXEEXT=''
FGREP='/bin/grep -F'
GREP='/bin/grep'
INSTALL_DATA='${INSTALL} -m 644'
INSTALL_MAN_FALSE='#'
INSTALL_MAN_TRUE=''
INSTALL_PROGRAM='${INSTALL}'
INSTALL_SCRIPT='${INSTALL}'
INSTALL_STRIP_PROGRAM='$(install_sh) -c -s'
LD='/usr/arm-linux-gnueabihf/bin/ld -m elf_i386'
LDFLAGS=''
LIBMODBUS_LT_VERSION_INFO='5:5:0'
LIBMODBUS_VERSION='3.0.6'
LIBMODBUS_VERSION_MAJOR='3'
LIBMODBUS_VERSION_MICRO='6'
LIBMODBUS_VERSION_MINOR='0'
LIBOBJS=''
LIBS=''
LIBTOOL='$(SHELL) $(top_builddir)/libtool'
LIPO=''
LN_S='ln -s'
LTLIBOBJS=''
MAKEINFO='${SHELL} /home/soic/libmodbus-3.0.6/missing makeinfo'
MANIFEST_TOOL=':'
MKDIR_P='/bin/mkdir -p'
NM='/usr/bin/x86_64-linux-gnu-nm -B'
NMEDIT=''
OBJDUMP='x86_64-linux-gnu-objdump'
OBJEXT='o'
OS_QNX_FALSE=''
OS_QNX_TRUE='#'
OS_WIN32_FALSE=''
OS_WIN32_TRUE='#'
OTOOL64=''
OTOOL=''
PACKAGE='libmodbus'
PACKAGE_BUGREPORT='https://github.com/stephane/libmodbus/issues'
PACKAGE_NAME='libmodbus'
PACKAGE_STRING='libmodbus 3.0.6'
PACKAGE_TARNAME='libmodbus'
PACKAGE_URL=''
PACKAGE_VERSION='3.0.6'
PATH_SEPARATOR=':'
RANLIB='x86_64-linux-gnu-ranlib'
SED='/bin/sed'
SET_MAKE=''
SHELL='/bin/bash'
STRIP='x86_64-linux-gnu-strip'
VERSION='3.0.6'
ac_ct_AR=''
ac_ct_CC=''
ac_ct_CXX=''
ac_ct_DUMPBIN=''
ac_libmodbus_have_asciidoc='no'
ac_libmodbus_have_xmlto='no'
am__EXEEXT_FALSE=''
am__EXEEXT_TRUE='#'
am__fastdepCC_FALSE='#'
am__fastdepCC_TRUE=''
am__fastdepCXX_FALSE='#'
am__fastdepCXX_TRUE=''
am__include='include'
am__isrc=''
am__leading_dot='.'
am__nodep='_no'
am__quote=''
am__tar='$${TAR-tar} chof - "$$tardir"'
am__untar='$${TAR-tar} xf -'
bindir='${exec_prefix}/bin'
build='x86_64-unknown-linux-gnu'
build_alias=''
build_cpu='x86_64'
build_os='linux-gnu'
build_vendor='unknown'
datadir='${datarootdir}'
datarootdir='${prefix}/share'
docdir='${datarootdir}/doc/${PACKAGE_TARNAME}'
dvidir='${docdir}'
exec_prefix='${prefix}'
host='x86_64-pc-linux-gnu'
host_alias='x86_64-linux-gnu'
host_cpu='x86_64'
host_os='linux-gnu'
host_vendor='pc'
htmldir='${docdir}'
includedir='${prefix}/include'
infodir='${datarootdir}/info'
install_sh='${SHELL} /home/soic/libmodbus-3.0.6/install-sh'
libdir='${exec_prefix}/lib'
libexecdir='${exec_prefix}/libexec'
localedir='${datarootdir}/locale'
localstatedir='${prefix}/var'
mandir='${datarootdir}/man'
mkdir_p='$(MKDIR_P)'
oldincludedir='/usr/include'
pdfdir='${docdir}'
prefix='/usr/local'
program_transform_name='s,x,x,'
psdir='${docdir}'
sbindir='${exec_prefix}/sbin'
sharedstatedir='${prefix}/com'
sysconfdir='${prefix}/etc'
target_alias='arm-linux-gnueabihf'

## ----------- ##
## confdefs.h. ##
## ----------- ##

/* confdefs.h */
#define PACKAGE_NAME "libmodbus"
#define PACKAGE_TARNAME "libmodbus"
#define PACKAGE_VERSION "3.0.6"
#define PACKAGE_STRING "libmodbus 3.0.6"
#define PACKAGE_BUGREPORT "https://github.com/stephane/libmodbus/issues"
#define PACKAGE_URL ""
#define PACKAGE "libmodbus"
#define VERSION "3.0.6"
#define STDC_HEADERS 1
#define HAVE_SYS_TYPES_H 1
#define HAVE_SYS_STAT_H 1
#define HAVE_STDLIB_H 1
#define HAVE_STRING_H 1
#define HAVE_MEMORY_H 1
#define HAVE_STRINGS_H 1
#define HAVE_INTTYPES_H 1
#define HAVE_STDINT_H 1
#define HAVE_UNISTD_H 1
#define HAVE_DLFCN_H 1
#define LT_OBJDIR ".libs/"
#define HAVE_TERMIOS_H 1
#define HAVE_SYS_TIME_H 1
#define HAVE_TIME_H 1
#define HAVE_UNISTD_H 1
#define HAVE_ERRNO_H 1
#define HAVE_LIMITS_H 1
#define HAVE_FCNTL_H 1
#define HAVE_SYS_TYPES_H 1
#define HAVE_SYS_SOCKET_H 1
#define HAVE_SYS_IOCTL_H 1
#define HAVE_NETINET_IN_H 1
#define HAVE_NETINET_TCP_H 1
#define HAVE_ARPA_INET_H 1
#define HAVE_NETDB_H 1
#define HAVE_LINUX_SERIAL_H 1
#define STDC_HEADERS 1
#define TIME_WITH_SYS_TIME 1
#define HAVE_DECL___CYGWIN__ 0
#define HAVE_FORK 1
#define HAVE_VFORK 1
#define HAVE_WORKING_VFORK 1
#define HAVE_WORKING_FORK 1
#define HAVE_GETTIMEOFDAY 1
#define HAVE_INET_NTOA 1
#define HAVE_MEMSET 1
#define HAVE_SELECT 1
#define HAVE_SOCKET 1
#define HAVE_STRERROR 1
#define HAVE_GETADDRINFO 1
#define HAVE_DECL_TIOCSRS485 1

configure: exit 0
