[2021-01-22 15:06:54.946] [exthost] [info] extension host started
[2021-01-22 15:06:55.181] [exthost] [info] ExtensionService#_doActivateExtension ms-vscode.cpptools {"startup":false,"extensionId":{"value":"ms-vscode.cpptools","_lower":"ms-vscode.cpptools"},"activationEvent":"onLanguage:c"}
[2021-01-22 15:06:55.181] [exthost] [info] ExtensionService#loadCommonJSModule file:///home/soic/.vscode-server/extensions/ms-vscode.cpptools-1.2.0-insiders2/dist/main
[2021-01-22 15:06:55.334] [exthost] [info] ExtensionService#_doActivateExtension vscode.debug-auto-launch {"startup":true,"extensionId":{"value":"vscode.debug-auto-launch","_lower":"vscode.debug-auto-launch"},"activationEvent":"*"}
[2021-01-22 15:06:55.334] [exthost] [info] ExtensionService#loadCommonJSModule file:///home/soic/.vscode-server/bin/ea3859d4ba2f3e577a159bc91e3074c5d85c0523/extensions/debug-auto-launch/dist/extension
[2021-01-22 15:06:55.342] [exthost] [info] ExtensionService#_doActivateExtension vscode.emmet {"startup":true,"extensionId":{"value":"vscode.emmet","_lower":"vscode.emmet"},"activationEvent":"*"}
[2021-01-22 15:06:55.343] [exthost] [info] ExtensionService#loadCommonJSModule file:///home/soic/.vscode-server/bin/ea3859d4ba2f3e577a159bc91e3074c5d85c0523/extensions/emmet/dist/node/emmetNodeMain
[2021-01-22 15:06:55.397] [exthost] [info] ExtensionService#_doActivateExtension vscode.git {"startup":true,"extensionId":{"value":"vscode.github","_lower":"vscode.github"},"activationEvent":"*"}
[2021-01-22 15:06:55.398] [exthost] [info] ExtensionService#loadCommonJSModule file:///home/soic/.vscode-server/bin/ea3859d4ba2f3e577a159bc91e3074c5d85c0523/extensions/git/dist/main
[2021-01-22 15:06:55.459] [exthost] [info] ExtensionService#_doActivateExtension vscode.merge-conflict {"startup":true,"extensionId":{"value":"vscode.merge-conflict","_lower":"vscode.merge-conflict"},"activationEvent":"*"}
[2021-01-22 15:06:55.459] [exthost] [info] ExtensionService#loadCommonJSModule file:///home/soic/.vscode-server/bin/ea3859d4ba2f3e577a159bc91e3074c5d85c0523/extensions/merge-conflict/dist/mergeConflictMain
[2021-01-22 15:06:55.464] [exthost] [info] ExtensionService#_doActivateExtension vscode.search-result {"startup":true,"extensionId":{"value":"vscode.search-result","_lower":"vscode.search-result"},"activationEvent":"*"}
[2021-01-22 15:06:55.464] [exthost] [info] ExtensionService#loadCommonJSModule file:///home/soic/.vscode-server/bin/ea3859d4ba2f3e577a159bc91e3074c5d85c0523/extensions/search-result/dist/extension.js
[2021-01-22 15:06:55.933] [exthost] [info] ExtensionService#_doActivateExtension ms-vscode.cmake-tools {"startup":true,"extensionId":{"value":"ms-vscode.cmake-tools","_lower":"ms-vscode.cmake-tools"},"activationEvent":"workspaceContains:**/CMakeLists.txt"}
[2021-01-22 15:06:55.933] [exthost] [info] ExtensionService#loadCommonJSModule file:///home/soic/.vscode-server/extensions/ms-vscode.cmake-tools-1.5.3/dist/main
[2021-01-22 15:06:56.102] [exthost] [info] ExtensionService#_doActivateExtension vscode.github {"startup":true,"extensionId":{"value":"vscode.github","_lower":"vscode.github"},"activationEvent":"*"}
[2021-01-22 15:06:56.102] [exthost] [info] ExtensionService#loadCommonJSModule file:///home/soic/.vscode-server/bin/ea3859d4ba2f3e577a159bc91e3074c5d85c0523/extensions/github/dist/extension.js
[2021-01-22 15:06:56.113] [exthost] [info] ExtensionService#_doActivateExtension ms-vscode.js-debug {"startup":false,"extensionId":{"value":"ms-vscode.js-debug","_lower":"ms-vscode.js-debug"},"activationEvent":"onCommand:extension.js-debug.clearAutoAttachVariables"}
[2021-01-22 15:06:56.113] [exthost] [info] ExtensionService#loadCommonJSModule file:///home/soic/.vscode-server/bin/ea3859d4ba2f3e577a159bc91e3074c5d85c0523/extensions/ms-vscode.js-debug/src/extension.js
[2021-01-22 15:06:56.823] [exthost] [info] eager extensions activated
[2021-01-22 15:06:56.902] [exthost] [warning] [Decorations] CAPPING events from decorations provider vscode.git 524
[2021-01-22 15:06:58.626] [exthost] [warning] [Decorations] CAPPING events from decorations provider vscode.git 524
[2021-01-22 15:07:00.767] [exthost] [warning] [Decorations] CAPPING events from decorations provider vscode.git 524
[2021-01-22 15:07:05.880] [exthost] [warning] [Decorations] CAPPING events from decorations provider vscode.git 529
[2021-01-22 15:07:08.059] [exthost] [error] {"message":"Git error","stdout":"","stderr":"fatal: Pathspec '/home/soic/moxa-uart-control/autom4te.cache' is in submodule 'moxa-uart-control'\n","exitCode":128,"gitErrorCode":"IsInSubmodule"}
[2021-01-22 15:07:08.059] [exthost] [error] {"message":"Git error","stdout":"","stderr":"fatal: Pathspec '/home/soic/moxa-uart-control/autom4te.cache' is in submodule 'moxa-uart-control'\n","exitCode":128,"gitErrorCode":"IsInSubmodule"}
[2021-01-22 15:07:08.059] [exthost] [error] {"message":"Git error","stdout":"","stderr":"fatal: Pathspec '/home/soic/moxa-uart-control/autom4te.cache' is in submodule 'moxa-uart-control'\n","exitCode":128,"gitErrorCode":"IsInSubmodule"}
[2021-01-22 15:07:08.059] [exthost] [error] {"message":"Git error","stdout":"","stderr":"fatal: Pathspec '/home/soic/moxa-uart-control/autom4te.cache' is in submodule 'moxa-uart-control'\n","exitCode":128,"gitErrorCode":"IsInSubmodule"}
[2021-01-22 15:07:08.059] [exthost] [error] {"message":"Git error","stdout":"","stderr":"fatal: Pathspec '/home/soic/moxa-uart-control/autom4te.cache' is in submodule 'moxa-uart-control'\n","exitCode":128,"gitErrorCode":"IsInSubmodule"}
[2021-01-22 15:07:08.059] [exthost] [error] {"message":"Git error","stdout":"","stderr":"fatal: Pathspec '/home/soic/moxa-uart-control/autom4te.cache' is in submodule 'moxa-uart-control'\n","exitCode":128,"gitErrorCode":"IsInSubmodule"}
[2021-01-22 15:07:08.059] [exthost] [error] {"message":"Git error","stdout":"","stderr":"fatal: Pathspec '/home/soic/moxa-uart-control/autom4te.cache' is in submodule 'moxa-uart-control'\n","exitCode":128,"gitErrorCode":"IsInSubmodule"}
[2021-01-22 15:07:08.059] [exthost] [error] {"message":"Git error","stdout":"","stderr":"fatal: Pathspec '/home/soic/moxa-uart-control/autom4te.cache' is in submodule 'moxa-uart-control'\n","exitCode":128,"gitErrorCode":"IsInSubmodule"}
[2021-01-22 15:07:08.059] [exthost] [error] {"message":"Git error","stdout":"","stderr":"fatal: Pathspec '/home/soic/moxa-uart-control/autom4te.cache' is in submodule 'moxa-uart-control'\n","exitCode":128,"gitErrorCode":"IsInSubmodule"}
[2021-01-22 15:07:08.059] [exthost] [error] {"message":"Git error","stdout":"","stderr":"fatal: Pathspec '/home/soic/moxa-uart-control/autom4te.cache' is in submodule 'moxa-uart-control'\n","exitCode":128,"gitErrorCode":"IsInSubmodule"}
[2021-01-22 15:07:08.059] [exthost] [error] {"message":"Git error","stdout":"","stderr":"fatal: Pathspec '/home/soic/moxa-uart-control/autom4te.cache' is in submodule 'moxa-uart-control'\n","exitCode":128,"gitErrorCode":"IsInSubmodule"}
[2021-01-22 15:07:08.059] [exthost] [error] {"message":"Git error","stdout":"","stderr":"fatal: Pathspec '/home/soic/moxa-uart-control/autom4te.cache' is in submodule 'moxa-uart-control'\n","exitCode":128,"gitErrorCode":"IsInSubmodule"}
[2021-01-22 15:07:08.059] [exthost] [error] {"message":"Git error","stdout":"","stderr":"fatal: Pathspec '/home/soic/moxa-uart-control/autom4te.cache' is in submodule 'moxa-uart-control'\n","exitCode":128,"gitErrorCode":"IsInSubmodule"}
[2021-01-22 15:07:08.059] [exthost] [error] {"message":"Git error","stdout":"","stderr":"fatal: Pathspec '/home/soic/moxa-uart-control/autom4te.cache' is in submodule 'moxa-uart-control'\n","exitCode":128,"gitErrorCode":"IsInSubmodule"}
[2021-01-22 15:07:08.059] [exthost] [error] {"message":"Git error","stdout":"","stderr":"fatal: Pathspec '/home/soic/moxa-uart-control/autom4te.cache' is in submodule 'moxa-uart-control'\n","exitCode":128,"gitErrorCode":"IsInSubmodule"}
[2021-01-22 15:07:08.059] [exthost] [error] {"message":"Git error","stdout":"","stderr":"fatal: Pathspec '/home/soic/moxa-uart-control/autom4te.cache' is in submodule 'moxa-uart-control'\n","exitCode":128,"gitErrorCode":"IsInSubmodule"}
[2021-01-22 15:07:08.059] [exthost] [error] {"message":"Git error","stdout":"","stderr":"fatal: Pathspec '/home/soic/moxa-uart-control/autom4te.cache' is in submodule 'moxa-uart-control'\n","exitCode":128,"gitErrorCode":"IsInSubmodule"}
[2021-01-22 15:07:08.059] [exthost] [error] {"message":"Git error","stdout":"","stderr":"fatal: Pathspec '/home/soic/moxa-uart-control/autom4te.cache' is in submodule 'moxa-uart-control'\n","exitCode":128,"gitErrorCode":"IsInSubmodule"}
[2021-01-22 15:07:08.059] [exthost] [error] {"message":"Git error","stdout":"","stderr":"fatal: Pathspec '/home/soic/moxa-uart-control/autom4te.cache' is in submodule 'moxa-uart-control'\n","exitCode":128,"gitErrorCode":"IsInSubmodule"}
[2021-01-22 15:07:08.059] [exthost] [error] {"message":"Git error","stdout":"","stderr":"fatal: Pathspec '/home/soic/moxa-uart-control/autom4te.cache' is in submodule 'moxa-uart-control'\n","exitCode":128,"gitErrorCode":"IsInSubmodule"}
[2021-01-22 15:07:08.059] [exthost] [error] {"message":"Git error","stdout":"","stderr":"fatal: Pathspec '/home/soic/moxa-uart-control/autom4te.cache' is in submodule 'moxa-uart-control'\n","exitCode":128,"gitErrorCode":"IsInSubmodule"}
[2021-01-22 15:07:08.059] [exthost] [error] {"message":"Git error","stdout":"","stderr":"fatal: Pathspec '/home/soic/moxa-uart-control/autom4te.cache' is in submodule 'moxa-uart-control'\n","exitCode":128,"gitErrorCode":"IsInSubmodule"}
[2021-01-22 15:07:08.059] [exthost] [error] {"message":"Git error","stdout":"","stderr":"fatal: Pathspec '/home/soic/moxa-uart-control/autom4te.cache' is in submodule 'moxa-uart-control'\n","exitCode":128,"gitErrorCode":"IsInSubmodule"}
[2021-01-22 15:07:08.059] [exthost] [error] {"message":"Git error","stdout":"","stderr":"fatal: Pathspec '/home/soic/moxa-uart-control/autom4te.cache' is in submodule 'moxa-uart-control'\n","exitCode":128,"gitErrorCode":"IsInSubmodule"}
[2021-01-22 15:07:08.059] [exthost] [error] {"message":"Git error","stdout":"","stderr":"fatal: Pathspec '/home/soic/moxa-uart-control/autom4te.cache' is in submodule 'moxa-uart-control'\n","exitCode":128,"gitErrorCode":"IsInSubmodule"}
[2021-01-22 15:07:08.059] [exthost] [error] {"message":"Git error","stdout":"","stderr":"fatal: Pathspec '/home/soic/moxa-uart-control/autom4te.cache' is in submodule 'moxa-uart-control'\n","exitCode":128,"gitErrorCode":"IsInSubmodule"}
[2021-01-22 15:07:08.059] [exthost] [error] {"message":"Git error","stdout":"","stderr":"fatal: Pathspec '/home/soic/moxa-uart-control/autom4te.cache' is in submodule 'moxa-uart-control'\n","exitCode":128,"gitErrorCode":"IsInSubmodule"}
[2021-01-22 15:07:08.059] [exthost] [error] {"message":"Git error","stdout":"","stderr":"fatal: Pathspec '/home/soic/moxa-uart-control/autom4te.cache' is in submodule 'moxa-uart-control'\n","exitCode":128,"gitErrorCode":"IsInSubmodule"}
[2021-01-22 15:07:08.059] [exthost] [error] {"message":"Git error","stdout":"","stderr":"fatal: Pathspec '/home/soic/moxa-uart-control/autom4te.cache' is in submodule 'moxa-uart-control'\n","exitCode":128,"gitErrorCode":"IsInSubmodule"}
[2021-01-22 15:07:08.059] [exthost] [error] {"message":"Git error","stdout":"","stderr":"fatal: Pathspec '/home/soic/moxa-uart-control/autom4te.cache' is in submodule 'moxa-uart-control'\n","exitCode":128,"gitErrorCode":"IsInSubmodule"}
[2021-01-22 15:07:08.059] [exthost] [error] {"message":"Git error","stdout":"","stderr":"fatal: Pathspec '/home/soic/moxa-uart-control/autom4te.cache' is in submodule 'moxa-uart-control'\n","exitCode":128,"gitErrorCode":"IsInSubmodule"}
[2021-01-22 15:07:08.059] [exthost] [error] {"message":"Git error","stdout":"","stderr":"fatal: Pathspec '/home/soic/moxa-uart-control/autom4te.cache' is in submodule 'moxa-uart-control'\n","exitCode":128,"gitErrorCode":"IsInSubmodule"}
[2021-01-22 15:07:08.059] [exthost] [error] {"message":"Git error","stdout":"","stderr":"fatal: Pathspec '/home/soic/moxa-uart-control/autom4te.cache' is in submodule 'moxa-uart-control'\n","exitCode":128,"gitErrorCode":"IsInSubmodule"}
[2021-01-22 15:07:08.059] [exthost] [error] {"message":"Git error","stdout":"","stderr":"fatal: Pathspec '/home/soic/moxa-uart-control/autom4te.cache' is in submodule 'moxa-uart-control'\n","exitCode":128,"gitErrorCode":"IsInSubmodule"}
[2021-01-22 15:07:08.059] [exthost] [error] {"message":"Git error","stdout":"","stderr":"fatal: Pathspec '/home/soic/moxa-uart-control/autom4te.cache' is in submodule 'moxa-uart-control'\n","exitCode":128,"gitErrorCode":"IsInSubmodule"}
[2021-01-22 15:07:08.059] [exthost] [error] {"message":"Git error","stdout":"","stderr":"fatal: Pathspec '/home/soic/moxa-uart-control/autom4te.cache' is in submodule 'moxa-uart-control'\n","exitCode":128,"gitErrorCode":"IsInSubmodule"}
[2021-01-22 15:07:08.059] [exthost] [error] {"message":"Git error","stdout":"","stderr":"fatal: Pathspec '/home/soic/moxa-uart-control/autom4te.cache' is in submodule 'moxa-uart-control'\n","exitCode":128,"gitErrorCode":"IsInSubmodule"}
[2021-01-22 15:07:08.059] [exthost] [error] {"message":"Git error","stdout":"","stderr":"fatal: Pathspec '/home/soic/moxa-uart-control/autom4te.cache' is in submodule 'moxa-uart-control'\n","exitCode":128,"gitErrorCode":"IsInSubmodule"}
[2021-01-22 15:07:08.059] [exthost] [error] {"message":"Git error","stdout":"","stderr":"fatal: Pathspec '/home/soic/moxa-uart-control/autom4te.cache' is in submodule 'moxa-uart-control'\n","exitCode":128,"gitErrorCode":"IsInSubmodule"}
[2021-01-22 15:07:08.059] [exthost] [error] {"message":"Git error","stdout":"","stderr":"fatal: Pathspec '/home/soic/moxa-uart-control/autom4te.cache' is in submodule 'moxa-uart-control'\n","exitCode":128,"gitErrorCode":"IsInSubmodule"}
[2021-01-22 15:07:08.059] [exthost] [error] {"message":"Git error","stdout":"","stderr":"fatal: Pathspec '/home/soic/moxa-uart-control/autom4te.cache' is in submodule 'moxa-uart-control'\n","exitCode":128,"gitErrorCode":"IsInSubmodule"}
[2021-01-22 15:07:08.059] [exthost] [error] {"message":"Git error","stdout":"","stderr":"fatal: Pathspec '/home/soic/moxa-uart-control/autom4te.cache' is in submodule 'moxa-uart-control'\n","exitCode":128,"gitErrorCode":"IsInSubmodule"}
[2021-01-22 15:07:08.059] [exthost] [error] {"message":"Git error","stdout":"","stderr":"fatal: Pathspec '/home/soic/moxa-uart-control/autom4te.cache' is in submodule 'moxa-uart-control'\n","exitCode":128,"gitErrorCode":"IsInSubmodule"}
[2021-01-22 15:07:08.059] [exthost] [error] {"message":"Git error","stdout":"","stderr":"fatal: Pathspec '/home/soic/moxa-uart-control/autom4te.cache' is in submodule 'moxa-uart-control'\n","exitCode":128,"gitErrorCode":"IsInSubmodule"}
[2021-01-22 15:07:08.059] [exthost] [error] {"message":"Git error","stdout":"","stderr":"fatal: Pathspec '/home/soic/moxa-uart-control/autom4te.cache' is in submodule 'moxa-uart-control'\n","exitCode":128,"gitErrorCode":"IsInSubmodule"}
[2021-01-22 15:07:08.059] [exthost] [error] {"message":"Git error","stdout":"","stderr":"fatal: Pathspec '/home/soic/moxa-uart-control/autom4te.cache' is in submodule 'moxa-uart-control'\n","exitCode":128,"gitErrorCode":"IsInSubmodule"}
[2021-01-22 15:07:08.059] [exthost] [error] {"message":"Git error","stdout":"","stderr":"fatal: Pathspec '/home/soic/moxa-uart-control/autom4te.cache' is in submodule 'moxa-uart-control'\n","exitCode":128,"gitErrorCode":"IsInSubmodule"}
[2021-01-22 15:07:08.059] [exthost] [error] {"message":"Git error","stdout":"","stderr":"fatal: Pathspec '/home/soic/moxa-uart-control/autom4te.cache' is in submodule 'moxa-uart-control'\n","exitCode":128,"gitErrorCode":"IsInSubmodule"}
[2021-01-22 15:07:08.059] [exthost] [error] {"message":"Git error","stdout":"","stderr":"fatal: Pathspec '/home/soic/moxa-uart-control/autom4te.cache' is in submodule 'moxa-uart-control'\n","exitCode":128,"gitErrorCode":"IsInSubmodule"}
[2021-01-22 15:07:08.059] [exthost] [error] {"message":"Git error","stdout":"","stderr":"fatal: Pathspec '/home/soic/moxa-uart-control/autom4te.cache' is in submodule 'moxa-uart-control'\n","exitCode":128,"gitErrorCode":"IsInSubmodule"}
[2021-01-22 15:07:08.059] [exthost] [error] {"message":"Git error","stdout":"","stderr":"fatal: Pathspec '/home/soic/moxa-uart-control/autom4te.cache' is in submodule 'moxa-uart-control'\n","exitCode":128,"gitErrorCode":"IsInSubmodule"}
[2021-01-22 15:07:08.059] [exthost] [error] {"message":"Git error","stdout":"","stderr":"fatal: Pathspec '/home/soic/moxa-uart-control/autom4te.cache' is in submodule 'moxa-uart-control'\n","exitCode":128,"gitErrorCode":"IsInSubmodule"}
[2021-01-22 15:07:08.059] [exthost] [error] {"message":"Git error","stdout":"","stderr":"fatal: Pathspec '/home/soic/moxa-uart-control/autom4te.cache' is in submodule 'moxa-uart-control'\n","exitCode":128,"gitErrorCode":"IsInSubmodule"}
[2021-01-22 15:07:08.059] [exthost] [error] {"message":"Git error","stdout":"","stderr":"fatal: Pathspec '/home/soic/moxa-uart-control/autom4te.cache' is in submodule 'moxa-uart-control'\n","exitCode":128,"gitErrorCode":"IsInSubmodule"}
[2021-01-22 15:07:08.059] [exthost] [error] {"message":"Git error","stdout":"","stderr":"fatal: Pathspec '/home/soic/moxa-uart-control/autom4te.cache' is in submodule 'moxa-uart-control'\n","exitCode":128,"gitErrorCode":"IsInSubmodule"}
[2021-01-22 15:07:08.059] [exthost] [error] {"message":"Git error","stdout":"","stderr":"fatal: Pathspec '/home/soic/moxa-uart-control/autom4te.cache' is in submodule 'moxa-uart-control'\n","exitCode":128,"gitErrorCode":"IsInSubmodule"}
[2021-01-22 15:07:08.059] [exthost] [error] {"message":"Git error","stdout":"","stderr":"fatal: Pathspec '/home/soic/moxa-uart-control/autom4te.cache' is in submodule 'moxa-uart-control'\n","exitCode":128,"gitErrorCode":"IsInSubmodule"}
[2021-01-22 15:07:08.059] [exthost] [error] {"message":"Git error","stdout":"","stderr":"fatal: Pathspec '/home/soic/moxa-uart-control/autom4te.cache' is in submodule 'moxa-uart-control'\n","exitCode":128,"gitErrorCode":"IsInSubmodule"}
[2021-01-22 15:07:08.059] [exthost] [error] {"message":"Git error","stdout":"","stderr":"fatal: Pathspec '/home/soic/moxa-uart-control/autom4te.cache' is in submodule 'moxa-uart-control'\n","exitCode":128,"gitErrorCode":"IsInSubmodule"}
[2021-01-22 15:07:08.059] [exthost] [error] {"message":"Git error","stdout":"","stderr":"fatal: Pathspec '/home/soic/moxa-uart-control/autom4te.cache' is in submodule 'moxa-uart-control'\n","exitCode":128,"gitErrorCode":"IsInSubmodule"}
[2021-01-22 15:07:08.059] [exthost] [error] {"message":"Git error","stdout":"","stderr":"fatal: Pathspec '/home/soic/moxa-uart-control/autom4te.cache' is in submodule 'moxa-uart-control'\n","exitCode":128,"gitErrorCode":"IsInSubmodule"}
[2021-01-22 15:07:08.059] [exthost] [error] {"message":"Git error","stdout":"","stderr":"fatal: Pathspec '/home/soic/moxa-uart-control/autom4te.cache' is in submodule 'moxa-uart-control'\n","exitCode":128,"gitErrorCode":"IsInSubmodule"}
[2021-01-22 15:07:08.059] [exthost] [error] {"message":"Git error","stdout":"","stderr":"fatal: Pathspec '/home/soic/moxa-uart-control/autom4te.cache' is in submodule 'moxa-uart-control'\n","exitCode":128,"gitErrorCode":"IsInSubmodule"}
[2021-01-22 15:07:08.060] [exthost] [error] {"message":"Git error","stdout":"","stderr":"fatal: Pathspec '/home/soic/moxa-uart-control/autom4te.cache' is in submodule 'moxa-uart-control'\n","exitCode":128,"gitErrorCode":"IsInSubmodule"}
[2021-01-22 15:07:08.060] [exthost] [error] {"message":"Git error","stdout":"","stderr":"fatal: Pathspec '/home/soic/moxa-uart-control/autom4te.cache' is in submodule 'moxa-uart-control'\n","exitCode":128,"gitErrorCode":"IsInSubmodule"}
[2021-01-22 15:07:08.060] [exthost] [error] {"message":"Git error","stdout":"","stderr":"fatal: Pathspec '/home/soic/moxa-uart-control/autom4te.cache' is in submodule 'moxa-uart-control'\n","exitCode":128,"gitErrorCode":"IsInSubmodule"}
[2021-01-22 15:07:08.060] [exthost] [error] {"message":"Git error","stdout":"","stderr":"fatal: Pathspec '/home/soic/moxa-uart-control/autom4te.cache' is in submodule 'moxa-uart-control'\n","exitCode":128,"gitErrorCode":"IsInSubmodule"}
[2021-01-22 15:07:08.060] [exthost] [error] {"message":"Git error","stdout":"","stderr":"fatal: Pathspec '/home/soic/moxa-uart-control/autom4te.cache' is in submodule 'moxa-uart-control'\n","exitCode":128,"gitErrorCode":"IsInSubmodule"}
[2021-01-22 15:07:08.060] [exthost] [error] {"message":"Git error","stdout":"","stderr":"fatal: Pathspec '/home/soic/moxa-uart-control/autom4te.cache' is in submodule 'moxa-uart-control'\n","exitCode":128,"gitErrorCode":"IsInSubmodule"}
[2021-01-22 15:07:08.060] [exthost] [error] {"message":"Git error","stdout":"","stderr":"fatal: Pathspec '/home/soic/moxa-uart-control/autom4te.cache' is in submodule 'moxa-uart-control'\n","exitCode":128,"gitErrorCode":"IsInSubmodule"}
[2021-01-22 15:07:08.060] [exthost] [error] {"message":"Git error","stdout":"","stderr":"fatal: Pathspec '/home/soic/moxa-uart-control/autom4te.cache' is in submodule 'moxa-uart-control'\n","exitCode":128,"gitErrorCode":"IsInSubmodule"}
[2021-01-22 15:07:08.060] [exthost] [error] {"message":"Git error","stdout":"","stderr":"fatal: Pathspec '/home/soic/moxa-uart-control/autom4te.cache' is in submodule 'moxa-uart-control'\n","exitCode":128,"gitErrorCode":"IsInSubmodule"}
[2021-01-22 15:07:08.060] [exthost] [error] {"message":"Git error","stdout":"","stderr":"fatal: Pathspec '/home/soic/moxa-uart-control/autom4te.cache' is in submodule 'moxa-uart-control'\n","exitCode":128,"gitErrorCode":"IsInSubmodule"}
[2021-01-22 15:07:08.060] [exthost] [error] {"message":"Git error","stdout":"","stderr":"fatal: Pathspec '/home/soic/moxa-uart-control/autom4te.cache' is in submodule 'moxa-uart-control'\n","exitCode":128,"gitErrorCode":"IsInSubmodule"}
[2021-01-22 15:07:08.060] [exthost] [error] {"message":"Git error","stdout":"","stderr":"fatal: Pathspec '/home/soic/moxa-uart-control/autom4te.cache' is in submodule 'moxa-uart-control'\n","exitCode":128,"gitErrorCode":"IsInSubmodule"}
[2021-01-22 15:07:08.060] [exthost] [error] {"message":"Git error","stdout":"","stderr":"fatal: Pathspec '/home/soic/moxa-uart-control/autom4te.cache' is in submodule 'moxa-uart-control'\n","exitCode":128,"gitErrorCode":"IsInSubmodule"}
[2021-01-22 15:07:10.973] [exthost] [warning] [Decorations] CAPPING events from decorations provider vscode.git 529
[2021-01-22 15:07:16.067] [exthost] [warning] [Decorations] CAPPING events from decorations provider vscode.git 529
[2021-01-22 15:08:39.608] [exthost] [warning] [Decorations] CAPPING events from decorations provider vscode.git 529
[2021-01-22 15:08:44.710] [exthost] [warning] [Decorations] CAPPING events from decorations provider vscode.git 529
[2021-01-22 15:08:49.808] [exthost] [warning] [Decorations] CAPPING events from decorations provider vscode.git 529
[2021-01-22 15:08:54.923] [exthost] [warning] [Decorations] CAPPING events from decorations provider vscode.git 529
[2021-01-22 15:09:00.020] [exthost] [warning] [Decorations] CAPPING events from decorations provider vscode.git 529
[2021-01-22 15:09:05.115] [exthost] [warning] [Decorations] CAPPING events from decorations provider vscode.git 529
[2021-01-22 15:09:10.209] [exthost] [warning] [Decorations] CAPPING events from decorations provider vscode.git 529
[2021-01-22 15:09:15.303] [exthost] [warning] [Decorations] CAPPING events from decorations provider vscode.git 529
[2021-01-22 15:09:20.400] [exthost] [warning] [Decorations] CAPPING events from decorations provider vscode.git 529
[2021-01-22 15:09:25.496] [exthost] [warning] [Decorations] CAPPING events from decorations provider vscode.git 529
[2021-01-22 15:09:30.603] [exthost] [warning] [Decorations] CAPPING events from decorations provider vscode.git 529
[2021-01-22 15:09:35.712] [exthost] [warning] [Decorations] CAPPING events from decorations provider vscode.git 529
[2021-01-22 15:09:40.829] [exthost] [warning] [Decorations] CAPPING events from decorations provider vscode.git 529
[2021-01-22 15:10:34.365] [exthost] [warning] [Decorations] CAPPING events from decorations provider vscode.git 529
[2021-01-22 15:10:35.667] [exthost] [warning] [Decorations] CAPPING events from decorations provider vscode.git 529
[2021-01-22 15:11:56.737] [exthost] [warning] [Decorations] CAPPING events from decorations provider vscode.git 529
[2021-01-22 15:17:08.865] [exthost] [warning] [Decorations] CAPPING events from decorations provider vscode.git 529
[2021-01-22 15:17:09.887] [exthost] [warning] [Decorations] CAPPING events from decorations provider vscode.git 529
[2021-01-22 15:17:13.976] [exthost] [warning] [Decorations] CAPPING events from decorations provider vscode.git 529
[2021-01-22 15:17:19.097] [exthost] [warning] [Decorations] CAPPING events from decorations provider vscode.git 529
[2021-01-22 15:17:24.206] [exthost] [warning] [Decorations] CAPPING events from decorations provider vscode.git 529
[2021-01-22 15:17:29.307] [exthost] [warning] [Decorations] CAPPING events from decorations provider vscode.git 529
[2021-01-22 15:17:34.408] [exthost] [warning] [Decorations] CAPPING events from decorations provider vscode.git 529
[2021-01-22 15:17:39.508] [exthost] [warning] [Decorations] CAPPING events from decorations provider vscode.git 529
[2021-01-22 15:17:44.614] [exthost] [warning] [Decorations] CAPPING events from decorations provider vscode.git 529
[2021-01-22 15:17:49.718] [exthost] [warning] [Decorations] CAPPING events from decorations provider vscode.git 529
[2021-01-22 15:17:54.824] [exthost] [warning] [Decorations] CAPPING events from decorations provider vscode.git 529
[2021-01-22 15:17:59.926] [exthost] [warning] [Decorations] CAPPING events from decorations provider vscode.git 529
[2021-01-22 15:18:05.031] [exthost] [warning] [Decorations] CAPPING events from decorations provider vscode.git 529
[2021-01-22 15:18:10.144] [exthost] [warning] [Decorations] CAPPING events from decorations provider vscode.git 529
[2021-01-22 15:18:15.248] [exthost] [warning] [Decorations] CAPPING events from decorations provider vscode.git 529
[2021-01-22 15:18:20.357] [exthost] [warning] [Decorations] CAPPING events from decorations provider vscode.git 529
[2021-01-22 15:18:25.459] [exthost] [warning] [Decorations] CAPPING events from decorations provider vscode.git 529
[2021-01-22 15:18:30.563] [exthost] [warning] [Decorations] CAPPING events from decorations provider vscode.git 529
[2021-01-22 15:18:35.666] [exthost] [warning] [Decorations] CAPPING events from decorations provider vscode.git 529
[2021-01-22 15:18:40.769] [exthost] [warning] [Decorations] CAPPING events from decorations provider vscode.git 529
[2021-01-22 15:18:45.899] [exthost] [warning] [Decorations] CAPPING events from decorations provider vscode.git 529
[2021-01-22 15:18:51.007] [exthost] [warning] [Decorations] CAPPING events from decorations provider vscode.git 529
[2021-01-22 15:18:56.120] [exthost] [warning] [Decorations] CAPPING events from decorations provider vscode.git 529
[2021-01-22 15:19:01.227] [exthost] [warning] [Decorations] CAPPING events from decorations provider vscode.git 529
[2021-01-22 15:19:06.329] [exthost] [warning] [Decorations] CAPPING events from decorations provider vscode.git 529
[2021-01-22 15:19:11.433] [exthost] [warning] [Decorations] CAPPING events from decorations provider vscode.git 529
[2021-01-22 15:19:16.536] [exthost] [warning] [Decorations] CAPPING events from decorations provider vscode.git 529
[2021-01-22 15:19:21.637] [exthost] [warning] [Decorations] CAPPING events from decorations provider vscode.git 529
[2021-01-22 15:19:26.750] [exthost] [warning] [Decorations] CAPPING events from decorations provider vscode.git 529
[2021-01-22 15:19:31.852] [exthost] [warning] [Decorations] CAPPING events from decorations provider vscode.git 529
[2021-01-22 15:19:36.955] [exthost] [warning] [Decorations] CAPPING events from decorations provider vscode.git 529
[2021-01-22 15:19:42.063] [exthost] [warning] [Decorations] CAPPING events from decorations provider vscode.git 529
[2021-01-22 15:19:47.192] [exthost] [warning] [Decorations] CAPPING events from decorations provider vscode.git 529
[2021-01-22 15:20:09.682] [exthost] [warning] [Decorations] CAPPING events from decorations provider vscode.git 529
[2021-01-22 15:20:11.287] [exthost] [warning] [Decorations] CAPPING events from decorations provider vscode.git 529
[2021-01-22 15:20:20.894] [exthost] [warning] [Decorations] CAPPING events from decorations provider vscode.git 529
[2021-01-22 15:20:26.778] [exthost] [warning] [Decorations] CAPPING events from decorations provider vscode.git 529
[2021-01-22 15:20:31.880] [exthost] [warning] [Decorations] CAPPING events from decorations provider vscode.git 529
[2021-01-22 15:42:23.499] [exthost] [warning] [Decorations] CAPPING events from decorations provider vscode.git 529
[2021-01-22 15:42:24.436] [exthost] [warning] [Decorations] CAPPING events from decorations provider vscode.git 529
[2021-01-22 15:42:28.607] [exthost] [warning] [Decorations] CAPPING events from decorations provider vscode.git 529
[2021-01-22 15:42:33.714] [exthost] [warning] [Decorations] CAPPING events from decorations provider vscode.git 529
[2021-01-22 15:42:38.821] [exthost] [warning] [Decorations] CAPPING events from decorations provider vscode.git 529
[2021-01-22 15:42:43.935] [exthost] [warning] [Decorations] CAPPING events from decorations provider vscode.git 529
[2021-01-22 15:42:49.061] [exthost] [warning] [Decorations] CAPPING events from decorations provider vscode.git 529
[2021-01-22 15:42:54.170] [exthost] [warning] [Decorations] CAPPING events from decorations provider vscode.git 529
[2021-01-22 15:42:59.285] [exthost] [warning] [Decorations] CAPPING events from decorations provider vscode.git 529
[2021-01-22 15:43:04.390] [exthost] [warning] [Decorations] CAPPING events from decorations provider vscode.git 529
[2021-01-22 15:43:09.494] [exthost] [warning] [Decorations] CAPPING events from decorations provider vscode.git 529
[2021-01-22 15:43:14.601] [exthost] [warning] [Decorations] CAPPING events from decorations provider vscode.git 529
[2021-01-22 15:43:19.718] [exthost] [warning] [Decorations] CAPPING events from decorations provider vscode.git 529
[2021-01-22 15:43:24.829] [exthost] [warning] [Decorations] CAPPING events from decorations provider vscode.git 529
[2021-01-22 15:43:29.932] [exthost] [warning] [Decorations] CAPPING events from decorations provider vscode.git 529
[2021-01-22 15:43:35.044] [exthost] [warning] [Decorations] CAPPING events from decorations provider vscode.git 529
[2021-01-22 15:43:40.158] [exthost] [warning] [Decorations] CAPPING events from decorations provider vscode.git 529
[2021-01-22 15:43:45.266] [exthost] [warning] [Decorations] CAPPING events from decorations provider vscode.git 529
[2021-01-22 15:43:50.398] [exthost] [warning] [Decorations] CAPPING events from decorations provider vscode.git 529
[2021-01-22 15:43:55.505] [exthost] [warning] [Decorations] CAPPING events from decorations provider vscode.git 529
[2021-01-22 15:44:00.610] [exthost] [warning] [Decorations] CAPPING events from decorations provider vscode.git 529
[2021-01-22 15:44:05.717] [exthost] [warning] [Decorations] CAPPING events from decorations provider vscode.git 529
[2021-01-22 15:44:10.822] [exthost] [warning] [Decorations] CAPPING events from decorations provider vscode.git 529
[2021-01-22 15:44:15.931] [exthost] [warning] [Decorations] CAPPING events from decorations provider vscode.git 529
[2021-01-22 15:44:21.038] [exthost] [warning] [Decorations] CAPPING events from decorations provider vscode.git 529
[2021-01-22 15:44:26.155] [exthost] [warning] [Decorations] CAPPING events from decorations provider vscode.git 529
[2021-01-22 15:44:31.265] [exthost] [warning] [Decorations] CAPPING events from decorations provider vscode.git 529
[2021-01-22 15:44:36.374] [exthost] [warning] [Decorations] CAPPING events from decorations provider vscode.git 529
[2021-01-22 15:44:41.479] [exthost] [warning] [Decorations] CAPPING events from decorations provider vscode.git 529
[2021-01-22 15:44:46.583] [exthost] [warning] [Decorations] CAPPING events from decorations provider vscode.git 529
[2021-01-22 15:44:51.688] [exthost] [warning] [Decorations] CAPPING events from decorations provider vscode.git 529
[2021-01-22 15:44:56.799] [exthost] [warning] [Decorations] CAPPING events from decorations provider vscode.git 529
[2021-01-22 15:45:01.905] [exthost] [warning] [Decorations] CAPPING events from decorations provider vscode.git 529
[2021-01-22 15:45:07.014] [exthost] [warning] [Decorations] CAPPING events from decorations provider vscode.git 529
[2021-01-22 15:45:12.121] [exthost] [warning] [Decorations] CAPPING events from decorations provider vscode.git 529
[2021-01-22 15:45:17.240] [exthost] [warning] [Decorations] CAPPING events from decorations provider vscode.git 529
[2021-01-22 15:45:22.348] [exthost] [warning] [Decorations] CAPPING events from decorations provider vscode.git 529
[2021-01-22 15:45:25.985] [exthost] [warning] [Decorations] CAPPING events from decorations provider vscode.git 529
[2021-01-22 15:45:27.464] [exthost] [warning] [Decorations] CAPPING events from decorations provider vscode.git 529
[2021-01-22 15:45:32.572] [exthost] [warning] [Decorations] CAPPING events from decorations provider vscode.git 529
[2021-01-22 15:45:37.677] [exthost] [warning] [Decorations] CAPPING events from decorations provider vscode.git 529
[2021-01-22 15:45:42.782] [exthost] [warning] [Decorations] CAPPING events from decorations provider vscode.git 529
[2021-01-22 15:45:47.915] [exthost] [warning] [Decorations] CAPPING events from decorations provider vscode.git 529
[2021-01-22 15:45:53.020] [exthost] [warning] [Decorations] CAPPING events from decorations provider vscode.git 529
[2021-01-22 15:45:58.125] [exthost] [warning] [Decorations] CAPPING events from decorations provider vscode.git 529
[2021-01-22 15:46:03.231] [exthost] [warning] [Decorations] CAPPING events from decorations provider vscode.git 529
[2021-01-22 15:46:08.342] [exthost] [warning] [Decorations] CAPPING events from decorations provider vscode.git 529
[2021-01-22 15:46:13.462] [exthost] [warning] [Decorations] CAPPING events from decorations provider vscode.git 529
[2021-01-22 15:46:18.569] [exthost] [warning] [Decorations] CAPPING events from decorations provider vscode.git 529
[2021-01-22 15:46:23.678] [exthost] [warning] [Decorations] CAPPING events from decorations provider vscode.git 529
[2021-01-22 15:46:28.810] [exthost] [warning] [Decorations] CAPPING events from decorations provider vscode.git 529
[2021-01-22 15:46:33.918] [exthost] [warning] [Decorations] CAPPING events from decorations provider vscode.git 529
[2021-01-22 15:46:39.026] [exthost] [warning] [Decorations] CAPPING events from decorations provider vscode.git 529
[2021-01-22 15:46:44.130] [exthost] [warning] [Decorations] CAPPING events from decorations provider vscode.git 529
[2021-01-22 15:46:49.236] [exthost] [warning] [Decorations] CAPPING events from decorations provider vscode.git 529
[2021-01-22 15:46:54.346] [exthost] [warning] [Decorations] CAPPING events from decorations provider vscode.git 529
[2021-01-22 15:46:59.459] [exthost] [warning] [Decorations] CAPPING events from decorations provider vscode.git 529
[2021-01-22 15:47:04.566] [exthost] [warning] [Decorations] CAPPING events from decorations provider vscode.git 529
[2021-01-22 15:47:09.671] [exthost] [warning] [Decorations] CAPPING events from decorations provider vscode.git 529
[2021-01-22 15:47:14.783] [exthost] [warning] [Decorations] CAPPING events from decorations provider vscode.git 529
[2021-01-22 15:47:19.890] [exthost] [warning] [Decorations] CAPPING events from decorations provider vscode.git 529
[2021-01-22 15:47:24.995] [exthost] [warning] [Decorations] CAPPING events from decorations provider vscode.git 529
[2021-01-22 15:47:30.102] [exthost] [warning] [Decorations] CAPPING events from decorations provider vscode.git 529
[2021-01-22 15:47:35.210] [exthost] [warning] [Decorations] CAPPING events from decorations provider vscode.git 529
[2021-01-22 15:47:40.316] [exthost] [warning] [Decorations] CAPPING events from decorations provider vscode.git 529
[2021-01-22 15:47:45.438] [exthost] [warning] [Decorations] CAPPING events from decorations provider vscode.git 529
[2021-01-22 15:47:50.562] [exthost] [warning] [Decorations] CAPPING events from decorations provider vscode.git 529
[2021-01-22 15:47:55.674] [exthost] [warning] [Decorations] CAPPING events from decorations provider vscode.git 529
[2021-01-22 15:48:00.784] [exthost] [warning] [Decorations] CAPPING events from decorations provider vscode.git 529
[2021-01-22 15:48:05.889] [exthost] [warning] [Decorations] CAPPING events from decorations provider vscode.git 529
[2021-01-22 15:48:10.995] [exthost] [warning] [Decorations] CAPPING events from decorations provider vscode.git 529
[2021-01-22 15:48:16.102] [exthost] [warning] [Decorations] CAPPING events from decorations provider vscode.git 529
[2021-01-22 15:48:21.210] [exthost] [warning] [Decorations] CAPPING events from decorations provider vscode.git 529
[2021-01-22 15:48:36.186] [exthost] [warning] [Decorations] CAPPING events from decorations provider vscode.git 529
[2021-01-22 15:48:41.299] [exthost] [warning] [Decorations] CAPPING events from decorations provider vscode.git 529
[2021-01-22 15:48:46.404] [exthost] [warning] [Decorations] CAPPING events from decorations provider vscode.git 529
[2021-01-22 15:48:51.508] [exthost] [warning] [Decorations] CAPPING events from decorations provider vscode.git 529
[2021-01-22 15:48:56.615] [exthost] [warning] [Decorations] CAPPING events from decorations provider vscode.git 529
[2021-01-22 15:49:01.725] [exthost] [warning] [Decorations] CAPPING events from decorations provider vscode.git 529
[2021-01-22 15:49:06.828] [exthost] [warning] [Decorations] CAPPING events from decorations provider vscode.git 529
[2021-01-22 15:49:11.939] [exthost] [warning] [Decorations] CAPPING events from decorations provider vscode.git 529
[2021-01-22 15:49:17.043] [exthost] [warning] [Decorations] CAPPING events from decorations provider vscode.git 529
[2021-01-22 15:49:22.152] [exthost] [warning] [Decorations] CAPPING events from decorations provider vscode.git 529
[2021-01-22 15:49:27.259] [exthost] [warning] [Decorations] CAPPING events from decorations provider vscode.git 529
[2021-01-22 15:49:32.374] [exthost] [warning] [Decorations] CAPPING events from decorations provider vscode.git 529
[2021-01-22 15:49:37.482] [exthost] [warning] [Decorations] CAPPING events from decorations provider vscode.git 529
[2021-01-22 15:49:42.589] [exthost] [warning] [Decorations] CAPPING events from decorations provider vscode.git 529
[2021-01-22 15:49:47.702] [exthost] [warning] [Decorations] CAPPING events from decorations provider vscode.git 529
[2021-01-22 15:49:52.813] [exthost] [warning] [Decorations] CAPPING events from decorations provider vscode.git 529
[2021-01-22 15:49:57.924] [exthost] [warning] [Decorations] CAPPING events from decorations provider vscode.git 529
[2021-01-22 15:50:03.029] [exthost] [warning] [Decorations] CAPPING events from decorations provider vscode.git 529
[2021-01-22 15:50:08.132] [exthost] [warning] [Decorations] CAPPING events from decorations provider vscode.git 529
[2021-01-22 15:50:13.238] [exthost] [warning] [Decorations] CAPPING events from decorations provider vscode.git 529
[2021-01-22 15:50:18.343] [exthost] [warning] [Decorations] CAPPING events from decorations provider vscode.git 529
[2021-01-22 15:50:23.453] [exthost] [warning] [Decorations] CAPPING events from decorations provider vscode.git 529
[2021-01-22 15:50:28.559] [exthost] [warning] [Decorations] CAPPING events from decorations provider vscode.git 529
[2021-01-22 15:50:33.668] [exthost] [warning] [Decorations] CAPPING events from decorations provider vscode.git 529
[2021-01-22 15:50:38.781] [exthost] [warning] [Decorations] CAPPING events from decorations provider vscode.git 529
[2021-01-22 15:50:43.892] [exthost] [warning] [Decorations] CAPPING events from decorations provider vscode.git 529
[2021-01-22 15:50:48.998] [exthost] [warning] [Decorations] CAPPING events from decorations provider vscode.git 529
[2021-01-22 15:50:54.106] [exthost] [warning] [Decorations] CAPPING events from decorations provider vscode.git 529
[2021-01-22 15:50:59.213] [exthost] [warning] [Decorations] CAPPING events from decorations provider vscode.git 529
[2021-01-22 15:51:04.319] [exthost] [warning] [Decorations] CAPPING events from decorations provider vscode.git 529
[2021-01-22 15:51:09.427] [exthost] [warning] [Decorations] CAPPING events from decorations provider vscode.git 529
[2021-01-22 15:51:14.531] [exthost] [warning] [Decorations] CAPPING events from decorations provider vscode.git 529
[2021-01-22 15:51:19.639] [exthost] [warning] [Decorations] CAPPING events from decorations provider vscode.git 529
[2021-01-22 15:51:24.745] [exthost] [warning] [Decorations] CAPPING events from decorations provider vscode.git 529
[2021-01-22 15:51:29.858] [exthost] [warning] [Decorations] CAPPING events from decorations provider vscode.git 529
[2021-01-22 15:51:34.966] [exthost] [warning] [Decorations] CAPPING events from decorations provider vscode.git 529
[2021-01-22 15:51:46.218] [exthost] [warning] [Decorations] CAPPING events from decorations provider vscode.git 529
[2021-01-22 15:51:51.325] [exthost] [warning] [Decorations] CAPPING events from decorations provider vscode.git 529
[2021-01-22 15:51:56.434] [exthost] [warning] [Decorations] CAPPING events from decorations provider vscode.git 529
[2021-01-22 15:52:01.570] [exthost] [warning] [Decorations] CAPPING events from decorations provider vscode.git 529
[2021-01-22 15:52:06.685] [exthost] [warning] [Decorations] CAPPING events from decorations provider vscode.git 529
[2021-01-22 15:52:11.793] [exthost] [warning] [Decorations] CAPPING events from decorations provider vscode.git 529
[2021-01-22 15:52:16.903] [exthost] [warning] [Decorations] CAPPING events from decorations provider vscode.git 529
[2021-01-22 15:52:22.018] [exthost] [warning] [Decorations] CAPPING events from decorations provider vscode.git 529
[2021-01-22 15:52:27.126] [exthost] [warning] [Decorations] CAPPING events from decorations provider vscode.git 529
[2021-01-22 15:52:32.233] [exthost] [warning] [Decorations] CAPPING events from decorations provider vscode.git 529
[2021-01-22 15:52:37.338] [exthost] [warning] [Decorations] CAPPING events from decorations provider vscode.git 529
[2021-01-22 15:52:42.451] [exthost] [warning] [Decorations] CAPPING events from decorations provider vscode.git 529
[2021-01-22 15:52:47.613] [exthost] [warning] [Decorations] CAPPING events from decorations provider vscode.git 529
[2021-01-22 15:52:52.744] [exthost] [warning] [Decorations] CAPPING events from decorations provider vscode.git 529
[2021-01-22 15:52:57.860] [exthost] [warning] [Decorations] CAPPING events from decorations provider vscode.git 529
[2021-01-22 15:53:02.981] [exthost] [warning] [Decorations] CAPPING events from decorations provider vscode.git 529
[2021-01-22 15:53:08.103] [exthost] [warning] [Decorations] CAPPING events from decorations provider vscode.git 529
[2021-01-22 15:53:13.212] [exthost] [warning] [Decorations] CAPPING events from decorations provider vscode.git 529
[2021-01-22 16:34:18.930] [exthost] [warning] [Decorations] CAPPING events from decorations provider vscode.git 529
[2021-01-22 16:34:20.044] [exthost] [warning] [Decorations] CAPPING events from decorations provider vscode.git 529
[2021-01-22 16:46:14.114] [exthost] [warning] [Decorations] CAPPING events from decorations provider vscode.git 529
[2021-01-22 16:46:15.210] [exthost] [warning] [Decorations] CAPPING events from decorations provider vscode.git 529
[2021-01-22 16:46:19.231] [exthost] [warning] [Decorations] CAPPING events from decorations provider vscode.git 529
[2021-01-22 16:46:24.340] [exthost] [warning] [Decorations] CAPPING events from decorations provider vscode.git 529
[2021-01-22 16:46:29.453] [exthost] [warning] [Decorations] CAPPING events from decorations provider vscode.git 529
[2021-01-22 16:46:34.565] [exthost] [warning] [Decorations] CAPPING events from decorations provider vscode.git 529
[2021-01-22 16:46:39.671] [exthost] [warning] [Decorations] CAPPING events from decorations provider vscode.git 529
[2021-01-22 16:46:44.774] [exthost] [warning] [Decorations] CAPPING events from decorations provider vscode.git 529
[2021-01-22 16:46:49.879] [exthost] [warning] [Decorations] CAPPING events from decorations provider vscode.git 529
[2021-01-22 16:46:54.999] [exthost] [warning] [Decorations] CAPPING events from decorations provider vscode.git 530
[2021-01-22 16:47:00.126] [exthost] [warning] [Decorations] CAPPING events from decorations provider vscode.git 530
[2021-01-22 16:47:05.248] [exthost] [warning] [Decorations] CAPPING events from decorations provider vscode.git 530
[2021-01-22 16:47:10.393] [exthost] [warning] [Decorations] CAPPING events from decorations provider vscode.git 530
[2021-01-22 16:47:15.519] [exthost] [warning] [Decorations] CAPPING events from decorations provider vscode.git 530
[2021-01-22 16:47:20.642] [exthost] [warning] [Decorations] CAPPING events from decorations provider vscode.git 530
[2021-01-22 16:47:25.758] [exthost] [warning] [Decorations] CAPPING events from decorations provider vscode.git 530
[2021-01-22 16:47:30.892] [exthost] [warning] [Decorations] CAPPING events from decorations provider vscode.git 530
[2021-01-22 16:47:36.026] [exthost] [warning] [Decorations] CAPPING events from decorations provider vscode.git 530
[2021-01-22 16:47:41.147] [exthost] [warning] [Decorations] CAPPING events from decorations provider vscode.git 530
[2021-01-22 16:47:46.267] [exthost] [warning] [Decorations] CAPPING events from decorations provider vscode.git 530
[2021-01-22 16:47:51.393] [exthost] [warning] [Decorations] CAPPING events from decorations provider vscode.git 530
[2021-01-22 16:47:56.514] [exthost] [warning] [Decorations] CAPPING events from decorations provider vscode.git 530
[2021-01-22 16:48:01.638] [exthost] [warning] [Decorations] CAPPING events from decorations provider vscode.git 530
[2021-01-22 16:48:06.763] [exthost] [warning] [Decorations] CAPPING events from decorations provider vscode.git 530
[2021-01-22 16:48:11.881] [exthost] [warning] [Decorations] CAPPING events from decorations provider vscode.git 530
[2021-01-22 16:48:16.998] [exthost] [warning] [Decorations] CAPPING events from decorations provider vscode.git 530
[2021-01-22 16:48:22.116] [exthost] [warning] [Decorations] CAPPING events from decorations provider vscode.git 530
[2021-01-22 16:48:27.244] [exthost] [warning] [Decorations] CAPPING events from decorations provider vscode.git 530
[2021-01-22 16:48:32.364] [exthost] [warning] [Decorations] CAPPING events from decorations provider vscode.git 530
[2021-01-22 16:48:37.485] [exthost] [warning] [Decorations] CAPPING events from decorations provider vscode.git 530
[2021-01-22 16:48:42.601] [exthost] [warning] [Decorations] CAPPING events from decorations provider vscode.git 530
[2021-01-22 16:48:47.718] [exthost] [warning] [Decorations] CAPPING events from decorations provider vscode.git 530
[2021-01-22 16:48:52.837] [exthost] [warning] [Decorations] CAPPING events from decorations provider vscode.git 530
[2021-01-22 16:48:57.964] [exthost] [warning] [Decorations] CAPPING events from decorations provider vscode.git 530
[2021-01-22 16:49:03.101] [exthost] [warning] [Decorations] CAPPING events from decorations provider vscode.git 530
[2021-01-22 16:49:08.264] [exthost] [warning] [Decorations] CAPPING events from decorations provider vscode.git 530
[2021-01-22 16:49:11.380] [exthost] [error] {"message":"Git error","stdout":"","stderr":"fatal: Pathspec '/home/soic/moxa-gpio-control/autom4te.cache' is in submodule 'moxa-gpio-control'\n","exitCode":128,"gitErrorCode":"IsInSubmodule"}
[2021-01-22 16:49:11.380] [exthost] [error] {"message":"Git error","stdout":"","stderr":"fatal: Pathspec '/home/soic/moxa-gpio-control/autom4te.cache' is in submodule 'moxa-gpio-control'\n","exitCode":128,"gitErrorCode":"IsInSubmodule"}
[2021-01-22 16:49:11.381] [exthost] [error] {"message":"Git error","stdout":"","stderr":"fatal: Pathspec '/home/soic/moxa-gpio-control/autom4te.cache' is in submodule 'moxa-gpio-control'\n","exitCode":128,"gitErrorCode":"IsInSubmodule"}
[2021-01-22 16:49:11.381] [exthost] [error] {"message":"Git error","stdout":"","stderr":"fatal: Pathspec '/home/soic/moxa-gpio-control/autom4te.cache' is in submodule 'moxa-gpio-control'\n","exitCode":128,"gitErrorCode":"IsInSubmodule"}
[2021-01-22 16:49:11.381] [exthost] [error] {"message":"Git error","stdout":"","stderr":"fatal: Pathspec '/home/soic/moxa-gpio-control/autom4te.cache' is in submodule 'moxa-gpio-control'\n","exitCode":128,"gitErrorCode":"IsInSubmodule"}
[2021-01-22 16:49:11.381] [exthost] [error] {"message":"Git error","stdout":"","stderr":"fatal: Pathspec '/home/soic/moxa-gpio-control/autom4te.cache' is in submodule 'moxa-gpio-control'\n","exitCode":128,"gitErrorCode":"IsInSubmodule"}
[2021-01-22 16:49:11.381] [exthost] [error] {"message":"Git error","stdout":"","stderr":"fatal: Pathspec '/home/soic/moxa-gpio-control/autom4te.cache' is in submodule 'moxa-gpio-control'\n","exitCode":128,"gitErrorCode":"IsInSubmodule"}
[2021-01-22 16:49:11.381] [exthost] [error] {"message":"Git error","stdout":"","stderr":"fatal: Pathspec '/home/soic/moxa-gpio-control/autom4te.cache' is in submodule 'moxa-gpio-control'\n","exitCode":128,"gitErrorCode":"IsInSubmodule"}
[2021-01-22 16:49:11.381] [exthost] [error] {"message":"Git error","stdout":"","stderr":"fatal: Pathspec '/home/soic/moxa-gpio-control/autom4te.cache' is in submodule 'moxa-gpio-control'\n","exitCode":128,"gitErrorCode":"IsInSubmodule"}
[2021-01-22 16:49:11.381] [exthost] [error] {"message":"Git error","stdout":"","stderr":"fatal: Pathspec '/home/soic/moxa-gpio-control/autom4te.cache' is in submodule 'moxa-gpio-control'\n","exitCode":128,"gitErrorCode":"IsInSubmodule"}
[2021-01-22 16:49:11.381] [exthost] [error] {"message":"Git error","stdout":"","stderr":"fatal: Pathspec '/home/soic/moxa-gpio-control/autom4te.cache' is in submodule 'moxa-gpio-control'\n","exitCode":128,"gitErrorCode":"IsInSubmodule"}
[2021-01-22 16:49:11.381] [exthost] [error] {"message":"Git error","stdout":"","stderr":"fatal: Pathspec '/home/soic/moxa-gpio-control/autom4te.cache' is in submodule 'moxa-gpio-control'\n","exitCode":128,"gitErrorCode":"IsInSubmodule"}
[2021-01-22 16:49:11.381] [exthost] [error] {"message":"Git error","stdout":"","stderr":"fatal: Pathspec '/home/soic/moxa-gpio-control/autom4te.cache' is in submodule 'moxa-gpio-control'\n","exitCode":128,"gitErrorCode":"IsInSubmodule"}
[2021-01-22 16:49:11.381] [exthost] [error] {"message":"Git error","stdout":"","stderr":"fatal: Pathspec '/home/soic/moxa-gpio-control/autom4te.cache' is in submodule 'moxa-gpio-control'\n","exitCode":128,"gitErrorCode":"IsInSubmodule"}
[2021-01-22 16:49:11.381] [exthost] [error] {"message":"Git error","stdout":"","stderr":"fatal: Pathspec '/home/soic/moxa-gpio-control/autom4te.cache' is in submodule 'moxa-gpio-control'\n","exitCode":128,"gitErrorCode":"IsInSubmodule"}
[2021-01-22 16:49:11.381] [exthost] [error] {"message":"Git error","stdout":"","stderr":"fatal: Pathspec '/home/soic/moxa-gpio-control/autom4te.cache' is in submodule 'moxa-gpio-control'\n","exitCode":128,"gitErrorCode":"IsInSubmodule"}
[2021-01-22 16:49:11.381] [exthost] [error] {"message":"Git error","stdout":"","stderr":"fatal: Pathspec '/home/soic/moxa-gpio-control/autom4te.cache' is in submodule 'moxa-gpio-control'\n","exitCode":128,"gitErrorCode":"IsInSubmodule"}
[2021-01-22 16:49:11.381] [exthost] [error] {"message":"Git error","stdout":"","stderr":"fatal: Pathspec '/home/soic/moxa-gpio-control/autom4te.cache' is in submodule 'moxa-gpio-control'\n","exitCode":128,"gitErrorCode":"IsInSubmodule"}
[2021-01-22 16:49:11.381] [exthost] [error] {"message":"Git error","stdout":"","stderr":"fatal: Pathspec '/home/soic/moxa-gpio-control/autom4te.cache' is in submodule 'moxa-gpio-control'\n","exitCode":128,"gitErrorCode":"IsInSubmodule"}
[2021-01-22 16:49:11.381] [exthost] [error] {"message":"Git error","stdout":"","stderr":"fatal: Pathspec '/home/soic/moxa-gpio-control/autom4te.cache' is in submodule 'moxa-gpio-control'\n","exitCode":128,"gitErrorCode":"IsInSubmodule"}
[2021-01-22 16:49:11.381] [exthost] [error] {"message":"Git error","stdout":"","stderr":"fatal: Pathspec '/home/soic/moxa-gpio-control/autom4te.cache' is in submodule 'moxa-gpio-control'\n","exitCode":128,"gitErrorCode":"IsInSubmodule"}
[2021-01-22 16:49:11.381] [exthost] [error] {"message":"Git error","stdout":"","stderr":"fatal: Pathspec '/home/soic/moxa-gpio-control/autom4te.cache' is in submodule 'moxa-gpio-control'\n","exitCode":128,"gitErrorCode":"IsInSubmodule"}
[2021-01-22 16:49:11.381] [exthost] [error] {"message":"Git error","stdout":"","stderr":"fatal: Pathspec '/home/soic/moxa-gpio-control/autom4te.cache' is in submodule 'moxa-gpio-control'\n","exitCode":128,"gitErrorCode":"IsInSubmodule"}
[2021-01-22 16:49:11.381] [exthost] [error] {"message":"Git error","stdout":"","stderr":"fatal: Pathspec '/home/soic/moxa-gpio-control/autom4te.cache' is in submodule 'moxa-gpio-control'\n","exitCode":128,"gitErrorCode":"IsInSubmodule"}
[2021-01-22 16:49:11.381] [exthost] [error] {"message":"Git error","stdout":"","stderr":"fatal: Pathspec '/home/soic/moxa-gpio-control/autom4te.cache' is in submodule 'moxa-gpio-control'\n","exitCode":128,"gitErrorCode":"IsInSubmodule"}
[2021-01-22 16:49:11.381] [exthost] [error] {"message":"Git error","stdout":"","stderr":"fatal: Pathspec '/home/soic/moxa-gpio-control/autom4te.cache' is in submodule 'moxa-gpio-control'\n","exitCode":128,"gitErrorCode":"IsInSubmodule"}
[2021-01-22 16:49:13.433] [exthost] [warning] [Decorations] CAPPING events from decorations provider vscode.git 530
[2021-01-22 16:49:14.887] [exthost] [error] {"message":"Git error","stdout":"","stderr":"fatal: Pathspec '/home/soic/moxa-gpio-control/example/gpio-test.c' is in submodule 'moxa-gpio-control'\n","exitCode":128,"gitErrorCode":"IsInSubmodule"}
[2021-01-22 16:49:14.887] [exthost] [error] {"message":"Git error","stdout":"","stderr":"fatal: Pathspec '/home/soic/moxa-gpio-control/example/gpio-test.c' is in submodule 'moxa-gpio-control'\n","exitCode":128,"gitErrorCode":"IsInSubmodule"}
[2021-01-22 16:49:14.887] [exthost] [error] {"message":"Git error","stdout":"","stderr":"fatal: Pathspec '/home/soic/moxa-gpio-control/example/gpio-test.c' is in submodule 'moxa-gpio-control'\n","exitCode":128,"gitErrorCode":"IsInSubmodule"}
[2021-01-22 16:49:16.337] [exthost] [warning] [Decorations] CAPPING events from decorations provider vscode.git 530
[2021-01-22 16:49:18.566] [exthost] [warning] [Decorations] CAPPING events from decorations provider vscode.git 530
[2021-01-22 16:49:23.684] [exthost] [warning] [Decorations] CAPPING events from decorations provider vscode.git 530
[2021-01-22 16:49:28.834] [exthost] [warning] [Decorations] CAPPING events from decorations provider vscode.git 530
[2021-01-22 16:49:33.973] [exthost] [warning] [Decorations] CAPPING events from decorations provider vscode.git 534
[2021-01-22 16:49:39.096] [exthost] [warning] [Decorations] CAPPING events from decorations provider vscode.git 534
[2021-01-22 16:49:44.263] [exthost] [warning] [Decorations] CAPPING events from decorations provider vscode.git 534
[2021-01-22 16:49:49.392] [exthost] [warning] [Decorations] CAPPING events from decorations provider vscode.git 534
[2021-01-22 16:49:54.508] [exthost] [warning] [Decorations] CAPPING events from decorations provider vscode.git 534
[2021-01-22 16:49:59.632] [exthost] [warning] [Decorations] CAPPING events from decorations provider vscode.git 534
[2021-01-22 16:50:04.766] [exthost] [warning] [Decorations] CAPPING events from decorations provider vscode.git 535
[2021-01-22 16:50:09.904] [exthost] [warning] [Decorations] CAPPING events from decorations provider vscode.git 535
[2021-01-22 16:50:15.039] [exthost] [warning] [Decorations] CAPPING events from decorations provider vscode.git 535
[2021-01-22 16:50:20.175] [exthost] [warning] [Decorations] CAPPING events from decorations provider vscode.git 535
[2021-01-22 16:50:25.324] [exthost] [warning] [Decorations] CAPPING events from decorations provider vscode.git 535
[2021-01-22 16:50:30.454] [exthost] [warning] [Decorations] CAPPING events from decorations provider vscode.git 535
[2021-01-22 16:50:35.591] [exthost] [warning] [Decorations] CAPPING events from decorations provider vscode.git 535
[2021-01-22 16:50:40.730] [exthost] [warning] [Decorations] CAPPING events from decorations provider vscode.git 535
[2021-01-22 16:50:45.865] [exthost] [warning] [Decorations] CAPPING events from decorations provider vscode.git 535
[2021-01-22 16:50:50.997] [exthost] [warning] [Decorations] CAPPING events from decorations provider vscode.git 535
[2021-01-22 16:50:56.133] [exthost] [warning] [Decorations] CAPPING events from decorations provider vscode.git 535
[2021-01-22 16:51:01.271] [exthost] [warning] [Decorations] CAPPING events from decorations provider vscode.git 535
[2021-01-22 16:51:06.418] [exthost] [warning] [Decorations] CAPPING events from decorations provider vscode.git 535
[2021-01-22 16:51:11.551] [exthost] [warning] [Decorations] CAPPING events from decorations provider vscode.git 535
[2021-01-22 16:51:16.685] [exthost] [warning] [Decorations] CAPPING events from decorations provider vscode.git 535
[2021-01-22 16:51:21.827] [exthost] [warning] [Decorations] CAPPING events from decorations provider vscode.git 535
[2021-01-22 16:51:26.980] [exthost] [warning] [Decorations] CAPPING events from decorations provider vscode.git 535
[2021-01-22 16:51:32.113] [exthost] [warning] [Decorations] CAPPING events from decorations provider vscode.git 535
[2021-01-22 16:51:37.254] [exthost] [warning] [Decorations] CAPPING events from decorations provider vscode.git 535
[2021-01-22 16:51:42.398] [exthost] [warning] [Decorations] CAPPING events from decorations provider vscode.git 535
[2021-01-22 16:51:47.533] [exthost] [warning] [Decorations] CAPPING events from decorations provider vscode.git 535
[2021-01-22 16:51:52.683] [exthost] [warning] [Decorations] CAPPING events from decorations provider vscode.git 535
[2021-01-22 16:51:57.831] [exthost] [warning] [Decorations] CAPPING events from decorations provider vscode.git 535
[2021-01-22 16:52:02.968] [exthost] [warning] [Decorations] CAPPING events from decorations provider vscode.git 535
[2021-01-22 16:52:08.106] [exthost] [warning] [Decorations] CAPPING events from decorations provider vscode.git 535
[2021-01-22 16:52:13.245] [exthost] [warning] [Decorations] CAPPING events from decorations provider vscode.git 535
[2021-01-22 16:52:17.462] [exthost] [warning] [Decorations] CAPPING events from decorations provider vscode.git 535
[2021-01-22 16:52:18.379] [exthost] [warning] [Decorations] CAPPING events from decorations provider vscode.git 535
[2021-01-22 16:52:23.515] [exthost] [warning] [Decorations] CAPPING events from decorations provider vscode.git 535
[2021-01-22 16:52:28.650] [exthost] [warning] [Decorations] CAPPING events from decorations provider vscode.git 535
[2021-01-22 16:52:33.784] [exthost] [warning] [Decorations] CAPPING events from decorations provider vscode.git 535
[2021-01-22 16:52:38.915] [exthost] [warning] [Decorations] CAPPING events from decorations provider vscode.git 535
[2021-01-22 16:52:44.049] [exthost] [warning] [Decorations] CAPPING events from decorations provider vscode.git 535
[2021-01-22 16:52:49.183] [exthost] [warning] [Decorations] CAPPING events from decorations provider vscode.git 535
[2021-01-22 16:52:54.318] [exthost] [warning] [Decorations] CAPPING events from decorations provider vscode.git 535
[2021-01-22 16:52:56.158] [exthost] [error] {"message":"Git error","stdout":"","stderr":"fatal: Pathspec '/home/soic/moxa-uart-control/autom4te.cache/output.0' is in submodule 'moxa-uart-control'\n","exitCode":128,"gitErrorCode":"IsInSubmodule"}
[2021-01-22 16:52:56.158] [exthost] [error] {"message":"Git error","stdout":"","stderr":"fatal: Pathspec '/home/soic/moxa-uart-control/autom4te.cache/output.0' is in submodule 'moxa-uart-control'\n","exitCode":128,"gitErrorCode":"IsInSubmodule"}
[2021-01-22 16:52:56.158] [exthost] [error] {"message":"Git error","stdout":"","stderr":"fatal: Pathspec '/home/soic/moxa-uart-control/autom4te.cache/output.0' is in submodule 'moxa-uart-control'\n","exitCode":128,"gitErrorCode":"IsInSubmodule"}
[2021-01-22 16:52:56.158] [exthost] [error] {"message":"Git error","stdout":"","stderr":"fatal: Pathspec '/home/soic/moxa-uart-control/autom4te.cache/output.0' is in submodule 'moxa-uart-control'\n","exitCode":128,"gitErrorCode":"IsInSubmodule"}
[2021-01-22 16:52:56.158] [exthost] [error] {"message":"Git error","stdout":"","stderr":"fatal: Pathspec '/home/soic/moxa-uart-control/autom4te.cache/output.0' is in submodule 'moxa-uart-control'\n","exitCode":128,"gitErrorCode":"IsInSubmodule"}
[2021-01-22 16:52:56.158] [exthost] [error] {"message":"Git error","stdout":"","stderr":"fatal: Pathspec '/home/soic/moxa-uart-control/autom4te.cache/output.0' is in submodule 'moxa-uart-control'\n","exitCode":128,"gitErrorCode":"IsInSubmodule"}
[2021-01-22 16:52:56.158] [exthost] [error] {"message":"Git error","stdout":"","stderr":"fatal: Pathspec '/home/soic/moxa-uart-control/autom4te.cache/output.0' is in submodule 'moxa-uart-control'\n","exitCode":128,"gitErrorCode":"IsInSubmodule"}
[2021-01-22 16:52:59.459] [exthost] [warning] [Decorations] CAPPING events from decorations provider vscode.git 535
[2021-01-22 16:53:04.591] [exthost] [warning] [Decorations] CAPPING events from decorations provider vscode.git 535
[2021-01-22 16:53:09.754] [exthost] [warning] [Decorations] CAPPING events from decorations provider vscode.git 535
[2021-01-22 16:53:14.923] [exthost] [warning] [Decorations] CAPPING events from decorations provider vscode.git 535
[2021-01-22 16:53:20.059] [exthost] [warning] [Decorations] CAPPING events from decorations provider vscode.git 535
[2021-01-22 16:53:25.201] [exthost] [warning] [Decorations] CAPPING events from decorations provider vscode.git 535
[2021-01-22 16:53:30.332] [exthost] [warning] [Decorations] CAPPING events from decorations provider vscode.git 535
[2021-01-22 16:53:35.461] [exthost] [warning] [Decorations] CAPPING events from decorations provider vscode.git 535
[2021-01-22 16:53:40.600] [exthost] [warning] [Decorations] CAPPING events from decorations provider vscode.git 535
[2021-01-22 16:53:45.737] [exthost] [warning] [Decorations] CAPPING events from decorations provider vscode.git 535
[2021-01-22 16:53:50.872] [exthost] [warning] [Decorations] CAPPING events from decorations provider vscode.git 535
[2021-01-22 16:53:56.005] [exthost] [warning] [Decorations] CAPPING events from decorations provider vscode.git 535
[2021-01-22 16:54:01.139] [exthost] [warning] [Decorations] CAPPING events from decorations provider vscode.git 535
[2021-01-22 16:54:06.273] [exthost] [warning] [Decorations] CAPPING events from decorations provider vscode.git 535
[2021-01-22 16:54:11.409] [exthost] [warning] [Decorations] CAPPING events from decorations provider vscode.git 535
[2021-01-22 16:54:16.547] [exthost] [warning] [Decorations] CAPPING events from decorations provider vscode.git 535
[2021-01-22 16:54:21.680] [exthost] [warning] [Decorations] CAPPING events from decorations provider vscode.git 535
[2021-01-22 16:54:26.813] [exthost] [warning] [Decorations] CAPPING events from decorations provider vscode.git 535
[2021-01-22 16:54:31.953] [exthost] [warning] [Decorations] CAPPING events from decorations provider vscode.git 535
[2021-01-22 16:54:37.092] [exthost] [warning] [Decorations] CAPPING events from decorations provider vscode.git 535
[2021-01-22 16:54:42.226] [exthost] [warning] [Decorations] CAPPING events from decorations provider vscode.git 535
[2021-01-22 16:54:47.363] [exthost] [warning] [Decorations] CAPPING events from decorations provider vscode.git 535
[2021-01-22 16:54:52.497] [exthost] [warning] [Decorations] CAPPING events from decorations provider vscode.git 535
[2021-01-22 16:54:57.626] [exthost] [warning] [Decorations] CAPPING events from decorations provider vscode.git 535
[2021-01-22 16:55:02.761] [exthost] [warning] [Decorations] CAPPING events from decorations provider vscode.git 535
[2021-01-22 16:55:07.895] [exthost] [warning] [Decorations] CAPPING events from decorations provider vscode.git 535
[2021-01-22 16:55:13.030] [exthost] [warning] [Decorations] CAPPING events from decorations provider vscode.git 535
[2021-01-22 16:55:19.060] [exthost] [warning] [Decorations] CAPPING events from decorations provider vscode.git 535
[2021-01-22 16:55:19.343] [exthost] [warning] [Decorations] CAPPING events from decorations provider vscode.git 535
[2021-01-22 16:55:24.472] [exthost] [warning] [Decorations] CAPPING events from decorations provider vscode.git 535
[2021-01-22 16:55:29.602] [exthost] [warning] [Decorations] CAPPING events from decorations provider vscode.git 535
[2021-01-22 16:55:34.732] [exthost] [warning] [Decorations] CAPPING events from decorations provider vscode.git 535
[2021-01-22 16:55:39.866] [exthost] [warning] [Decorations] CAPPING events from decorations provider vscode.git 535
[2021-01-22 16:55:45.001] [exthost] [warning] [Decorations] CAPPING events from decorations provider vscode.git 535
[2021-01-22 16:55:50.132] [exthost] [warning] [Decorations] CAPPING events from decorations provider vscode.git 535
[2021-01-22 16:55:55.264] [exthost] [warning] [Decorations] CAPPING events from decorations provider vscode.git 535
[2021-01-22 16:56:00.399] [exthost] [warning] [Decorations] CAPPING events from decorations provider vscode.git 535
[2021-01-22 16:56:05.542] [exthost] [warning] [Decorations] CAPPING events from decorations provider vscode.git 535
[2021-01-22 16:56:10.682] [exthost] [warning] [Decorations] CAPPING events from decorations provider vscode.git 535
[2021-01-22 16:56:15.813] [exthost] [warning] [Decorations] CAPPING events from decorations provider vscode.git 535
[2021-01-22 16:56:20.947] [exthost] [warning] [Decorations] CAPPING events from decorations provider vscode.git 535
[2021-01-22 16:56:26.081] [exthost] [warning] [Decorations] CAPPING events from decorations provider vscode.git 535
[2021-01-22 16:56:31.210] [exthost] [warning] [Decorations] CAPPING events from decorations provider vscode.git 535
[2021-01-22 16:56:36.372] [exthost] [warning] [Decorations] CAPPING events from decorations provider vscode.git 535
[2021-01-22 16:56:41.507] [exthost] [warning] [Decorations] CAPPING events from decorations provider vscode.git 535
[2021-01-22 16:56:46.638] [exthost] [warning] [Decorations] CAPPING events from decorations provider vscode.git 535
[2021-01-22 16:56:51.780] [exthost] [warning] [Decorations] CAPPING events from decorations provider vscode.git 535
[2021-01-22 16:56:56.917] [exthost] [warning] [Decorations] CAPPING events from decorations provider vscode.git 535
[2021-01-22 16:57:02.048] [exthost] [warning] [Decorations] CAPPING events from decorations provider vscode.git 535
[2021-01-22 16:57:07.191] [exthost] [warning] [Decorations] CAPPING events from decorations provider vscode.git 535
[2021-01-22 16:57:12.326] [exthost] [warning] [Decorations] CAPPING events from decorations provider vscode.git 535
[2021-01-22 16:57:17.458] [exthost] [warning] [Decorations] CAPPING events from decorations provider vscode.git 535
[2021-01-22 16:57:22.593] [exthost] [warning] [Decorations] CAPPING events from decorations provider vscode.git 535
[2021-01-22 16:57:27.728] [exthost] [warning] [Decorations] CAPPING events from decorations provider vscode.git 535
[2021-01-22 16:57:32.860] [exthost] [warning] [Decorations] CAPPING events from decorations provider vscode.git 535
[2021-01-22 16:57:38.007] [exthost] [warning] [Decorations] CAPPING events from decorations provider vscode.git 535
[2021-01-22 16:57:43.145] [exthost] [warning] [Decorations] CAPPING events from decorations provider vscode.git 535
[2021-01-22 16:57:48.280] [exthost] [warning] [Decorations] CAPPING events from decorations provider vscode.git 535
[2021-01-22 16:57:53.411] [exthost] [warning] [Decorations] CAPPING events from decorations provider vscode.git 535
[2021-01-22 16:57:58.544] [exthost] [warning] [Decorations] CAPPING events from decorations provider vscode.git 535
[2021-01-22 16:58:03.723] [exthost] [warning] [Decorations] CAPPING events from decorations provider vscode.git 535
[2021-01-22 16:58:08.881] [exthost] [warning] [Decorations] CAPPING events from decorations provider vscode.git 535
[2021-01-22 16:58:14.029] [exthost] [warning] [Decorations] CAPPING events from decorations provider vscode.git 535
[2021-01-22 16:58:19.175] [exthost] [warning] [Decorations] CAPPING events from decorations provider vscode.git 535
[2021-01-22 16:58:20.355] [exthost] [warning] [Decorations] CAPPING events from decorations provider vscode.git 535
[2021-01-22 16:58:24.332] [exthost] [warning] [Decorations] CAPPING events from decorations provider vscode.git 535
[2021-01-22 16:58:29.465] [exthost] [warning] [Decorations] CAPPING events from decorations provider vscode.git 535
[2021-01-22 16:58:34.600] [exthost] [warning] [Decorations] CAPPING events from decorations provider vscode.git 535
[2021-01-22 16:58:39.735] [exthost] [warning] [Decorations] CAPPING events from decorations provider vscode.git 535
[2021-01-22 16:58:44.874] [exthost] [warning] [Decorations] CAPPING events from decorations provider vscode.git 535
[2021-01-22 16:58:50.014] [exthost] [warning] [Decorations] CAPPING events from decorations provider vscode.git 535
[2021-01-22 16:58:55.145] [exthost] [warning] [Decorations] CAPPING events from decorations provider vscode.git 535
[2021-01-22 16:59:00.279] [exthost] [warning] [Decorations] CAPPING events from decorations provider vscode.git 535
[2021-01-22 16:59:05.417] [exthost] [warning] [Decorations] CAPPING events from decorations provider vscode.git 535
[2021-01-22 16:59:10.561] [exthost] [warning] [Decorations] CAPPING events from decorations provider vscode.git 535
[2021-01-22 16:59:15.692] [exthost] [warning] [Decorations] CAPPING events from decorations provider vscode.git 535
[2021-01-22 16:59:20.825] [exthost] [warning] [Decorations] CAPPING events from decorations provider vscode.git 535
[2021-01-22 16:59:25.958] [exthost] [warning] [Decorations] CAPPING events from decorations provider vscode.git 535
[2021-01-22 16:59:31.090] [exthost] [warning] [Decorations] CAPPING events from decorations provider vscode.git 535
[2021-01-22 16:59:36.221] [exthost] [warning] [Decorations] CAPPING events from decorations provider vscode.git 535
[2021-01-22 16:59:41.355] [exthost] [warning] [Decorations] CAPPING events from decorations provider vscode.git 535
[2021-01-22 16:59:46.488] [exthost] [warning] [Decorations] CAPPING events from decorations provider vscode.git 535
[2021-01-22 16:59:51.633] [exthost] [warning] [Decorations] CAPPING events from decorations provider vscode.git 535
[2021-01-22 16:59:56.784] [exthost] [warning] [Decorations] CAPPING events from decorations provider vscode.git 535
[2021-01-22 17:00:01.929] [exthost] [warning] [Decorations] CAPPING events from decorations provider vscode.git 535
[2021-01-22 17:00:07.074] [exthost] [warning] [Decorations] CAPPING events from decorations provider vscode.git 535
[2021-01-22 17:01:04.911] [exthost] [warning] [Decorations] CAPPING events from decorations provider vscode.git 535
[2021-01-22 17:01:10.051] [exthost] [warning] [Decorations] CAPPING events from decorations provider vscode.git 535
[2021-01-22 17:01:15.195] [exthost] [warning] [Decorations] CAPPING events from decorations provider vscode.git 535
[2021-01-22 17:01:20.337] [exthost] [warning] [Decorations] CAPPING events from decorations provider vscode.git 535
[2021-01-22 17:01:21.487] [exthost] [warning] [Decorations] CAPPING events from decorations provider vscode.git 535
[2021-01-22 17:01:25.472] [exthost] [warning] [Decorations] CAPPING events from decorations provider vscode.git 535
[2021-01-22 17:01:30.610] [exthost] [warning] [Decorations] CAPPING events from decorations provider vscode.git 535
[2021-01-22 17:01:35.749] [exthost] [warning] [Decorations] CAPPING events from decorations provider vscode.git 535
[2021-01-22 17:01:40.895] [exthost] [warning] [Decorations] CAPPING events from decorations provider vscode.git 535
[2021-01-22 17:01:46.041] [exthost] [warning] [Decorations] CAPPING events from decorations provider vscode.git 535
[2021-01-22 17:01:51.181] [exthost] [warning] [Decorations] CAPPING events from decorations provider vscode.git 535
[2021-01-22 17:01:56.325] [exthost] [warning] [Decorations] CAPPING events from decorations provider vscode.git 535
[2021-01-22 17:02:01.477] [exthost] [warning] [Decorations] CAPPING events from decorations provider vscode.git 535
[2021-01-22 17:02:06.619] [exthost] [warning] [Decorations] CAPPING events from decorations provider vscode.git 535
[2021-01-22 17:02:11.762] [exthost] [warning] [Decorations] CAPPING events from decorations provider vscode.git 535
[2021-01-22 17:02:16.912] [exthost] [warning] [Decorations] CAPPING events from decorations provider vscode.git 535
[2021-01-22 17:02:22.058] [exthost] [warning] [Decorations] CAPPING events from decorations provider vscode.git 535
[2021-01-22 17:02:27.211] [exthost] [warning] [Decorations] CAPPING events from decorations provider vscode.git 535
[2021-01-22 17:02:32.353] [exthost] [warning] [Decorations] CAPPING events from decorations provider vscode.git 535
[2021-01-22 17:02:37.490] [exthost] [warning] [Decorations] CAPPING events from decorations provider vscode.git 535
[2021-01-22 17:02:42.637] [exthost] [warning] [Decorations] CAPPING events from decorations provider vscode.git 535
[2021-01-22 17:02:47.779] [exthost] [warning] [Decorations] CAPPING events from decorations provider vscode.git 535
[2021-01-22 17:02:52.924] [exthost] [warning] [Decorations] CAPPING events from decorations provider vscode.git 535
[2021-01-22 17:02:58.065] [exthost] [warning] [Decorations] CAPPING events from decorations provider vscode.git 535
[2021-01-22 17:03:03.202] [exthost] [warning] [Decorations] CAPPING events from decorations provider vscode.git 535
[2021-01-22 17:06:08.681] [exthost] [warning] [Decorations] CAPPING events from decorations provider vscode.git 535
[2021-01-22 17:06:09.791] [exthost] [warning] [Decorations] CAPPING events from decorations provider vscode.git 535
