[2021-02-26 14:03:40.797] [exthost] [info] extension host started
[2021-02-26 14:03:40.869] [exthost] [info] ExtensionService#_doActivateExtension vscode.debug-auto-launch {"startup":true,"extensionId":{"value":"vscode.debug-auto-launch","_lower":"vscode.debug-auto-launch"},"activationEvent":"*"}
[2021-02-26 14:03:40.869] [exthost] [info] ExtensionService#loadCommonJSModule file:///home/soic/.vscode-server/bin/622cb03f7e070a9670c94bae1a45d78d7181fbd4/extensions/debug-auto-launch/dist/extension
[2021-02-26 14:03:40.873] [exthost] [info] ExtensionService#_doActivateExtension vscode.git {"startup":true,"extensionId":{"value":"vscode.github","_lower":"vscode.github"},"activationEvent":"*"}
[2021-02-26 14:03:40.873] [exthost] [info] ExtensionService#loadCommonJSModule file:///home/soic/.vscode-server/bin/622cb03f7e070a9670c94bae1a45d78d7181fbd4/extensions/git/dist/main
[2021-02-26 14:03:40.922] [exthost] [info] ExtensionService#_doActivateExtension ms-vscode.cpptools {"startup":true,"extensionId":{"value":"ms-vscode.cpptools","_lower":"ms-vscode.cpptools"},"activationEvent":"*"}
[2021-02-26 14:03:40.922] [exthost] [info] ExtensionService#loadCommonJSModule file:///home/soic/.vscode-server/extensions/ms-vscode.cpptools-1.2.2/dist/main
[2021-02-26 14:03:41.212] [exthost] [info] ExtensionService#_doActivateExtension ms-vscode.cmake-tools {"startup":true,"extensionId":{"value":"ms-vscode.cmake-tools","_lower":"ms-vscode.cmake-tools"},"activationEvent":"workspaceContains:**/CMakeLists.txt"}
[2021-02-26 14:03:41.212] [exthost] [info] ExtensionService#loadCommonJSModule file:///home/soic/.vscode-server/extensions/ms-vscode.cmake-tools-1.6.0/dist/main
[2021-02-26 14:03:41.442] [exthost] [info] ExtensionService#_doActivateExtension vscode.github {"startup":true,"extensionId":{"value":"vscode.github","_lower":"vscode.github"},"activationEvent":"*"}
[2021-02-26 14:03:41.442] [exthost] [info] ExtensionService#loadCommonJSModule file:///home/soic/.vscode-server/bin/622cb03f7e070a9670c94bae1a45d78d7181fbd4/extensions/github/dist/extension.js
[2021-02-26 14:03:41.464] [exthost] [info] ExtensionService#_doActivateExtension ms-vscode.js-debug {"startup":false,"extensionId":{"value":"ms-vscode.js-debug","_lower":"ms-vscode.js-debug"},"activationEvent":"onCommand:extension.js-debug.clearAutoAttachVariables"}
[2021-02-26 14:03:41.464] [exthost] [info] ExtensionService#loadCommonJSModule file:///home/soic/.vscode-server/bin/622cb03f7e070a9670c94bae1a45d78d7181fbd4/extensions/ms-vscode.js-debug/src/extension.js
[2021-02-26 14:03:41.960] [exthost] [info] ExtensionService#_doActivateExtension vscode.emmet {"startup":false,"extensionId":{"value":"vscode.emmet","_lower":"vscode.emmet"},"activationEvent":"onStartupFinished"}
[2021-02-26 14:03:41.960] [exthost] [info] ExtensionService#loadCommonJSModule file:///home/soic/.vscode-server/bin/622cb03f7e070a9670c94bae1a45d78d7181fbd4/extensions/emmet/dist/node/emmetNodeMain
[2021-02-26 14:03:41.975] [exthost] [info] ExtensionService#_doActivateExtension vscode.merge-conflict {"startup":false,"extensionId":{"value":"vscode.merge-conflict","_lower":"vscode.merge-conflict"},"activationEvent":"onStartupFinished"}
[2021-02-26 14:03:41.975] [exthost] [info] ExtensionService#loadCommonJSModule file:///home/soic/.vscode-server/bin/622cb03f7e070a9670c94bae1a45d78d7181fbd4/extensions/merge-conflict/dist/mergeConflictMain
[2021-02-26 14:03:41.980] [exthost] [info] ExtensionService#_doActivateExtension vscode.testing-editor-contributions {"startup":false,"extensionId":{"value":"vscode.testing-editor-contributions","_lower":"vscode.testing-editor-contributions"},"activationEvent":"onStartupFinished"}
[2021-02-26 14:03:41.981] [exthost] [info] ExtensionService#loadCommonJSModule file:///home/soic/.vscode-server/bin/622cb03f7e070a9670c94bae1a45d78d7181fbd4/extensions/testing-editor-contributions/dist/extension.js
[2021-02-26 14:03:41.984] [exthost] [info] eager extensions activated
[2021-02-26 14:15:49.145] [exthost] [error] {"message":"Git error","stdout":"","stderr":"fatal: Pathspec '/home/soic/moxa_test/README.md' is in submodule 'moxa_test'\n","exitCode":128,"gitErrorCode":"IsInSubmodule"}
[2021-02-26 14:18:35.457] [exthost] [error] {"message":"Git error","stdout":"","stderr":"fatal: Pathspec '/home/soic/moxa-dio-control/autom4te.cache' is in submodule 'moxa-dio-control'\n","exitCode":128,"gitErrorCode":"IsInSubmodule"}
[2021-02-26 14:18:35.457] [exthost] [error] {"message":"Git error","stdout":"","stderr":"fatal: Pathspec '/home/soic/moxa-dio-control/autom4te.cache' is in submodule 'moxa-dio-control'\n","exitCode":128,"gitErrorCode":"IsInSubmodule"}
[2021-02-26 14:18:35.457] [exthost] [error] {"message":"Git error","stdout":"","stderr":"fatal: Pathspec '/home/soic/moxa-dio-control/autom4te.cache' is in submodule 'moxa-dio-control'\n","exitCode":128,"gitErrorCode":"IsInSubmodule"}
[2021-02-26 14:18:35.457] [exthost] [error] {"message":"Git error","stdout":"","stderr":"fatal: Pathspec '/home/soic/moxa-dio-control/autom4te.cache' is in submodule 'moxa-dio-control'\n","exitCode":128,"gitErrorCode":"IsInSubmodule"}
[2021-02-26 14:18:35.458] [exthost] [error] {"message":"Git error","stdout":"","stderr":"fatal: Pathspec '/home/soic/moxa-dio-control/autom4te.cache' is in submodule 'moxa-dio-control'\n","exitCode":128,"gitErrorCode":"IsInSubmodule"}
[2021-02-26 14:18:35.458] [exthost] [error] {"message":"Git error","stdout":"","stderr":"fatal: Pathspec '/home/soic/moxa-dio-control/autom4te.cache' is in submodule 'moxa-dio-control'\n","exitCode":128,"gitErrorCode":"IsInSubmodule"}
[2021-02-26 14:18:35.458] [exthost] [error] {"message":"Git error","stdout":"","stderr":"fatal: Pathspec '/home/soic/moxa-dio-control/autom4te.cache' is in submodule 'moxa-dio-control'\n","exitCode":128,"gitErrorCode":"IsInSubmodule"}
[2021-02-26 14:18:35.458] [exthost] [error] {"message":"Git error","stdout":"","stderr":"fatal: Pathspec '/home/soic/moxa-dio-control/autom4te.cache' is in submodule 'moxa-dio-control'\n","exitCode":128,"gitErrorCode":"IsInSubmodule"}
[2021-02-26 14:18:35.458] [exthost] [error] {"message":"Git error","stdout":"","stderr":"fatal: Pathspec '/home/soic/moxa-dio-control/autom4te.cache' is in submodule 'moxa-dio-control'\n","exitCode":128,"gitErrorCode":"IsInSubmodule"}
[2021-02-26 14:18:35.458] [exthost] [error] {"message":"Git error","stdout":"","stderr":"fatal: Pathspec '/home/soic/moxa-dio-control/autom4te.cache' is in submodule 'moxa-dio-control'\n","exitCode":128,"gitErrorCode":"IsInSubmodule"}
[2021-02-26 14:18:35.458] [exthost] [error] {"message":"Git error","stdout":"","stderr":"fatal: Pathspec '/home/soic/moxa-dio-control/autom4te.cache' is in submodule 'moxa-dio-control'\n","exitCode":128,"gitErrorCode":"IsInSubmodule"}
[2021-02-26 14:18:35.458] [exthost] [error] {"message":"Git error","stdout":"","stderr":"fatal: Pathspec '/home/soic/moxa-dio-control/autom4te.cache' is in submodule 'moxa-dio-control'\n","exitCode":128,"gitErrorCode":"IsInSubmodule"}
[2021-02-26 14:18:35.458] [exthost] [error] {"message":"Git error","stdout":"","stderr":"fatal: Pathspec '/home/soic/moxa-dio-control/autom4te.cache' is in submodule 'moxa-dio-control'\n","exitCode":128,"gitErrorCode":"IsInSubmodule"}
[2021-02-26 14:18:35.458] [exthost] [error] {"message":"Git error","stdout":"","stderr":"fatal: Pathspec '/home/soic/moxa-dio-control/autom4te.cache' is in submodule 'moxa-dio-control'\n","exitCode":128,"gitErrorCode":"IsInSubmodule"}
[2021-02-26 14:18:35.458] [exthost] [error] {"message":"Git error","stdout":"","stderr":"fatal: Pathspec '/home/soic/moxa-dio-control/autom4te.cache' is in submodule 'moxa-dio-control'\n","exitCode":128,"gitErrorCode":"IsInSubmodule"}
[2021-02-26 14:18:35.458] [exthost] [error] {"message":"Git error","stdout":"","stderr":"fatal: Pathspec '/home/soic/moxa-dio-control/autom4te.cache' is in submodule 'moxa-dio-control'\n","exitCode":128,"gitErrorCode":"IsInSubmodule"}
[2021-02-26 14:18:35.458] [exthost] [error] {"message":"Git error","stdout":"","stderr":"fatal: Pathspec '/home/soic/moxa-dio-control/autom4te.cache' is in submodule 'moxa-dio-control'\n","exitCode":128,"gitErrorCode":"IsInSubmodule"}
[2021-02-26 14:18:35.458] [exthost] [error] {"message":"Git error","stdout":"","stderr":"fatal: Pathspec '/home/soic/moxa-dio-control/autom4te.cache' is in submodule 'moxa-dio-control'\n","exitCode":128,"gitErrorCode":"IsInSubmodule"}
[2021-02-26 14:18:35.458] [exthost] [error] {"message":"Git error","stdout":"","stderr":"fatal: Pathspec '/home/soic/moxa-dio-control/autom4te.cache' is in submodule 'moxa-dio-control'\n","exitCode":128,"gitErrorCode":"IsInSubmodule"}
[2021-02-26 14:18:35.458] [exthost] [error] {"message":"Git error","stdout":"","stderr":"fatal: Pathspec '/home/soic/moxa-dio-control/autom4te.cache' is in submodule 'moxa-dio-control'\n","exitCode":128,"gitErrorCode":"IsInSubmodule"}
[2021-02-26 14:18:35.458] [exthost] [error] {"message":"Git error","stdout":"","stderr":"fatal: Pathspec '/home/soic/moxa-dio-control/autom4te.cache' is in submodule 'moxa-dio-control'\n","exitCode":128,"gitErrorCode":"IsInSubmodule"}
[2021-02-26 14:18:35.458] [exthost] [error] {"message":"Git error","stdout":"","stderr":"fatal: Pathspec '/home/soic/moxa-dio-control/autom4te.cache' is in submodule 'moxa-dio-control'\n","exitCode":128,"gitErrorCode":"IsInSubmodule"}
[2021-02-26 14:18:35.458] [exthost] [error] {"message":"Git error","stdout":"","stderr":"fatal: Pathspec '/home/soic/moxa-dio-control/autom4te.cache' is in submodule 'moxa-dio-control'\n","exitCode":128,"gitErrorCode":"IsInSubmodule"}
[2021-02-26 14:18:35.458] [exthost] [error] {"message":"Git error","stdout":"","stderr":"fatal: Pathspec '/home/soic/moxa-dio-control/autom4te.cache' is in submodule 'moxa-dio-control'\n","exitCode":128,"gitErrorCode":"IsInSubmodule"}
[2021-02-26 14:18:37.190] [exthost] [error] {"message":"Git error","stdout":"","stderr":"fatal: Pathspec '/home/soic/moxa-dio-control/example/dio-test' is in submodule 'moxa-dio-control'\n","exitCode":128,"gitErrorCode":"IsInSubmodule"}
[2021-02-26 14:18:37.190] [exthost] [error] {"message":"Git error","stdout":"","stderr":"fatal: Pathspec '/home/soic/moxa-dio-control/example/dio-test' is in submodule 'moxa-dio-control'\n","exitCode":128,"gitErrorCode":"IsInSubmodule"}
[2021-02-26 14:18:37.190] [exthost] [error] {"message":"Git error","stdout":"","stderr":"fatal: Pathspec '/home/soic/moxa-dio-control/example/dio-test' is in submodule 'moxa-dio-control'\n","exitCode":128,"gitErrorCode":"IsInSubmodule"}
[2021-02-26 14:18:37.190] [exthost] [error] {"message":"Git error","stdout":"","stderr":"fatal: Pathspec '/home/soic/moxa-dio-control/example/dio-test' is in submodule 'moxa-dio-control'\n","exitCode":128,"gitErrorCode":"IsInSubmodule"}
[2021-03-02 08:54:38.841] [exthost] [info] extension host terminating: renderer disconnected for too long (2)
[2021-03-02 08:54:39.851] [exthost] [info] exiting with code 0
