[2021-02-26 08:43:06.637] [exthost] [info] extension host started
[2021-02-26 08:43:06.794] [exthost] [info] ExtensionService#_doActivateExtension ms-vscode.cpptools {"startup":false,"extensionId":{"value":"ms-vscode.cpptools","_lower":"ms-vscode.cpptools"},"activationEvent":"onLanguage:cpp"}
[2021-02-26 08:43:06.795] [exthost] [info] ExtensionService#loadCommonJSModule file:///home/soic/.vscode-server/extensions/ms-vscode.cpptools-1.2.2-insiders2/dist/main
[2021-02-26 08:43:07.168] [exthost] [info] ExtensionService#_doActivateExtension vscode.debug-auto-launch {"startup":true,"extensionId":{"value":"vscode.debug-auto-launch","_lower":"vscode.debug-auto-launch"},"activationEvent":"*"}
[2021-02-26 08:43:07.170] [exthost] [info] ExtensionService#loadCommonJSModule file:///home/soic/.vscode-server/bin/622cb03f7e070a9670c94bae1a45d78d7181fbd4/extensions/debug-auto-launch/dist/extension
[2021-02-26 08:43:07.256] [exthost] [info] ExtensionService#_doActivateExtension vscode.git {"startup":true,"extensionId":{"value":"vscode.github","_lower":"vscode.github"},"activationEvent":"*"}
[2021-02-26 08:43:07.257] [exthost] [info] ExtensionService#loadCommonJSModule file:///home/soic/.vscode-server/bin/622cb03f7e070a9670c94bae1a45d78d7181fbd4/extensions/git/dist/main
[2021-02-26 08:43:08.598] [exthost] [info] ExtensionService#_doActivateExtension vscode.github {"startup":true,"extensionId":{"value":"vscode.github","_lower":"vscode.github"},"activationEvent":"*"}
[2021-02-26 08:43:08.599] [exthost] [info] ExtensionService#loadCommonJSModule file:///home/soic/.vscode-server/bin/622cb03f7e070a9670c94bae1a45d78d7181fbd4/extensions/github/dist/extension.js
[2021-02-26 08:43:09.120] [exthost] [info] ExtensionService#_doActivateExtension ms-vscode.cmake-tools {"startup":true,"extensionId":{"value":"ms-vscode.cmake-tools","_lower":"ms-vscode.cmake-tools"},"activationEvent":"workspaceContains:**/CMakeLists.txt"}
[2021-02-26 08:43:09.120] [exthost] [info] ExtensionService#loadCommonJSModule file:///home/soic/.vscode-server/extensions/ms-vscode.cmake-tools-1.6.0/dist/main
[2021-02-26 08:43:09.399] [exthost] [info] ExtensionService#_doActivateExtension ms-vscode.js-debug {"startup":false,"extensionId":{"value":"ms-vscode.js-debug","_lower":"ms-vscode.js-debug"},"activationEvent":"onCommand:extension.js-debug.clearAutoAttachVariables"}
[2021-02-26 08:43:09.399] [exthost] [info] ExtensionService#loadCommonJSModule file:///home/soic/.vscode-server/bin/622cb03f7e070a9670c94bae1a45d78d7181fbd4/extensions/ms-vscode.js-debug/src/extension.js
[2021-02-26 08:43:10.263] [exthost] [info] ExtensionService#_doActivateExtension vscode.emmet {"startup":false,"extensionId":{"value":"vscode.emmet","_lower":"vscode.emmet"},"activationEvent":"onStartupFinished"}
[2021-02-26 08:43:10.264] [exthost] [info] ExtensionService#loadCommonJSModule file:///home/soic/.vscode-server/bin/622cb03f7e070a9670c94bae1a45d78d7181fbd4/extensions/emmet/dist/node/emmetNodeMain
[2021-02-26 08:43:10.375] [exthost] [info] ExtensionService#_doActivateExtension vscode.merge-conflict {"startup":false,"extensionId":{"value":"vscode.merge-conflict","_lower":"vscode.merge-conflict"},"activationEvent":"onStartupFinished"}
[2021-02-26 08:43:10.375] [exthost] [info] ExtensionService#loadCommonJSModule file:///home/soic/.vscode-server/bin/622cb03f7e070a9670c94bae1a45d78d7181fbd4/extensions/merge-conflict/dist/mergeConflictMain
[2021-02-26 08:43:10.384] [exthost] [info] ExtensionService#_doActivateExtension vscode.testing-editor-contributions {"startup":false,"extensionId":{"value":"vscode.testing-editor-contributions","_lower":"vscode.testing-editor-contributions"},"activationEvent":"onStartupFinished"}
[2021-02-26 08:43:10.384] [exthost] [info] ExtensionService#loadCommonJSModule file:///home/soic/.vscode-server/bin/622cb03f7e070a9670c94bae1a45d78d7181fbd4/extensions/testing-editor-contributions/dist/extension.js
[2021-02-26 08:43:10.392] [exthost] [info] eager extensions activated
[2021-02-26 09:52:48.609] [exthost] [warning] [Decorations] CAPPING events from decorations provider vscode.git 265
[2021-02-26 09:52:49.809] [exthost] [warning] [Decorations] CAPPING events from decorations provider vscode.git 265
[2021-02-26 09:52:53.814] [exthost] [warning] [Decorations] CAPPING events from decorations provider vscode.git 265
[2021-02-26 09:52:58.952] [exthost] [warning] [Decorations] CAPPING events from decorations provider vscode.git 265
[2021-02-26 09:53:04.077] [exthost] [warning] [Decorations] CAPPING events from decorations provider vscode.git 265
[2021-02-26 09:53:09.203] [exthost] [warning] [Decorations] CAPPING events from decorations provider vscode.git 265
[2021-02-26 09:53:14.331] [exthost] [warning] [Decorations] CAPPING events from decorations provider vscode.git 265
[2021-02-26 09:53:19.457] [exthost] [warning] [Decorations] CAPPING events from decorations provider vscode.git 265
[2021-02-26 09:53:24.584] [exthost] [warning] [Decorations] CAPPING events from decorations provider vscode.git 265
[2021-02-26 09:53:29.716] [exthost] [warning] [Decorations] CAPPING events from decorations provider vscode.git 265
[2021-02-26 09:53:34.851] [exthost] [warning] [Decorations] CAPPING events from decorations provider vscode.git 265
[2021-02-26 09:53:39.982] [exthost] [warning] [Decorations] CAPPING events from decorations provider vscode.git 265
[2021-02-26 09:53:45.109] [exthost] [warning] [Decorations] CAPPING events from decorations provider vscode.git 265
[2021-02-26 09:53:50.238] [exthost] [warning] [Decorations] CAPPING events from decorations provider vscode.git 265
[2021-02-26 09:53:55.376] [exthost] [warning] [Decorations] CAPPING events from decorations provider vscode.git 265
[2021-02-26 09:54:00.502] [exthost] [warning] [Decorations] CAPPING events from decorations provider vscode.git 265
[2021-02-26 09:54:05.632] [exthost] [warning] [Decorations] CAPPING events from decorations provider vscode.git 265
[2021-02-26 09:54:10.768] [exthost] [warning] [Decorations] CAPPING events from decorations provider vscode.git 265
[2021-02-26 09:56:15.399] [exthost] [warning] [Decorations] CAPPING events from decorations provider vscode.git 265
[2021-02-26 09:56:16.533] [exthost] [warning] [Decorations] CAPPING events from decorations provider vscode.git 265
[2021-02-26 10:00:44.810] [exthost] [warning] [Decorations] CAPPING events from decorations provider vscode.git 265
[2021-02-26 10:00:46.174] [exthost] [warning] [Decorations] CAPPING events from decorations provider vscode.git 265
[2021-02-26 10:00:49.943] [exthost] [warning] [Decorations] CAPPING events from decorations provider vscode.git 265
