[2021-02-20 11:12:29.761] [exthost] [info] extension host started
[2021-02-20 11:12:29.946] [exthost] [info] ExtensionService#_doActivateExtension ms-vscode.cpptools {"startup":false,"extensionId":{"value":"ms-vscode.cpptools","_lower":"ms-vscode.cpptools"},"activationEvent":"onLanguage:cpp"}
[2021-02-20 11:12:29.946] [exthost] [info] ExtensionService#loadCommonJSModule file:///home/soic/.vscode-server/extensions/ms-vscode.cpptools-1.2.2-insiders2/dist/main
[2021-02-20 11:12:30.292] [exthost] [info] ExtensionService#_doActivateExtension vscode.debug-auto-launch {"startup":true,"extensionId":{"value":"vscode.debug-auto-launch","_lower":"vscode.debug-auto-launch"},"activationEvent":"*"}
[2021-02-20 11:12:30.293] [exthost] [info] ExtensionService#loadCommonJSModule file:///home/soic/.vscode-server/bin/ea3859d4ba2f3e577a159bc91e3074c5d85c0523/extensions/debug-auto-launch/dist/extension
[2021-02-20 11:12:30.321] [exthost] [info] ExtensionService#_doActivateExtension vscode.emmet {"startup":true,"extensionId":{"value":"vscode.emmet","_lower":"vscode.emmet"},"activationEvent":"*"}
[2021-02-20 11:12:30.321] [exthost] [info] ExtensionService#loadCommonJSModule file:///home/soic/.vscode-server/bin/ea3859d4ba2f3e577a159bc91e3074c5d85c0523/extensions/emmet/dist/node/emmetNodeMain
[2021-02-20 11:12:30.429] [exthost] [info] ExtensionService#_doActivateExtension vscode.git {"startup":true,"extensionId":{"value":"vscode.github","_lower":"vscode.github"},"activationEvent":"*"}
[2021-02-20 11:12:30.429] [exthost] [info] ExtensionService#loadCommonJSModule file:///home/soic/.vscode-server/bin/ea3859d4ba2f3e577a159bc91e3074c5d85c0523/extensions/git/dist/main
[2021-02-20 11:12:30.605] [exthost] [info] ExtensionService#_doActivateExtension vscode.merge-conflict {"startup":true,"extensionId":{"value":"vscode.merge-conflict","_lower":"vscode.merge-conflict"},"activationEvent":"*"}
[2021-02-20 11:12:30.605] [exthost] [info] ExtensionService#loadCommonJSModule file:///home/soic/.vscode-server/bin/ea3859d4ba2f3e577a159bc91e3074c5d85c0523/extensions/merge-conflict/dist/mergeConflictMain
[2021-02-20 11:12:30.651] [exthost] [info] ExtensionService#_doActivateExtension vscode.search-result {"startup":true,"extensionId":{"value":"vscode.search-result","_lower":"vscode.search-result"},"activationEvent":"*"}
[2021-02-20 11:12:30.652] [exthost] [info] ExtensionService#loadCommonJSModule file:///home/soic/.vscode-server/bin/ea3859d4ba2f3e577a159bc91e3074c5d85c0523/extensions/search-result/dist/extension.js
[2021-02-20 11:12:31.020] [exthost] [info] ExtensionService#_doActivateExtension vscode.github {"startup":true,"extensionId":{"value":"vscode.github","_lower":"vscode.github"},"activationEvent":"*"}
[2021-02-20 11:12:31.021] [exthost] [info] ExtensionService#loadCommonJSModule file:///home/soic/.vscode-server/bin/ea3859d4ba2f3e577a159bc91e3074c5d85c0523/extensions/github/dist/extension.js
[2021-02-20 11:12:31.489] [exthost] [info] ExtensionService#_doActivateExtension ms-vscode.js-debug {"startup":false,"extensionId":{"value":"ms-vscode.js-debug","_lower":"ms-vscode.js-debug"},"activationEvent":"onCommand:extension.js-debug.clearAutoAttachVariables"}
[2021-02-20 11:12:31.489] [exthost] [info] ExtensionService#loadCommonJSModule file:///home/soic/.vscode-server/bin/ea3859d4ba2f3e577a159bc91e3074c5d85c0523/extensions/ms-vscode.js-debug/src/extension.js
[2021-02-20 11:12:31.765] [exthost] [info] ExtensionService#_doActivateExtension ms-vscode.cmake-tools {"startup":true,"extensionId":{"value":"ms-vscode.cmake-tools","_lower":"ms-vscode.cmake-tools"},"activationEvent":"workspaceContains:**/CMakeLists.txt"}
[2021-02-20 11:12:31.767] [exthost] [info] ExtensionService#loadCommonJSModule file:///home/soic/.vscode-server/extensions/ms-vscode.cmake-tools-1.6.0/dist/main
[2021-02-20 11:12:31.998] [exthost] [error] {"message":"Git error","stdout":"","stderr":"fatal: Pathspec '/home/soic/moxa-gpio-control/autom4te.cache' is in submodule 'moxa-gpio-control'\n","exitCode":128,"gitErrorCode":"IsInSubmodule"}
[2021-02-20 11:12:31.998] [exthost] [error] {"message":"Git error","stdout":"","stderr":"fatal: Pathspec '/home/soic/moxa-gpio-control/autom4te.cache' is in submodule 'moxa-gpio-control'\n","exitCode":128,"gitErrorCode":"IsInSubmodule"}
[2021-02-20 11:12:31.998] [exthost] [error] {"message":"Git error","stdout":"","stderr":"fatal: Pathspec '/home/soic/moxa-gpio-control/autom4te.cache' is in submodule 'moxa-gpio-control'\n","exitCode":128,"gitErrorCode":"IsInSubmodule"}
[2021-02-20 11:12:31.998] [exthost] [error] {"message":"Git error","stdout":"","stderr":"fatal: Pathspec '/home/soic/moxa-gpio-control/autom4te.cache' is in submodule 'moxa-gpio-control'\n","exitCode":128,"gitErrorCode":"IsInSubmodule"}
[2021-02-20 11:12:31.998] [exthost] [error] {"message":"Git error","stdout":"","stderr":"fatal: Pathspec '/home/soic/moxa-gpio-control/autom4te.cache' is in submodule 'moxa-gpio-control'\n","exitCode":128,"gitErrorCode":"IsInSubmodule"}
[2021-02-20 11:12:31.998] [exthost] [error] {"message":"Git error","stdout":"","stderr":"fatal: Pathspec '/home/soic/moxa-gpio-control/autom4te.cache' is in submodule 'moxa-gpio-control'\n","exitCode":128,"gitErrorCode":"IsInSubmodule"}
[2021-02-20 11:12:31.998] [exthost] [error] {"message":"Git error","stdout":"","stderr":"fatal: Pathspec '/home/soic/moxa-gpio-control/autom4te.cache' is in submodule 'moxa-gpio-control'\n","exitCode":128,"gitErrorCode":"IsInSubmodule"}
[2021-02-20 11:12:31.998] [exthost] [error] {"message":"Git error","stdout":"","stderr":"fatal: Pathspec '/home/soic/moxa-gpio-control/autom4te.cache' is in submodule 'moxa-gpio-control'\n","exitCode":128,"gitErrorCode":"IsInSubmodule"}
[2021-02-20 11:12:31.998] [exthost] [error] {"message":"Git error","stdout":"","stderr":"fatal: Pathspec '/home/soic/moxa-gpio-control/autom4te.cache' is in submodule 'moxa-gpio-control'\n","exitCode":128,"gitErrorCode":"IsInSubmodule"}
[2021-02-20 11:12:31.998] [exthost] [error] {"message":"Git error","stdout":"","stderr":"fatal: Pathspec '/home/soic/moxa-gpio-control/autom4te.cache' is in submodule 'moxa-gpio-control'\n","exitCode":128,"gitErrorCode":"IsInSubmodule"}
[2021-02-20 11:12:31.998] [exthost] [error] {"message":"Git error","stdout":"","stderr":"fatal: Pathspec '/home/soic/moxa-gpio-control/autom4te.cache' is in submodule 'moxa-gpio-control'\n","exitCode":128,"gitErrorCode":"IsInSubmodule"}
[2021-02-20 11:12:31.998] [exthost] [error] {"message":"Git error","stdout":"","stderr":"fatal: Pathspec '/home/soic/moxa-gpio-control/autom4te.cache' is in submodule 'moxa-gpio-control'\n","exitCode":128,"gitErrorCode":"IsInSubmodule"}
[2021-02-20 11:12:31.998] [exthost] [error] {"message":"Git error","stdout":"","stderr":"fatal: Pathspec '/home/soic/moxa-gpio-control/autom4te.cache' is in submodule 'moxa-gpio-control'\n","exitCode":128,"gitErrorCode":"IsInSubmodule"}
[2021-02-20 11:12:31.998] [exthost] [error] {"message":"Git error","stdout":"","stderr":"fatal: Pathspec '/home/soic/moxa-gpio-control/autom4te.cache' is in submodule 'moxa-gpio-control'\n","exitCode":128,"gitErrorCode":"IsInSubmodule"}
[2021-02-20 11:12:31.998] [exthost] [error] {"message":"Git error","stdout":"","stderr":"fatal: Pathspec '/home/soic/moxa-gpio-control/autom4te.cache' is in submodule 'moxa-gpio-control'\n","exitCode":128,"gitErrorCode":"IsInSubmodule"}
[2021-02-20 11:12:31.998] [exthost] [error] {"message":"Git error","stdout":"","stderr":"fatal: Pathspec '/home/soic/moxa-gpio-control/autom4te.cache' is in submodule 'moxa-gpio-control'\n","exitCode":128,"gitErrorCode":"IsInSubmodule"}
[2021-02-20 11:12:31.998] [exthost] [error] {"message":"Git error","stdout":"","stderr":"fatal: Pathspec '/home/soic/moxa-gpio-control/autom4te.cache' is in submodule 'moxa-gpio-control'\n","exitCode":128,"gitErrorCode":"IsInSubmodule"}
[2021-02-20 11:12:31.998] [exthost] [error] {"message":"Git error","stdout":"","stderr":"fatal: Pathspec '/home/soic/moxa-gpio-control/autom4te.cache' is in submodule 'moxa-gpio-control'\n","exitCode":128,"gitErrorCode":"IsInSubmodule"}
[2021-02-20 11:12:31.998] [exthost] [error] {"message":"Git error","stdout":"","stderr":"fatal: Pathspec '/home/soic/moxa-gpio-control/autom4te.cache' is in submodule 'moxa-gpio-control'\n","exitCode":128,"gitErrorCode":"IsInSubmodule"}
[2021-02-20 11:12:31.998] [exthost] [error] {"message":"Git error","stdout":"","stderr":"fatal: Pathspec '/home/soic/moxa-gpio-control/autom4te.cache' is in submodule 'moxa-gpio-control'\n","exitCode":128,"gitErrorCode":"IsInSubmodule"}
[2021-02-20 11:12:31.998] [exthost] [error] {"message":"Git error","stdout":"","stderr":"fatal: Pathspec '/home/soic/moxa-gpio-control/autom4te.cache' is in submodule 'moxa-gpio-control'\n","exitCode":128,"gitErrorCode":"IsInSubmodule"}
[2021-02-20 11:12:31.998] [exthost] [error] {"message":"Git error","stdout":"","stderr":"fatal: Pathspec '/home/soic/moxa-gpio-control/autom4te.cache' is in submodule 'moxa-gpio-control'\n","exitCode":128,"gitErrorCode":"IsInSubmodule"}
[2021-02-20 11:12:31.998] [exthost] [error] {"message":"Git error","stdout":"","stderr":"fatal: Pathspec '/home/soic/moxa-gpio-control/autom4te.cache' is in submodule 'moxa-gpio-control'\n","exitCode":128,"gitErrorCode":"IsInSubmodule"}
[2021-02-20 11:12:31.998] [exthost] [error] {"message":"Git error","stdout":"","stderr":"fatal: Pathspec '/home/soic/moxa-gpio-control/autom4te.cache' is in submodule 'moxa-gpio-control'\n","exitCode":128,"gitErrorCode":"IsInSubmodule"}
[2021-02-20 11:12:31.998] [exthost] [error] {"message":"Git error","stdout":"","stderr":"fatal: Pathspec '/home/soic/moxa-gpio-control/autom4te.cache' is in submodule 'moxa-gpio-control'\n","exitCode":128,"gitErrorCode":"IsInSubmodule"}
[2021-02-20 11:12:31.998] [exthost] [error] {"message":"Git error","stdout":"","stderr":"fatal: Pathspec '/home/soic/moxa-gpio-control/autom4te.cache' is in submodule 'moxa-gpio-control'\n","exitCode":128,"gitErrorCode":"IsInSubmodule"}
[2021-02-20 11:12:31.999] [exthost] [error] {"message":"Git error","stdout":"","stderr":"fatal: Pathspec '/home/soic/moxa-gpio-control/autom4te.cache' is in submodule 'moxa-gpio-control'\n","exitCode":128,"gitErrorCode":"IsInSubmodule"}
[2021-02-20 11:12:31.999] [exthost] [error] {"message":"Git error","stdout":"","stderr":"fatal: Pathspec '/home/soic/moxa-gpio-control/autom4te.cache' is in submodule 'moxa-gpio-control'\n","exitCode":128,"gitErrorCode":"IsInSubmodule"}
[2021-02-20 11:12:31.999] [exthost] [error] {"message":"Git error","stdout":"","stderr":"fatal: Pathspec '/home/soic/moxa-gpio-control/autom4te.cache' is in submodule 'moxa-gpio-control'\n","exitCode":128,"gitErrorCode":"IsInSubmodule"}
[2021-02-20 11:12:31.999] [exthost] [error] {"message":"Git error","stdout":"","stderr":"fatal: Pathspec '/home/soic/moxa-gpio-control/autom4te.cache' is in submodule 'moxa-gpio-control'\n","exitCode":128,"gitErrorCode":"IsInSubmodule"}
[2021-02-20 11:12:31.999] [exthost] [error] {"message":"Git error","stdout":"","stderr":"fatal: Pathspec '/home/soic/moxa-gpio-control/autom4te.cache' is in submodule 'moxa-gpio-control'\n","exitCode":128,"gitErrorCode":"IsInSubmodule"}
[2021-02-20 11:12:31.999] [exthost] [error] {"message":"Git error","stdout":"","stderr":"fatal: Pathspec '/home/soic/moxa-gpio-control/autom4te.cache' is in submodule 'moxa-gpio-control'\n","exitCode":128,"gitErrorCode":"IsInSubmodule"}
[2021-02-20 11:12:31.999] [exthost] [error] {"message":"Git error","stdout":"","stderr":"fatal: Pathspec '/home/soic/moxa-gpio-control/autom4te.cache' is in submodule 'moxa-gpio-control'\n","exitCode":128,"gitErrorCode":"IsInSubmodule"}
[2021-02-20 11:12:31.999] [exthost] [error] {"message":"Git error","stdout":"","stderr":"fatal: Pathspec '/home/soic/moxa-gpio-control/autom4te.cache' is in submodule 'moxa-gpio-control'\n","exitCode":128,"gitErrorCode":"IsInSubmodule"}
[2021-02-20 11:12:31.999] [exthost] [error] {"message":"Git error","stdout":"","stderr":"fatal: Pathspec '/home/soic/moxa-gpio-control/autom4te.cache' is in submodule 'moxa-gpio-control'\n","exitCode":128,"gitErrorCode":"IsInSubmodule"}
[2021-02-20 11:12:31.999] [exthost] [error] {"message":"Git error","stdout":"","stderr":"fatal: Pathspec '/home/soic/moxa-gpio-control/autom4te.cache' is in submodule 'moxa-gpio-control'\n","exitCode":128,"gitErrorCode":"IsInSubmodule"}
[2021-02-20 11:12:31.999] [exthost] [error] {"message":"Git error","stdout":"","stderr":"fatal: Pathspec '/home/soic/moxa-gpio-control/autom4te.cache' is in submodule 'moxa-gpio-control'\n","exitCode":128,"gitErrorCode":"IsInSubmodule"}
[2021-02-20 11:12:31.999] [exthost] [error] {"message":"Git error","stdout":"","stderr":"fatal: Pathspec '/home/soic/moxa-gpio-control/autom4te.cache' is in submodule 'moxa-gpio-control'\n","exitCode":128,"gitErrorCode":"IsInSubmodule"}
[2021-02-20 11:12:31.999] [exthost] [error] {"message":"Git error","stdout":"","stderr":"fatal: Pathspec '/home/soic/moxa-gpio-control/autom4te.cache' is in submodule 'moxa-gpio-control'\n","exitCode":128,"gitErrorCode":"IsInSubmodule"}
[2021-02-20 11:12:31.999] [exthost] [error] {"message":"Git error","stdout":"","stderr":"fatal: Pathspec '/home/soic/moxa-gpio-control/autom4te.cache' is in submodule 'moxa-gpio-control'\n","exitCode":128,"gitErrorCode":"IsInSubmodule"}
[2021-02-20 11:12:31.999] [exthost] [error] {"message":"Git error","stdout":"","stderr":"fatal: Pathspec '/home/soic/moxa-gpio-control/autom4te.cache' is in submodule 'moxa-gpio-control'\n","exitCode":128,"gitErrorCode":"IsInSubmodule"}
[2021-02-20 11:12:31.999] [exthost] [error] {"message":"Git error","stdout":"","stderr":"fatal: Pathspec '/home/soic/moxa-gpio-control/autom4te.cache' is in submodule 'moxa-gpio-control'\n","exitCode":128,"gitErrorCode":"IsInSubmodule"}
[2021-02-20 11:12:31.999] [exthost] [error] {"message":"Git error","stdout":"","stderr":"fatal: Pathspec '/home/soic/moxa-gpio-control/autom4te.cache' is in submodule 'moxa-gpio-control'\n","exitCode":128,"gitErrorCode":"IsInSubmodule"}
[2021-02-20 11:12:31.999] [exthost] [error] {"message":"Git error","stdout":"","stderr":"fatal: Pathspec '/home/soic/moxa-gpio-control/autom4te.cache' is in submodule 'moxa-gpio-control'\n","exitCode":128,"gitErrorCode":"IsInSubmodule"}
[2021-02-20 11:12:31.999] [exthost] [error] {"message":"Git error","stdout":"","stderr":"fatal: Pathspec '/home/soic/moxa-gpio-control/autom4te.cache' is in submodule 'moxa-gpio-control'\n","exitCode":128,"gitErrorCode":"IsInSubmodule"}
[2021-02-20 11:12:31.999] [exthost] [error] {"message":"Git error","stdout":"","stderr":"fatal: Pathspec '/home/soic/moxa-gpio-control/autom4te.cache' is in submodule 'moxa-gpio-control'\n","exitCode":128,"gitErrorCode":"IsInSubmodule"}
[2021-02-20 11:12:31.999] [exthost] [error] {"message":"Git error","stdout":"","stderr":"fatal: Pathspec '/home/soic/moxa-gpio-control/autom4te.cache' is in submodule 'moxa-gpio-control'\n","exitCode":128,"gitErrorCode":"IsInSubmodule"}
[2021-02-20 11:12:31.999] [exthost] [error] {"message":"Git error","stdout":"","stderr":"fatal: Pathspec '/home/soic/moxa-gpio-control/autom4te.cache' is in submodule 'moxa-gpio-control'\n","exitCode":128,"gitErrorCode":"IsInSubmodule"}
[2021-02-20 11:12:31.999] [exthost] [error] {"message":"Git error","stdout":"","stderr":"fatal: Pathspec '/home/soic/moxa-gpio-control/autom4te.cache' is in submodule 'moxa-gpio-control'\n","exitCode":128,"gitErrorCode":"IsInSubmodule"}
[2021-02-20 11:12:31.999] [exthost] [error] {"message":"Git error","stdout":"","stderr":"fatal: Pathspec '/home/soic/moxa-gpio-control/autom4te.cache' is in submodule 'moxa-gpio-control'\n","exitCode":128,"gitErrorCode":"IsInSubmodule"}
[2021-02-20 11:12:31.999] [exthost] [error] {"message":"Git error","stdout":"","stderr":"fatal: Pathspec '/home/soic/moxa-gpio-control/autom4te.cache' is in submodule 'moxa-gpio-control'\n","exitCode":128,"gitErrorCode":"IsInSubmodule"}
[2021-02-20 11:12:31.999] [exthost] [error] {"message":"Git error","stdout":"","stderr":"fatal: Pathspec '/home/soic/moxa-gpio-control/autom4te.cache' is in submodule 'moxa-gpio-control'\n","exitCode":128,"gitErrorCode":"IsInSubmodule"}
[2021-02-20 11:12:31.999] [exthost] [error] {"message":"Git error","stdout":"","stderr":"fatal: Pathspec '/home/soic/moxa-gpio-control/autom4te.cache' is in submodule 'moxa-gpio-control'\n","exitCode":128,"gitErrorCode":"IsInSubmodule"}
[2021-02-20 11:12:31.999] [exthost] [error] {"message":"Git error","stdout":"","stderr":"fatal: Pathspec '/home/soic/moxa-gpio-control/autom4te.cache' is in submodule 'moxa-gpio-control'\n","exitCode":128,"gitErrorCode":"IsInSubmodule"}
[2021-02-20 11:12:32.187] [exthost] [warning] [Decorations] CAPPING events from decorations provider vscode.git 798
[2021-02-20 11:12:32.928] [exthost] [info] eager extensions activated
[2021-02-20 11:12:32.981] [exthost] [warning] [Decorations] CAPPING events from decorations provider vscode.git 799
[2021-02-20 11:12:37.087] [exthost] [warning] [Decorations] CAPPING events from decorations provider vscode.git 799
[2021-02-20 11:12:42.184] [exthost] [warning] [Decorations] CAPPING events from decorations provider vscode.git 806
[2021-02-20 11:12:47.277] [exthost] [warning] [Decorations] CAPPING events from decorations provider vscode.git 806
[2021-02-20 11:12:52.371] [exthost] [warning] [Decorations] CAPPING events from decorations provider vscode.git 806
[2021-02-20 11:12:57.476] [exthost] [warning] [Decorations] CAPPING events from decorations provider vscode.git 806
[2021-02-20 11:13:02.587] [exthost] [warning] [Decorations] CAPPING events from decorations provider vscode.git 806
[2021-02-20 11:13:07.691] [exthost] [warning] [Decorations] CAPPING events from decorations provider vscode.git 806
[2021-02-20 11:13:12.787] [exthost] [warning] [Decorations] CAPPING events from decorations provider vscode.git 806
[2021-02-20 11:13:17.878] [exthost] [warning] [Decorations] CAPPING events from decorations provider vscode.git 806
[2021-02-20 11:13:22.974] [exthost] [warning] [Decorations] CAPPING events from decorations provider vscode.git 806
[2021-02-20 11:13:28.067] [exthost] [warning] [Decorations] CAPPING events from decorations provider vscode.git 806
[2021-02-20 11:13:33.212] [exthost] [warning] [Decorations] CAPPING events from decorations provider vscode.git 806
[2021-02-20 11:13:38.311] [exthost] [warning] [Decorations] CAPPING events from decorations provider vscode.git 806
[2021-02-20 11:13:43.414] [exthost] [warning] [Decorations] CAPPING events from decorations provider vscode.git 806
[2021-02-20 11:13:48.511] [exthost] [warning] [Decorations] CAPPING events from decorations provider vscode.git 806
[2021-02-20 11:13:53.615] [exthost] [warning] [Decorations] CAPPING events from decorations provider vscode.git 806
[2021-02-20 11:13:58.715] [exthost] [warning] [Decorations] CAPPING events from decorations provider vscode.git 806
[2021-02-20 11:14:03.824] [exthost] [warning] [Decorations] CAPPING events from decorations provider vscode.git 806
[2021-02-20 11:14:08.946] [exthost] [warning] [Decorations] CAPPING events from decorations provider vscode.git 806
[2021-02-20 11:14:14.052] [exthost] [warning] [Decorations] CAPPING events from decorations provider vscode.git 806
[2021-02-20 11:14:19.161] [exthost] [warning] [Decorations] CAPPING events from decorations provider vscode.git 806
[2021-02-20 11:14:24.274] [exthost] [warning] [Decorations] CAPPING events from decorations provider vscode.git 806
[2021-02-20 11:14:29.383] [exthost] [warning] [Decorations] CAPPING events from decorations provider vscode.git 806
[2021-02-20 11:14:34.499] [exthost] [warning] [Decorations] CAPPING events from decorations provider vscode.git 806
[2021-02-20 11:14:39.609] [exthost] [warning] [Decorations] CAPPING events from decorations provider vscode.git 806
[2021-02-20 11:14:44.716] [exthost] [warning] [Decorations] CAPPING events from decorations provider vscode.git 806
[2021-02-20 11:14:49.822] [exthost] [warning] [Decorations] CAPPING events from decorations provider vscode.git 806
[2021-02-20 11:14:54.932] [exthost] [warning] [Decorations] CAPPING events from decorations provider vscode.git 806
[2021-02-20 11:15:00.039] [exthost] [warning] [Decorations] CAPPING events from decorations provider vscode.git 806
[2021-02-20 11:15:05.154] [exthost] [warning] [Decorations] CAPPING events from decorations provider vscode.git 806
[2021-02-20 11:15:10.270] [exthost] [warning] [Decorations] CAPPING events from decorations provider vscode.git 806
[2021-02-20 11:15:15.378] [exthost] [warning] [Decorations] CAPPING events from decorations provider vscode.git 806
[2021-02-20 11:15:20.486] [exthost] [warning] [Decorations] CAPPING events from decorations provider vscode.git 806
[2021-02-20 11:15:25.610] [exthost] [warning] [Decorations] CAPPING events from decorations provider vscode.git 806
[2021-02-20 11:26:23.148] [exthost] [warning] [Decorations] CAPPING events from decorations provider vscode.git 806
[2021-02-20 11:26:23.985] [exthost] [warning] [Decorations] CAPPING events from decorations provider vscode.git 806
[2021-02-20 11:26:28.264] [exthost] [warning] [Decorations] CAPPING events from decorations provider vscode.git 806
[2021-02-20 11:26:33.374] [exthost] [warning] [Decorations] CAPPING events from decorations provider vscode.git 806
[2021-02-20 11:26:38.495] [exthost] [warning] [Decorations] CAPPING events from decorations provider vscode.git 806
[2021-02-20 11:26:43.602] [exthost] [warning] [Decorations] CAPPING events from decorations provider vscode.git 806
[2021-02-20 11:26:48.718] [exthost] [warning] [Decorations] CAPPING events from decorations provider vscode.git 806
[2021-02-20 11:26:53.832] [exthost] [warning] [Decorations] CAPPING events from decorations provider vscode.git 806
[2021-02-20 11:26:58.944] [exthost] [warning] [Decorations] CAPPING events from decorations provider vscode.git 806
[2021-02-20 11:27:04.064] [exthost] [warning] [Decorations] CAPPING events from decorations provider vscode.git 806
[2021-02-20 11:27:09.176] [exthost] [warning] [Decorations] CAPPING events from decorations provider vscode.git 806
[2021-02-20 11:27:14.287] [exthost] [warning] [Decorations] CAPPING events from decorations provider vscode.git 806
[2021-02-20 11:27:19.401] [exthost] [warning] [Decorations] CAPPING events from decorations provider vscode.git 806
[2021-02-20 11:27:24.524] [exthost] [warning] [Decorations] CAPPING events from decorations provider vscode.git 806
[2021-02-20 11:27:29.635] [exthost] [warning] [Decorations] CAPPING events from decorations provider vscode.git 806
[2021-02-20 11:27:34.747] [exthost] [warning] [Decorations] CAPPING events from decorations provider vscode.git 806
[2021-02-20 11:27:39.857] [exthost] [warning] [Decorations] CAPPING events from decorations provider vscode.git 806
[2021-02-20 11:27:44.965] [exthost] [warning] [Decorations] CAPPING events from decorations provider vscode.git 806
[2021-02-20 11:27:50.075] [exthost] [warning] [Decorations] CAPPING events from decorations provider vscode.git 806
[2021-02-20 11:27:55.188] [exthost] [warning] [Decorations] CAPPING events from decorations provider vscode.git 806
[2021-02-20 11:28:00.299] [exthost] [warning] [Decorations] CAPPING events from decorations provider vscode.git 806
[2021-02-20 11:28:05.413] [exthost] [warning] [Decorations] CAPPING events from decorations provider vscode.git 806
[2021-02-20 11:28:10.528] [exthost] [warning] [Decorations] CAPPING events from decorations provider vscode.git 806
[2021-02-20 11:28:15.636] [exthost] [warning] [Decorations] CAPPING events from decorations provider vscode.git 806
[2021-02-20 11:28:20.745] [exthost] [warning] [Decorations] CAPPING events from decorations provider vscode.git 806
[2021-02-20 11:28:25.864] [exthost] [warning] [Decorations] CAPPING events from decorations provider vscode.git 806
[2021-02-20 11:28:30.977] [exthost] [warning] [Decorations] CAPPING events from decorations provider vscode.git 806
[2021-02-20 11:28:36.085] [exthost] [warning] [Decorations] CAPPING events from decorations provider vscode.git 806
[2021-02-20 11:28:41.199] [exthost] [warning] [Decorations] CAPPING events from decorations provider vscode.git 806
[2021-02-20 11:28:46.306] [exthost] [warning] [Decorations] CAPPING events from decorations provider vscode.git 806
[2021-02-20 11:28:51.416] [exthost] [warning] [Decorations] CAPPING events from decorations provider vscode.git 806
[2021-02-20 11:28:56.528] [exthost] [warning] [Decorations] CAPPING events from decorations provider vscode.git 806
[2021-02-20 11:29:01.638] [exthost] [warning] [Decorations] CAPPING events from decorations provider vscode.git 806
[2021-02-20 11:29:06.744] [exthost] [warning] [Decorations] CAPPING events from decorations provider vscode.git 806
[2021-02-20 11:29:11.853] [exthost] [warning] [Decorations] CAPPING events from decorations provider vscode.git 806
[2021-02-20 11:29:16.961] [exthost] [warning] [Decorations] CAPPING events from decorations provider vscode.git 806
[2021-02-20 11:29:22.093] [exthost] [warning] [Decorations] CAPPING events from decorations provider vscode.git 806
[2021-02-20 11:29:25.071] [exthost] [warning] [Decorations] CAPPING events from decorations provider vscode.git 806
[2021-02-20 11:29:27.207] [exthost] [warning] [Decorations] CAPPING events from decorations provider vscode.git 806
[2021-02-20 11:29:32.328] [exthost] [warning] [Decorations] CAPPING events from decorations provider vscode.git 806
[2021-02-20 11:29:37.444] [exthost] [warning] [Decorations] CAPPING events from decorations provider vscode.git 806
[2021-02-20 11:29:42.553] [exthost] [warning] [Decorations] CAPPING events from decorations provider vscode.git 806
[2021-02-20 11:29:47.663] [exthost] [warning] [Decorations] CAPPING events from decorations provider vscode.git 806
[2021-02-20 11:29:52.799] [exthost] [warning] [Decorations] CAPPING events from decorations provider vscode.git 806
[2021-02-20 11:29:57.925] [exthost] [warning] [Decorations] CAPPING events from decorations provider vscode.git 807
[2021-02-20 11:30:03.050] [exthost] [warning] [Decorations] CAPPING events from decorations provider vscode.git 807
[2021-02-20 11:30:08.185] [exthost] [warning] [Decorations] CAPPING events from decorations provider vscode.git 806
[2021-02-20 11:30:14.688] [exthost] [warning] [Decorations] CAPPING events from decorations provider vscode.git 806
