[2021-03-02 08:49:40.685] [exthost] [info] extension host started
[2021-03-02 08:49:44.384] [exthost] [info] ExtensionService#_doActivateExtension ms-vscode.cpptools {"startup":false,"extensionId":{"value":"ms-vscode.cpptools","_lower":"ms-vscode.cpptools"},"activationEvent":"onLanguage:cpp"}
[2021-03-02 08:49:44.384] [exthost] [info] ExtensionService#loadCommonJSModule file:///home/soic/.vscode-server/extensions/ms-vscode.cpptools-1.2.2/dist/main
[2021-03-02 08:49:44.484] [exthost] [info] ExtensionService#_doActivateExtension vscode.debug-auto-launch {"startup":true,"extensionId":{"value":"vscode.debug-auto-launch","_lower":"vscode.debug-auto-launch"},"activationEvent":"*"}
[2021-03-02 08:49:44.484] [exthost] [info] ExtensionService#loadCommonJSModule file:///home/soic/.vscode-server/bin/622cb03f7e070a9670c94bae1a45d78d7181fbd4/extensions/debug-auto-launch/dist/extension
[2021-03-02 08:49:44.488] [exthost] [info] ExtensionService#_doActivateExtension vscode.git {"startup":true,"extensionId":{"value":"vscode.github","_lower":"vscode.github"},"activationEvent":"*"}
[2021-03-02 08:49:44.489] [exthost] [info] ExtensionService#loadCommonJSModule file:///home/soic/.vscode-server/bin/622cb03f7e070a9670c94bae1a45d78d7181fbd4/extensions/git/dist/main
[2021-03-02 08:49:48.636] [exthost] [info] ExtensionService#_doActivateExtension vscode.github {"startup":true,"extensionId":{"value":"vscode.github","_lower":"vscode.github"},"activationEvent":"*"}
[2021-03-02 08:49:48.636] [exthost] [info] ExtensionService#loadCommonJSModule file:///home/soic/.vscode-server/bin/622cb03f7e070a9670c94bae1a45d78d7181fbd4/extensions/github/dist/extension.js
[2021-03-02 08:49:48.644] [exthost] [info] ExtensionService#_doActivateExtension ms-vscode.cmake-tools {"startup":true,"extensionId":{"value":"ms-vscode.cmake-tools","_lower":"ms-vscode.cmake-tools"},"activationEvent":"workspaceContains:**/CMakeLists.txt"}
[2021-03-02 08:49:48.644] [exthost] [info] ExtensionService#loadCommonJSModule file:///home/soic/.vscode-server/extensions/ms-vscode.cmake-tools-1.6.0/dist/main
[2021-03-02 08:49:49.039] [exthost] [info] ExtensionService#_doActivateExtension ms-vscode.js-debug {"startup":false,"extensionId":{"value":"ms-vscode.js-debug","_lower":"ms-vscode.js-debug"},"activationEvent":"onCommand:extension.js-debug.clearAutoAttachVariables"}
[2021-03-02 08:49:49.040] [exthost] [info] ExtensionService#loadCommonJSModule file:///home/soic/.vscode-server/bin/622cb03f7e070a9670c94bae1a45d78d7181fbd4/extensions/ms-vscode.js-debug/src/extension.js
[2021-03-02 08:49:49.369] [exthost] [info] ExtensionService#_doActivateExtension vscode.emmet {"startup":false,"extensionId":{"value":"vscode.emmet","_lower":"vscode.emmet"},"activationEvent":"onStartupFinished"}
[2021-03-02 08:49:49.369] [exthost] [info] ExtensionService#loadCommonJSModule file:///home/soic/.vscode-server/bin/622cb03f7e070a9670c94bae1a45d78d7181fbd4/extensions/emmet/dist/node/emmetNodeMain
[2021-03-02 08:49:49.383] [exthost] [info] ExtensionService#_doActivateExtension vscode.merge-conflict {"startup":false,"extensionId":{"value":"vscode.merge-conflict","_lower":"vscode.merge-conflict"},"activationEvent":"onStartupFinished"}
[2021-03-02 08:49:49.383] [exthost] [info] ExtensionService#loadCommonJSModule file:///home/soic/.vscode-server/bin/622cb03f7e070a9670c94bae1a45d78d7181fbd4/extensions/merge-conflict/dist/mergeConflictMain
[2021-03-02 08:49:49.388] [exthost] [info] ExtensionService#_doActivateExtension vscode.testing-editor-contributions {"startup":false,"extensionId":{"value":"vscode.testing-editor-contributions","_lower":"vscode.testing-editor-contributions"},"activationEvent":"onStartupFinished"}
[2021-03-02 08:49:49.388] [exthost] [info] ExtensionService#loadCommonJSModule file:///home/soic/.vscode-server/bin/622cb03f7e070a9670c94bae1a45d78d7181fbd4/extensions/testing-editor-contributions/dist/extension.js
[2021-03-02 08:49:49.393] [exthost] [info] eager extensions activated
[2021-03-03 11:20:05.109] [exthost] [info] extension host terminating: renderer disconnected for too long (1)
[2021-03-03 11:20:06.125] [exthost] [info] exiting with code 0
