[2021-03-15 14:20:21.544] [exthost] [info] extension host started
[2021-03-15 14:20:21.622] [exthost] [info] ExtensionService#_doActivateExtension ms-vscode.cpptools {"startup":false,"extensionId":{"value":"ms-vscode.cpptools","_lower":"ms-vscode.cpptools"},"activationEvent":"onLanguage:cpp"}
[2021-03-15 14:20:21.622] [exthost] [info] ExtensionService#loadCommonJSModule file:///home/soic/.vscode-server/extensions/ms-vscode.cpptools-1.2.2/dist/main
[2021-03-15 14:20:21.729] [exthost] [info] ExtensionService#_doActivateExtension vscode.debug-auto-launch {"startup":true,"extensionId":{"value":"vscode.debug-auto-launch","_lower":"vscode.debug-auto-launch"},"activationEvent":"*"}
[2021-03-15 14:20:21.729] [exthost] [info] ExtensionService#loadCommonJSModule file:///home/soic/.vscode-server/bin/f30a9b73e8ffc278e71575118b6bf568f04587c8/extensions/debug-auto-launch/dist/extension
[2021-03-15 14:20:21.735] [exthost] [info] ExtensionService#_doActivateExtension vscode.git {"startup":true,"extensionId":{"value":"vscode.github","_lower":"vscode.github"},"activationEvent":"*"}
[2021-03-15 14:20:21.735] [exthost] [info] ExtensionService#loadCommonJSModule file:///home/soic/.vscode-server/bin/f30a9b73e8ffc278e71575118b6bf568f04587c8/extensions/git/dist/main
[2021-03-15 14:20:22.350] [exthost] [info] ExtensionService#_doActivateExtension vscode.github {"startup":true,"extensionId":{"value":"vscode.github","_lower":"vscode.github"},"activationEvent":"*"}
[2021-03-15 14:20:22.350] [exthost] [info] ExtensionService#loadCommonJSModule file:///home/soic/.vscode-server/bin/f30a9b73e8ffc278e71575118b6bf568f04587c8/extensions/github/dist/extension.js
[2021-03-15 14:20:22.901] [exthost] [info] ExtensionService#_doActivateExtension ms-vscode.cmake-tools {"startup":true,"extensionId":{"value":"ms-vscode.cmake-tools","_lower":"ms-vscode.cmake-tools"},"activationEvent":"workspaceContains:**/CMakeLists.txt"}
[2021-03-15 14:20:22.901] [exthost] [info] ExtensionService#loadCommonJSModule file:///home/soic/.vscode-server/extensions/ms-vscode.cmake-tools-1.6.0/dist/main
[2021-03-15 14:20:23.152] [exthost] [info] ExtensionService#_doActivateExtension ms-vscode.js-debug {"startup":false,"extensionId":{"value":"ms-vscode.js-debug","_lower":"ms-vscode.js-debug"},"activationEvent":"onCommand:extension.js-debug.clearAutoAttachVariables"}
[2021-03-15 14:20:23.152] [exthost] [info] ExtensionService#loadCommonJSModule file:///home/soic/.vscode-server/bin/f30a9b73e8ffc278e71575118b6bf568f04587c8/extensions/ms-vscode.js-debug/src/extension.js
[2021-03-15 14:20:23.691] [exthost] [error] {"message":"Git error","stdout":"","stderr":"fatal: Pathspec '/home/soic/git_test/index.html' is in submodule 'git_test'\n","exitCode":128,"gitErrorCode":"IsInSubmodule"}
[2021-03-15 14:20:23.692] [exthost] [error] {"message":"Git error","stdout":"","stderr":"fatal: Pathspec '/home/soic/git_test/index.html' is in submodule 'git_test'\n","exitCode":128,"gitErrorCode":"IsInSubmodule"}
[2021-03-15 14:20:23.692] [exthost] [error] {"message":"Git error","stdout":"","stderr":"fatal: Pathspec '/home/soic/git_test/index.html' is in submodule 'git_test'\n","exitCode":128,"gitErrorCode":"IsInSubmodule"}
[2021-03-15 14:20:23.692] [exthost] [error] {"message":"Git error","stdout":"","stderr":"fatal: Pathspec '/home/soic/git_test/index.html' is in submodule 'git_test'\n","exitCode":128,"gitErrorCode":"IsInSubmodule"}
[2021-03-15 14:20:23.692] [exthost] [error] {"message":"Git error","stdout":"","stderr":"fatal: Pathspec '/home/soic/git_test/index.html' is in submodule 'git_test'\n","exitCode":128,"gitErrorCode":"IsInSubmodule"}
[2021-03-15 14:20:23.692] [exthost] [error] {"message":"Git error","stdout":"","stderr":"fatal: Pathspec '/home/soic/git_test/index.html' is in submodule 'git_test'\n","exitCode":128,"gitErrorCode":"IsInSubmodule"}
[2021-03-15 14:20:23.692] [exthost] [error] {"message":"Git error","stdout":"","stderr":"fatal: Pathspec '/home/soic/git_test/index.html' is in submodule 'git_test'\n","exitCode":128,"gitErrorCode":"IsInSubmodule"}
[2021-03-15 14:20:23.692] [exthost] [error] {"message":"Git error","stdout":"","stderr":"fatal: Pathspec '/home/soic/git_test/index.html' is in submodule 'git_test'\n","exitCode":128,"gitErrorCode":"IsInSubmodule"}
[2021-03-15 14:20:23.692] [exthost] [error] {"message":"Git error","stdout":"","stderr":"fatal: Pathspec '/home/soic/git_test/index.html' is in submodule 'git_test'\n","exitCode":128,"gitErrorCode":"IsInSubmodule"}
[2021-03-15 14:20:23.692] [exthost] [error] {"message":"Git error","stdout":"","stderr":"fatal: Pathspec '/home/soic/git_test/index.html' is in submodule 'git_test'\n","exitCode":128,"gitErrorCode":"IsInSubmodule"}
[2021-03-15 14:20:23.692] [exthost] [error] {"message":"Git error","stdout":"","stderr":"fatal: Pathspec '/home/soic/git_test/index.html' is in submodule 'git_test'\n","exitCode":128,"gitErrorCode":"IsInSubmodule"}
[2021-03-15 14:20:23.692] [exthost] [error] {"message":"Git error","stdout":"","stderr":"fatal: Pathspec '/home/soic/git_test/index.html' is in submodule 'git_test'\n","exitCode":128,"gitErrorCode":"IsInSubmodule"}
[2021-03-15 14:20:23.692] [exthost] [error] {"message":"Git error","stdout":"","stderr":"fatal: Pathspec '/home/soic/git_test/index.html' is in submodule 'git_test'\n","exitCode":128,"gitErrorCode":"IsInSubmodule"}
[2021-03-15 14:20:23.692] [exthost] [error] {"message":"Git error","stdout":"","stderr":"fatal: Pathspec '/home/soic/git_test/index.html' is in submodule 'git_test'\n","exitCode":128,"gitErrorCode":"IsInSubmodule"}
[2021-03-15 14:20:23.692] [exthost] [error] {"message":"Git error","stdout":"","stderr":"fatal: Pathspec '/home/soic/git_test/index.html' is in submodule 'git_test'\n","exitCode":128,"gitErrorCode":"IsInSubmodule"}
[2021-03-15 14:20:23.692] [exthost] [error] {"message":"Git error","stdout":"","stderr":"fatal: Pathspec '/home/soic/git_test/index.html' is in submodule 'git_test'\n","exitCode":128,"gitErrorCode":"IsInSubmodule"}
[2021-03-15 14:20:23.692] [exthost] [error] {"message":"Git error","stdout":"","stderr":"fatal: Pathspec '/home/soic/git_test/index.html' is in submodule 'git_test'\n","exitCode":128,"gitErrorCode":"IsInSubmodule"}
[2021-03-15 14:20:23.692] [exthost] [error] {"message":"Git error","stdout":"","stderr":"fatal: Pathspec '/home/soic/git_test/index.html' is in submodule 'git_test'\n","exitCode":128,"gitErrorCode":"IsInSubmodule"}
[2021-03-15 14:20:23.692] [exthost] [error] {"message":"Git error","stdout":"","stderr":"fatal: Pathspec '/home/soic/git_test/index.html' is in submodule 'git_test'\n","exitCode":128,"gitErrorCode":"IsInSubmodule"}
[2021-03-15 14:20:23.692] [exthost] [error] {"message":"Git error","stdout":"","stderr":"fatal: Pathspec '/home/soic/git_test/index.html' is in submodule 'git_test'\n","exitCode":128,"gitErrorCode":"IsInSubmodule"}
[2021-03-15 14:20:23.692] [exthost] [error] {"message":"Git error","stdout":"","stderr":"fatal: Pathspec '/home/soic/git_test/index.html' is in submodule 'git_test'\n","exitCode":128,"gitErrorCode":"IsInSubmodule"}
[2021-03-15 14:20:23.692] [exthost] [error] {"message":"Git error","stdout":"","stderr":"fatal: Pathspec '/home/soic/git_test/index.html' is in submodule 'git_test'\n","exitCode":128,"gitErrorCode":"IsInSubmodule"}
[2021-03-15 14:20:23.692] [exthost] [error] {"message":"Git error","stdout":"","stderr":"fatal: Pathspec '/home/soic/git_test/index.html' is in submodule 'git_test'\n","exitCode":128,"gitErrorCode":"IsInSubmodule"}
[2021-03-15 14:20:23.692] [exthost] [error] {"message":"Git error","stdout":"","stderr":"fatal: Pathspec '/home/soic/git_test/index.html' is in submodule 'git_test'\n","exitCode":128,"gitErrorCode":"IsInSubmodule"}
[2021-03-15 14:20:23.692] [exthost] [error] {"message":"Git error","stdout":"","stderr":"fatal: Pathspec '/home/soic/git_test/index.html' is in submodule 'git_test'\n","exitCode":128,"gitErrorCode":"IsInSubmodule"}
[2021-03-15 14:20:23.692] [exthost] [error] {"message":"Git error","stdout":"","stderr":"fatal: Pathspec '/home/soic/git_test/index.html' is in submodule 'git_test'\n","exitCode":128,"gitErrorCode":"IsInSubmodule"}
[2021-03-15 14:20:23.692] [exthost] [error] {"message":"Git error","stdout":"","stderr":"fatal: Pathspec '/home/soic/git_test/index.html' is in submodule 'git_test'\n","exitCode":128,"gitErrorCode":"IsInSubmodule"}
[2021-03-15 14:20:23.692] [exthost] [error] {"message":"Git error","stdout":"","stderr":"fatal: Pathspec '/home/soic/git_test/index.html' is in submodule 'git_test'\n","exitCode":128,"gitErrorCode":"IsInSubmodule"}
[2021-03-15 14:20:23.692] [exthost] [error] {"message":"Git error","stdout":"","stderr":"fatal: Pathspec '/home/soic/git_test/index.html' is in submodule 'git_test'\n","exitCode":128,"gitErrorCode":"IsInSubmodule"}
[2021-03-15 14:20:23.692] [exthost] [error] {"message":"Git error","stdout":"","stderr":"fatal: Pathspec '/home/soic/git_test/index.html' is in submodule 'git_test'\n","exitCode":128,"gitErrorCode":"IsInSubmodule"}
[2021-03-15 14:20:23.692] [exthost] [error] {"message":"Git error","stdout":"","stderr":"fatal: Pathspec '/home/soic/git_test/index.html' is in submodule 'git_test'\n","exitCode":128,"gitErrorCode":"IsInSubmodule"}
[2021-03-15 14:20:23.692] [exthost] [error] {"message":"Git error","stdout":"","stderr":"fatal: Pathspec '/home/soic/git_test/index.html' is in submodule 'git_test'\n","exitCode":128,"gitErrorCode":"IsInSubmodule"}
[2021-03-15 14:20:23.692] [exthost] [error] {"message":"Git error","stdout":"","stderr":"fatal: Pathspec '/home/soic/git_test/index.html' is in submodule 'git_test'\n","exitCode":128,"gitErrorCode":"IsInSubmodule"}
[2021-03-15 14:20:23.692] [exthost] [error] {"message":"Git error","stdout":"","stderr":"fatal: Pathspec '/home/soic/git_test/index.html' is in submodule 'git_test'\n","exitCode":128,"gitErrorCode":"IsInSubmodule"}
[2021-03-15 14:20:23.692] [exthost] [error] {"message":"Git error","stdout":"","stderr":"fatal: Pathspec '/home/soic/git_test/index.html' is in submodule 'git_test'\n","exitCode":128,"gitErrorCode":"IsInSubmodule"}
[2021-03-15 14:20:23.692] [exthost] [error] {"message":"Git error","stdout":"","stderr":"fatal: Pathspec '/home/soic/git_test/index.html' is in submodule 'git_test'\n","exitCode":128,"gitErrorCode":"IsInSubmodule"}
[2021-03-15 14:20:23.692] [exthost] [error] {"message":"Git error","stdout":"","stderr":"fatal: Pathspec '/home/soic/git_test/index.html' is in submodule 'git_test'\n","exitCode":128,"gitErrorCode":"IsInSubmodule"}
[2021-03-15 14:20:23.692] [exthost] [error] {"message":"Git error","stdout":"","stderr":"fatal: Pathspec '/home/soic/git_test/index.html' is in submodule 'git_test'\n","exitCode":128,"gitErrorCode":"IsInSubmodule"}
[2021-03-15 14:20:23.692] [exthost] [error] {"message":"Git error","stdout":"","stderr":"fatal: Pathspec '/home/soic/git_test/index.html' is in submodule 'git_test'\n","exitCode":128,"gitErrorCode":"IsInSubmodule"}
[2021-03-15 14:20:23.692] [exthost] [error] {"message":"Git error","stdout":"","stderr":"fatal: Pathspec '/home/soic/git_test/index.html' is in submodule 'git_test'\n","exitCode":128,"gitErrorCode":"IsInSubmodule"}
[2021-03-15 14:20:23.692] [exthost] [error] {"message":"Git error","stdout":"","stderr":"fatal: Pathspec '/home/soic/git_test/index.html' is in submodule 'git_test'\n","exitCode":128,"gitErrorCode":"IsInSubmodule"}
[2021-03-15 14:20:23.692] [exthost] [error] {"message":"Git error","stdout":"","stderr":"fatal: Pathspec '/home/soic/git_test/index.html' is in submodule 'git_test'\n","exitCode":128,"gitErrorCode":"IsInSubmodule"}
[2021-03-15 14:20:23.692] [exthost] [error] {"message":"Git error","stdout":"","stderr":"fatal: Pathspec '/home/soic/git_test/index.html' is in submodule 'git_test'\n","exitCode":128,"gitErrorCode":"IsInSubmodule"}
[2021-03-15 14:20:23.692] [exthost] [error] {"message":"Git error","stdout":"","stderr":"fatal: Pathspec '/home/soic/git_test/index.html' is in submodule 'git_test'\n","exitCode":128,"gitErrorCode":"IsInSubmodule"}
[2021-03-15 14:20:23.692] [exthost] [error] {"message":"Git error","stdout":"","stderr":"fatal: Pathspec '/home/soic/git_test/index.html' is in submodule 'git_test'\n","exitCode":128,"gitErrorCode":"IsInSubmodule"}
[2021-03-15 14:20:23.692] [exthost] [error] {"message":"Git error","stdout":"","stderr":"fatal: Pathspec '/home/soic/git_test/index.html' is in submodule 'git_test'\n","exitCode":128,"gitErrorCode":"IsInSubmodule"}
[2021-03-15 14:20:23.692] [exthost] [error] {"message":"Git error","stdout":"","stderr":"fatal: Pathspec '/home/soic/git_test/index.html' is in submodule 'git_test'\n","exitCode":128,"gitErrorCode":"IsInSubmodule"}
[2021-03-15 14:20:23.692] [exthost] [error] {"message":"Git error","stdout":"","stderr":"fatal: Pathspec '/home/soic/git_test/index.html' is in submodule 'git_test'\n","exitCode":128,"gitErrorCode":"IsInSubmodule"}
[2021-03-15 14:20:23.692] [exthost] [error] {"message":"Git error","stdout":"","stderr":"fatal: Pathspec '/home/soic/git_test/index.html' is in submodule 'git_test'\n","exitCode":128,"gitErrorCode":"IsInSubmodule"}
[2021-03-15 14:20:23.692] [exthost] [error] {"message":"Git error","stdout":"","stderr":"fatal: Pathspec '/home/soic/git_test/index.html' is in submodule 'git_test'\n","exitCode":128,"gitErrorCode":"IsInSubmodule"}
[2021-03-15 14:20:23.692] [exthost] [error] {"message":"Git error","stdout":"","stderr":"fatal: Pathspec '/home/soic/git_test/index.html' is in submodule 'git_test'\n","exitCode":128,"gitErrorCode":"IsInSubmodule"}
[2021-03-15 14:20:23.692] [exthost] [error] {"message":"Git error","stdout":"","stderr":"fatal: Pathspec '/home/soic/git_test/index.html' is in submodule 'git_test'\n","exitCode":128,"gitErrorCode":"IsInSubmodule"}
[2021-03-15 14:20:23.692] [exthost] [error] {"message":"Git error","stdout":"","stderr":"fatal: Pathspec '/home/soic/git_test/index.html' is in submodule 'git_test'\n","exitCode":128,"gitErrorCode":"IsInSubmodule"}
[2021-03-15 14:20:23.692] [exthost] [error] {"message":"Git error","stdout":"","stderr":"fatal: Pathspec '/home/soic/git_test/index.html' is in submodule 'git_test'\n","exitCode":128,"gitErrorCode":"IsInSubmodule"}
[2021-03-15 14:20:23.692] [exthost] [error] {"message":"Git error","stdout":"","stderr":"fatal: Pathspec '/home/soic/git_test/index.html' is in submodule 'git_test'\n","exitCode":128,"gitErrorCode":"IsInSubmodule"}
[2021-03-15 14:20:23.692] [exthost] [error] {"message":"Git error","stdout":"","stderr":"fatal: Pathspec '/home/soic/git_test/index.html' is in submodule 'git_test'\n","exitCode":128,"gitErrorCode":"IsInSubmodule"}
[2021-03-15 14:20:23.692] [exthost] [error] {"message":"Git error","stdout":"","stderr":"fatal: Pathspec '/home/soic/git_test/index.html' is in submodule 'git_test'\n","exitCode":128,"gitErrorCode":"IsInSubmodule"}
[2021-03-15 14:20:23.692] [exthost] [error] {"message":"Git error","stdout":"","stderr":"fatal: Pathspec '/home/soic/git_test/index.html' is in submodule 'git_test'\n","exitCode":128,"gitErrorCode":"IsInSubmodule"}
[2021-03-15 14:20:23.692] [exthost] [error] {"message":"Git error","stdout":"","stderr":"fatal: Pathspec '/home/soic/git_test/index.html' is in submodule 'git_test'\n","exitCode":128,"gitErrorCode":"IsInSubmodule"}
[2021-03-15 14:20:23.692] [exthost] [error] {"message":"Git error","stdout":"","stderr":"fatal: Pathspec '/home/soic/git_test/index.html' is in submodule 'git_test'\n","exitCode":128,"gitErrorCode":"IsInSubmodule"}
[2021-03-15 14:20:23.692] [exthost] [error] {"message":"Git error","stdout":"","stderr":"fatal: Pathspec '/home/soic/git_test/index.html' is in submodule 'git_test'\n","exitCode":128,"gitErrorCode":"IsInSubmodule"}
[2021-03-15 14:20:23.692] [exthost] [error] {"message":"Git error","stdout":"","stderr":"fatal: Pathspec '/home/soic/git_test/index.html' is in submodule 'git_test'\n","exitCode":128,"gitErrorCode":"IsInSubmodule"}
[2021-03-15 14:20:23.692] [exthost] [error] {"message":"Git error","stdout":"","stderr":"fatal: Pathspec '/home/soic/git_test/index.html' is in submodule 'git_test'\n","exitCode":128,"gitErrorCode":"IsInSubmodule"}
[2021-03-15 14:20:23.693] [exthost] [error] {"message":"Git error","stdout":"","stderr":"fatal: Pathspec '/home/soic/git_test/index.html' is in submodule 'git_test'\n","exitCode":128,"gitErrorCode":"IsInSubmodule"}
[2021-03-15 14:20:23.693] [exthost] [error] {"message":"Git error","stdout":"","stderr":"fatal: Pathspec '/home/soic/git_test/index.html' is in submodule 'git_test'\n","exitCode":128,"gitErrorCode":"IsInSubmodule"}
[2021-03-15 14:20:23.693] [exthost] [error] {"message":"Git error","stdout":"","stderr":"fatal: Pathspec '/home/soic/git_test/index.html' is in submodule 'git_test'\n","exitCode":128,"gitErrorCode":"IsInSubmodule"}
[2021-03-15 14:20:23.693] [exthost] [error] {"message":"Git error","stdout":"","stderr":"fatal: Pathspec '/home/soic/git_test/index.html' is in submodule 'git_test'\n","exitCode":128,"gitErrorCode":"IsInSubmodule"}
[2021-03-15 14:20:23.693] [exthost] [error] {"message":"Git error","stdout":"","stderr":"fatal: Pathspec '/home/soic/git_test/index.html' is in submodule 'git_test'\n","exitCode":128,"gitErrorCode":"IsInSubmodule"}
[2021-03-15 14:20:23.693] [exthost] [error] {"message":"Git error","stdout":"","stderr":"fatal: Pathspec '/home/soic/git_test/index.html' is in submodule 'git_test'\n","exitCode":128,"gitErrorCode":"IsInSubmodule"}
[2021-03-15 14:20:23.693] [exthost] [error] {"message":"Git error","stdout":"","stderr":"fatal: Pathspec '/home/soic/git_test/index.html' is in submodule 'git_test'\n","exitCode":128,"gitErrorCode":"IsInSubmodule"}
[2021-03-15 14:20:23.693] [exthost] [error] {"message":"Git error","stdout":"","stderr":"fatal: Pathspec '/home/soic/git_test/index.html' is in submodule 'git_test'\n","exitCode":128,"gitErrorCode":"IsInSubmodule"}
[2021-03-15 14:20:23.693] [exthost] [error] {"message":"Git error","stdout":"","stderr":"fatal: Pathspec '/home/soic/git_test/index.html' is in submodule 'git_test'\n","exitCode":128,"gitErrorCode":"IsInSubmodule"}
[2021-03-15 14:20:23.693] [exthost] [error] {"message":"Git error","stdout":"","stderr":"fatal: Pathspec '/home/soic/git_test/index.html' is in submodule 'git_test'\n","exitCode":128,"gitErrorCode":"IsInSubmodule"}
[2021-03-15 14:20:23.693] [exthost] [error] {"message":"Git error","stdout":"","stderr":"fatal: Pathspec '/home/soic/git_test/index.html' is in submodule 'git_test'\n","exitCode":128,"gitErrorCode":"IsInSubmodule"}
[2021-03-15 14:20:23.693] [exthost] [error] {"message":"Git error","stdout":"","stderr":"fatal: Pathspec '/home/soic/git_test/index.html' is in submodule 'git_test'\n","exitCode":128,"gitErrorCode":"IsInSubmodule"}
[2021-03-15 14:20:23.693] [exthost] [error] {"message":"Git error","stdout":"","stderr":"fatal: Pathspec '/home/soic/git_test/index.html' is in submodule 'git_test'\n","exitCode":128,"gitErrorCode":"IsInSubmodule"}
[2021-03-15 14:20:23.693] [exthost] [error] {"message":"Git error","stdout":"","stderr":"fatal: Pathspec '/home/soic/git_test/index.html' is in submodule 'git_test'\n","exitCode":128,"gitErrorCode":"IsInSubmodule"}
[2021-03-15 14:20:23.693] [exthost] [error] {"message":"Git error","stdout":"","stderr":"fatal: Pathspec '/home/soic/git_test/index.html' is in submodule 'git_test'\n","exitCode":128,"gitErrorCode":"IsInSubmodule"}
[2021-03-15 14:20:23.693] [exthost] [error] {"message":"Git error","stdout":"","stderr":"fatal: Pathspec '/home/soic/git_test/index.html' is in submodule 'git_test'\n","exitCode":128,"gitErrorCode":"IsInSubmodule"}
[2021-03-15 14:20:23.693] [exthost] [error] {"message":"Git error","stdout":"","stderr":"fatal: Pathspec '/home/soic/git_test/index.html' is in submodule 'git_test'\n","exitCode":128,"gitErrorCode":"IsInSubmodule"}
[2021-03-15 14:20:23.693] [exthost] [error] {"message":"Git error","stdout":"","stderr":"fatal: Pathspec '/home/soic/git_test/index.html' is in submodule 'git_test'\n","exitCode":128,"gitErrorCode":"IsInSubmodule"}
[2021-03-15 14:20:23.693] [exthost] [error] {"message":"Git error","stdout":"","stderr":"fatal: Pathspec '/home/soic/git_test/index.html' is in submodule 'git_test'\n","exitCode":128,"gitErrorCode":"IsInSubmodule"}
[2021-03-15 14:20:25.129] [exthost] [info] ExtensionService#_doActivateExtension vscode.emmet {"startup":false,"extensionId":{"value":"vscode.emmet","_lower":"vscode.emmet"},"activationEvent":"onStartupFinished"}
[2021-03-15 14:20:25.129] [exthost] [info] ExtensionService#loadCommonJSModule file:///home/soic/.vscode-server/bin/f30a9b73e8ffc278e71575118b6bf568f04587c8/extensions/emmet/dist/node/emmetNodeMain
[2021-03-15 14:20:25.144] [exthost] [info] ExtensionService#_doActivateExtension vscode.merge-conflict {"startup":false,"extensionId":{"value":"vscode.merge-conflict","_lower":"vscode.merge-conflict"},"activationEvent":"onStartupFinished"}
[2021-03-15 14:20:25.144] [exthost] [info] ExtensionService#loadCommonJSModule file:///home/soic/.vscode-server/bin/f30a9b73e8ffc278e71575118b6bf568f04587c8/extensions/merge-conflict/dist/mergeConflictMain
[2021-03-15 14:20:25.154] [exthost] [info] ExtensionService#_doActivateExtension vscode.testing-editor-contributions {"startup":false,"extensionId":{"value":"vscode.testing-editor-contributions","_lower":"vscode.testing-editor-contributions"},"activationEvent":"onStartupFinished"}
[2021-03-15 14:20:25.154] [exthost] [info] ExtensionService#loadCommonJSModule file:///home/soic/.vscode-server/bin/f30a9b73e8ffc278e71575118b6bf568f04587c8/extensions/testing-editor-contributions/dist/extension.js
[2021-03-15 14:20:25.156] [exthost] [info] eager extensions activated
[2021-03-15 14:24:20.129] [exthost] [info] ExtensionService#_doActivateExtension vscode.css-language-features {"startup":false,"extensionId":{"value":"vscode.css-language-features","_lower":"vscode.css-language-features"},"activationEvent":"onLanguage:css"}
[2021-03-15 14:24:20.129] [exthost] [info] ExtensionService#loadCommonJSModule file:///home/soic/.vscode-server/bin/f30a9b73e8ffc278e71575118b6bf568f04587c8/extensions/css-language-features/client/dist/node/cssClientMain
[2021-03-15 14:24:20.190] [exthost] [info] ExtensionService#_doActivateExtension vscode.typescript-language-features {"startup":false,"extensionId":{"value":"vscode.typescript-language-features","_lower":"vscode.typescript-language-features"},"activationEvent":"onLanguage:javascript"}
[2021-03-15 14:24:20.190] [exthost] [info] ExtensionService#loadCommonJSModule file:///home/soic/.vscode-server/bin/f30a9b73e8ffc278e71575118b6bf568f04587c8/extensions/typescript-language-features/dist/extension
[2021-03-15 14:24:20.224] [exthost] [info] ExtensionService#_doActivateExtension vscode.configuration-editing {"startup":false,"extensionId":{"value":"vscode.configuration-editing","_lower":"vscode.configuration-editing"},"activationEvent":"onLanguage:json"}
[2021-03-15 14:24:20.224] [exthost] [info] ExtensionService#loadCommonJSModule file:///home/soic/.vscode-server/bin/f30a9b73e8ffc278e71575118b6bf568f04587c8/extensions/configuration-editing/dist/configurationEditingMain
[2021-03-15 14:24:20.239] [exthost] [info] ExtensionService#_doActivateExtension vscode.extension-editing {"startup":false,"extensionId":{"value":"vscode.extension-editing","_lower":"vscode.extension-editing"},"activationEvent":"onLanguage:json"}
[2021-03-15 14:24:20.239] [exthost] [info] ExtensionService#loadCommonJSModule file:///home/soic/.vscode-server/bin/f30a9b73e8ffc278e71575118b6bf568f04587c8/extensions/extension-editing/dist/extensionEditingMain
[2021-03-15 14:24:20.255] [exthost] [info] ExtensionService#_doActivateExtension vscode.json-language-features {"startup":false,"extensionId":{"value":"vscode.json-language-features","_lower":"vscode.json-language-features"},"activationEvent":"onLanguage:json"}
[2021-03-15 14:24:20.255] [exthost] [info] ExtensionService#loadCommonJSModule file:///home/soic/.vscode-server/bin/f30a9b73e8ffc278e71575118b6bf568f04587c8/extensions/json-language-features/client/dist/node/jsonClientMain
[2021-03-15 14:24:20.299] [exthost] [info] ExtensionService#_doActivateExtension vscode.npm {"startup":false,"extensionId":{"value":"vscode.npm","_lower":"vscode.npm"},"activationEvent":"onLanguage:json"}
[2021-03-15 14:24:20.300] [exthost] [info] ExtensionService#loadCommonJSModule file:///home/soic/.vscode-server/bin/f30a9b73e8ffc278e71575118b6bf568f04587c8/extensions/npm/dist/npmMain
[2021-03-15 14:24:20.330] [exthost] [info] ExtensionService#_doActivateExtension vscode.html-language-features {"startup":false,"extensionId":{"value":"vscode.html-language-features","_lower":"vscode.html-language-features"},"activationEvent":"onLanguage:html"}
[2021-03-15 14:24:20.330] [exthost] [info] ExtensionService#loadCommonJSModule file:///home/soic/.vscode-server/bin/f30a9b73e8ffc278e71575118b6bf568f04587c8/extensions/html-language-features/client/dist/node/htmlClientMain
