[2021-01-19 10:21:34.724] [exthost] [info] extension host started
[2021-01-19 10:21:35.057] [exthost] [info] ExtensionService#_doActivateExtension ms-vscode.cpptools {"startup":false,"extensionId":{"value":"ms-vscode.cpptools","_lower":"ms-vscode.cpptools"},"activationEvent":"onLanguage:cpp"}
[2021-01-19 10:21:35.058] [exthost] [info] ExtensionService#loadCommonJSModule file:///home/soic/.vscode-server/extensions/ms-vscode.cpptools-1.2.0-insiders/dist/main
[2021-01-19 10:21:35.454] [exthost] [info] ExtensionService#_doActivateExtension vscode.debug-auto-launch {"startup":true,"extensionId":{"value":"vscode.debug-auto-launch","_lower":"vscode.debug-auto-launch"},"activationEvent":"*"}
[2021-01-19 10:21:35.454] [exthost] [info] ExtensionService#loadCommonJSModule file:///home/soic/.vscode-server/bin/ea3859d4ba2f3e577a159bc91e3074c5d85c0523/extensions/debug-auto-launch/dist/extension
[2021-01-19 10:21:35.475] [exthost] [info] ExtensionService#_doActivateExtension vscode.emmet {"startup":true,"extensionId":{"value":"vscode.emmet","_lower":"vscode.emmet"},"activationEvent":"*"}
[2021-01-19 10:21:35.476] [exthost] [info] ExtensionService#loadCommonJSModule file:///home/soic/.vscode-server/bin/ea3859d4ba2f3e577a159bc91e3074c5d85c0523/extensions/emmet/dist/node/emmetNodeMain
[2021-01-19 10:21:35.614] [exthost] [info] ExtensionService#_doActivateExtension vscode.git {"startup":true,"extensionId":{"value":"vscode.github","_lower":"vscode.github"},"activationEvent":"*"}
[2021-01-19 10:21:35.615] [exthost] [info] ExtensionService#loadCommonJSModule file:///home/soic/.vscode-server/bin/ea3859d4ba2f3e577a159bc91e3074c5d85c0523/extensions/git/dist/main
[2021-01-19 10:21:35.761] [exthost] [info] ExtensionService#_doActivateExtension vscode.merge-conflict {"startup":true,"extensionId":{"value":"vscode.merge-conflict","_lower":"vscode.merge-conflict"},"activationEvent":"*"}
[2021-01-19 10:21:35.761] [exthost] [info] ExtensionService#loadCommonJSModule file:///home/soic/.vscode-server/bin/ea3859d4ba2f3e577a159bc91e3074c5d85c0523/extensions/merge-conflict/dist/mergeConflictMain
[2021-01-19 10:21:35.770] [exthost] [info] ExtensionService#_doActivateExtension vscode.search-result {"startup":true,"extensionId":{"value":"vscode.search-result","_lower":"vscode.search-result"},"activationEvent":"*"}
[2021-01-19 10:21:35.770] [exthost] [info] ExtensionService#loadCommonJSModule file:///home/soic/.vscode-server/bin/ea3859d4ba2f3e577a159bc91e3074c5d85c0523/extensions/search-result/dist/extension.js
[2021-01-19 10:21:36.493] [exthost] [info] ExtensionService#_doActivateExtension vscode.github {"startup":true,"extensionId":{"value":"vscode.github","_lower":"vscode.github"},"activationEvent":"*"}
[2021-01-19 10:21:36.493] [exthost] [info] ExtensionService#loadCommonJSModule file:///home/soic/.vscode-server/bin/ea3859d4ba2f3e577a159bc91e3074c5d85c0523/extensions/github/dist/extension.js
[2021-01-19 10:21:37.511] [exthost] [warning] [Decorations] CAPPING events from decorations provider vscode.git 2487
[2021-01-19 10:21:39.555] [exthost] [info] ExtensionService#_doActivateExtension ms-vscode.js-debug {"startup":false,"extensionId":{"value":"ms-vscode.js-debug","_lower":"ms-vscode.js-debug"},"activationEvent":"onCommand:extension.js-debug.clearAutoAttachVariables"}
[2021-01-19 10:21:39.555] [exthost] [info] ExtensionService#loadCommonJSModule file:///home/soic/.vscode-server/bin/ea3859d4ba2f3e577a159bc91e3074c5d85c0523/extensions/ms-vscode.js-debug/src/extension.js
[2021-01-19 10:21:39.893] [exthost] [info] ExtensionService#_doActivateExtension ms-vscode.cmake-tools {"startup":true,"extensionId":{"value":"ms-vscode.cmake-tools","_lower":"ms-vscode.cmake-tools"},"activationEvent":"workspaceContains:**/CMakeLists.txt"}
[2021-01-19 10:21:39.894] [exthost] [info] ExtensionService#loadCommonJSModule file:///home/soic/.vscode-server/extensions/ms-vscode.cmake-tools-1.5.3/dist/main
[2021-01-19 10:21:40.923] [exthost] [info] eager extensions activated
[2021-01-19 10:21:44.422] [exthost] [warning] [Decorations] CAPPING events from decorations provider vscode.git 2490
[2021-01-19 10:21:49.538] [exthost] [warning] [Decorations] CAPPING events from decorations provider vscode.git 2485
[2021-01-19 10:21:54.630] [exthost] [warning] [Decorations] CAPPING events from decorations provider vscode.git 2485
[2021-01-19 10:21:59.719] [exthost] [warning] [Decorations] CAPPING events from decorations provider vscode.git 2485
[2021-01-19 10:22:05.019] [exthost] [warning] [Decorations] CAPPING events from decorations provider vscode.git 2485
[2021-01-19 10:22:10.146] [exthost] [warning] [Decorations] CAPPING events from decorations provider vscode.git 2485
[2021-01-19 10:22:15.252] [exthost] [warning] [Decorations] CAPPING events from decorations provider vscode.git 2485
[2021-01-19 10:22:20.349] [exthost] [warning] [Decorations] CAPPING events from decorations provider vscode.git 2485
[2021-01-19 10:22:25.461] [exthost] [warning] [Decorations] CAPPING events from decorations provider vscode.git 2485
[2021-01-19 10:22:30.572] [exthost] [warning] [Decorations] CAPPING events from decorations provider vscode.git 2485
[2021-01-19 10:22:35.675] [exthost] [warning] [Decorations] CAPPING events from decorations provider vscode.git 2485
[2021-01-19 10:22:40.765] [exthost] [warning] [Decorations] CAPPING events from decorations provider vscode.git 2485
[2021-01-19 10:22:45.872] [exthost] [warning] [Decorations] CAPPING events from decorations provider vscode.git 2485
[2021-01-19 10:22:50.960] [exthost] [warning] [Decorations] CAPPING events from decorations provider vscode.git 2485
[2021-01-19 10:22:56.060] [exthost] [warning] [Decorations] CAPPING events from decorations provider vscode.git 2485
[2021-01-19 10:23:01.160] [exthost] [warning] [Decorations] CAPPING events from decorations provider vscode.git 2485
[2021-01-19 10:23:06.297] [exthost] [warning] [Decorations] CAPPING events from decorations provider vscode.git 2485
[2021-01-19 10:23:11.410] [exthost] [warning] [Decorations] CAPPING events from decorations provider vscode.git 2485
[2021-01-19 10:23:16.534] [exthost] [warning] [Decorations] CAPPING events from decorations provider vscode.git 2485
[2021-01-19 10:23:18.090] [exthost] [warning] [Decorations] CAPPING events from decorations provider vscode.git 2485
[2021-01-19 10:23:21.701] [exthost] [warning] [Decorations] CAPPING events from decorations provider vscode.git 2485
[2021-01-19 10:23:26.867] [exthost] [warning] [Decorations] CAPPING events from decorations provider vscode.git 2485
[2021-01-19 10:23:48.343] [exthost] [warning] [Decorations] CAPPING events from decorations provider vscode.git 2485
[2021-01-19 10:23:49.229] [exthost] [warning] [Decorations] CAPPING events from decorations provider vscode.git 2485
[2021-01-19 10:23:54.376] [exthost] [warning] [Decorations] CAPPING events from decorations provider vscode.git 2485
[2021-01-19 10:23:59.535] [exthost] [warning] [Decorations] CAPPING events from decorations provider vscode.git 2485
[2021-01-19 10:26:14.703] [exthost] [warning] [Decorations] CAPPING events from decorations provider vscode.git 2485
[2021-01-19 10:28:20.524] [exthost] [warning] [Decorations] CAPPING events from decorations provider vscode.git 2485
[2021-01-19 10:28:25.627] [exthost] [warning] [Decorations] CAPPING events from decorations provider vscode.git 2485
[2021-01-19 10:28:30.767] [exthost] [warning] [Decorations] CAPPING events from decorations provider vscode.git 2485
[2021-01-19 10:28:35.902] [exthost] [warning] [Decorations] CAPPING events from decorations provider vscode.git 2485
[2021-01-19 10:28:41.057] [exthost] [warning] [Decorations] CAPPING events from decorations provider vscode.git 2485
[2021-01-19 10:28:46.221] [exthost] [warning] [Decorations] CAPPING events from decorations provider vscode.git 2485
[2021-01-19 10:28:51.365] [exthost] [warning] [Decorations] CAPPING events from decorations provider vscode.git 2485
[2021-01-19 10:28:56.482] [exthost] [warning] [Decorations] CAPPING events from decorations provider vscode.git 2485
[2021-01-19 10:29:01.611] [exthost] [warning] [Decorations] CAPPING events from decorations provider vscode.git 2485
[2021-01-19 10:29:07.926] [exthost] [warning] [Decorations] CAPPING events from decorations provider vscode.git 2485
[2021-01-19 10:29:13.082] [exthost] [warning] [Decorations] CAPPING events from decorations provider vscode.git 2485
[2021-01-19 10:29:18.255] [exthost] [warning] [Decorations] CAPPING events from decorations provider vscode.git 2485
[2021-01-19 10:29:23.377] [exthost] [warning] [Decorations] CAPPING events from decorations provider vscode.git 2485
[2021-01-19 10:29:28.510] [exthost] [warning] [Decorations] CAPPING events from decorations provider vscode.git 2485
[2021-01-19 10:29:33.649] [exthost] [warning] [Decorations] CAPPING events from decorations provider vscode.git 2485
[2021-01-19 10:29:38.785] [exthost] [warning] [Decorations] CAPPING events from decorations provider vscode.git 2485
[2021-01-19 10:29:43.960] [exthost] [warning] [Decorations] CAPPING events from decorations provider vscode.git 2485
[2021-01-19 10:29:49.099] [exthost] [warning] [Decorations] CAPPING events from decorations provider vscode.git 2485
[2021-01-19 10:29:54.306] [exthost] [warning] [Decorations] CAPPING events from decorations provider vscode.git 2485
[2021-01-19 10:29:59.454] [exthost] [warning] [Decorations] CAPPING events from decorations provider vscode.git 2485
[2021-01-19 10:30:04.627] [exthost] [warning] [Decorations] CAPPING events from decorations provider vscode.git 2485
[2021-01-19 10:30:09.776] [exthost] [warning] [Decorations] CAPPING events from decorations provider vscode.git 2485
[2021-01-19 10:30:14.921] [exthost] [warning] [Decorations] CAPPING events from decorations provider vscode.git 2485
[2021-01-19 10:30:20.072] [exthost] [warning] [Decorations] CAPPING events from decorations provider vscode.git 2485
[2021-01-19 10:30:25.243] [exthost] [warning] [Decorations] CAPPING events from decorations provider vscode.git 2485
[2021-01-19 10:30:30.412] [exthost] [warning] [Decorations] CAPPING events from decorations provider vscode.git 2485
[2021-01-19 10:30:35.545] [exthost] [warning] [Decorations] CAPPING events from decorations provider vscode.git 2485
[2021-01-19 10:30:40.701] [exthost] [warning] [Decorations] CAPPING events from decorations provider vscode.git 2485
[2021-01-19 10:30:45.868] [exthost] [warning] [Decorations] CAPPING events from decorations provider vscode.git 2485
[2021-01-19 10:30:58.031] [exthost] [warning] [Decorations] CAPPING events from decorations provider vscode.git 2485
[2021-01-19 10:31:03.196] [exthost] [warning] [Decorations] CAPPING events from decorations provider vscode.git 2485
[2021-01-19 10:31:08.401] [exthost] [warning] [Decorations] CAPPING events from decorations provider vscode.git 2485
[2021-01-19 10:31:13.992] [exthost] [warning] [Decorations] CAPPING events from decorations provider vscode.git 2485
[2021-01-19 10:31:20.397] [exthost] [warning] [Decorations] CAPPING events from decorations provider vscode.git 2485
[2021-01-19 10:31:25.627] [exthost] [warning] [Decorations] CAPPING events from decorations provider vscode.git 2485
[2021-01-19 10:31:31.689] [exthost] [warning] [Decorations] CAPPING events from decorations provider vscode.git 2485
[2021-01-19 10:31:36.818] [exthost] [warning] [Decorations] CAPPING events from decorations provider vscode.git 2485
[2021-01-19 10:31:41.950] [exthost] [warning] [Decorations] CAPPING events from decorations provider vscode.git 2485
[2021-01-19 10:31:47.061] [exthost] [warning] [Decorations] CAPPING events from decorations provider vscode.git 2485
[2021-01-19 10:31:52.185] [exthost] [warning] [Decorations] CAPPING events from decorations provider vscode.git 2485
[2021-01-19 10:31:57.318] [exthost] [warning] [Decorations] CAPPING events from decorations provider vscode.git 2485
[2021-01-19 10:32:02.450] [exthost] [warning] [Decorations] CAPPING events from decorations provider vscode.git 2485
[2021-01-19 10:32:07.600] [exthost] [warning] [Decorations] CAPPING events from decorations provider vscode.git 2485
[2021-01-19 10:32:12.752] [exthost] [warning] [Decorations] CAPPING events from decorations provider vscode.git 2485
[2021-01-19 10:32:17.886] [exthost] [warning] [Decorations] CAPPING events from decorations provider vscode.git 2485
[2021-01-19 10:32:23.024] [exthost] [warning] [Decorations] CAPPING events from decorations provider vscode.git 2485
[2021-01-19 10:32:28.167] [exthost] [warning] [Decorations] CAPPING events from decorations provider vscode.git 2485
[2021-01-19 10:32:33.328] [exthost] [warning] [Decorations] CAPPING events from decorations provider vscode.git 2485
[2021-01-19 10:32:38.470] [exthost] [warning] [Decorations] CAPPING events from decorations provider vscode.git 2485
[2021-01-19 10:32:43.610] [exthost] [warning] [Decorations] CAPPING events from decorations provider vscode.git 2485
[2021-01-19 10:32:48.758] [exthost] [warning] [Decorations] CAPPING events from decorations provider vscode.git 2485
[2021-01-19 10:32:53.903] [exthost] [warning] [Decorations] CAPPING events from decorations provider vscode.git 2485
[2021-01-19 10:32:59.146] [exthost] [warning] [Decorations] CAPPING events from decorations provider vscode.git 2485
[2021-01-19 10:33:04.279] [exthost] [warning] [Decorations] CAPPING events from decorations provider vscode.git 2485
[2021-01-19 10:33:09.534] [exthost] [warning] [Decorations] CAPPING events from decorations provider vscode.git 2485
[2021-01-19 10:33:14.646] [exthost] [warning] [Decorations] CAPPING events from decorations provider vscode.git 2485
[2021-01-19 10:33:19.775] [exthost] [warning] [Decorations] CAPPING events from decorations provider vscode.git 2485
[2021-01-19 10:33:24.899] [exthost] [warning] [Decorations] CAPPING events from decorations provider vscode.git 2485
[2021-01-19 10:33:30.017] [exthost] [warning] [Decorations] CAPPING events from decorations provider vscode.git 2485
[2021-01-19 10:38:17.622] [exthost] [warning] [Decorations] CAPPING events from decorations provider vscode.git 2485
[2021-01-19 10:38:22.759] [exthost] [warning] [Decorations] CAPPING events from decorations provider vscode.git 2485
[2021-01-19 10:38:37.129] [exthost] [warning] [Decorations] CAPPING events from decorations provider vscode.git 2485
[2021-01-19 10:38:42.269] [exthost] [warning] [Decorations] CAPPING events from decorations provider vscode.git 2485
[2021-01-19 10:38:47.462] [exthost] [warning] [Decorations] CAPPING events from decorations provider vscode.git 2485
[2021-01-19 10:38:52.621] [exthost] [warning] [Decorations] CAPPING events from decorations provider vscode.git 2485
[2021-01-19 10:38:57.755] [exthost] [warning] [Decorations] CAPPING events from decorations provider vscode.git 2485
[2021-01-19 10:39:07.512] [exthost] [warning] [Decorations] CAPPING events from decorations provider vscode.git 2485
[2021-01-19 10:39:15.657] [exthost] [warning] [Decorations] CAPPING events from decorations provider vscode.git 2485
[2021-01-19 10:39:20.784] [exthost] [warning] [Decorations] CAPPING events from decorations provider vscode.git 2485
[2021-01-19 10:39:25.920] [exthost] [warning] [Decorations] CAPPING events from decorations provider vscode.git 2485
[2021-01-19 10:39:34.255] [exthost] [warning] [Decorations] CAPPING events from decorations provider vscode.git 2485
[2021-01-19 10:39:39.425] [exthost] [warning] [Decorations] CAPPING events from decorations provider vscode.git 2485
[2021-01-19 10:39:49.871] [exthost] [warning] [Decorations] CAPPING events from decorations provider vscode.git 2485
[2021-01-19 10:39:55.010] [exthost] [warning] [Decorations] CAPPING events from decorations provider vscode.git 2485
[2021-01-19 10:40:05.705] [exthost] [warning] [Decorations] CAPPING events from decorations provider vscode.git 2485
[2021-01-19 10:40:10.835] [exthost] [warning] [Decorations] CAPPING events from decorations provider vscode.git 2485
[2021-01-19 10:40:35.754] [exthost] [warning] [Decorations] CAPPING events from decorations provider vscode.git 2485
[2021-01-19 10:40:40.889] [exthost] [warning] [Decorations] CAPPING events from decorations provider vscode.git 2485
[2021-01-19 10:40:46.017] [exthost] [warning] [Decorations] CAPPING events from decorations provider vscode.git 2485
[2021-01-19 10:44:21.027] [exthost] [warning] [Decorations] CAPPING events from decorations provider vscode.git 2485
[2021-01-19 10:44:29.466] [exthost] [warning] [Decorations] CAPPING events from decorations provider vscode.git 2485
[2021-01-19 10:44:36.697] [exthost] [warning] [Decorations] CAPPING events from decorations provider vscode.git 2485
[2021-01-19 10:44:41.836] [exthost] [warning] [Decorations] CAPPING events from decorations provider vscode.git 2485
[2021-01-19 10:44:46.984] [exthost] [warning] [Decorations] CAPPING events from decorations provider vscode.git 2485
[2021-01-19 10:44:52.117] [exthost] [warning] [Decorations] CAPPING events from decorations provider vscode.git 2485
[2021-01-19 10:44:57.249] [exthost] [warning] [Decorations] CAPPING events from decorations provider vscode.git 2485
[2021-01-19 10:45:02.407] [exthost] [warning] [Decorations] CAPPING events from decorations provider vscode.git 2485
[2021-01-19 10:45:10.080] [exthost] [warning] [Decorations] CAPPING events from decorations provider vscode.git 2485
[2021-01-19 10:45:15.207] [exthost] [warning] [Decorations] CAPPING events from decorations provider vscode.git 2485
[2021-01-19 10:45:20.355] [exthost] [warning] [Decorations] CAPPING events from decorations provider vscode.git 2485
[2021-01-19 10:45:25.506] [exthost] [warning] [Decorations] CAPPING events from decorations provider vscode.git 2485
[2021-01-19 10:45:30.639] [exthost] [warning] [Decorations] CAPPING events from decorations provider vscode.git 2485
[2021-01-19 10:45:36.430] [exthost] [warning] [Decorations] CAPPING events from decorations provider vscode.git 2485
[2021-01-19 10:45:41.613] [exthost] [warning] [Decorations] CAPPING events from decorations provider vscode.git 2489
[2021-01-19 10:45:46.758] [exthost] [warning] [Decorations] CAPPING events from decorations provider vscode.git 2489
[2021-01-19 10:45:51.891] [exthost] [warning] [Decorations] CAPPING events from decorations provider vscode.git 2489
[2021-01-19 10:45:57.024] [exthost] [warning] [Decorations] CAPPING events from decorations provider vscode.git 2489
[2021-01-19 10:46:02.166] [exthost] [warning] [Decorations] CAPPING events from decorations provider vscode.git 2489
[2021-01-19 10:46:07.307] [exthost] [warning] [Decorations] CAPPING events from decorations provider vscode.git 2489
[2021-01-19 10:46:12.472] [exthost] [warning] [Decorations] CAPPING events from decorations provider vscode.git 2489
[2021-01-19 10:46:17.693] [exthost] [warning] [Decorations] CAPPING events from decorations provider vscode.git 2489
[2021-01-19 10:46:22.820] [exthost] [warning] [Decorations] CAPPING events from decorations provider vscode.git 2489
[2021-01-19 10:46:27.940] [exthost] [warning] [Decorations] CAPPING events from decorations provider vscode.git 2489
[2021-01-19 10:46:33.063] [exthost] [warning] [Decorations] CAPPING events from decorations provider vscode.git 2489
[2021-01-19 10:46:38.170] [exthost] [warning] [Decorations] CAPPING events from decorations provider vscode.git 2489
[2021-01-19 10:46:43.298] [exthost] [warning] [Decorations] CAPPING events from decorations provider vscode.git 2489
[2021-01-19 10:46:48.431] [exthost] [warning] [Decorations] CAPPING events from decorations provider vscode.git 2489
[2021-01-19 10:46:53.567] [exthost] [warning] [Decorations] CAPPING events from decorations provider vscode.git 2489
[2021-01-19 10:46:58.684] [exthost] [warning] [Decorations] CAPPING events from decorations provider vscode.git 2489
[2021-01-19 10:47:03.821] [exthost] [warning] [Decorations] CAPPING events from decorations provider vscode.git 2489
[2021-01-19 10:47:08.953] [exthost] [warning] [Decorations] CAPPING events from decorations provider vscode.git 2489
[2021-01-19 10:47:14.111] [exthost] [warning] [Decorations] CAPPING events from decorations provider vscode.git 2489
[2021-01-19 10:47:19.242] [exthost] [warning] [Decorations] CAPPING events from decorations provider vscode.git 2489
[2021-01-19 10:47:27.103] [exthost] [warning] [Decorations] CAPPING events from decorations provider vscode.git 2489
[2021-01-19 10:47:34.365] [exthost] [warning] [Decorations] CAPPING events from decorations provider vscode.git 2489
[2021-01-19 10:47:39.502] [exthost] [warning] [Decorations] CAPPING events from decorations provider vscode.git 2489
[2021-01-19 10:47:44.663] [exthost] [warning] [Decorations] CAPPING events from decorations provider vscode.git 2489
[2021-01-19 10:47:49.823] [exthost] [warning] [Decorations] CAPPING events from decorations provider vscode.git 2489
[2021-01-19 10:47:55.843] [exthost] [warning] [Decorations] CAPPING events from decorations provider vscode.git 2489
[2021-01-19 10:48:00.996] [exthost] [warning] [Decorations] CAPPING events from decorations provider vscode.git 2489
[2021-01-19 10:48:06.121] [exthost] [warning] [Decorations] CAPPING events from decorations provider vscode.git 2489
[2021-01-19 10:48:11.243] [exthost] [warning] [Decorations] CAPPING events from decorations provider vscode.git 2489
[2021-01-19 10:48:16.366] [exthost] [warning] [Decorations] CAPPING events from decorations provider vscode.git 2489
[2021-01-19 10:48:21.487] [exthost] [warning] [Decorations] CAPPING events from decorations provider vscode.git 2489
[2021-01-19 10:48:26.615] [exthost] [warning] [Decorations] CAPPING events from decorations provider vscode.git 2489
[2021-01-19 10:48:31.779] [exthost] [warning] [Decorations] CAPPING events from decorations provider vscode.git 2489
[2021-01-19 10:48:36.921] [exthost] [warning] [Decorations] CAPPING events from decorations provider vscode.git 2489
[2021-01-19 10:48:42.078] [exthost] [warning] [Decorations] CAPPING events from decorations provider vscode.git 2489
[2021-01-19 10:48:47.225] [exthost] [warning] [Decorations] CAPPING events from decorations provider vscode.git 2489
[2021-01-19 10:48:52.428] [exthost] [warning] [Decorations] CAPPING events from decorations provider vscode.git 2489
[2021-01-19 10:49:00.265] [exthost] [warning] [Decorations] CAPPING events from decorations provider vscode.git 2489
[2021-01-19 10:49:05.377] [exthost] [warning] [Decorations] CAPPING events from decorations provider vscode.git 2489
[2021-01-19 10:49:10.499] [exthost] [warning] [Decorations] CAPPING events from decorations provider vscode.git 2489
[2021-01-19 10:49:15.640] [exthost] [warning] [Decorations] CAPPING events from decorations provider vscode.git 2489
[2021-01-19 10:49:20.761] [exthost] [warning] [Decorations] CAPPING events from decorations provider vscode.git 2489
[2021-01-19 10:49:25.880] [exthost] [warning] [Decorations] CAPPING events from decorations provider vscode.git 2489
[2021-01-19 10:49:31.066] [exthost] [warning] [Decorations] CAPPING events from decorations provider vscode.git 2489
[2021-01-19 10:49:35.964] [exthost] [warning] [Decorations] CAPPING events from decorations provider vscode.git 2489
[2021-01-19 10:49:36.832] [exthost] [warning] [Decorations] CAPPING events from decorations provider vscode.git 2489
[2021-01-19 10:49:41.937] [exthost] [warning] [Decorations] CAPPING events from decorations provider vscode.git 2489
[2021-01-19 10:49:47.034] [exthost] [warning] [Decorations] CAPPING events from decorations provider vscode.git 2489
[2021-01-19 10:49:52.128] [exthost] [warning] [Decorations] CAPPING events from decorations provider vscode.git 2489
[2021-01-19 10:49:57.224] [exthost] [warning] [Decorations] CAPPING events from decorations provider vscode.git 2489
[2021-01-19 10:50:02.326] [exthost] [warning] [Decorations] CAPPING events from decorations provider vscode.git 2489
[2021-01-19 10:51:48.475] [exthost] [warning] [Decorations] CAPPING events from decorations provider vscode.git 2489
[2021-01-19 10:51:53.581] [exthost] [warning] [Decorations] CAPPING events from decorations provider vscode.git 2489
[2021-01-19 10:51:58.697] [exthost] [warning] [Decorations] CAPPING events from decorations provider vscode.git 2489
[2021-01-19 10:52:03.792] [exthost] [warning] [Decorations] CAPPING events from decorations provider vscode.git 2489
[2021-01-19 10:52:08.892] [exthost] [warning] [Decorations] CAPPING events from decorations provider vscode.git 2489
[2021-01-19 10:52:13.986] [exthost] [warning] [Decorations] CAPPING events from decorations provider vscode.git 2489
[2021-01-19 10:52:19.086] [exthost] [warning] [Decorations] CAPPING events from decorations provider vscode.git 2489
[2021-01-19 10:52:20.860] [exthost] [warning] [Decorations] CAPPING events from decorations provider vscode.git 2489
[2021-01-19 10:52:21.984] [exthost] [warning] [Decorations] CAPPING events from decorations provider vscode.git 2489
[2021-01-19 10:52:24.180] [exthost] [warning] [Decorations] CAPPING events from decorations provider vscode.git 2489
[2021-01-19 10:52:29.323] [exthost] [warning] [Decorations] CAPPING events from decorations provider vscode.git 2489
[2021-01-19 10:58:00.190] [exthost] [warning] [Decorations] CAPPING events from decorations provider vscode.git 2489
[2021-01-19 10:58:05.334] [exthost] [warning] [Decorations] CAPPING events from decorations provider vscode.git 2489
[2021-01-19 10:58:10.471] [exthost] [warning] [Decorations] CAPPING events from decorations provider vscode.git 2489
[2021-01-19 10:58:15.606] [exthost] [warning] [Decorations] CAPPING events from decorations provider vscode.git 2489
[2021-01-19 10:58:20.734] [exthost] [warning] [Decorations] CAPPING events from decorations provider vscode.git 2489
[2021-01-19 10:58:25.855] [exthost] [warning] [Decorations] CAPPING events from decorations provider vscode.git 2489
[2021-01-19 10:58:30.965] [exthost] [warning] [Decorations] CAPPING events from decorations provider vscode.git 2489
[2021-01-19 10:58:36.083] [exthost] [warning] [Decorations] CAPPING events from decorations provider vscode.git 2489
[2021-01-19 10:58:41.211] [exthost] [warning] [Decorations] CAPPING events from decorations provider vscode.git 2489
[2021-01-19 10:58:46.334] [exthost] [warning] [Decorations] CAPPING events from decorations provider vscode.git 2489
[2021-01-19 10:58:51.456] [exthost] [warning] [Decorations] CAPPING events from decorations provider vscode.git 2489
[2021-01-19 10:58:56.568] [exthost] [warning] [Decorations] CAPPING events from decorations provider vscode.git 2489
[2021-01-19 10:59:01.694] [exthost] [warning] [Decorations] CAPPING events from decorations provider vscode.git 2489
[2021-01-19 10:59:06.826] [exthost] [warning] [Decorations] CAPPING events from decorations provider vscode.git 2489
[2021-01-19 10:59:11.965] [exthost] [warning] [Decorations] CAPPING events from decorations provider vscode.git 2489
[2021-01-19 10:59:17.126] [exthost] [warning] [Decorations] CAPPING events from decorations provider vscode.git 2489
[2021-01-19 10:59:22.280] [exthost] [warning] [Decorations] CAPPING events from decorations provider vscode.git 2489
[2021-01-19 10:59:27.444] [exthost] [warning] [Decorations] CAPPING events from decorations provider vscode.git 2489
[2021-01-19 10:59:32.675] [exthost] [warning] [Decorations] CAPPING events from decorations provider vscode.git 2489
[2021-01-19 10:59:37.824] [exthost] [warning] [Decorations] CAPPING events from decorations provider vscode.git 2489
[2021-01-19 10:59:42.971] [exthost] [warning] [Decorations] CAPPING events from decorations provider vscode.git 2489
[2021-01-19 10:59:48.119] [exthost] [warning] [Decorations] CAPPING events from decorations provider vscode.git 2489
[2021-01-19 10:59:53.297] [exthost] [warning] [Decorations] CAPPING events from decorations provider vscode.git 2489
[2021-01-19 10:59:58.449] [exthost] [warning] [Decorations] CAPPING events from decorations provider vscode.git 2489
[2021-01-19 11:00:03.659] [exthost] [warning] [Decorations] CAPPING events from decorations provider vscode.git 2489
[2021-01-19 11:00:08.895] [exthost] [warning] [Decorations] CAPPING events from decorations provider vscode.git 2489
[2021-01-19 11:00:14.016] [exthost] [warning] [Decorations] CAPPING events from decorations provider vscode.git 2489
[2021-01-19 11:00:19.143] [exthost] [warning] [Decorations] CAPPING events from decorations provider vscode.git 2489
[2021-01-19 11:00:24.273] [exthost] [warning] [Decorations] CAPPING events from decorations provider vscode.git 2489
[2021-01-19 11:00:29.424] [exthost] [warning] [Decorations] CAPPING events from decorations provider vscode.git 2489
[2021-01-19 11:00:34.553] [exthost] [warning] [Decorations] CAPPING events from decorations provider vscode.git 2489
[2021-01-19 11:00:39.685] [exthost] [warning] [Decorations] CAPPING events from decorations provider vscode.git 2489
[2021-01-19 11:00:47.176] [exthost] [warning] [Decorations] CAPPING events from decorations provider vscode.git 2489
[2021-01-19 11:00:52.321] [exthost] [warning] [Decorations] CAPPING events from decorations provider vscode.git 2489
[2021-01-19 11:00:57.484] [exthost] [warning] [Decorations] CAPPING events from decorations provider vscode.git 2489
[2021-01-19 11:01:02.609] [exthost] [warning] [Decorations] CAPPING events from decorations provider vscode.git 2489
[2021-01-19 11:01:07.733] [exthost] [warning] [Decorations] CAPPING events from decorations provider vscode.git 2489
[2021-01-19 11:01:12.870] [exthost] [warning] [Decorations] CAPPING events from decorations provider vscode.git 2489
[2021-01-19 11:01:18.027] [exthost] [warning] [Decorations] CAPPING events from decorations provider vscode.git 2489
[2021-01-19 11:01:23.163] [exthost] [warning] [Decorations] CAPPING events from decorations provider vscode.git 2489
[2021-01-19 11:01:28.299] [exthost] [warning] [Decorations] CAPPING events from decorations provider vscode.git 2489
[2021-01-19 11:01:33.484] [exthost] [warning] [Decorations] CAPPING events from decorations provider vscode.git 2489
[2021-01-19 11:01:52.887] [exthost] [warning] [Decorations] CAPPING events from decorations provider vscode.git 2489
[2021-01-19 11:01:58.008] [exthost] [warning] [Decorations] CAPPING events from decorations provider vscode.git 2489
[2021-01-19 11:02:03.133] [exthost] [warning] [Decorations] CAPPING events from decorations provider vscode.git 2489
[2021-01-19 11:02:10.705] [exthost] [warning] [Decorations] CAPPING events from decorations provider vscode.git 2489
[2021-01-19 11:02:15.822] [exthost] [warning] [Decorations] CAPPING events from decorations provider vscode.git 2489
[2021-01-19 11:02:35.893] [exthost] [warning] [Decorations] CAPPING events from decorations provider vscode.git 2489
[2021-01-19 11:02:41.022] [exthost] [warning] [Decorations] CAPPING events from decorations provider vscode.git 2489
[2021-01-19 11:02:46.140] [exthost] [warning] [Decorations] CAPPING events from decorations provider vscode.git 2489
[2021-01-19 11:02:51.261] [exthost] [warning] [Decorations] CAPPING events from decorations provider vscode.git 2489
[2021-01-19 11:02:56.413] [exthost] [warning] [Decorations] CAPPING events from decorations provider vscode.git 2489
[2021-01-19 11:03:01.540] [exthost] [warning] [Decorations] CAPPING events from decorations provider vscode.git 2489
[2021-01-19 11:03:06.666] [exthost] [warning] [Decorations] CAPPING events from decorations provider vscode.git 2489
[2021-01-19 11:03:11.799] [exthost] [warning] [Decorations] CAPPING events from decorations provider vscode.git 2489
[2021-01-19 11:03:16.940] [exthost] [warning] [Decorations] CAPPING events from decorations provider vscode.git 2489
[2021-01-19 11:03:22.083] [exthost] [warning] [Decorations] CAPPING events from decorations provider vscode.git 2489
[2021-01-19 11:03:57.342] [exthost] [warning] [Decorations] CAPPING events from decorations provider vscode.git 2489
[2021-01-19 11:04:02.479] [exthost] [warning] [Decorations] CAPPING events from decorations provider vscode.git 2489
[2021-01-19 11:04:07.604] [exthost] [warning] [Decorations] CAPPING events from decorations provider vscode.git 2489
[2021-01-19 11:04:12.712] [exthost] [warning] [Decorations] CAPPING events from decorations provider vscode.git 2489
[2021-01-19 11:04:17.826] [exthost] [warning] [Decorations] CAPPING events from decorations provider vscode.git 2489
[2021-01-19 11:04:22.955] [exthost] [warning] [Decorations] CAPPING events from decorations provider vscode.git 2489
[2021-01-19 11:04:28.070] [exthost] [warning] [Decorations] CAPPING events from decorations provider vscode.git 2489
[2021-01-19 11:04:33.196] [exthost] [warning] [Decorations] CAPPING events from decorations provider vscode.git 2489
[2021-01-19 11:04:38.328] [exthost] [warning] [Decorations] CAPPING events from decorations provider vscode.git 2489
[2021-01-19 11:04:43.465] [exthost] [warning] [Decorations] CAPPING events from decorations provider vscode.git 2489
[2021-01-19 11:04:50.816] [exthost] [warning] [Decorations] CAPPING events from decorations provider vscode.git 2489
[2021-01-19 11:04:55.952] [exthost] [warning] [Decorations] CAPPING events from decorations provider vscode.git 2489
[2021-01-19 11:05:01.085] [exthost] [warning] [Decorations] CAPPING events from decorations provider vscode.git 2489
[2021-01-19 11:05:06.219] [exthost] [warning] [Decorations] CAPPING events from decorations provider vscode.git 2489
[2021-01-19 11:05:11.366] [exthost] [warning] [Decorations] CAPPING events from decorations provider vscode.git 2489
[2021-01-19 11:05:16.571] [exthost] [warning] [Decorations] CAPPING events from decorations provider vscode.git 2489
[2021-01-19 11:05:21.725] [exthost] [warning] [Decorations] CAPPING events from decorations provider vscode.git 2489
[2021-01-19 11:07:21.710] [exthost] [warning] [Decorations] CAPPING events from decorations provider vscode.git 2489
[2021-01-19 11:07:28.622] [exthost] [warning] [Decorations] CAPPING events from decorations provider vscode.git 2489
[2021-01-19 11:07:33.740] [exthost] [warning] [Decorations] CAPPING events from decorations provider vscode.git 2489
[2021-01-19 11:07:38.846] [exthost] [warning] [Decorations] CAPPING events from decorations provider vscode.git 2489
[2021-01-19 11:07:43.957] [exthost] [warning] [Decorations] CAPPING events from decorations provider vscode.git 2489
[2021-01-19 11:07:49.100] [exthost] [warning] [Decorations] CAPPING events from decorations provider vscode.git 2489
[2021-01-19 11:07:54.224] [exthost] [warning] [Decorations] CAPPING events from decorations provider vscode.git 2489
[2021-01-19 11:09:07.446] [exthost] [warning] [Decorations] CAPPING events from decorations provider vscode.git 2489
[2021-01-19 11:09:12.557] [exthost] [warning] [Decorations] CAPPING events from decorations provider vscode.git 2489
[2021-01-19 11:09:17.672] [exthost] [warning] [Decorations] CAPPING events from decorations provider vscode.git 2489
[2021-01-19 11:09:22.779] [exthost] [warning] [Decorations] CAPPING events from decorations provider vscode.git 2489
[2021-01-19 11:09:27.889] [exthost] [warning] [Decorations] CAPPING events from decorations provider vscode.git 2489
[2021-01-19 11:09:33.005] [exthost] [warning] [Decorations] CAPPING events from decorations provider vscode.git 2489
[2021-01-19 11:09:38.126] [exthost] [warning] [Decorations] CAPPING events from decorations provider vscode.git 2489
[2021-01-19 11:09:43.271] [exthost] [warning] [Decorations] CAPPING events from decorations provider vscode.git 2489
[2021-01-19 11:09:48.396] [exthost] [warning] [Decorations] CAPPING events from decorations provider vscode.git 2489
[2021-01-19 11:09:53.529] [exthost] [warning] [Decorations] CAPPING events from decorations provider vscode.git 2489
[2021-01-19 11:09:58.647] [exthost] [warning] [Decorations] CAPPING events from decorations provider vscode.git 2489
[2021-01-19 11:10:04.161] [exthost] [warning] [Decorations] CAPPING events from decorations provider vscode.git 2489
[2021-01-19 11:10:13.706] [exthost] [warning] [Decorations] CAPPING events from decorations provider vscode.git 2489
[2021-01-19 11:10:18.808] [exthost] [warning] [Decorations] CAPPING events from decorations provider vscode.git 2489
[2021-01-19 11:10:23.926] [exthost] [warning] [Decorations] CAPPING events from decorations provider vscode.git 2489
[2021-01-19 11:11:44.327] [exthost] [warning] [Decorations] CAPPING events from decorations provider vscode.git 2489
[2021-01-19 11:11:49.452] [exthost] [warning] [Decorations] CAPPING events from decorations provider vscode.git 2489
[2021-01-19 11:11:55.410] [exthost] [warning] [Decorations] CAPPING events from decorations provider vscode.git 2489
[2021-01-19 11:12:00.537] [exthost] [warning] [Decorations] CAPPING events from decorations provider vscode.git 2489
[2021-01-19 11:17:01.097] [exthost] [warning] [Decorations] CAPPING events from decorations provider vscode.git 2489
[2021-01-19 11:17:06.204] [exthost] [warning] [Decorations] CAPPING events from decorations provider vscode.git 2489
[2021-01-19 11:17:11.346] [exthost] [warning] [Decorations] CAPPING events from decorations provider vscode.git 2489
[2021-01-19 11:17:16.453] [exthost] [warning] [Decorations] CAPPING events from decorations provider vscode.git 2489
[2021-01-19 11:17:21.585] [exthost] [warning] [Decorations] CAPPING events from decorations provider vscode.git 2489
[2021-01-19 11:17:26.699] [exthost] [warning] [Decorations] CAPPING events from decorations provider vscode.git 2489
[2021-01-19 11:17:31.809] [exthost] [warning] [Decorations] CAPPING events from decorations provider vscode.git 2489
[2021-01-19 11:17:36.950] [exthost] [warning] [Decorations] CAPPING events from decorations provider vscode.git 2489
[2021-01-19 11:17:42.064] [exthost] [warning] [Decorations] CAPPING events from decorations provider vscode.git 2489
[2021-01-19 11:17:57.611] [exthost] [warning] [Decorations] CAPPING events from decorations provider vscode.git 2489
[2021-01-19 11:18:02.715] [exthost] [warning] [Decorations] CAPPING events from decorations provider vscode.git 2489
[2021-01-19 11:18:07.815] [exthost] [warning] [Decorations] CAPPING events from decorations provider vscode.git 2489
[2021-01-19 11:18:12.924] [exthost] [warning] [Decorations] CAPPING events from decorations provider vscode.git 2489
[2021-01-19 11:18:18.062] [exthost] [warning] [Decorations] CAPPING events from decorations provider vscode.git 2489
[2021-01-19 11:18:23.171] [exthost] [warning] [Decorations] CAPPING events from decorations provider vscode.git 2489
[2021-01-19 11:18:28.288] [exthost] [warning] [Decorations] CAPPING events from decorations provider vscode.git 2489
[2021-01-19 11:18:33.436] [exthost] [warning] [Decorations] CAPPING events from decorations provider vscode.git 2489
[2021-01-19 11:18:38.561] [exthost] [warning] [Decorations] CAPPING events from decorations provider vscode.git 2489
[2021-01-19 11:20:14.845] [exthost] [warning] [Decorations] CAPPING events from decorations provider vscode.git 2489
[2021-01-19 11:20:19.949] [exthost] [warning] [Decorations] CAPPING events from decorations provider vscode.git 2489
[2021-01-19 11:20:25.062] [exthost] [warning] [Decorations] CAPPING events from decorations provider vscode.git 2489
[2021-01-19 11:20:30.174] [exthost] [warning] [Decorations] CAPPING events from decorations provider vscode.git 2489
[2021-01-19 11:21:19.250] [exthost] [warning] [Decorations] CAPPING events from decorations provider vscode.git 2489
[2021-01-19 11:21:29.700] [exthost] [warning] [Decorations] CAPPING events from decorations provider vscode.git 2489
[2021-01-19 11:21:34.826] [exthost] [warning] [Decorations] CAPPING events from decorations provider vscode.git 2489
[2021-01-19 11:21:41.917] [exthost] [warning] [Decorations] CAPPING events from decorations provider vscode.git 2489
[2021-01-19 11:21:50.795] [exthost] [warning] [Decorations] CAPPING events from decorations provider vscode.git 2489
[2021-01-19 11:21:55.919] [exthost] [warning] [Decorations] CAPPING events from decorations provider vscode.git 2489
[2021-01-19 11:22:08.257] [exthost] [warning] [Decorations] CAPPING events from decorations provider vscode.git 2489
[2021-01-19 11:22:13.366] [exthost] [warning] [Decorations] CAPPING events from decorations provider vscode.git 2489
[2021-01-19 11:22:18.526] [exthost] [warning] [Decorations] CAPPING events from decorations provider vscode.git 2489
[2021-01-19 11:22:23.652] [exthost] [warning] [Decorations] CAPPING events from decorations provider vscode.git 2489
[2021-01-19 11:22:28.764] [exthost] [warning] [Decorations] CAPPING events from decorations provider vscode.git 2489
[2021-01-19 11:22:33.882] [exthost] [warning] [Decorations] CAPPING events from decorations provider vscode.git 2489
[2021-01-19 11:22:38.984] [exthost] [warning] [Decorations] CAPPING events from decorations provider vscode.git 2489
[2021-01-19 11:22:44.105] [exthost] [warning] [Decorations] CAPPING events from decorations provider vscode.git 2489
[2021-01-19 11:22:49.219] [exthost] [warning] [Decorations] CAPPING events from decorations provider vscode.git 2489
[2021-01-19 11:22:54.322] [exthost] [warning] [Decorations] CAPPING events from decorations provider vscode.git 2489
[2021-01-19 11:22:59.431] [exthost] [warning] [Decorations] CAPPING events from decorations provider vscode.git 2489
[2021-01-19 11:23:04.552] [exthost] [warning] [Decorations] CAPPING events from decorations provider vscode.git 2489
[2021-01-19 11:23:09.694] [exthost] [warning] [Decorations] CAPPING events from decorations provider vscode.git 2489
