[2021-02-01 13:27:30.403] [exthost] [info] extension host started
[2021-02-01 13:27:30.664] [exthost] [info] ExtensionService#_doActivateExtension ms-vscode.cpptools {"startup":false,"extensionId":{"value":"ms-vscode.cpptools","_lower":"ms-vscode.cpptools"},"activationEvent":"onLanguage:c"}
[2021-02-01 13:27:30.665] [exthost] [info] ExtensionService#loadCommonJSModule file:///home/soic/.vscode-server/extensions/ms-vscode.cpptools-1.2.0-insiders3/dist/main
[2021-02-01 13:27:30.879] [exthost] [info] ExtensionService#_doActivateExtension vscode.debug-auto-launch {"startup":true,"extensionId":{"value":"vscode.debug-auto-launch","_lower":"vscode.debug-auto-launch"},"activationEvent":"*"}
[2021-02-01 13:27:30.879] [exthost] [info] ExtensionService#loadCommonJSModule file:///home/soic/.vscode-server/bin/ea3859d4ba2f3e577a159bc91e3074c5d85c0523/extensions/debug-auto-launch/dist/extension
[2021-02-01 13:27:30.887] [exthost] [info] ExtensionService#_doActivateExtension vscode.emmet {"startup":true,"extensionId":{"value":"vscode.emmet","_lower":"vscode.emmet"},"activationEvent":"*"}
[2021-02-01 13:27:30.887] [exthost] [info] ExtensionService#loadCommonJSModule file:///home/soic/.vscode-server/bin/ea3859d4ba2f3e577a159bc91e3074c5d85c0523/extensions/emmet/dist/node/emmetNodeMain
[2021-02-01 13:27:30.951] [exthost] [info] ExtensionService#_doActivateExtension vscode.git {"startup":true,"extensionId":{"value":"vscode.github","_lower":"vscode.github"},"activationEvent":"*"}
[2021-02-01 13:27:30.951] [exthost] [info] ExtensionService#loadCommonJSModule file:///home/soic/.vscode-server/bin/ea3859d4ba2f3e577a159bc91e3074c5d85c0523/extensions/git/dist/main
[2021-02-01 13:27:31.046] [exthost] [info] ExtensionService#_doActivateExtension vscode.merge-conflict {"startup":true,"extensionId":{"value":"vscode.merge-conflict","_lower":"vscode.merge-conflict"},"activationEvent":"*"}
[2021-02-01 13:27:31.047] [exthost] [info] ExtensionService#loadCommonJSModule file:///home/soic/.vscode-server/bin/ea3859d4ba2f3e577a159bc91e3074c5d85c0523/extensions/merge-conflict/dist/mergeConflictMain
[2021-02-01 13:27:31.054] [exthost] [info] ExtensionService#_doActivateExtension vscode.search-result {"startup":true,"extensionId":{"value":"vscode.search-result","_lower":"vscode.search-result"},"activationEvent":"*"}
[2021-02-01 13:27:31.054] [exthost] [info] ExtensionService#loadCommonJSModule file:///home/soic/.vscode-server/bin/ea3859d4ba2f3e577a159bc91e3074c5d85c0523/extensions/search-result/dist/extension.js
[2021-02-01 13:27:31.678] [exthost] [info] ExtensionService#_doActivateExtension vscode.github {"startup":true,"extensionId":{"value":"vscode.github","_lower":"vscode.github"},"activationEvent":"*"}
[2021-02-01 13:27:31.678] [exthost] [info] ExtensionService#loadCommonJSModule file:///home/soic/.vscode-server/bin/ea3859d4ba2f3e577a159bc91e3074c5d85c0523/extensions/github/dist/extension.js
[2021-02-01 13:27:31.744] [exthost] [info] ExtensionService#_doActivateExtension ms-vscode.js-debug {"startup":false,"extensionId":{"value":"ms-vscode.js-debug","_lower":"ms-vscode.js-debug"},"activationEvent":"onCommand:extension.js-debug.clearAutoAttachVariables"}
[2021-02-01 13:27:31.745] [exthost] [info] ExtensionService#loadCommonJSModule file:///home/soic/.vscode-server/bin/ea3859d4ba2f3e577a159bc91e3074c5d85c0523/extensions/ms-vscode.js-debug/src/extension.js
[2021-02-01 13:27:31.998] [exthost] [info] ExtensionService#_doActivateExtension ms-vscode.cmake-tools {"startup":true,"extensionId":{"value":"ms-vscode.cmake-tools","_lower":"ms-vscode.cmake-tools"},"activationEvent":"workspaceContains:**/CMakeLists.txt"}
[2021-02-01 13:27:31.998] [exthost] [info] ExtensionService#loadCommonJSModule file:///home/soic/.vscode-server/extensions/ms-vscode.cmake-tools-1.5.3/dist/main
[2021-02-01 13:27:32.799] [exthost] [warning] [Decorations] CAPPING events from decorations provider vscode.git 563
[2021-02-01 13:27:33.257] [exthost] [info] eager extensions activated
[2021-02-01 13:27:33.759] [exthost] [warning] [Decorations] CAPPING events from decorations provider vscode.git 564
[2021-02-01 13:27:33.772] [exthost] [error] {"message":"Git error","stdout":"","stderr":"fatal: Pathspec '/home/soic/moxa-uart-control/example' is in submodule 'moxa-uart-control'\n","exitCode":128,"gitErrorCode":"IsInSubmodule"}
[2021-02-01 13:27:33.772] [exthost] [error] {"message":"Git error","stdout":"","stderr":"fatal: Pathspec '/home/soic/moxa-uart-control/example' is in submodule 'moxa-uart-control'\n","exitCode":128,"gitErrorCode":"IsInSubmodule"}
[2021-02-01 13:27:33.772] [exthost] [error] {"message":"Git error","stdout":"","stderr":"fatal: Pathspec '/home/soic/moxa-uart-control/example' is in submodule 'moxa-uart-control'\n","exitCode":128,"gitErrorCode":"IsInSubmodule"}
[2021-02-01 13:27:33.772] [exthost] [error] {"message":"Git error","stdout":"","stderr":"fatal: Pathspec '/home/soic/moxa-uart-control/example' is in submodule 'moxa-uart-control'\n","exitCode":128,"gitErrorCode":"IsInSubmodule"}
[2021-02-01 13:27:33.772] [exthost] [error] {"message":"Git error","stdout":"","stderr":"fatal: Pathspec '/home/soic/moxa-uart-control/example' is in submodule 'moxa-uart-control'\n","exitCode":128,"gitErrorCode":"IsInSubmodule"}
[2021-02-01 13:27:33.772] [exthost] [error] {"message":"Git error","stdout":"","stderr":"fatal: Pathspec '/home/soic/moxa-uart-control/example' is in submodule 'moxa-uart-control'\n","exitCode":128,"gitErrorCode":"IsInSubmodule"}
[2021-02-01 13:27:33.772] [exthost] [error] {"message":"Git error","stdout":"","stderr":"fatal: Pathspec '/home/soic/moxa-uart-control/example' is in submodule 'moxa-uart-control'\n","exitCode":128,"gitErrorCode":"IsInSubmodule"}
[2021-02-01 13:27:33.772] [exthost] [error] {"message":"Git error","stdout":"","stderr":"fatal: Pathspec '/home/soic/moxa-uart-control/example' is in submodule 'moxa-uart-control'\n","exitCode":128,"gitErrorCode":"IsInSubmodule"}
[2021-02-01 13:27:33.772] [exthost] [error] {"message":"Git error","stdout":"","stderr":"fatal: Pathspec '/home/soic/moxa-uart-control/example' is in submodule 'moxa-uart-control'\n","exitCode":128,"gitErrorCode":"IsInSubmodule"}
[2021-02-01 13:27:33.772] [exthost] [error] {"message":"Git error","stdout":"","stderr":"fatal: Pathspec '/home/soic/moxa-uart-control/example' is in submodule 'moxa-uart-control'\n","exitCode":128,"gitErrorCode":"IsInSubmodule"}
[2021-02-01 13:27:33.772] [exthost] [error] {"message":"Git error","stdout":"","stderr":"fatal: Pathspec '/home/soic/moxa-uart-control/example' is in submodule 'moxa-uart-control'\n","exitCode":128,"gitErrorCode":"IsInSubmodule"}
[2021-02-01 13:27:33.772] [exthost] [error] {"message":"Git error","stdout":"","stderr":"fatal: Pathspec '/home/soic/moxa-uart-control/example' is in submodule 'moxa-uart-control'\n","exitCode":128,"gitErrorCode":"IsInSubmodule"}
[2021-02-01 13:27:33.772] [exthost] [error] {"message":"Git error","stdout":"","stderr":"fatal: Pathspec '/home/soic/moxa-uart-control/example' is in submodule 'moxa-uart-control'\n","exitCode":128,"gitErrorCode":"IsInSubmodule"}
[2021-02-01 13:27:33.772] [exthost] [error] {"message":"Git error","stdout":"","stderr":"fatal: Pathspec '/home/soic/moxa-uart-control/example' is in submodule 'moxa-uart-control'\n","exitCode":128,"gitErrorCode":"IsInSubmodule"}
[2021-02-01 13:27:33.772] [exthost] [error] {"message":"Git error","stdout":"","stderr":"fatal: Pathspec '/home/soic/moxa-uart-control/example' is in submodule 'moxa-uart-control'\n","exitCode":128,"gitErrorCode":"IsInSubmodule"}
[2021-02-01 13:27:33.772] [exthost] [error] {"message":"Git error","stdout":"","stderr":"fatal: Pathspec '/home/soic/moxa-uart-control/example' is in submodule 'moxa-uart-control'\n","exitCode":128,"gitErrorCode":"IsInSubmodule"}
[2021-02-01 13:27:33.772] [exthost] [error] {"message":"Git error","stdout":"","stderr":"fatal: Pathspec '/home/soic/moxa-uart-control/example' is in submodule 'moxa-uart-control'\n","exitCode":128,"gitErrorCode":"IsInSubmodule"}
[2021-02-01 13:27:33.772] [exthost] [error] {"message":"Git error","stdout":"","stderr":"fatal: Pathspec '/home/soic/moxa-uart-control/example' is in submodule 'moxa-uart-control'\n","exitCode":128,"gitErrorCode":"IsInSubmodule"}
[2021-02-01 13:27:33.772] [exthost] [error] {"message":"Git error","stdout":"","stderr":"fatal: Pathspec '/home/soic/moxa-uart-control/example' is in submodule 'moxa-uart-control'\n","exitCode":128,"gitErrorCode":"IsInSubmodule"}
[2021-02-01 13:27:33.772] [exthost] [error] {"message":"Git error","stdout":"","stderr":"fatal: Pathspec '/home/soic/moxa-uart-control/example' is in submodule 'moxa-uart-control'\n","exitCode":128,"gitErrorCode":"IsInSubmodule"}
[2021-02-01 13:27:33.772] [exthost] [error] {"message":"Git error","stdout":"","stderr":"fatal: Pathspec '/home/soic/moxa-uart-control/example' is in submodule 'moxa-uart-control'\n","exitCode":128,"gitErrorCode":"IsInSubmodule"}
[2021-02-01 13:27:33.772] [exthost] [error] {"message":"Git error","stdout":"","stderr":"fatal: Pathspec '/home/soic/moxa-uart-control/example' is in submodule 'moxa-uart-control'\n","exitCode":128,"gitErrorCode":"IsInSubmodule"}
[2021-02-01 13:27:33.772] [exthost] [error] {"message":"Git error","stdout":"","stderr":"fatal: Pathspec '/home/soic/moxa-uart-control/example' is in submodule 'moxa-uart-control'\n","exitCode":128,"gitErrorCode":"IsInSubmodule"}
[2021-02-01 13:27:33.772] [exthost] [error] {"message":"Git error","stdout":"","stderr":"fatal: Pathspec '/home/soic/moxa-uart-control/example' is in submodule 'moxa-uart-control'\n","exitCode":128,"gitErrorCode":"IsInSubmodule"}
[2021-02-01 13:27:33.772] [exthost] [error] {"message":"Git error","stdout":"","stderr":"fatal: Pathspec '/home/soic/moxa-uart-control/example' is in submodule 'moxa-uart-control'\n","exitCode":128,"gitErrorCode":"IsInSubmodule"}
[2021-02-01 13:27:33.772] [exthost] [error] {"message":"Git error","stdout":"","stderr":"fatal: Pathspec '/home/soic/moxa-uart-control/example' is in submodule 'moxa-uart-control'\n","exitCode":128,"gitErrorCode":"IsInSubmodule"}
[2021-02-01 13:27:33.772] [exthost] [error] {"message":"Git error","stdout":"","stderr":"fatal: Pathspec '/home/soic/moxa-uart-control/example' is in submodule 'moxa-uart-control'\n","exitCode":128,"gitErrorCode":"IsInSubmodule"}
[2021-02-01 13:27:33.772] [exthost] [error] {"message":"Git error","stdout":"","stderr":"fatal: Pathspec '/home/soic/moxa-uart-control/example' is in submodule 'moxa-uart-control'\n","exitCode":128,"gitErrorCode":"IsInSubmodule"}
[2021-02-01 13:27:33.772] [exthost] [error] {"message":"Git error","stdout":"","stderr":"fatal: Pathspec '/home/soic/moxa-uart-control/example' is in submodule 'moxa-uart-control'\n","exitCode":128,"gitErrorCode":"IsInSubmodule"}
[2021-02-01 13:27:33.773] [exthost] [error] {"message":"Git error","stdout":"","stderr":"fatal: Pathspec '/home/soic/moxa-uart-control/example' is in submodule 'moxa-uart-control'\n","exitCode":128,"gitErrorCode":"IsInSubmodule"}
[2021-02-01 13:27:33.773] [exthost] [error] {"message":"Git error","stdout":"","stderr":"fatal: Pathspec '/home/soic/moxa-uart-control/example' is in submodule 'moxa-uart-control'\n","exitCode":128,"gitErrorCode":"IsInSubmodule"}
[2021-02-01 13:27:33.773] [exthost] [error] {"message":"Git error","stdout":"","stderr":"fatal: Pathspec '/home/soic/moxa-uart-control/example' is in submodule 'moxa-uart-control'\n","exitCode":128,"gitErrorCode":"IsInSubmodule"}
[2021-02-01 13:27:33.773] [exthost] [error] {"message":"Git error","stdout":"","stderr":"fatal: Pathspec '/home/soic/moxa-uart-control/example' is in submodule 'moxa-uart-control'\n","exitCode":128,"gitErrorCode":"IsInSubmodule"}
[2021-02-01 13:27:33.773] [exthost] [error] {"message":"Git error","stdout":"","stderr":"fatal: Pathspec '/home/soic/moxa-uart-control/example' is in submodule 'moxa-uart-control'\n","exitCode":128,"gitErrorCode":"IsInSubmodule"}
[2021-02-01 13:27:33.773] [exthost] [error] {"message":"Git error","stdout":"","stderr":"fatal: Pathspec '/home/soic/moxa-uart-control/example' is in submodule 'moxa-uart-control'\n","exitCode":128,"gitErrorCode":"IsInSubmodule"}
[2021-02-01 13:27:33.773] [exthost] [error] {"message":"Git error","stdout":"","stderr":"fatal: Pathspec '/home/soic/moxa-uart-control/example' is in submodule 'moxa-uart-control'\n","exitCode":128,"gitErrorCode":"IsInSubmodule"}
[2021-02-01 13:27:33.773] [exthost] [error] {"message":"Git error","stdout":"","stderr":"fatal: Pathspec '/home/soic/moxa-uart-control/example' is in submodule 'moxa-uart-control'\n","exitCode":128,"gitErrorCode":"IsInSubmodule"}
[2021-02-01 13:27:33.773] [exthost] [error] {"message":"Git error","stdout":"","stderr":"fatal: Pathspec '/home/soic/moxa-uart-control/example' is in submodule 'moxa-uart-control'\n","exitCode":128,"gitErrorCode":"IsInSubmodule"}
[2021-02-01 13:27:33.773] [exthost] [error] {"message":"Git error","stdout":"","stderr":"fatal: Pathspec '/home/soic/moxa-uart-control/example' is in submodule 'moxa-uart-control'\n","exitCode":128,"gitErrorCode":"IsInSubmodule"}
[2021-02-01 13:27:33.773] [exthost] [error] {"message":"Git error","stdout":"","stderr":"fatal: Pathspec '/home/soic/moxa-uart-control/example' is in submodule 'moxa-uart-control'\n","exitCode":128,"gitErrorCode":"IsInSubmodule"}
[2021-02-01 13:27:37.177] [exthost] [error] {"message":"Git error","stdout":"","stderr":"fatal: Pathspec '/home/soic/moxa-uart-control/config.guess' is in submodule 'moxa-uart-control'\n","exitCode":128,"gitErrorCode":"IsInSubmodule"}
[2021-02-01 13:27:37.177] [exthost] [error] {"message":"Git error","stdout":"","stderr":"fatal: Pathspec '/home/soic/moxa-uart-control/config.guess' is in submodule 'moxa-uart-control'\n","exitCode":128,"gitErrorCode":"IsInSubmodule"}
[2021-02-01 13:27:37.177] [exthost] [error] {"message":"Git error","stdout":"","stderr":"fatal: Pathspec '/home/soic/moxa-uart-control/config.guess' is in submodule 'moxa-uart-control'\n","exitCode":128,"gitErrorCode":"IsInSubmodule"}
[2021-02-01 13:27:37.177] [exthost] [error] {"message":"Git error","stdout":"","stderr":"fatal: Pathspec '/home/soic/moxa-uart-control/config.guess' is in submodule 'moxa-uart-control'\n","exitCode":128,"gitErrorCode":"IsInSubmodule"}
[2021-02-01 13:27:37.177] [exthost] [error] {"message":"Git error","stdout":"","stderr":"fatal: Pathspec '/home/soic/moxa-uart-control/config.guess' is in submodule 'moxa-uart-control'\n","exitCode":128,"gitErrorCode":"IsInSubmodule"}
[2021-02-01 13:27:37.177] [exthost] [error] {"message":"Git error","stdout":"","stderr":"fatal: Pathspec '/home/soic/moxa-uart-control/config.guess' is in submodule 'moxa-uart-control'\n","exitCode":128,"gitErrorCode":"IsInSubmodule"}
[2021-02-01 13:27:37.177] [exthost] [error] {"message":"Git error","stdout":"","stderr":"fatal: Pathspec '/home/soic/moxa-uart-control/config.guess' is in submodule 'moxa-uart-control'\n","exitCode":128,"gitErrorCode":"IsInSubmodule"}
[2021-02-01 13:27:37.177] [exthost] [error] {"message":"Git error","stdout":"","stderr":"fatal: Pathspec '/home/soic/moxa-uart-control/config.guess' is in submodule 'moxa-uart-control'\n","exitCode":128,"gitErrorCode":"IsInSubmodule"}
[2021-02-01 13:27:37.177] [exthost] [error] {"message":"Git error","stdout":"","stderr":"fatal: Pathspec '/home/soic/moxa-uart-control/config.guess' is in submodule 'moxa-uart-control'\n","exitCode":128,"gitErrorCode":"IsInSubmodule"}
[2021-02-01 13:27:37.177] [exthost] [error] {"message":"Git error","stdout":"","stderr":"fatal: Pathspec '/home/soic/moxa-uart-control/config.guess' is in submodule 'moxa-uart-control'\n","exitCode":128,"gitErrorCode":"IsInSubmodule"}
[2021-02-01 13:27:37.177] [exthost] [error] {"message":"Git error","stdout":"","stderr":"fatal: Pathspec '/home/soic/moxa-uart-control/config.guess' is in submodule 'moxa-uart-control'\n","exitCode":128,"gitErrorCode":"IsInSubmodule"}
[2021-02-01 13:27:37.177] [exthost] [error] {"message":"Git error","stdout":"","stderr":"fatal: Pathspec '/home/soic/moxa-uart-control/config.guess' is in submodule 'moxa-uart-control'\n","exitCode":128,"gitErrorCode":"IsInSubmodule"}
[2021-02-01 13:27:37.177] [exthost] [error] {"message":"Git error","stdout":"","stderr":"fatal: Pathspec '/home/soic/moxa-uart-control/config.guess' is in submodule 'moxa-uart-control'\n","exitCode":128,"gitErrorCode":"IsInSubmodule"}
[2021-02-01 13:27:37.177] [exthost] [error] {"message":"Git error","stdout":"","stderr":"fatal: Pathspec '/home/soic/moxa-uart-control/config.guess' is in submodule 'moxa-uart-control'\n","exitCode":128,"gitErrorCode":"IsInSubmodule"}
[2021-02-01 13:27:37.177] [exthost] [error] {"message":"Git error","stdout":"","stderr":"fatal: Pathspec '/home/soic/moxa-uart-control/config.guess' is in submodule 'moxa-uart-control'\n","exitCode":128,"gitErrorCode":"IsInSubmodule"}
[2021-02-01 13:27:37.177] [exthost] [error] {"message":"Git error","stdout":"","stderr":"fatal: Pathspec '/home/soic/moxa-uart-control/config.guess' is in submodule 'moxa-uart-control'\n","exitCode":128,"gitErrorCode":"IsInSubmodule"}
[2021-02-01 13:27:37.177] [exthost] [error] {"message":"Git error","stdout":"","stderr":"fatal: Pathspec '/home/soic/moxa-uart-control/config.guess' is in submodule 'moxa-uart-control'\n","exitCode":128,"gitErrorCode":"IsInSubmodule"}
[2021-02-01 13:27:37.177] [exthost] [error] {"message":"Git error","stdout":"","stderr":"fatal: Pathspec '/home/soic/moxa-uart-control/config.guess' is in submodule 'moxa-uart-control'\n","exitCode":128,"gitErrorCode":"IsInSubmodule"}
[2021-02-01 13:27:37.177] [exthost] [error] {"message":"Git error","stdout":"","stderr":"fatal: Pathspec '/home/soic/moxa-uart-control/config.guess' is in submodule 'moxa-uart-control'\n","exitCode":128,"gitErrorCode":"IsInSubmodule"}
[2021-02-01 13:27:37.177] [exthost] [error] {"message":"Git error","stdout":"","stderr":"fatal: Pathspec '/home/soic/moxa-uart-control/config.guess' is in submodule 'moxa-uart-control'\n","exitCode":128,"gitErrorCode":"IsInSubmodule"}
[2021-02-01 13:27:37.177] [exthost] [error] {"message":"Git error","stdout":"","stderr":"fatal: Pathspec '/home/soic/moxa-uart-control/config.guess' is in submodule 'moxa-uart-control'\n","exitCode":128,"gitErrorCode":"IsInSubmodule"}
[2021-02-01 13:27:37.177] [exthost] [error] {"message":"Git error","stdout":"","stderr":"fatal: Pathspec '/home/soic/moxa-uart-control/config.guess' is in submodule 'moxa-uart-control'\n","exitCode":128,"gitErrorCode":"IsInSubmodule"}
[2021-02-01 13:27:37.177] [exthost] [error] {"message":"Git error","stdout":"","stderr":"fatal: Pathspec '/home/soic/moxa-uart-control/config.guess' is in submodule 'moxa-uart-control'\n","exitCode":128,"gitErrorCode":"IsInSubmodule"}
[2021-02-01 13:27:37.177] [exthost] [error] {"message":"Git error","stdout":"","stderr":"fatal: Pathspec '/home/soic/moxa-uart-control/config.guess' is in submodule 'moxa-uart-control'\n","exitCode":128,"gitErrorCode":"IsInSubmodule"}
[2021-02-01 13:27:37.177] [exthost] [error] {"message":"Git error","stdout":"","stderr":"fatal: Pathspec '/home/soic/moxa-uart-control/config.guess' is in submodule 'moxa-uart-control'\n","exitCode":128,"gitErrorCode":"IsInSubmodule"}
[2021-02-01 13:27:37.177] [exthost] [error] {"message":"Git error","stdout":"","stderr":"fatal: Pathspec '/home/soic/moxa-uart-control/config.guess' is in submodule 'moxa-uart-control'\n","exitCode":128,"gitErrorCode":"IsInSubmodule"}
[2021-02-01 13:27:37.177] [exthost] [error] {"message":"Git error","stdout":"","stderr":"fatal: Pathspec '/home/soic/moxa-uart-control/config.guess' is in submodule 'moxa-uart-control'\n","exitCode":128,"gitErrorCode":"IsInSubmodule"}
[2021-02-01 13:27:37.177] [exthost] [error] {"message":"Git error","stdout":"","stderr":"fatal: Pathspec '/home/soic/moxa-uart-control/config.guess' is in submodule 'moxa-uart-control'\n","exitCode":128,"gitErrorCode":"IsInSubmodule"}
[2021-02-01 13:27:37.177] [exthost] [error] {"message":"Git error","stdout":"","stderr":"fatal: Pathspec '/home/soic/moxa-uart-control/config.guess' is in submodule 'moxa-uart-control'\n","exitCode":128,"gitErrorCode":"IsInSubmodule"}
[2021-02-01 13:27:37.177] [exthost] [error] {"message":"Git error","stdout":"","stderr":"fatal: Pathspec '/home/soic/moxa-uart-control/config.guess' is in submodule 'moxa-uart-control'\n","exitCode":128,"gitErrorCode":"IsInSubmodule"}
[2021-02-01 13:27:37.177] [exthost] [error] {"message":"Git error","stdout":"","stderr":"fatal: Pathspec '/home/soic/moxa-uart-control/config.guess' is in submodule 'moxa-uart-control'\n","exitCode":128,"gitErrorCode":"IsInSubmodule"}
[2021-02-01 13:27:37.177] [exthost] [error] {"message":"Git error","stdout":"","stderr":"fatal: Pathspec '/home/soic/moxa-uart-control/config.guess' is in submodule 'moxa-uart-control'\n","exitCode":128,"gitErrorCode":"IsInSubmodule"}
[2021-02-01 13:27:37.177] [exthost] [error] {"message":"Git error","stdout":"","stderr":"fatal: Pathspec '/home/soic/moxa-uart-control/config.guess' is in submodule 'moxa-uart-control'\n","exitCode":128,"gitErrorCode":"IsInSubmodule"}
[2021-02-01 13:27:37.177] [exthost] [error] {"message":"Git error","stdout":"","stderr":"fatal: Pathspec '/home/soic/moxa-uart-control/config.guess' is in submodule 'moxa-uart-control'\n","exitCode":128,"gitErrorCode":"IsInSubmodule"}
[2021-02-01 13:27:37.177] [exthost] [error] {"message":"Git error","stdout":"","stderr":"fatal: Pathspec '/home/soic/moxa-uart-control/config.guess' is in submodule 'moxa-uart-control'\n","exitCode":128,"gitErrorCode":"IsInSubmodule"}
[2021-02-01 13:27:37.177] [exthost] [error] {"message":"Git error","stdout":"","stderr":"fatal: Pathspec '/home/soic/moxa-uart-control/config.guess' is in submodule 'moxa-uart-control'\n","exitCode":128,"gitErrorCode":"IsInSubmodule"}
[2021-02-01 13:27:37.178] [exthost] [error] {"message":"Git error","stdout":"","stderr":"fatal: Pathspec '/home/soic/moxa-uart-control/config.guess' is in submodule 'moxa-uart-control'\n","exitCode":128,"gitErrorCode":"IsInSubmodule"}
[2021-02-01 13:27:37.178] [exthost] [error] {"message":"Git error","stdout":"","stderr":"fatal: Pathspec '/home/soic/moxa-uart-control/config.guess' is in submodule 'moxa-uart-control'\n","exitCode":128,"gitErrorCode":"IsInSubmodule"}
[2021-02-01 13:27:37.178] [exthost] [error] {"message":"Git error","stdout":"","stderr":"fatal: Pathspec '/home/soic/moxa-uart-control/config.guess' is in submodule 'moxa-uart-control'\n","exitCode":128,"gitErrorCode":"IsInSubmodule"}
[2021-02-01 13:27:38.339] [exthost] [warning] [Decorations] CAPPING events from decorations provider vscode.git 564
[2021-02-01 13:27:43.458] [exthost] [warning] [Decorations] CAPPING events from decorations provider vscode.git 570
[2021-02-01 13:27:48.570] [exthost] [warning] [Decorations] CAPPING events from decorations provider vscode.git 570
[2021-02-01 13:27:53.680] [exthost] [warning] [Decorations] CAPPING events from decorations provider vscode.git 570
[2021-02-01 13:27:54.451] [exthost] [error] {"message":"Git error","stdout":"","stderr":"fatal: Pathspec '/home/soic/moxa_test/README.md' is in submodule 'moxa_test'\n","exitCode":128,"gitErrorCode":"IsInSubmodule"}
[2021-02-01 13:27:58.814] [exthost] [warning] [Decorations] CAPPING events from decorations provider vscode.git 571
[2021-02-01 13:28:03.951] [exthost] [warning] [Decorations] CAPPING events from decorations provider vscode.git 571
[2021-02-01 13:28:09.093] [exthost] [warning] [Decorations] CAPPING events from decorations provider vscode.git 571
[2021-02-01 13:28:14.235] [exthost] [warning] [Decorations] CAPPING events from decorations provider vscode.git 571
[2021-02-01 13:28:19.388] [exthost] [warning] [Decorations] CAPPING events from decorations provider vscode.git 571
[2021-02-01 13:28:24.538] [exthost] [warning] [Decorations] CAPPING events from decorations provider vscode.git 571
[2021-02-01 13:28:29.682] [exthost] [warning] [Decorations] CAPPING events from decorations provider vscode.git 571
[2021-02-01 13:28:34.826] [exthost] [warning] [Decorations] CAPPING events from decorations provider vscode.git 571
[2021-02-01 13:28:39.964] [exthost] [warning] [Decorations] CAPPING events from decorations provider vscode.git 571
[2021-02-01 13:28:45.109] [exthost] [warning] [Decorations] CAPPING events from decorations provider vscode.git 571
[2021-02-01 13:28:50.248] [exthost] [warning] [Decorations] CAPPING events from decorations provider vscode.git 571
[2021-02-01 13:28:55.390] [exthost] [warning] [Decorations] CAPPING events from decorations provider vscode.git 571
[2021-02-01 13:29:00.545] [exthost] [warning] [Decorations] CAPPING events from decorations provider vscode.git 571
[2021-02-01 13:29:05.686] [exthost] [warning] [Decorations] CAPPING events from decorations provider vscode.git 571
[2021-02-01 13:29:10.831] [exthost] [warning] [Decorations] CAPPING events from decorations provider vscode.git 571
[2021-02-01 13:29:15.977] [exthost] [warning] [Decorations] CAPPING events from decorations provider vscode.git 571
[2021-02-01 13:29:21.121] [exthost] [warning] [Decorations] CAPPING events from decorations provider vscode.git 571
[2021-02-01 13:29:26.263] [exthost] [warning] [Decorations] CAPPING events from decorations provider vscode.git 571
[2021-02-01 13:29:31.409] [exthost] [warning] [Decorations] CAPPING events from decorations provider vscode.git 571
[2021-02-01 13:29:36.567] [exthost] [warning] [Decorations] CAPPING events from decorations provider vscode.git 571
[2021-02-01 13:29:41.710] [exthost] [warning] [Decorations] CAPPING events from decorations provider vscode.git 571
[2021-02-01 13:29:46.850] [exthost] [warning] [Decorations] CAPPING events from decorations provider vscode.git 571
[2021-02-01 13:29:51.993] [exthost] [warning] [Decorations] CAPPING events from decorations provider vscode.git 571
[2021-02-01 13:29:57.136] [exthost] [warning] [Decorations] CAPPING events from decorations provider vscode.git 571
[2021-02-01 13:30:02.277] [exthost] [warning] [Decorations] CAPPING events from decorations provider vscode.git 571
[2021-02-01 13:30:07.420] [exthost] [warning] [Decorations] CAPPING events from decorations provider vscode.git 571
[2021-02-01 13:30:12.575] [exthost] [warning] [Decorations] CAPPING events from decorations provider vscode.git 571
[2021-02-01 13:30:17.727] [exthost] [warning] [Decorations] CAPPING events from decorations provider vscode.git 571
[2021-02-01 13:30:22.867] [exthost] [warning] [Decorations] CAPPING events from decorations provider vscode.git 571
[2021-02-01 13:30:28.011] [exthost] [warning] [Decorations] CAPPING events from decorations provider vscode.git 571
[2021-02-01 14:08:57.545] [exthost] [warning] [Decorations] CAPPING events from decorations provider vscode.git 571
[2021-02-01 14:08:58.525] [exthost] [warning] [Decorations] CAPPING events from decorations provider vscode.git 571
[2021-02-01 14:09:02.697] [exthost] [warning] [Decorations] CAPPING events from decorations provider vscode.git 571
[2021-02-01 14:09:09.010] [exthost] [warning] [Decorations] CAPPING events from decorations provider vscode.git 571
[2021-02-01 15:17:18.322] [exthost] [warning] [Decorations] CAPPING events from decorations provider vscode.git 571
[2021-02-01 15:17:20.505] [exthost] [warning] [Decorations] CAPPING events from decorations provider vscode.git 571
[2021-02-01 15:47:22.778] [exthost] [warning] [Decorations] CAPPING events from decorations provider vscode.git 571
[2021-02-01 15:47:23.833] [exthost] [warning] [Decorations] CAPPING events from decorations provider vscode.git 571
