[2021-02-19 15:47:02.954] [exthost] [info] extension host started
[2021-02-19 15:47:03.174] [exthost] [info] ExtensionService#_doActivateExtension vscode.debug-auto-launch {"startup":true,"extensionId":{"value":"vscode.debug-auto-launch","_lower":"vscode.debug-auto-launch"},"activationEvent":"*"}
[2021-02-19 15:47:03.175] [exthost] [info] ExtensionService#loadCommonJSModule file:///home/soic/.vscode-server/bin/ea3859d4ba2f3e577a159bc91e3074c5d85c0523/extensions/debug-auto-launch/dist/extension
[2021-02-19 15:47:03.185] [exthost] [info] ExtensionService#_doActivateExtension vscode.emmet {"startup":true,"extensionId":{"value":"vscode.emmet","_lower":"vscode.emmet"},"activationEvent":"*"}
[2021-02-19 15:47:03.185] [exthost] [info] ExtensionService#loadCommonJSModule file:///home/soic/.vscode-server/bin/ea3859d4ba2f3e577a159bc91e3074c5d85c0523/extensions/emmet/dist/node/emmetNodeMain
[2021-02-19 15:47:03.233] [exthost] [info] ExtensionService#_doActivateExtension vscode.git {"startup":true,"extensionId":{"value":"vscode.github","_lower":"vscode.github"},"activationEvent":"*"}
[2021-02-19 15:47:03.233] [exthost] [info] ExtensionService#loadCommonJSModule file:///home/soic/.vscode-server/bin/ea3859d4ba2f3e577a159bc91e3074c5d85c0523/extensions/git/dist/main
[2021-02-19 15:47:03.305] [exthost] [info] ExtensionService#_doActivateExtension vscode.merge-conflict {"startup":true,"extensionId":{"value":"vscode.merge-conflict","_lower":"vscode.merge-conflict"},"activationEvent":"*"}
[2021-02-19 15:47:03.305] [exthost] [info] ExtensionService#loadCommonJSModule file:///home/soic/.vscode-server/bin/ea3859d4ba2f3e577a159bc91e3074c5d85c0523/extensions/merge-conflict/dist/mergeConflictMain
[2021-02-19 15:47:03.309] [exthost] [info] ExtensionService#_doActivateExtension vscode.search-result {"startup":true,"extensionId":{"value":"vscode.search-result","_lower":"vscode.search-result"},"activationEvent":"*"}
[2021-02-19 15:47:03.309] [exthost] [info] ExtensionService#loadCommonJSModule file:///home/soic/.vscode-server/bin/ea3859d4ba2f3e577a159bc91e3074c5d85c0523/extensions/search-result/dist/extension.js
[2021-02-19 15:47:03.322] [exthost] [info] ExtensionService#_doActivateExtension ms-vscode.cpptools {"startup":true,"extensionId":{"value":"ms-vscode.cpptools","_lower":"ms-vscode.cpptools"},"activationEvent":"*"}
[2021-02-19 15:47:03.322] [exthost] [info] ExtensionService#loadCommonJSModule file:///home/soic/.vscode-server/extensions/ms-vscode.cpptools-1.2.2-insiders2/dist/main
[2021-02-19 15:47:03.897] [exthost] [info] ExtensionService#_doActivateExtension vscode.github {"startup":true,"extensionId":{"value":"vscode.github","_lower":"vscode.github"},"activationEvent":"*"}
[2021-02-19 15:47:03.897] [exthost] [info] ExtensionService#loadCommonJSModule file:///home/soic/.vscode-server/bin/ea3859d4ba2f3e577a159bc91e3074c5d85c0523/extensions/github/dist/extension.js
[2021-02-19 15:47:03.944] [exthost] [warning] [Decorations] CAPPING events from decorations provider vscode.git 746
[2021-02-19 15:47:04.459] [exthost] [info] ExtensionService#_doActivateExtension ms-vscode.cmake-tools {"startup":true,"extensionId":{"value":"ms-vscode.cmake-tools","_lower":"ms-vscode.cmake-tools"},"activationEvent":"workspaceContains:**/CMakeLists.txt"}
[2021-02-19 15:47:04.459] [exthost] [info] ExtensionService#loadCommonJSModule file:///home/soic/.vscode-server/extensions/ms-vscode.cmake-tools-1.5.3/dist/main
[2021-02-19 15:47:04.632] [exthost] [info] ExtensionService#_doActivateExtension ms-vscode.js-debug {"startup":false,"extensionId":{"value":"ms-vscode.js-debug","_lower":"ms-vscode.js-debug"},"activationEvent":"onCommand:extension.js-debug.clearAutoAttachVariables"}
[2021-02-19 15:47:04.632] [exthost] [info] ExtensionService#loadCommonJSModule file:///home/soic/.vscode-server/bin/ea3859d4ba2f3e577a159bc91e3074c5d85c0523/extensions/ms-vscode.js-debug/src/extension.js
[2021-02-19 15:47:04.974] [exthost] [error] {"message":"Git error","stdout":"","stderr":"fatal: Pathspec '/home/soic/moxa-gpio-control/autom4te.cache' is in submodule 'moxa-gpio-control'\n","exitCode":128,"gitErrorCode":"IsInSubmodule"}
[2021-02-19 15:47:04.974] [exthost] [error] {"message":"Git error","stdout":"","stderr":"fatal: Pathspec '/home/soic/moxa-gpio-control/autom4te.cache' is in submodule 'moxa-gpio-control'\n","exitCode":128,"gitErrorCode":"IsInSubmodule"}
[2021-02-19 15:47:04.974] [exthost] [error] {"message":"Git error","stdout":"","stderr":"fatal: Pathspec '/home/soic/moxa-gpio-control/autom4te.cache' is in submodule 'moxa-gpio-control'\n","exitCode":128,"gitErrorCode":"IsInSubmodule"}
[2021-02-19 15:47:04.974] [exthost] [error] {"message":"Git error","stdout":"","stderr":"fatal: Pathspec '/home/soic/moxa-gpio-control/autom4te.cache' is in submodule 'moxa-gpio-control'\n","exitCode":128,"gitErrorCode":"IsInSubmodule"}
[2021-02-19 15:47:04.974] [exthost] [error] {"message":"Git error","stdout":"","stderr":"fatal: Pathspec '/home/soic/moxa-gpio-control/autom4te.cache' is in submodule 'moxa-gpio-control'\n","exitCode":128,"gitErrorCode":"IsInSubmodule"}
[2021-02-19 15:47:04.974] [exthost] [error] {"message":"Git error","stdout":"","stderr":"fatal: Pathspec '/home/soic/moxa-gpio-control/autom4te.cache' is in submodule 'moxa-gpio-control'\n","exitCode":128,"gitErrorCode":"IsInSubmodule"}
[2021-02-19 15:47:04.974] [exthost] [error] {"message":"Git error","stdout":"","stderr":"fatal: Pathspec '/home/soic/moxa-gpio-control/autom4te.cache' is in submodule 'moxa-gpio-control'\n","exitCode":128,"gitErrorCode":"IsInSubmodule"}
[2021-02-19 15:47:04.974] [exthost] [error] {"message":"Git error","stdout":"","stderr":"fatal: Pathspec '/home/soic/moxa-gpio-control/autom4te.cache' is in submodule 'moxa-gpio-control'\n","exitCode":128,"gitErrorCode":"IsInSubmodule"}
[2021-02-19 15:47:04.974] [exthost] [error] {"message":"Git error","stdout":"","stderr":"fatal: Pathspec '/home/soic/moxa-gpio-control/autom4te.cache' is in submodule 'moxa-gpio-control'\n","exitCode":128,"gitErrorCode":"IsInSubmodule"}
[2021-02-19 15:47:04.974] [exthost] [error] {"message":"Git error","stdout":"","stderr":"fatal: Pathspec '/home/soic/moxa-gpio-control/autom4te.cache' is in submodule 'moxa-gpio-control'\n","exitCode":128,"gitErrorCode":"IsInSubmodule"}
[2021-02-19 15:47:04.974] [exthost] [error] {"message":"Git error","stdout":"","stderr":"fatal: Pathspec '/home/soic/moxa-gpio-control/autom4te.cache' is in submodule 'moxa-gpio-control'\n","exitCode":128,"gitErrorCode":"IsInSubmodule"}
[2021-02-19 15:47:04.974] [exthost] [error] {"message":"Git error","stdout":"","stderr":"fatal: Pathspec '/home/soic/moxa-gpio-control/autom4te.cache' is in submodule 'moxa-gpio-control'\n","exitCode":128,"gitErrorCode":"IsInSubmodule"}
[2021-02-19 15:47:04.975] [exthost] [error] {"message":"Git error","stdout":"","stderr":"fatal: Pathspec '/home/soic/moxa-gpio-control/autom4te.cache' is in submodule 'moxa-gpio-control'\n","exitCode":128,"gitErrorCode":"IsInSubmodule"}
[2021-02-19 15:47:04.975] [exthost] [error] {"message":"Git error","stdout":"","stderr":"fatal: Pathspec '/home/soic/moxa-gpio-control/autom4te.cache' is in submodule 'moxa-gpio-control'\n","exitCode":128,"gitErrorCode":"IsInSubmodule"}
[2021-02-19 15:47:04.975] [exthost] [error] {"message":"Git error","stdout":"","stderr":"fatal: Pathspec '/home/soic/moxa-gpio-control/autom4te.cache' is in submodule 'moxa-gpio-control'\n","exitCode":128,"gitErrorCode":"IsInSubmodule"}
[2021-02-19 15:47:04.975] [exthost] [error] {"message":"Git error","stdout":"","stderr":"fatal: Pathspec '/home/soic/moxa-gpio-control/autom4te.cache' is in submodule 'moxa-gpio-control'\n","exitCode":128,"gitErrorCode":"IsInSubmodule"}
[2021-02-19 15:47:04.975] [exthost] [error] {"message":"Git error","stdout":"","stderr":"fatal: Pathspec '/home/soic/moxa-gpio-control/autom4te.cache' is in submodule 'moxa-gpio-control'\n","exitCode":128,"gitErrorCode":"IsInSubmodule"}
[2021-02-19 15:47:04.975] [exthost] [error] {"message":"Git error","stdout":"","stderr":"fatal: Pathspec '/home/soic/moxa-gpio-control/autom4te.cache' is in submodule 'moxa-gpio-control'\n","exitCode":128,"gitErrorCode":"IsInSubmodule"}
[2021-02-19 15:47:04.975] [exthost] [error] {"message":"Git error","stdout":"","stderr":"fatal: Pathspec '/home/soic/moxa-gpio-control/autom4te.cache' is in submodule 'moxa-gpio-control'\n","exitCode":128,"gitErrorCode":"IsInSubmodule"}
[2021-02-19 15:47:04.975] [exthost] [error] {"message":"Git error","stdout":"","stderr":"fatal: Pathspec '/home/soic/moxa-gpio-control/autom4te.cache' is in submodule 'moxa-gpio-control'\n","exitCode":128,"gitErrorCode":"IsInSubmodule"}
[2021-02-19 15:47:04.975] [exthost] [error] {"message":"Git error","stdout":"","stderr":"fatal: Pathspec '/home/soic/moxa-gpio-control/autom4te.cache' is in submodule 'moxa-gpio-control'\n","exitCode":128,"gitErrorCode":"IsInSubmodule"}
[2021-02-19 15:47:04.975] [exthost] [error] {"message":"Git error","stdout":"","stderr":"fatal: Pathspec '/home/soic/moxa-gpio-control/autom4te.cache' is in submodule 'moxa-gpio-control'\n","exitCode":128,"gitErrorCode":"IsInSubmodule"}
[2021-02-19 15:47:04.975] [exthost] [error] {"message":"Git error","stdout":"","stderr":"fatal: Pathspec '/home/soic/moxa-gpio-control/autom4te.cache' is in submodule 'moxa-gpio-control'\n","exitCode":128,"gitErrorCode":"IsInSubmodule"}
[2021-02-19 15:47:04.975] [exthost] [error] {"message":"Git error","stdout":"","stderr":"fatal: Pathspec '/home/soic/moxa-gpio-control/autom4te.cache' is in submodule 'moxa-gpio-control'\n","exitCode":128,"gitErrorCode":"IsInSubmodule"}
[2021-02-19 15:47:04.975] [exthost] [error] {"message":"Git error","stdout":"","stderr":"fatal: Pathspec '/home/soic/moxa-gpio-control/autom4te.cache' is in submodule 'moxa-gpio-control'\n","exitCode":128,"gitErrorCode":"IsInSubmodule"}
[2021-02-19 15:47:04.975] [exthost] [error] {"message":"Git error","stdout":"","stderr":"fatal: Pathspec '/home/soic/moxa-gpio-control/autom4te.cache' is in submodule 'moxa-gpio-control'\n","exitCode":128,"gitErrorCode":"IsInSubmodule"}
[2021-02-19 15:47:04.975] [exthost] [error] {"message":"Git error","stdout":"","stderr":"fatal: Pathspec '/home/soic/moxa-gpio-control/autom4te.cache' is in submodule 'moxa-gpio-control'\n","exitCode":128,"gitErrorCode":"IsInSubmodule"}
[2021-02-19 15:47:04.975] [exthost] [error] {"message":"Git error","stdout":"","stderr":"fatal: Pathspec '/home/soic/moxa-gpio-control/autom4te.cache' is in submodule 'moxa-gpio-control'\n","exitCode":128,"gitErrorCode":"IsInSubmodule"}
[2021-02-19 15:47:04.975] [exthost] [error] {"message":"Git error","stdout":"","stderr":"fatal: Pathspec '/home/soic/moxa-gpio-control/autom4te.cache' is in submodule 'moxa-gpio-control'\n","exitCode":128,"gitErrorCode":"IsInSubmodule"}
[2021-02-19 15:47:04.975] [exthost] [error] {"message":"Git error","stdout":"","stderr":"fatal: Pathspec '/home/soic/moxa-gpio-control/autom4te.cache' is in submodule 'moxa-gpio-control'\n","exitCode":128,"gitErrorCode":"IsInSubmodule"}
[2021-02-19 15:47:04.975] [exthost] [error] {"message":"Git error","stdout":"","stderr":"fatal: Pathspec '/home/soic/moxa-gpio-control/autom4te.cache' is in submodule 'moxa-gpio-control'\n","exitCode":128,"gitErrorCode":"IsInSubmodule"}
[2021-02-19 15:47:04.975] [exthost] [error] {"message":"Git error","stdout":"","stderr":"fatal: Pathspec '/home/soic/moxa-gpio-control/autom4te.cache' is in submodule 'moxa-gpio-control'\n","exitCode":128,"gitErrorCode":"IsInSubmodule"}
[2021-02-19 15:47:04.975] [exthost] [error] {"message":"Git error","stdout":"","stderr":"fatal: Pathspec '/home/soic/moxa-gpio-control/autom4te.cache' is in submodule 'moxa-gpio-control'\n","exitCode":128,"gitErrorCode":"IsInSubmodule"}
[2021-02-19 15:47:04.975] [exthost] [error] {"message":"Git error","stdout":"","stderr":"fatal: Pathspec '/home/soic/moxa-gpio-control/autom4te.cache' is in submodule 'moxa-gpio-control'\n","exitCode":128,"gitErrorCode":"IsInSubmodule"}
[2021-02-19 15:47:04.975] [exthost] [error] {"message":"Git error","stdout":"","stderr":"fatal: Pathspec '/home/soic/moxa-gpio-control/autom4te.cache' is in submodule 'moxa-gpio-control'\n","exitCode":128,"gitErrorCode":"IsInSubmodule"}
[2021-02-19 15:47:04.975] [exthost] [error] {"message":"Git error","stdout":"","stderr":"fatal: Pathspec '/home/soic/moxa-gpio-control/autom4te.cache' is in submodule 'moxa-gpio-control'\n","exitCode":128,"gitErrorCode":"IsInSubmodule"}
[2021-02-19 15:47:04.975] [exthost] [error] {"message":"Git error","stdout":"","stderr":"fatal: Pathspec '/home/soic/moxa-gpio-control/autom4te.cache' is in submodule 'moxa-gpio-control'\n","exitCode":128,"gitErrorCode":"IsInSubmodule"}
[2021-02-19 15:47:04.975] [exthost] [error] {"message":"Git error","stdout":"","stderr":"fatal: Pathspec '/home/soic/moxa-gpio-control/autom4te.cache' is in submodule 'moxa-gpio-control'\n","exitCode":128,"gitErrorCode":"IsInSubmodule"}
[2021-02-19 15:47:04.975] [exthost] [error] {"message":"Git error","stdout":"","stderr":"fatal: Pathspec '/home/soic/moxa-gpio-control/autom4te.cache' is in submodule 'moxa-gpio-control'\n","exitCode":128,"gitErrorCode":"IsInSubmodule"}
[2021-02-19 15:47:04.975] [exthost] [error] {"message":"Git error","stdout":"","stderr":"fatal: Pathspec '/home/soic/moxa-gpio-control/autom4te.cache' is in submodule 'moxa-gpio-control'\n","exitCode":128,"gitErrorCode":"IsInSubmodule"}
[2021-02-19 15:47:04.975] [exthost] [error] {"message":"Git error","stdout":"","stderr":"fatal: Pathspec '/home/soic/moxa-gpio-control/autom4te.cache' is in submodule 'moxa-gpio-control'\n","exitCode":128,"gitErrorCode":"IsInSubmodule"}
[2021-02-19 15:47:04.975] [exthost] [error] {"message":"Git error","stdout":"","stderr":"fatal: Pathspec '/home/soic/moxa-gpio-control/autom4te.cache' is in submodule 'moxa-gpio-control'\n","exitCode":128,"gitErrorCode":"IsInSubmodule"}
[2021-02-19 15:47:04.975] [exthost] [error] {"message":"Git error","stdout":"","stderr":"fatal: Pathspec '/home/soic/moxa-gpio-control/autom4te.cache' is in submodule 'moxa-gpio-control'\n","exitCode":128,"gitErrorCode":"IsInSubmodule"}
[2021-02-19 15:47:04.975] [exthost] [error] {"message":"Git error","stdout":"","stderr":"fatal: Pathspec '/home/soic/moxa-gpio-control/autom4te.cache' is in submodule 'moxa-gpio-control'\n","exitCode":128,"gitErrorCode":"IsInSubmodule"}
[2021-02-19 15:47:04.975] [exthost] [error] {"message":"Git error","stdout":"","stderr":"fatal: Pathspec '/home/soic/moxa-gpio-control/autom4te.cache' is in submodule 'moxa-gpio-control'\n","exitCode":128,"gitErrorCode":"IsInSubmodule"}
[2021-02-19 15:47:04.975] [exthost] [error] {"message":"Git error","stdout":"","stderr":"fatal: Pathspec '/home/soic/moxa-gpio-control/autom4te.cache' is in submodule 'moxa-gpio-control'\n","exitCode":128,"gitErrorCode":"IsInSubmodule"}
[2021-02-19 15:47:04.975] [exthost] [error] {"message":"Git error","stdout":"","stderr":"fatal: Pathspec '/home/soic/moxa-gpio-control/autom4te.cache' is in submodule 'moxa-gpio-control'\n","exitCode":128,"gitErrorCode":"IsInSubmodule"}
[2021-02-19 15:47:04.975] [exthost] [error] {"message":"Git error","stdout":"","stderr":"fatal: Pathspec '/home/soic/moxa-gpio-control/autom4te.cache' is in submodule 'moxa-gpio-control'\n","exitCode":128,"gitErrorCode":"IsInSubmodule"}
[2021-02-19 15:47:04.975] [exthost] [error] {"message":"Git error","stdout":"","stderr":"fatal: Pathspec '/home/soic/moxa-gpio-control/autom4te.cache' is in submodule 'moxa-gpio-control'\n","exitCode":128,"gitErrorCode":"IsInSubmodule"}
[2021-02-19 15:47:04.975] [exthost] [error] {"message":"Git error","stdout":"","stderr":"fatal: Pathspec '/home/soic/moxa-gpio-control/autom4te.cache' is in submodule 'moxa-gpio-control'\n","exitCode":128,"gitErrorCode":"IsInSubmodule"}
[2021-02-19 15:47:04.975] [exthost] [error] {"message":"Git error","stdout":"","stderr":"fatal: Pathspec '/home/soic/moxa-gpio-control/autom4te.cache' is in submodule 'moxa-gpio-control'\n","exitCode":128,"gitErrorCode":"IsInSubmodule"}
[2021-02-19 15:47:04.975] [exthost] [error] {"message":"Git error","stdout":"","stderr":"fatal: Pathspec '/home/soic/moxa-gpio-control/autom4te.cache' is in submodule 'moxa-gpio-control'\n","exitCode":128,"gitErrorCode":"IsInSubmodule"}
[2021-02-19 15:47:04.975] [exthost] [error] {"message":"Git error","stdout":"","stderr":"fatal: Pathspec '/home/soic/moxa-gpio-control/autom4te.cache' is in submodule 'moxa-gpio-control'\n","exitCode":128,"gitErrorCode":"IsInSubmodule"}
[2021-02-19 15:47:04.975] [exthost] [error] {"message":"Git error","stdout":"","stderr":"fatal: Pathspec '/home/soic/moxa-gpio-control/autom4te.cache' is in submodule 'moxa-gpio-control'\n","exitCode":128,"gitErrorCode":"IsInSubmodule"}
[2021-02-19 15:47:04.975] [exthost] [error] {"message":"Git error","stdout":"","stderr":"fatal: Pathspec '/home/soic/moxa-gpio-control/autom4te.cache' is in submodule 'moxa-gpio-control'\n","exitCode":128,"gitErrorCode":"IsInSubmodule"}
[2021-02-19 15:47:04.975] [exthost] [error] {"message":"Git error","stdout":"","stderr":"fatal: Pathspec '/home/soic/moxa-gpio-control/autom4te.cache' is in submodule 'moxa-gpio-control'\n","exitCode":128,"gitErrorCode":"IsInSubmodule"}
[2021-02-19 15:47:04.975] [exthost] [error] {"message":"Git error","stdout":"","stderr":"fatal: Pathspec '/home/soic/moxa-gpio-control/autom4te.cache' is in submodule 'moxa-gpio-control'\n","exitCode":128,"gitErrorCode":"IsInSubmodule"}
[2021-02-19 15:47:04.975] [exthost] [error] {"message":"Git error","stdout":"","stderr":"fatal: Pathspec '/home/soic/moxa-gpio-control/autom4te.cache' is in submodule 'moxa-gpio-control'\n","exitCode":128,"gitErrorCode":"IsInSubmodule"}
[2021-02-19 15:47:04.975] [exthost] [error] {"message":"Git error","stdout":"","stderr":"fatal: Pathspec '/home/soic/moxa-gpio-control/autom4te.cache' is in submodule 'moxa-gpio-control'\n","exitCode":128,"gitErrorCode":"IsInSubmodule"}
[2021-02-19 15:47:04.975] [exthost] [error] {"message":"Git error","stdout":"","stderr":"fatal: Pathspec '/home/soic/moxa-gpio-control/autom4te.cache' is in submodule 'moxa-gpio-control'\n","exitCode":128,"gitErrorCode":"IsInSubmodule"}
[2021-02-19 15:47:04.975] [exthost] [error] {"message":"Git error","stdout":"","stderr":"fatal: Pathspec '/home/soic/moxa-gpio-control/autom4te.cache' is in submodule 'moxa-gpio-control'\n","exitCode":128,"gitErrorCode":"IsInSubmodule"}
[2021-02-19 15:47:04.975] [exthost] [error] {"message":"Git error","stdout":"","stderr":"fatal: Pathspec '/home/soic/moxa-gpio-control/autom4te.cache' is in submodule 'moxa-gpio-control'\n","exitCode":128,"gitErrorCode":"IsInSubmodule"}
[2021-02-19 15:47:04.975] [exthost] [error] {"message":"Git error","stdout":"","stderr":"fatal: Pathspec '/home/soic/moxa-gpio-control/autom4te.cache' is in submodule 'moxa-gpio-control'\n","exitCode":128,"gitErrorCode":"IsInSubmodule"}
[2021-02-19 15:47:04.975] [exthost] [error] {"message":"Git error","stdout":"","stderr":"fatal: Pathspec '/home/soic/moxa-gpio-control/autom4te.cache' is in submodule 'moxa-gpio-control'\n","exitCode":128,"gitErrorCode":"IsInSubmodule"}
[2021-02-19 15:47:04.976] [exthost] [error] {"message":"Git error","stdout":"","stderr":"fatal: Pathspec '/home/soic/moxa-gpio-control/autom4te.cache' is in submodule 'moxa-gpio-control'\n","exitCode":128,"gitErrorCode":"IsInSubmodule"}
[2021-02-19 15:47:04.976] [exthost] [error] {"message":"Git error","stdout":"","stderr":"fatal: Pathspec '/home/soic/moxa-gpio-control/autom4te.cache' is in submodule 'moxa-gpio-control'\n","exitCode":128,"gitErrorCode":"IsInSubmodule"}
[2021-02-19 15:47:04.976] [exthost] [error] {"message":"Git error","stdout":"","stderr":"fatal: Pathspec '/home/soic/moxa-gpio-control/autom4te.cache' is in submodule 'moxa-gpio-control'\n","exitCode":128,"gitErrorCode":"IsInSubmodule"}
[2021-02-19 15:47:04.976] [exthost] [error] {"message":"Git error","stdout":"","stderr":"fatal: Pathspec '/home/soic/moxa-gpio-control/autom4te.cache' is in submodule 'moxa-gpio-control'\n","exitCode":128,"gitErrorCode":"IsInSubmodule"}
[2021-02-19 15:47:04.976] [exthost] [error] {"message":"Git error","stdout":"","stderr":"fatal: Pathspec '/home/soic/moxa-gpio-control/autom4te.cache' is in submodule 'moxa-gpio-control'\n","exitCode":128,"gitErrorCode":"IsInSubmodule"}
[2021-02-19 15:47:04.976] [exthost] [error] {"message":"Git error","stdout":"","stderr":"fatal: Pathspec '/home/soic/moxa-gpio-control/autom4te.cache' is in submodule 'moxa-gpio-control'\n","exitCode":128,"gitErrorCode":"IsInSubmodule"}
[2021-02-19 15:47:04.976] [exthost] [error] {"message":"Git error","stdout":"","stderr":"fatal: Pathspec '/home/soic/moxa-gpio-control/autom4te.cache' is in submodule 'moxa-gpio-control'\n","exitCode":128,"gitErrorCode":"IsInSubmodule"}
[2021-02-19 15:47:04.976] [exthost] [error] {"message":"Git error","stdout":"","stderr":"fatal: Pathspec '/home/soic/moxa-gpio-control/autom4te.cache' is in submodule 'moxa-gpio-control'\n","exitCode":128,"gitErrorCode":"IsInSubmodule"}
[2021-02-19 15:47:04.976] [exthost] [error] {"message":"Git error","stdout":"","stderr":"fatal: Pathspec '/home/soic/moxa-gpio-control/autom4te.cache' is in submodule 'moxa-gpio-control'\n","exitCode":128,"gitErrorCode":"IsInSubmodule"}
[2021-02-19 15:47:04.976] [exthost] [error] {"message":"Git error","stdout":"","stderr":"fatal: Pathspec '/home/soic/moxa-gpio-control/autom4te.cache' is in submodule 'moxa-gpio-control'\n","exitCode":128,"gitErrorCode":"IsInSubmodule"}
[2021-02-19 15:47:04.976] [exthost] [error] {"message":"Git error","stdout":"","stderr":"fatal: Pathspec '/home/soic/moxa-gpio-control/autom4te.cache' is in submodule 'moxa-gpio-control'\n","exitCode":128,"gitErrorCode":"IsInSubmodule"}
[2021-02-19 15:47:04.976] [exthost] [error] {"message":"Git error","stdout":"","stderr":"fatal: Pathspec '/home/soic/moxa-gpio-control/autom4te.cache' is in submodule 'moxa-gpio-control'\n","exitCode":128,"gitErrorCode":"IsInSubmodule"}
[2021-02-19 15:47:04.976] [exthost] [error] {"message":"Git error","stdout":"","stderr":"fatal: Pathspec '/home/soic/moxa-gpio-control/autom4te.cache' is in submodule 'moxa-gpio-control'\n","exitCode":128,"gitErrorCode":"IsInSubmodule"}
[2021-02-19 15:47:04.976] [exthost] [error] {"message":"Git error","stdout":"","stderr":"fatal: Pathspec '/home/soic/moxa-gpio-control/autom4te.cache' is in submodule 'moxa-gpio-control'\n","exitCode":128,"gitErrorCode":"IsInSubmodule"}
[2021-02-19 15:47:04.976] [exthost] [error] {"message":"Git error","stdout":"","stderr":"fatal: Pathspec '/home/soic/moxa-gpio-control/autom4te.cache' is in submodule 'moxa-gpio-control'\n","exitCode":128,"gitErrorCode":"IsInSubmodule"}
[2021-02-19 15:47:04.976] [exthost] [error] {"message":"Git error","stdout":"","stderr":"fatal: Pathspec '/home/soic/moxa-gpio-control/autom4te.cache' is in submodule 'moxa-gpio-control'\n","exitCode":128,"gitErrorCode":"IsInSubmodule"}
[2021-02-19 15:47:04.976] [exthost] [error] {"message":"Git error","stdout":"","stderr":"fatal: Pathspec '/home/soic/moxa-gpio-control/autom4te.cache' is in submodule 'moxa-gpio-control'\n","exitCode":128,"gitErrorCode":"IsInSubmodule"}
[2021-02-19 15:47:04.976] [exthost] [error] {"message":"Git error","stdout":"","stderr":"fatal: Pathspec '/home/soic/moxa-gpio-control/autom4te.cache' is in submodule 'moxa-gpio-control'\n","exitCode":128,"gitErrorCode":"IsInSubmodule"}
[2021-02-19 15:47:04.976] [exthost] [error] {"message":"Git error","stdout":"","stderr":"fatal: Pathspec '/home/soic/moxa-gpio-control/autom4te.cache' is in submodule 'moxa-gpio-control'\n","exitCode":128,"gitErrorCode":"IsInSubmodule"}
[2021-02-19 15:47:04.976] [exthost] [error] {"message":"Git error","stdout":"","stderr":"fatal: Pathspec '/home/soic/moxa-gpio-control/autom4te.cache' is in submodule 'moxa-gpio-control'\n","exitCode":128,"gitErrorCode":"IsInSubmodule"}
[2021-02-19 15:47:04.976] [exthost] [error] {"message":"Git error","stdout":"","stderr":"fatal: Pathspec '/home/soic/moxa-gpio-control/autom4te.cache' is in submodule 'moxa-gpio-control'\n","exitCode":128,"gitErrorCode":"IsInSubmodule"}
[2021-02-19 15:47:04.976] [exthost] [error] {"message":"Git error","stdout":"","stderr":"fatal: Pathspec '/home/soic/moxa-gpio-control/autom4te.cache' is in submodule 'moxa-gpio-control'\n","exitCode":128,"gitErrorCode":"IsInSubmodule"}
[2021-02-19 15:47:05.099] [exthost] [warning] [Decorations] CAPPING events from decorations provider vscode.git 747
[2021-02-19 15:47:05.601] [exthost] [info] eager extensions activated
[2021-02-19 15:47:10.117] [exthost] [warning] [Decorations] CAPPING events from decorations provider vscode.git 914
[2021-02-19 15:47:15.227] [exthost] [warning] [Decorations] CAPPING events from decorations provider vscode.git 914
[2021-02-19 15:47:20.333] [exthost] [warning] [Decorations] CAPPING events from decorations provider vscode.git 914
[2021-02-19 15:47:25.443] [exthost] [warning] [Decorations] CAPPING events from decorations provider vscode.git 914
[2021-02-19 15:47:30.569] [exthost] [warning] [Decorations] CAPPING events from decorations provider vscode.git 914
[2021-02-19 15:47:35.680] [exthost] [warning] [Decorations] CAPPING events from decorations provider vscode.git 914
[2021-02-19 15:47:40.800] [exthost] [warning] [Decorations] CAPPING events from decorations provider vscode.git 914
[2021-02-19 15:47:45.916] [exthost] [warning] [Decorations] CAPPING events from decorations provider vscode.git 914
[2021-02-19 15:47:51.026] [exthost] [warning] [Decorations] CAPPING events from decorations provider vscode.git 914
[2021-02-19 15:47:56.137] [exthost] [warning] [Decorations] CAPPING events from decorations provider vscode.git 914
[2021-02-19 15:48:01.248] [exthost] [warning] [Decorations] CAPPING events from decorations provider vscode.git 914
[2021-02-19 15:48:06.357] [exthost] [warning] [Decorations] CAPPING events from decorations provider vscode.git 914
[2021-02-19 15:48:11.503] [exthost] [warning] [Decorations] CAPPING events from decorations provider vscode.git 914
[2021-02-19 15:48:16.626] [exthost] [warning] [Decorations] CAPPING events from decorations provider vscode.git 914
[2021-02-19 15:48:21.735] [exthost] [warning] [Decorations] CAPPING events from decorations provider vscode.git 914
[2021-02-19 15:48:26.843] [exthost] [warning] [Decorations] CAPPING events from decorations provider vscode.git 914
[2021-02-19 15:48:31.957] [exthost] [warning] [Decorations] CAPPING events from decorations provider vscode.git 914
[2021-02-19 15:48:37.070] [exthost] [warning] [Decorations] CAPPING events from decorations provider vscode.git 914
[2021-02-19 15:48:42.178] [exthost] [warning] [Decorations] CAPPING events from decorations provider vscode.git 914
[2021-02-19 15:48:47.291] [exthost] [warning] [Decorations] CAPPING events from decorations provider vscode.git 914
[2021-02-19 15:48:52.417] [exthost] [warning] [Decorations] CAPPING events from decorations provider vscode.git 914
[2021-02-19 15:48:57.536] [exthost] [warning] [Decorations] CAPPING events from decorations provider vscode.git 914
[2021-02-19 15:49:02.646] [exthost] [warning] [Decorations] CAPPING events from decorations provider vscode.git 914
[2021-02-19 15:49:07.757] [exthost] [warning] [Decorations] CAPPING events from decorations provider vscode.git 914
[2021-02-19 15:49:12.871] [exthost] [warning] [Decorations] CAPPING events from decorations provider vscode.git 914
[2021-02-19 15:49:17.983] [exthost] [warning] [Decorations] CAPPING events from decorations provider vscode.git 914
[2021-02-19 15:49:23.094] [exthost] [warning] [Decorations] CAPPING events from decorations provider vscode.git 914
[2021-02-19 15:49:28.206] [exthost] [warning] [Decorations] CAPPING events from decorations provider vscode.git 914
[2021-02-19 15:49:33.319] [exthost] [warning] [Decorations] CAPPING events from decorations provider vscode.git 914
[2021-02-19 15:49:38.429] [exthost] [warning] [Decorations] CAPPING events from decorations provider vscode.git 914
[2021-02-19 15:49:43.543] [exthost] [warning] [Decorations] CAPPING events from decorations provider vscode.git 914
[2021-02-19 15:49:48.660] [exthost] [warning] [Decorations] CAPPING events from decorations provider vscode.git 914
[2021-02-19 15:49:53.775] [exthost] [warning] [Decorations] CAPPING events from decorations provider vscode.git 914
[2021-02-19 15:49:58.883] [exthost] [warning] [Decorations] CAPPING events from decorations provider vscode.git 914
[2021-02-19 15:50:03.989] [exthost] [warning] [Decorations] CAPPING events from decorations provider vscode.git 914
[2021-02-19 15:50:06.309] [exthost] [warning] [Decorations] CAPPING events from decorations provider vscode.git 914
[2021-02-19 15:50:09.099] [exthost] [warning] [Decorations] CAPPING events from decorations provider vscode.git 914
[2021-02-19 15:50:14.216] [exthost] [warning] [Decorations] CAPPING events from decorations provider vscode.git 914
[2021-02-19 15:50:19.330] [exthost] [warning] [Decorations] CAPPING events from decorations provider vscode.git 914
[2021-02-19 15:50:24.435] [exthost] [warning] [Decorations] CAPPING events from decorations provider vscode.git 914
[2021-02-19 16:13:29.048] [exthost] [warning] [Decorations] CAPPING events from decorations provider vscode.git 914
[2021-02-19 16:13:30.252] [exthost] [warning] [Decorations] CAPPING events from decorations provider vscode.git 914
[2021-02-19 16:13:34.177] [exthost] [warning] [Decorations] CAPPING events from decorations provider vscode.git 914
[2021-02-19 16:13:39.316] [exthost] [warning] [Decorations] CAPPING events from decorations provider vscode.git 914
[2021-02-19 16:13:44.439] [exthost] [warning] [Decorations] CAPPING events from decorations provider vscode.git 914
[2021-02-19 16:13:49.565] [exthost] [warning] [Decorations] CAPPING events from decorations provider vscode.git 914
[2021-02-19 16:13:54.683] [exthost] [warning] [Decorations] CAPPING events from decorations provider vscode.git 914
[2021-02-19 16:13:59.811] [exthost] [warning] [Decorations] CAPPING events from decorations provider vscode.git 914
[2021-02-19 16:14:04.934] [exthost] [warning] [Decorations] CAPPING events from decorations provider vscode.git 914
[2021-02-19 16:14:10.049] [exthost] [warning] [Decorations] CAPPING events from decorations provider vscode.git 914
[2021-02-19 16:14:15.165] [exthost] [warning] [Decorations] CAPPING events from decorations provider vscode.git 915
[2021-02-19 16:14:20.284] [exthost] [warning] [Decorations] CAPPING events from decorations provider vscode.git 915
[2021-02-19 16:14:25.402] [exthost] [warning] [Decorations] CAPPING events from decorations provider vscode.git 915
[2021-02-19 16:14:30.516] [exthost] [warning] [Decorations] CAPPING events from decorations provider vscode.git 914
[2021-02-19 16:14:35.681] [exthost] [warning] [Decorations] CAPPING events from decorations provider vscode.git 914
[2021-02-19 16:14:40.843] [exthost] [warning] [Decorations] CAPPING events from decorations provider vscode.git 914
[2021-02-19 16:14:45.969] [exthost] [warning] [Decorations] CAPPING events from decorations provider vscode.git 914
[2021-02-19 16:14:51.089] [exthost] [warning] [Decorations] CAPPING events from decorations provider vscode.git 914
[2021-02-19 16:14:56.204] [exthost] [warning] [Decorations] CAPPING events from decorations provider vscode.git 914
[2021-02-19 16:15:01.333] [exthost] [warning] [Decorations] CAPPING events from decorations provider vscode.git 914
[2021-02-19 16:15:06.485] [exthost] [warning] [Decorations] CAPPING events from decorations provider vscode.git 914
[2021-02-19 16:15:11.606] [exthost] [warning] [Decorations] CAPPING events from decorations provider vscode.git 914
[2021-02-19 16:15:16.730] [exthost] [warning] [Decorations] CAPPING events from decorations provider vscode.git 914
[2021-02-19 16:15:21.852] [exthost] [warning] [Decorations] CAPPING events from decorations provider vscode.git 914
[2021-02-19 16:15:26.978] [exthost] [warning] [Decorations] CAPPING events from decorations provider vscode.git 914
[2021-02-19 16:15:32.097] [exthost] [warning] [Decorations] CAPPING events from decorations provider vscode.git 914
[2021-02-19 16:15:37.241] [exthost] [warning] [Decorations] CAPPING events from decorations provider vscode.git 914
[2021-02-19 16:15:42.356] [exthost] [warning] [Decorations] CAPPING events from decorations provider vscode.git 914
[2021-02-19 16:15:47.470] [exthost] [warning] [Decorations] CAPPING events from decorations provider vscode.git 914
[2021-02-19 16:15:52.588] [exthost] [warning] [Decorations] CAPPING events from decorations provider vscode.git 914
[2021-02-19 16:15:57.714] [exthost] [warning] [Decorations] CAPPING events from decorations provider vscode.git 914
[2021-02-19 16:16:02.838] [exthost] [warning] [Decorations] CAPPING events from decorations provider vscode.git 914
[2021-02-19 16:16:07.955] [exthost] [warning] [Decorations] CAPPING events from decorations provider vscode.git 914
[2021-02-19 16:16:13.072] [exthost] [warning] [Decorations] CAPPING events from decorations provider vscode.git 914
[2021-02-19 16:16:18.198] [exthost] [warning] [Decorations] CAPPING events from decorations provider vscode.git 914
[2021-02-19 16:16:23.313] [exthost] [warning] [Decorations] CAPPING events from decorations provider vscode.git 914
[2021-02-19 16:16:28.430] [exthost] [warning] [Decorations] CAPPING events from decorations provider vscode.git 914
[2021-02-19 16:16:31.430] [exthost] [warning] [Decorations] CAPPING events from decorations provider vscode.git 914
[2021-02-19 16:16:33.549] [exthost] [warning] [Decorations] CAPPING events from decorations provider vscode.git 914
[2021-02-19 16:16:38.666] [exthost] [warning] [Decorations] CAPPING events from decorations provider vscode.git 914
[2021-02-19 16:16:43.818] [exthost] [warning] [Decorations] CAPPING events from decorations provider vscode.git 914
[2021-02-19 16:16:48.938] [exthost] [warning] [Decorations] CAPPING events from decorations provider vscode.git 914
[2021-02-19 16:16:54.068] [exthost] [warning] [Decorations] CAPPING events from decorations provider vscode.git 914
[2021-02-19 16:16:59.200] [exthost] [warning] [Decorations] CAPPING events from decorations provider vscode.git 914
[2021-02-19 16:17:04.317] [exthost] [warning] [Decorations] CAPPING events from decorations provider vscode.git 914
[2021-02-19 16:17:09.436] [exthost] [warning] [Decorations] CAPPING events from decorations provider vscode.git 914
[2021-02-19 16:17:14.575] [exthost] [warning] [Decorations] CAPPING events from decorations provider vscode.git 914
[2021-02-19 16:17:19.696] [exthost] [warning] [Decorations] CAPPING events from decorations provider vscode.git 914
[2021-02-19 16:17:24.851] [exthost] [warning] [Decorations] CAPPING events from decorations provider vscode.git 914
[2021-02-19 16:17:29.970] [exthost] [warning] [Decorations] CAPPING events from decorations provider vscode.git 914
[2021-02-19 16:17:35.092] [exthost] [warning] [Decorations] CAPPING events from decorations provider vscode.git 914
[2021-02-19 16:17:40.211] [exthost] [warning] [Decorations] CAPPING events from decorations provider vscode.git 914
[2021-02-19 16:17:45.357] [exthost] [warning] [Decorations] CAPPING events from decorations provider vscode.git 914
[2021-02-19 16:17:50.490] [exthost] [warning] [Decorations] CAPPING events from decorations provider vscode.git 914
[2021-02-19 16:17:55.602] [exthost] [warning] [Decorations] CAPPING events from decorations provider vscode.git 914
[2021-02-19 16:18:00.724] [exthost] [warning] [Decorations] CAPPING events from decorations provider vscode.git 914
[2021-02-19 16:18:05.845] [exthost] [warning] [Decorations] CAPPING events from decorations provider vscode.git 914
[2021-02-19 16:18:10.964] [exthost] [warning] [Decorations] CAPPING events from decorations provider vscode.git 914
[2021-02-19 16:18:16.087] [exthost] [warning] [Decorations] CAPPING events from decorations provider vscode.git 914
[2021-02-19 16:18:21.220] [exthost] [warning] [Decorations] CAPPING events from decorations provider vscode.git 914
[2021-02-19 16:18:26.360] [exthost] [warning] [Decorations] CAPPING events from decorations provider vscode.git 914
[2021-02-19 16:18:31.478] [exthost] [warning] [Decorations] CAPPING events from decorations provider vscode.git 914
[2021-02-19 16:18:36.596] [exthost] [warning] [Decorations] CAPPING events from decorations provider vscode.git 914
[2021-02-19 16:18:41.715] [exthost] [warning] [Decorations] CAPPING events from decorations provider vscode.git 914
[2021-02-19 16:18:46.842] [exthost] [warning] [Decorations] CAPPING events from decorations provider vscode.git 914
[2021-02-19 16:18:51.956] [exthost] [warning] [Decorations] CAPPING events from decorations provider vscode.git 914
[2021-02-19 16:18:57.073] [exthost] [warning] [Decorations] CAPPING events from decorations provider vscode.git 914
[2021-02-19 16:19:02.190] [exthost] [warning] [Decorations] CAPPING events from decorations provider vscode.git 914
[2021-02-19 16:19:07.338] [exthost] [warning] [Decorations] CAPPING events from decorations provider vscode.git 914
[2021-02-19 16:19:12.455] [exthost] [warning] [Decorations] CAPPING events from decorations provider vscode.git 914
[2021-02-19 16:19:17.601] [exthost] [warning] [Decorations] CAPPING events from decorations provider vscode.git 914
[2021-02-19 16:19:22.718] [exthost] [warning] [Decorations] CAPPING events from decorations provider vscode.git 914
[2021-02-19 16:19:27.854] [exthost] [warning] [Decorations] CAPPING events from decorations provider vscode.git 914
[2021-02-19 16:19:32.647] [exthost] [warning] [Decorations] CAPPING events from decorations provider vscode.git 914
[2021-02-19 16:19:33.100] [exthost] [warning] [Decorations] CAPPING events from decorations provider vscode.git 914
[2021-02-19 16:19:38.215] [exthost] [warning] [Decorations] CAPPING events from decorations provider vscode.git 914
[2021-02-19 16:19:43.360] [exthost] [warning] [Decorations] CAPPING events from decorations provider vscode.git 914
[2021-02-19 16:19:48.476] [exthost] [warning] [Decorations] CAPPING events from decorations provider vscode.git 914
[2021-02-19 16:19:53.600] [exthost] [warning] [Decorations] CAPPING events from decorations provider vscode.git 914
[2021-02-19 16:19:58.718] [exthost] [warning] [Decorations] CAPPING events from decorations provider vscode.git 914
[2021-02-19 16:20:03.842] [exthost] [warning] [Decorations] CAPPING events from decorations provider vscode.git 914
[2021-02-19 16:20:08.960] [exthost] [warning] [Decorations] CAPPING events from decorations provider vscode.git 914
[2021-02-19 16:20:14.074] [exthost] [warning] [Decorations] CAPPING events from decorations provider vscode.git 914
[2021-02-19 16:20:19.190] [exthost] [warning] [Decorations] CAPPING events from decorations provider vscode.git 914
[2021-02-19 16:20:24.303] [exthost] [warning] [Decorations] CAPPING events from decorations provider vscode.git 914
[2021-02-19 16:20:29.419] [exthost] [warning] [Decorations] CAPPING events from decorations provider vscode.git 914
[2021-02-19 16:20:34.561] [exthost] [warning] [Decorations] CAPPING events from decorations provider vscode.git 914
[2021-02-19 16:20:39.680] [exthost] [warning] [Decorations] CAPPING events from decorations provider vscode.git 914
[2021-02-19 16:20:44.813] [exthost] [warning] [Decorations] CAPPING events from decorations provider vscode.git 914
[2021-02-19 16:20:49.931] [exthost] [warning] [Decorations] CAPPING events from decorations provider vscode.git 914
[2021-02-19 16:20:55.070] [exthost] [warning] [Decorations] CAPPING events from decorations provider vscode.git 914
[2021-02-19 16:21:00.189] [exthost] [warning] [Decorations] CAPPING events from decorations provider vscode.git 914
[2021-02-19 16:21:05.305] [exthost] [warning] [Decorations] CAPPING events from decorations provider vscode.git 914
[2021-02-19 16:21:10.422] [exthost] [warning] [Decorations] CAPPING events from decorations provider vscode.git 914
[2021-02-19 16:21:15.568] [exthost] [warning] [Decorations] CAPPING events from decorations provider vscode.git 914
[2021-02-19 16:21:20.687] [exthost] [warning] [Decorations] CAPPING events from decorations provider vscode.git 914
[2021-02-19 16:21:25.815] [exthost] [warning] [Decorations] CAPPING events from decorations provider vscode.git 914
[2021-02-19 16:21:30.933] [exthost] [warning] [Decorations] CAPPING events from decorations provider vscode.git 914
[2021-02-19 16:21:36.052] [exthost] [warning] [Decorations] CAPPING events from decorations provider vscode.git 914
[2021-02-19 16:21:41.169] [exthost] [warning] [Decorations] CAPPING events from decorations provider vscode.git 914
[2021-02-19 16:21:46.310] [exthost] [warning] [Decorations] CAPPING events from decorations provider vscode.git 914
[2021-02-19 16:21:51.426] [exthost] [warning] [Decorations] CAPPING events from decorations provider vscode.git 914
[2021-02-19 16:21:56.540] [exthost] [warning] [Decorations] CAPPING events from decorations provider vscode.git 914
[2021-02-19 16:22:01.659] [exthost] [warning] [Decorations] CAPPING events from decorations provider vscode.git 914
[2021-02-19 16:22:06.772] [exthost] [warning] [Decorations] CAPPING events from decorations provider vscode.git 914
[2021-02-19 16:22:11.897] [exthost] [warning] [Decorations] CAPPING events from decorations provider vscode.git 914
[2021-02-19 16:22:17.024] [exthost] [warning] [Decorations] CAPPING events from decorations provider vscode.git 914
[2021-02-19 16:22:22.142] [exthost] [warning] [Decorations] CAPPING events from decorations provider vscode.git 914
[2021-02-19 16:22:27.257] [exthost] [warning] [Decorations] CAPPING events from decorations provider vscode.git 914
[2021-02-19 16:22:32.376] [exthost] [warning] [Decorations] CAPPING events from decorations provider vscode.git 914
[2021-02-19 16:22:34.191] [exthost] [warning] [Decorations] CAPPING events from decorations provider vscode.git 914
[2021-02-19 16:22:37.497] [exthost] [warning] [Decorations] CAPPING events from decorations provider vscode.git 914
[2021-02-19 16:22:42.611] [exthost] [warning] [Decorations] CAPPING events from decorations provider vscode.git 914
[2021-02-19 16:22:47.729] [exthost] [warning] [Decorations] CAPPING events from decorations provider vscode.git 914
[2021-02-19 16:22:52.889] [exthost] [warning] [Decorations] CAPPING events from decorations provider vscode.git 914
[2021-02-19 16:22:58.005] [exthost] [warning] [Decorations] CAPPING events from decorations provider vscode.git 914
[2021-02-19 16:23:03.121] [exthost] [warning] [Decorations] CAPPING events from decorations provider vscode.git 914
[2021-02-19 16:23:08.237] [exthost] [warning] [Decorations] CAPPING events from decorations provider vscode.git 914
[2021-02-19 16:23:13.354] [exthost] [warning] [Decorations] CAPPING events from decorations provider vscode.git 914
[2021-02-19 16:23:18.467] [exthost] [warning] [Decorations] CAPPING events from decorations provider vscode.git 914
[2021-02-19 16:23:23.594] [exthost] [warning] [Decorations] CAPPING events from decorations provider vscode.git 914
[2021-02-19 16:23:28.713] [exthost] [warning] [Decorations] CAPPING events from decorations provider vscode.git 914
[2021-02-19 16:23:33.867] [exthost] [warning] [Decorations] CAPPING events from decorations provider vscode.git 914
[2021-02-19 16:23:38.986] [exthost] [warning] [Decorations] CAPPING events from decorations provider vscode.git 914
[2021-02-19 16:23:44.101] [exthost] [warning] [Decorations] CAPPING events from decorations provider vscode.git 914
[2021-02-19 16:23:49.218] [exthost] [warning] [Decorations] CAPPING events from decorations provider vscode.git 914
[2021-02-19 16:23:54.366] [exthost] [warning] [Decorations] CAPPING events from decorations provider vscode.git 914
[2021-02-19 16:23:59.484] [exthost] [warning] [Decorations] CAPPING events from decorations provider vscode.git 914
[2021-02-19 16:24:04.599] [exthost] [warning] [Decorations] CAPPING events from decorations provider vscode.git 914
[2021-02-19 16:24:09.716] [exthost] [warning] [Decorations] CAPPING events from decorations provider vscode.git 914
[2021-02-19 16:24:14.874] [exthost] [warning] [Decorations] CAPPING events from decorations provider vscode.git 914
[2021-02-19 16:24:19.999] [exthost] [warning] [Decorations] CAPPING events from decorations provider vscode.git 914
[2021-02-19 16:24:25.115] [exthost] [warning] [Decorations] CAPPING events from decorations provider vscode.git 914
[2021-02-19 16:24:30.229] [exthost] [warning] [Decorations] CAPPING events from decorations provider vscode.git 914
[2021-02-19 16:24:35.343] [exthost] [warning] [Decorations] CAPPING events from decorations provider vscode.git 914
[2021-02-19 16:24:40.459] [exthost] [warning] [Decorations] CAPPING events from decorations provider vscode.git 914
[2021-02-19 16:24:45.583] [exthost] [warning] [Decorations] CAPPING events from decorations provider vscode.git 914
[2021-02-19 16:24:50.699] [exthost] [warning] [Decorations] CAPPING events from decorations provider vscode.git 914
[2021-02-19 16:24:55.823] [exthost] [warning] [Decorations] CAPPING events from decorations provider vscode.git 914
[2021-02-19 16:25:00.944] [exthost] [warning] [Decorations] CAPPING events from decorations provider vscode.git 914
[2021-02-19 16:25:06.057] [exthost] [warning] [Decorations] CAPPING events from decorations provider vscode.git 914
[2021-02-19 16:25:11.174] [exthost] [warning] [Decorations] CAPPING events from decorations provider vscode.git 914
[2021-02-19 16:25:16.292] [exthost] [warning] [Decorations] CAPPING events from decorations provider vscode.git 914
[2021-02-19 16:25:21.406] [exthost] [warning] [Decorations] CAPPING events from decorations provider vscode.git 914
[2021-02-19 16:25:26.521] [exthost] [warning] [Decorations] CAPPING events from decorations provider vscode.git 914
[2021-02-19 16:25:31.639] [exthost] [warning] [Decorations] CAPPING events from decorations provider vscode.git 914
[2021-02-19 16:25:35.353] [exthost] [warning] [Decorations] CAPPING events from decorations provider vscode.git 914
[2021-02-19 16:25:36.754] [exthost] [warning] [Decorations] CAPPING events from decorations provider vscode.git 914
[2021-02-19 16:25:41.880] [exthost] [warning] [Decorations] CAPPING events from decorations provider vscode.git 914
[2021-02-19 16:25:46.998] [exthost] [warning] [Decorations] CAPPING events from decorations provider vscode.git 914
[2021-02-19 16:25:52.140] [exthost] [warning] [Decorations] CAPPING events from decorations provider vscode.git 914
[2021-02-19 16:25:57.259] [exthost] [warning] [Decorations] CAPPING events from decorations provider vscode.git 914
[2021-02-19 16:26:02.399] [exthost] [warning] [Decorations] CAPPING events from decorations provider vscode.git 914
[2021-02-19 16:26:07.516] [exthost] [warning] [Decorations] CAPPING events from decorations provider vscode.git 914
[2021-02-19 16:26:12.632] [exthost] [warning] [Decorations] CAPPING events from decorations provider vscode.git 914
[2021-02-19 16:26:17.748] [exthost] [warning] [Decorations] CAPPING events from decorations provider vscode.git 914
[2021-02-19 16:26:22.877] [exthost] [warning] [Decorations] CAPPING events from decorations provider vscode.git 914
[2021-02-19 16:26:27.992] [exthost] [warning] [Decorations] CAPPING events from decorations provider vscode.git 914
[2021-02-19 16:26:33.104] [exthost] [warning] [Decorations] CAPPING events from decorations provider vscode.git 914
[2021-02-19 16:26:38.223] [exthost] [warning] [Decorations] CAPPING events from decorations provider vscode.git 914
[2021-02-19 16:26:43.338] [exthost] [warning] [Decorations] CAPPING events from decorations provider vscode.git 914
[2021-02-19 16:26:48.458] [exthost] [warning] [Decorations] CAPPING events from decorations provider vscode.git 914
[2021-02-19 16:26:53.696] [exthost] [warning] [Decorations] CAPPING events from decorations provider vscode.git 914
[2021-02-19 16:26:58.839] [exthost] [warning] [Decorations] CAPPING events from decorations provider vscode.git 914
[2021-02-19 16:27:03.961] [exthost] [warning] [Decorations] CAPPING events from decorations provider vscode.git 914
[2021-02-19 16:27:09.080] [exthost] [warning] [Decorations] CAPPING events from decorations provider vscode.git 914
[2021-02-19 16:27:14.199] [exthost] [warning] [Decorations] CAPPING events from decorations provider vscode.git 914
[2021-02-19 16:27:19.314] [exthost] [warning] [Decorations] CAPPING events from decorations provider vscode.git 914
[2021-02-19 16:27:24.429] [exthost] [warning] [Decorations] CAPPING events from decorations provider vscode.git 914
[2021-02-19 16:27:29.546] [exthost] [warning] [Decorations] CAPPING events from decorations provider vscode.git 914
[2021-02-19 16:27:34.660] [exthost] [warning] [Decorations] CAPPING events from decorations provider vscode.git 914
[2021-02-19 16:27:39.777] [exthost] [warning] [Decorations] CAPPING events from decorations provider vscode.git 914
[2021-02-19 16:27:44.901] [exthost] [warning] [Decorations] CAPPING events from decorations provider vscode.git 914
[2021-02-19 16:27:50.019] [exthost] [warning] [Decorations] CAPPING events from decorations provider vscode.git 914
[2021-02-19 16:27:55.136] [exthost] [warning] [Decorations] CAPPING events from decorations provider vscode.git 914
[2021-02-19 16:28:00.252] [exthost] [warning] [Decorations] CAPPING events from decorations provider vscode.git 914
[2021-02-19 16:28:05.364] [exthost] [warning] [Decorations] CAPPING events from decorations provider vscode.git 914
[2021-02-19 16:28:10.482] [exthost] [warning] [Decorations] CAPPING events from decorations provider vscode.git 914
[2021-02-19 16:28:15.604] [exthost] [warning] [Decorations] CAPPING events from decorations provider vscode.git 914
[2021-02-19 16:28:20.722] [exthost] [warning] [Decorations] CAPPING events from decorations provider vscode.git 914
[2021-02-19 16:28:25.848] [exthost] [warning] [Decorations] CAPPING events from decorations provider vscode.git 914
[2021-02-19 16:28:30.972] [exthost] [warning] [Decorations] CAPPING events from decorations provider vscode.git 914
[2021-02-19 16:28:37.044] [exthost] [warning] [Decorations] CAPPING events from decorations provider vscode.git 914
[2021-02-19 16:28:37.376] [exthost] [warning] [Decorations] CAPPING events from decorations provider vscode.git 914
[2021-02-19 16:28:42.525] [exthost] [warning] [Decorations] CAPPING events from decorations provider vscode.git 914
[2021-02-19 16:28:47.640] [exthost] [warning] [Decorations] CAPPING events from decorations provider vscode.git 914
[2021-02-19 16:28:52.753] [exthost] [warning] [Decorations] CAPPING events from decorations provider vscode.git 914
[2021-02-19 16:28:57.879] [exthost] [warning] [Decorations] CAPPING events from decorations provider vscode.git 914
[2021-02-19 16:29:02.999] [exthost] [warning] [Decorations] CAPPING events from decorations provider vscode.git 914
[2021-02-19 16:29:08.113] [exthost] [warning] [Decorations] CAPPING events from decorations provider vscode.git 914
[2021-02-19 16:29:13.236] [exthost] [warning] [Decorations] CAPPING events from decorations provider vscode.git 914
[2021-02-19 16:29:18.353] [exthost] [warning] [Decorations] CAPPING events from decorations provider vscode.git 914
[2021-02-19 16:29:23.499] [exthost] [warning] [Decorations] CAPPING events from decorations provider vscode.git 914
[2021-02-19 16:29:28.616] [exthost] [warning] [Decorations] CAPPING events from decorations provider vscode.git 914
[2021-02-19 16:29:33.730] [exthost] [warning] [Decorations] CAPPING events from decorations provider vscode.git 914
[2021-02-19 16:29:38.854] [exthost] [warning] [Decorations] CAPPING events from decorations provider vscode.git 914
[2021-02-19 16:29:43.975] [exthost] [warning] [Decorations] CAPPING events from decorations provider vscode.git 914
[2021-02-19 16:29:49.092] [exthost] [warning] [Decorations] CAPPING events from decorations provider vscode.git 914
[2021-02-19 16:29:54.233] [exthost] [warning] [Decorations] CAPPING events from decorations provider vscode.git 914
[2021-02-19 16:29:59.351] [exthost] [warning] [Decorations] CAPPING events from decorations provider vscode.git 914
[2021-02-19 16:30:04.476] [exthost] [warning] [Decorations] CAPPING events from decorations provider vscode.git 914
[2021-02-19 16:30:09.594] [exthost] [warning] [Decorations] CAPPING events from decorations provider vscode.git 914
[2021-02-19 16:30:14.709] [exthost] [warning] [Decorations] CAPPING events from decorations provider vscode.git 914
[2021-02-19 16:30:19.824] [exthost] [warning] [Decorations] CAPPING events from decorations provider vscode.git 914
[2021-02-19 16:30:24.951] [exthost] [warning] [Decorations] CAPPING events from decorations provider vscode.git 914
[2021-02-19 16:30:30.067] [exthost] [warning] [Decorations] CAPPING events from decorations provider vscode.git 914
[2021-02-19 16:30:35.182] [exthost] [warning] [Decorations] CAPPING events from decorations provider vscode.git 914
[2021-02-19 16:30:40.298] [exthost] [warning] [Decorations] CAPPING events from decorations provider vscode.git 914
[2021-02-19 16:30:45.434] [exthost] [warning] [Decorations] CAPPING events from decorations provider vscode.git 914
[2021-02-19 16:30:50.555] [exthost] [warning] [Decorations] CAPPING events from decorations provider vscode.git 914
[2021-02-19 16:30:55.682] [exthost] [warning] [Decorations] CAPPING events from decorations provider vscode.git 914
[2021-02-19 16:31:00.800] [exthost] [warning] [Decorations] CAPPING events from decorations provider vscode.git 914
[2021-02-19 16:31:05.928] [exthost] [warning] [Decorations] CAPPING events from decorations provider vscode.git 914
[2021-02-19 16:31:11.046] [exthost] [warning] [Decorations] CAPPING events from decorations provider vscode.git 914
[2021-02-19 16:31:16.163] [exthost] [warning] [Decorations] CAPPING events from decorations provider vscode.git 914
[2021-02-19 16:31:21.279] [exthost] [warning] [Decorations] CAPPING events from decorations provider vscode.git 914
[2021-02-19 16:31:26.394] [exthost] [warning] [Decorations] CAPPING events from decorations provider vscode.git 914
[2021-02-19 16:31:31.512] [exthost] [warning] [Decorations] CAPPING events from decorations provider vscode.git 914
[2021-02-19 16:31:36.627] [exthost] [warning] [Decorations] CAPPING events from decorations provider vscode.git 914
[2021-02-19 16:31:38.171] [exthost] [warning] [Decorations] CAPPING events from decorations provider vscode.git 914
[2021-02-19 16:31:41.740] [exthost] [warning] [Decorations] CAPPING events from decorations provider vscode.git 914
[2021-02-19 16:31:46.862] [exthost] [warning] [Decorations] CAPPING events from decorations provider vscode.git 914
[2021-02-19 16:31:51.982] [exthost] [warning] [Decorations] CAPPING events from decorations provider vscode.git 914
[2021-02-19 16:31:57.099] [exthost] [warning] [Decorations] CAPPING events from decorations provider vscode.git 914
[2021-02-19 16:32:02.215] [exthost] [warning] [Decorations] CAPPING events from decorations provider vscode.git 914
[2021-02-19 16:32:07.329] [exthost] [warning] [Decorations] CAPPING events from decorations provider vscode.git 914
[2021-02-19 16:32:12.449] [exthost] [warning] [Decorations] CAPPING events from decorations provider vscode.git 914
[2021-02-19 16:32:17.565] [exthost] [warning] [Decorations] CAPPING events from decorations provider vscode.git 914
[2021-02-19 16:32:22.684] [exthost] [warning] [Decorations] CAPPING events from decorations provider vscode.git 914
[2021-02-19 16:32:27.803] [exthost] [warning] [Decorations] CAPPING events from decorations provider vscode.git 914
[2021-02-19 16:32:32.962] [exthost] [warning] [Decorations] CAPPING events from decorations provider vscode.git 914
[2021-02-19 16:32:38.077] [exthost] [warning] [Decorations] CAPPING events from decorations provider vscode.git 914
[2021-02-19 16:32:43.203] [exthost] [warning] [Decorations] CAPPING events from decorations provider vscode.git 914
[2021-02-19 16:32:48.319] [exthost] [warning] [Decorations] CAPPING events from decorations provider vscode.git 914
[2021-02-19 16:32:53.440] [exthost] [warning] [Decorations] CAPPING events from decorations provider vscode.git 914
[2021-02-19 16:32:58.557] [exthost] [warning] [Decorations] CAPPING events from decorations provider vscode.git 914
[2021-02-19 16:33:03.674] [exthost] [warning] [Decorations] CAPPING events from decorations provider vscode.git 914
[2021-02-19 16:33:08.791] [exthost] [warning] [Decorations] CAPPING events from decorations provider vscode.git 914
[2021-02-19 16:33:13.928] [exthost] [warning] [Decorations] CAPPING events from decorations provider vscode.git 914
[2021-02-19 16:33:19.044] [exthost] [warning] [Decorations] CAPPING events from decorations provider vscode.git 914
[2021-02-19 16:33:24.168] [exthost] [warning] [Decorations] CAPPING events from decorations provider vscode.git 914
[2021-02-19 16:33:29.285] [exthost] [warning] [Decorations] CAPPING events from decorations provider vscode.git 914
[2021-02-19 16:33:34.428] [exthost] [warning] [Decorations] CAPPING events from decorations provider vscode.git 914
[2021-02-19 16:33:39.542] [exthost] [warning] [Decorations] CAPPING events from decorations provider vscode.git 914
[2021-02-19 16:33:44.657] [exthost] [warning] [Decorations] CAPPING events from decorations provider vscode.git 914
[2021-02-19 16:33:49.774] [exthost] [warning] [Decorations] CAPPING events from decorations provider vscode.git 914
[2021-02-19 16:33:54.895] [exthost] [warning] [Decorations] CAPPING events from decorations provider vscode.git 914
[2021-02-19 16:34:00.019] [exthost] [warning] [Decorations] CAPPING events from decorations provider vscode.git 914
[2021-02-19 16:34:05.160] [exthost] [warning] [Decorations] CAPPING events from decorations provider vscode.git 914
[2021-02-19 16:34:10.279] [exthost] [warning] [Decorations] CAPPING events from decorations provider vscode.git 914
[2021-02-19 16:34:15.396] [exthost] [warning] [Decorations] CAPPING events from decorations provider vscode.git 914
[2021-02-19 16:34:20.512] [exthost] [warning] [Decorations] CAPPING events from decorations provider vscode.git 914
[2021-02-19 16:34:25.628] [exthost] [warning] [Decorations] CAPPING events from decorations provider vscode.git 914
[2021-02-19 16:34:30.744] [exthost] [warning] [Decorations] CAPPING events from decorations provider vscode.git 914
[2021-02-19 16:34:35.861] [exthost] [warning] [Decorations] CAPPING events from decorations provider vscode.git 914
[2021-02-19 16:34:39.359] [exthost] [warning] [Decorations] CAPPING events from decorations provider vscode.git 914
[2021-02-19 16:34:40.986] [exthost] [warning] [Decorations] CAPPING events from decorations provider vscode.git 914
[2021-02-19 16:34:46.100] [exthost] [warning] [Decorations] CAPPING events from decorations provider vscode.git 914
[2021-02-19 16:34:51.220] [exthost] [warning] [Decorations] CAPPING events from decorations provider vscode.git 914
[2021-02-19 16:34:56.336] [exthost] [warning] [Decorations] CAPPING events from decorations provider vscode.git 914
[2021-02-19 16:35:01.450] [exthost] [warning] [Decorations] CAPPING events from decorations provider vscode.git 914
[2021-02-19 16:35:06.568] [exthost] [warning] [Decorations] CAPPING events from decorations provider vscode.git 914
[2021-02-19 16:35:11.687] [exthost] [warning] [Decorations] CAPPING events from decorations provider vscode.git 914
[2021-02-19 16:35:16.803] [exthost] [warning] [Decorations] CAPPING events from decorations provider vscode.git 914
[2021-02-19 16:35:21.962] [exthost] [warning] [Decorations] CAPPING events from decorations provider vscode.git 914
[2021-02-19 16:35:27.080] [exthost] [warning] [Decorations] CAPPING events from decorations provider vscode.git 914
[2021-02-19 16:35:32.195] [exthost] [warning] [Decorations] CAPPING events from decorations provider vscode.git 914
[2021-02-19 16:35:37.315] [exthost] [warning] [Decorations] CAPPING events from decorations provider vscode.git 914
[2021-02-19 16:35:42.430] [exthost] [warning] [Decorations] CAPPING events from decorations provider vscode.git 914
[2021-02-19 16:35:47.546] [exthost] [warning] [Decorations] CAPPING events from decorations provider vscode.git 914
[2021-02-19 16:35:52.662] [exthost] [warning] [Decorations] CAPPING events from decorations provider vscode.git 914
[2021-02-19 16:35:57.779] [exthost] [warning] [Decorations] CAPPING events from decorations provider vscode.git 914
[2021-02-19 16:36:02.906] [exthost] [warning] [Decorations] CAPPING events from decorations provider vscode.git 914
[2021-02-19 16:36:08.024] [exthost] [warning] [Decorations] CAPPING events from decorations provider vscode.git 914
[2021-02-19 16:36:13.150] [exthost] [warning] [Decorations] CAPPING events from decorations provider vscode.git 914
[2021-02-19 16:36:18.267] [exthost] [warning] [Decorations] CAPPING events from decorations provider vscode.git 914
[2021-02-19 16:36:23.389] [exthost] [warning] [Decorations] CAPPING events from decorations provider vscode.git 914
[2021-02-19 16:36:28.506] [exthost] [warning] [Decorations] CAPPING events from decorations provider vscode.git 914
[2021-02-19 16:36:33.621] [exthost] [warning] [Decorations] CAPPING events from decorations provider vscode.git 914
[2021-02-19 16:36:38.738] [exthost] [warning] [Decorations] CAPPING events from decorations provider vscode.git 914
[2021-02-19 16:36:43.863] [exthost] [warning] [Decorations] CAPPING events from decorations provider vscode.git 914
[2021-02-19 16:36:48.986] [exthost] [warning] [Decorations] CAPPING events from decorations provider vscode.git 914
[2021-02-19 16:36:54.129] [exthost] [warning] [Decorations] CAPPING events from decorations provider vscode.git 914
[2021-02-19 16:36:59.250] [exthost] [warning] [Decorations] CAPPING events from decorations provider vscode.git 914
[2021-02-19 16:37:04.365] [exthost] [warning] [Decorations] CAPPING events from decorations provider vscode.git 914
[2021-02-19 16:37:09.483] [exthost] [warning] [Decorations] CAPPING events from decorations provider vscode.git 914
[2021-02-19 16:37:14.600] [exthost] [warning] [Decorations] CAPPING events from decorations provider vscode.git 914
[2021-02-19 16:37:19.717] [exthost] [warning] [Decorations] CAPPING events from decorations provider vscode.git 914
[2021-02-19 16:37:24.834] [exthost] [warning] [Decorations] CAPPING events from decorations provider vscode.git 914
[2021-02-19 16:37:29.960] [exthost] [warning] [Decorations] CAPPING events from decorations provider vscode.git 914
[2021-02-19 16:37:35.079] [exthost] [warning] [Decorations] CAPPING events from decorations provider vscode.git 914
[2021-02-19 16:37:40.522] [exthost] [warning] [Decorations] CAPPING events from decorations provider vscode.git 914
[2021-02-19 16:37:40.875] [exthost] [warning] [Decorations] CAPPING events from decorations provider vscode.git 914
[2021-02-19 16:37:45.999] [exthost] [warning] [Decorations] CAPPING events from decorations provider vscode.git 914
[2021-02-19 16:37:51.116] [exthost] [warning] [Decorations] CAPPING events from decorations provider vscode.git 914
[2021-02-19 16:37:56.229] [exthost] [warning] [Decorations] CAPPING events from decorations provider vscode.git 914
[2021-02-19 16:43:59.651] [exthost] [warning] [Decorations] CAPPING events from decorations provider vscode.git 914
[2021-02-19 16:44:00.572] [exthost] [warning] [Decorations] CAPPING events from decorations provider vscode.git 914
[2021-02-19 16:44:04.776] [exthost] [warning] [Decorations] CAPPING events from decorations provider vscode.git 914
[2021-02-19 16:44:09.888] [exthost] [warning] [Decorations] CAPPING events from decorations provider vscode.git 914
[2021-02-19 16:44:15.007] [exthost] [warning] [Decorations] CAPPING events from decorations provider vscode.git 914
[2021-02-19 16:44:20.127] [exthost] [warning] [Decorations] CAPPING events from decorations provider vscode.git 914
[2021-02-19 16:44:25.258] [exthost] [warning] [Decorations] CAPPING events from decorations provider vscode.git 914
[2021-02-19 16:44:30.377] [exthost] [warning] [Decorations] CAPPING events from decorations provider vscode.git 914
[2021-02-19 16:44:35.493] [exthost] [warning] [Decorations] CAPPING events from decorations provider vscode.git 914
[2021-02-19 16:44:40.610] [exthost] [warning] [Decorations] CAPPING events from decorations provider vscode.git 914
[2021-02-19 16:44:45.729] [exthost] [warning] [Decorations] CAPPING events from decorations provider vscode.git 914
[2021-02-19 16:44:50.844] [exthost] [warning] [Decorations] CAPPING events from decorations provider vscode.git 914
[2021-02-19 16:44:55.961] [exthost] [warning] [Decorations] CAPPING events from decorations provider vscode.git 914
[2021-02-19 16:45:01.088] [exthost] [warning] [Decorations] CAPPING events from decorations provider vscode.git 914
[2021-02-19 16:45:06.203] [exthost] [warning] [Decorations] CAPPING events from decorations provider vscode.git 914
[2021-02-19 16:45:11.317] [exthost] [warning] [Decorations] CAPPING events from decorations provider vscode.git 914
[2021-02-19 16:45:16.431] [exthost] [warning] [Decorations] CAPPING events from decorations provider vscode.git 914
[2021-02-19 16:45:21.548] [exthost] [warning] [Decorations] CAPPING events from decorations provider vscode.git 914
[2021-02-19 16:45:26.664] [exthost] [warning] [Decorations] CAPPING events from decorations provider vscode.git 914
[2021-02-19 16:45:31.781] [exthost] [warning] [Decorations] CAPPING events from decorations provider vscode.git 914
[2021-02-19 16:45:36.896] [exthost] [warning] [Decorations] CAPPING events from decorations provider vscode.git 914
[2021-02-19 16:45:42.020] [exthost] [warning] [Decorations] CAPPING events from decorations provider vscode.git 914
[2021-02-19 16:45:47.137] [exthost] [warning] [Decorations] CAPPING events from decorations provider vscode.git 914
[2021-02-19 16:45:52.253] [exthost] [warning] [Decorations] CAPPING events from decorations provider vscode.git 914
[2021-02-19 16:45:57.370] [exthost] [warning] [Decorations] CAPPING events from decorations provider vscode.git 914
[2021-02-19 16:46:02.485] [exthost] [warning] [Decorations] CAPPING events from decorations provider vscode.git 914
[2021-02-19 16:46:07.600] [exthost] [warning] [Decorations] CAPPING events from decorations provider vscode.git 914
[2021-02-19 16:46:12.715] [exthost] [warning] [Decorations] CAPPING events from decorations provider vscode.git 914
[2021-02-19 16:46:17.832] [exthost] [warning] [Decorations] CAPPING events from decorations provider vscode.git 914
[2021-02-19 16:46:22.950] [exthost] [warning] [Decorations] CAPPING events from decorations provider vscode.git 914
[2021-02-19 16:46:28.082] [exthost] [warning] [Decorations] CAPPING events from decorations provider vscode.git 914
[2021-02-19 16:46:33.199] [exthost] [warning] [Decorations] CAPPING events from decorations provider vscode.git 914
[2021-02-19 16:46:38.313] [exthost] [warning] [Decorations] CAPPING events from decorations provider vscode.git 914
[2021-02-19 16:46:43.430] [exthost] [warning] [Decorations] CAPPING events from decorations provider vscode.git 914
[2021-02-19 16:46:48.548] [exthost] [warning] [Decorations] CAPPING events from decorations provider vscode.git 914
[2021-02-19 16:46:53.663] [exthost] [warning] [Decorations] CAPPING events from decorations provider vscode.git 914
[2021-02-19 16:46:58.780] [exthost] [warning] [Decorations] CAPPING events from decorations provider vscode.git 914
[2021-02-19 16:47:01.662] [exthost] [warning] [Decorations] CAPPING events from decorations provider vscode.git 914
[2021-02-19 16:47:03.913] [exthost] [warning] [Decorations] CAPPING events from decorations provider vscode.git 914
[2021-02-19 16:47:09.033] [exthost] [warning] [Decorations] CAPPING events from decorations provider vscode.git 914
[2021-02-19 16:47:14.155] [exthost] [warning] [Decorations] CAPPING events from decorations provider vscode.git 914
[2021-02-19 16:47:19.270] [exthost] [warning] [Decorations] CAPPING events from decorations provider vscode.git 914
[2021-02-19 16:47:24.387] [exthost] [warning] [Decorations] CAPPING events from decorations provider vscode.git 914
[2021-02-19 16:47:29.506] [exthost] [warning] [Decorations] CAPPING events from decorations provider vscode.git 914
[2021-02-19 16:47:34.621] [exthost] [warning] [Decorations] CAPPING events from decorations provider vscode.git 914
[2021-02-19 16:47:39.740] [exthost] [warning] [Decorations] CAPPING events from decorations provider vscode.git 914
[2021-02-19 16:47:44.859] [exthost] [warning] [Decorations] CAPPING events from decorations provider vscode.git 914
[2021-02-19 16:47:49.978] [exthost] [warning] [Decorations] CAPPING events from decorations provider vscode.git 914
[2021-02-19 16:47:55.110] [exthost] [warning] [Decorations] CAPPING events from decorations provider vscode.git 914
[2021-02-19 16:55:13.969] [exthost] [warning] [Decorations] CAPPING events from decorations provider vscode.git 914
[2021-02-19 16:55:15.215] [exthost] [warning] [Decorations] CAPPING events from decorations provider vscode.git 914
[2021-02-19 16:55:19.089] [exthost] [warning] [Decorations] CAPPING events from decorations provider vscode.git 914
[2021-02-19 16:55:24.218] [exthost] [warning] [Decorations] CAPPING events from decorations provider vscode.git 914
[2021-02-19 16:55:29.331] [exthost] [warning] [Decorations] CAPPING events from decorations provider vscode.git 914
[2021-02-19 16:55:34.446] [exthost] [warning] [Decorations] CAPPING events from decorations provider vscode.git 914
[2021-02-19 16:55:39.573] [exthost] [warning] [Decorations] CAPPING events from decorations provider vscode.git 914
[2021-02-19 16:55:44.692] [exthost] [warning] [Decorations] CAPPING events from decorations provider vscode.git 914
[2021-02-19 16:55:49.809] [exthost] [warning] [Decorations] CAPPING events from decorations provider vscode.git 914
[2021-02-19 16:55:54.923] [exthost] [warning] [Decorations] CAPPING events from decorations provider vscode.git 914
[2021-02-19 16:56:00.043] [exthost] [warning] [Decorations] CAPPING events from decorations provider vscode.git 914
[2021-02-19 16:56:05.158] [exthost] [warning] [Decorations] CAPPING events from decorations provider vscode.git 914
[2021-02-19 16:56:10.277] [exthost] [warning] [Decorations] CAPPING events from decorations provider vscode.git 914
[2021-02-19 16:56:15.395] [exthost] [warning] [Decorations] CAPPING events from decorations provider vscode.git 914
[2021-02-19 16:56:20.509] [exthost] [warning] [Decorations] CAPPING events from decorations provider vscode.git 914
[2021-02-19 16:56:25.624] [exthost] [warning] [Decorations] CAPPING events from decorations provider vscode.git 914
[2021-02-19 16:56:30.741] [exthost] [warning] [Decorations] CAPPING events from decorations provider vscode.git 914
[2021-02-19 16:56:35.868] [exthost] [warning] [Decorations] CAPPING events from decorations provider vscode.git 914
[2021-02-19 16:56:40.988] [exthost] [warning] [Decorations] CAPPING events from decorations provider vscode.git 914
[2021-02-19 16:56:46.104] [exthost] [warning] [Decorations] CAPPING events from decorations provider vscode.git 914
[2021-02-19 16:56:51.220] [exthost] [warning] [Decorations] CAPPING events from decorations provider vscode.git 914
[2021-02-19 16:56:56.337] [exthost] [warning] [Decorations] CAPPING events from decorations provider vscode.git 914
[2021-02-19 16:57:01.452] [exthost] [warning] [Decorations] CAPPING events from decorations provider vscode.git 914
[2021-02-19 16:57:06.569] [exthost] [warning] [Decorations] CAPPING events from decorations provider vscode.git 914
[2021-02-19 16:57:11.712] [exthost] [warning] [Decorations] CAPPING events from decorations provider vscode.git 914
[2021-02-19 16:57:16.828] [exthost] [warning] [Decorations] CAPPING events from decorations provider vscode.git 914
[2021-02-19 16:57:21.942] [exthost] [warning] [Decorations] CAPPING events from decorations provider vscode.git 914
[2021-02-19 16:57:27.056] [exthost] [warning] [Decorations] CAPPING events from decorations provider vscode.git 914
[2021-02-19 16:57:32.178] [exthost] [warning] [Decorations] CAPPING events from decorations provider vscode.git 914
[2021-02-19 16:57:37.305] [exthost] [warning] [Decorations] CAPPING events from decorations provider vscode.git 914
[2021-02-19 16:57:42.453] [exthost] [warning] [Decorations] CAPPING events from decorations provider vscode.git 914
[2021-02-19 16:57:47.573] [exthost] [warning] [Decorations] CAPPING events from decorations provider vscode.git 914
[2021-02-19 16:57:52.688] [exthost] [warning] [Decorations] CAPPING events from decorations provider vscode.git 914
[2021-02-19 16:57:57.805] [exthost] [warning] [Decorations] CAPPING events from decorations provider vscode.git 914
[2021-02-19 16:58:02.924] [exthost] [warning] [Decorations] CAPPING events from decorations provider vscode.git 914
[2021-02-19 16:58:08.040] [exthost] [warning] [Decorations] CAPPING events from decorations provider vscode.git 914
[2021-02-19 16:58:13.186] [exthost] [warning] [Decorations] CAPPING events from decorations provider vscode.git 914
[2021-02-19 16:58:16.178] [exthost] [warning] [Decorations] CAPPING events from decorations provider vscode.git 914
[2021-02-19 16:58:18.305] [exthost] [warning] [Decorations] CAPPING events from decorations provider vscode.git 914
[2021-02-19 16:58:23.416] [exthost] [warning] [Decorations] CAPPING events from decorations provider vscode.git 914
[2021-02-19 16:58:28.542] [exthost] [warning] [Decorations] CAPPING events from decorations provider vscode.git 914
[2021-02-19 16:58:33.663] [exthost] [warning] [Decorations] CAPPING events from decorations provider vscode.git 914
[2021-02-19 16:58:38.813] [exthost] [warning] [Decorations] CAPPING events from decorations provider vscode.git 914
[2021-02-19 16:58:43.928] [exthost] [warning] [Decorations] CAPPING events from decorations provider vscode.git 914
[2021-02-19 16:58:49.044] [exthost] [warning] [Decorations] CAPPING events from decorations provider vscode.git 914
[2021-02-19 16:58:54.159] [exthost] [warning] [Decorations] CAPPING events from decorations provider vscode.git 914
[2021-02-19 16:58:59.293] [exthost] [warning] [Decorations] CAPPING events from decorations provider vscode.git 914
[2021-02-19 16:59:04.420] [exthost] [warning] [Decorations] CAPPING events from decorations provider vscode.git 914
[2021-02-19 16:59:09.539] [exthost] [warning] [Decorations] CAPPING events from decorations provider vscode.git 914
[2021-02-19 16:59:14.663] [exthost] [warning] [Decorations] CAPPING events from decorations provider vscode.git 914
[2021-02-19 16:59:19.777] [exthost] [warning] [Decorations] CAPPING events from decorations provider vscode.git 914
[2021-02-19 16:59:24.894] [exthost] [warning] [Decorations] CAPPING events from decorations provider vscode.git 914
[2021-02-19 16:59:30.029] [exthost] [warning] [Decorations] CAPPING events from decorations provider vscode.git 914
[2021-02-19 17:14:06.883] [exthost] [warning] [Decorations] CAPPING events from decorations provider vscode.git 914
[2021-02-19 17:14:07.853] [exthost] [warning] [Decorations] CAPPING events from decorations provider vscode.git 914
[2021-02-19 17:14:12.000] [exthost] [warning] [Decorations] CAPPING events from decorations provider vscode.git 914
[2021-02-19 17:14:17.114] [exthost] [warning] [Decorations] CAPPING events from decorations provider vscode.git 914
[2021-02-19 17:14:22.228] [exthost] [warning] [Decorations] CAPPING events from decorations provider vscode.git 914
[2021-02-19 17:14:27.347] [exthost] [warning] [Decorations] CAPPING events from decorations provider vscode.git 914
[2021-02-19 17:14:32.465] [exthost] [warning] [Decorations] CAPPING events from decorations provider vscode.git 914
[2021-02-19 17:14:37.584] [exthost] [warning] [Decorations] CAPPING events from decorations provider vscode.git 914
[2021-02-19 17:14:42.703] [exthost] [warning] [Decorations] CAPPING events from decorations provider vscode.git 914
[2021-02-19 17:14:47.822] [exthost] [warning] [Decorations] CAPPING events from decorations provider vscode.git 914
[2021-02-19 17:14:52.944] [exthost] [warning] [Decorations] CAPPING events from decorations provider vscode.git 914
[2021-02-19 17:14:58.078] [exthost] [warning] [Decorations] CAPPING events from decorations provider vscode.git 914
[2021-02-19 17:20:11.436] [exthost] [warning] [Decorations] CAPPING events from decorations provider vscode.git 914
[2021-02-19 17:20:12.422] [exthost] [warning] [Decorations] CAPPING events from decorations provider vscode.git 914
[2021-02-19 17:36:38.272] [exthost] [warning] [Decorations] CAPPING events from decorations provider vscode.git 914
[2021-02-19 17:36:39.245] [exthost] [warning] [Decorations] CAPPING events from decorations provider vscode.git 914
[2021-02-19 17:36:43.383] [exthost] [warning] [Decorations] CAPPING events from decorations provider vscode.git 914
