[2021-01-21 15:33:48.209] [exthost] [info] extension host started
[2021-01-21 15:33:48.309] [exthost] [info] ExtensionService#_doActivateExtension vscode.debug-auto-launch {"startup":true,"extensionId":{"value":"vscode.debug-auto-launch","_lower":"vscode.debug-auto-launch"},"activationEvent":"*"}
[2021-01-21 15:33:48.309] [exthost] [info] ExtensionService#loadCommonJSModule file:///home/soic/.vscode-server/bin/ea3859d4ba2f3e577a159bc91e3074c5d85c0523/extensions/debug-auto-launch/dist/extension
[2021-01-21 15:33:48.316] [exthost] [info] ExtensionService#_doActivateExtension vscode.emmet {"startup":true,"extensionId":{"value":"vscode.emmet","_lower":"vscode.emmet"},"activationEvent":"*"}
[2021-01-21 15:33:48.316] [exthost] [info] ExtensionService#loadCommonJSModule file:///home/soic/.vscode-server/bin/ea3859d4ba2f3e577a159bc91e3074c5d85c0523/extensions/emmet/dist/node/emmetNodeMain
[2021-01-21 15:33:48.360] [exthost] [info] ExtensionService#_doActivateExtension vscode.git {"startup":true,"extensionId":{"value":"vscode.github","_lower":"vscode.github"},"activationEvent":"*"}
[2021-01-21 15:33:48.361] [exthost] [info] ExtensionService#loadCommonJSModule file:///home/soic/.vscode-server/bin/ea3859d4ba2f3e577a159bc91e3074c5d85c0523/extensions/git/dist/main
[2021-01-21 15:33:48.440] [exthost] [info] ExtensionService#_doActivateExtension vscode.merge-conflict {"startup":true,"extensionId":{"value":"vscode.merge-conflict","_lower":"vscode.merge-conflict"},"activationEvent":"*"}
[2021-01-21 15:33:48.440] [exthost] [info] ExtensionService#loadCommonJSModule file:///home/soic/.vscode-server/bin/ea3859d4ba2f3e577a159bc91e3074c5d85c0523/extensions/merge-conflict/dist/mergeConflictMain
[2021-01-21 15:33:48.446] [exthost] [info] ExtensionService#_doActivateExtension vscode.search-result {"startup":true,"extensionId":{"value":"vscode.search-result","_lower":"vscode.search-result"},"activationEvent":"*"}
[2021-01-21 15:33:48.446] [exthost] [info] ExtensionService#loadCommonJSModule file:///home/soic/.vscode-server/bin/ea3859d4ba2f3e577a159bc91e3074c5d85c0523/extensions/search-result/dist/extension.js
[2021-01-21 15:33:48.449] [exthost] [info] ExtensionService#_doActivateExtension ms-vscode.cpptools {"startup":true,"extensionId":{"value":"ms-vscode.cpptools","_lower":"ms-vscode.cpptools"},"activationEvent":"*"}
[2021-01-21 15:33:48.449] [exthost] [info] ExtensionService#loadCommonJSModule file:///home/soic/.vscode-server/extensions/ms-vscode.cpptools-1.2.0-insiders2/dist/main
[2021-01-21 15:33:48.760] [exthost] [info] ExtensionService#_doActivateExtension ms-vscode.cmake-tools {"startup":true,"extensionId":{"value":"ms-vscode.cmake-tools","_lower":"ms-vscode.cmake-tools"},"activationEvent":"workspaceContains:**/CMakeLists.txt"}
[2021-01-21 15:33:48.761] [exthost] [info] ExtensionService#loadCommonJSModule file:///home/soic/.vscode-server/extensions/ms-vscode.cmake-tools-1.5.3/dist/main
[2021-01-21 15:33:48.918] [exthost] [info] ExtensionService#_doActivateExtension ms-vscode.js-debug {"startup":false,"extensionId":{"value":"ms-vscode.js-debug","_lower":"ms-vscode.js-debug"},"activationEvent":"onCommand:extension.js-debug.clearAutoAttachVariables"}
[2021-01-21 15:33:48.918] [exthost] [info] ExtensionService#loadCommonJSModule file:///home/soic/.vscode-server/bin/ea3859d4ba2f3e577a159bc91e3074c5d85c0523/extensions/ms-vscode.js-debug/src/extension.js
[2021-01-21 15:33:49.097] [exthost] [info] ExtensionService#_doActivateExtension vscode.github {"startup":false,"extensionId":{"value":"vscode.github","_lower":"vscode.github"},"activationEvent":"*"}
[2021-01-21 15:33:49.097] [exthost] [info] ExtensionService#loadCommonJSModule file:///home/soic/.vscode-server/bin/ea3859d4ba2f3e577a159bc91e3074c5d85c0523/extensions/github/dist/extension.js
[2021-01-21 15:33:49.426] [exthost] [warning] [Decorations] CAPPING events from decorations provider vscode.git 268
[2021-01-21 15:33:49.828] [exthost] [info] eager extensions activated
[2021-01-21 15:33:50.084] [exthost] [warning] [Decorations] CAPPING events from decorations provider vscode.git 273
[2021-01-21 15:33:56.260] [exthost] [warning] [Decorations] CAPPING events from decorations provider vscode.git 273
[2021-01-21 15:34:01.344] [exthost] [warning] [Decorations] CAPPING events from decorations provider vscode.git 273
[2021-01-21 15:34:06.434] [exthost] [warning] [Decorations] CAPPING events from decorations provider vscode.git 273
[2021-01-21 15:34:10.677] [exthost] [error] {"message":"Git error","stdout":"","stderr":"fatal: Pathspec '/home/soic/moxa_test/README.md' is in submodule 'moxa_test'\n","exitCode":128,"gitErrorCode":"IsInSubmodule"}
[2021-01-21 15:34:11.518] [exthost] [warning] [Decorations] CAPPING events from decorations provider vscode.git 273
[2021-01-21 15:34:14.388] [exthost] [error] {"message":"Git error","stdout":"","stderr":"fatal: Pathspec '/home/soic/moxa-dio-control/autom4te.cache' is in submodule 'moxa-dio-control'\n","exitCode":128,"gitErrorCode":"IsInSubmodule"}
[2021-01-21 15:34:14.388] [exthost] [error] {"message":"Git error","stdout":"","stderr":"fatal: Pathspec '/home/soic/moxa-dio-control/autom4te.cache' is in submodule 'moxa-dio-control'\n","exitCode":128,"gitErrorCode":"IsInSubmodule"}
[2021-01-21 15:34:14.388] [exthost] [error] {"message":"Git error","stdout":"","stderr":"fatal: Pathspec '/home/soic/moxa-dio-control/autom4te.cache' is in submodule 'moxa-dio-control'\n","exitCode":128,"gitErrorCode":"IsInSubmodule"}
[2021-01-21 15:34:14.388] [exthost] [error] {"message":"Git error","stdout":"","stderr":"fatal: Pathspec '/home/soic/moxa-dio-control/autom4te.cache' is in submodule 'moxa-dio-control'\n","exitCode":128,"gitErrorCode":"IsInSubmodule"}
[2021-01-21 15:34:14.388] [exthost] [error] {"message":"Git error","stdout":"","stderr":"fatal: Pathspec '/home/soic/moxa-dio-control/autom4te.cache' is in submodule 'moxa-dio-control'\n","exitCode":128,"gitErrorCode":"IsInSubmodule"}
[2021-01-21 15:34:14.388] [exthost] [error] {"message":"Git error","stdout":"","stderr":"fatal: Pathspec '/home/soic/moxa-dio-control/autom4te.cache' is in submodule 'moxa-dio-control'\n","exitCode":128,"gitErrorCode":"IsInSubmodule"}
[2021-01-21 15:34:14.388] [exthost] [error] {"message":"Git error","stdout":"","stderr":"fatal: Pathspec '/home/soic/moxa-dio-control/autom4te.cache' is in submodule 'moxa-dio-control'\n","exitCode":128,"gitErrorCode":"IsInSubmodule"}
[2021-01-21 15:34:14.388] [exthost] [error] {"message":"Git error","stdout":"","stderr":"fatal: Pathspec '/home/soic/moxa-dio-control/autom4te.cache' is in submodule 'moxa-dio-control'\n","exitCode":128,"gitErrorCode":"IsInSubmodule"}
[2021-01-21 15:34:14.388] [exthost] [error] {"message":"Git error","stdout":"","stderr":"fatal: Pathspec '/home/soic/moxa-dio-control/autom4te.cache' is in submodule 'moxa-dio-control'\n","exitCode":128,"gitErrorCode":"IsInSubmodule"}
[2021-01-21 15:34:14.388] [exthost] [error] {"message":"Git error","stdout":"","stderr":"fatal: Pathspec '/home/soic/moxa-dio-control/autom4te.cache' is in submodule 'moxa-dio-control'\n","exitCode":128,"gitErrorCode":"IsInSubmodule"}
[2021-01-21 15:34:14.388] [exthost] [error] {"message":"Git error","stdout":"","stderr":"fatal: Pathspec '/home/soic/moxa-dio-control/autom4te.cache' is in submodule 'moxa-dio-control'\n","exitCode":128,"gitErrorCode":"IsInSubmodule"}
[2021-01-21 15:34:14.388] [exthost] [error] {"message":"Git error","stdout":"","stderr":"fatal: Pathspec '/home/soic/moxa-dio-control/autom4te.cache' is in submodule 'moxa-dio-control'\n","exitCode":128,"gitErrorCode":"IsInSubmodule"}
[2021-01-21 15:34:14.388] [exthost] [error] {"message":"Git error","stdout":"","stderr":"fatal: Pathspec '/home/soic/moxa-dio-control/autom4te.cache' is in submodule 'moxa-dio-control'\n","exitCode":128,"gitErrorCode":"IsInSubmodule"}
[2021-01-21 15:34:14.388] [exthost] [error] {"message":"Git error","stdout":"","stderr":"fatal: Pathspec '/home/soic/moxa-dio-control/autom4te.cache' is in submodule 'moxa-dio-control'\n","exitCode":128,"gitErrorCode":"IsInSubmodule"}
[2021-01-21 15:34:14.388] [exthost] [error] {"message":"Git error","stdout":"","stderr":"fatal: Pathspec '/home/soic/moxa-dio-control/autom4te.cache' is in submodule 'moxa-dio-control'\n","exitCode":128,"gitErrorCode":"IsInSubmodule"}
[2021-01-21 15:34:14.388] [exthost] [error] {"message":"Git error","stdout":"","stderr":"fatal: Pathspec '/home/soic/moxa-dio-control/autom4te.cache' is in submodule 'moxa-dio-control'\n","exitCode":128,"gitErrorCode":"IsInSubmodule"}
[2021-01-21 15:34:14.388] [exthost] [error] {"message":"Git error","stdout":"","stderr":"fatal: Pathspec '/home/soic/moxa-dio-control/autom4te.cache' is in submodule 'moxa-dio-control'\n","exitCode":128,"gitErrorCode":"IsInSubmodule"}
[2021-01-21 15:34:14.388] [exthost] [error] {"message":"Git error","stdout":"","stderr":"fatal: Pathspec '/home/soic/moxa-dio-control/autom4te.cache' is in submodule 'moxa-dio-control'\n","exitCode":128,"gitErrorCode":"IsInSubmodule"}
[2021-01-21 15:34:14.388] [exthost] [error] {"message":"Git error","stdout":"","stderr":"fatal: Pathspec '/home/soic/moxa-dio-control/autom4te.cache' is in submodule 'moxa-dio-control'\n","exitCode":128,"gitErrorCode":"IsInSubmodule"}
[2021-01-21 15:34:14.388] [exthost] [error] {"message":"Git error","stdout":"","stderr":"fatal: Pathspec '/home/soic/moxa-dio-control/autom4te.cache' is in submodule 'moxa-dio-control'\n","exitCode":128,"gitErrorCode":"IsInSubmodule"}
[2021-01-21 15:34:14.388] [exthost] [error] {"message":"Git error","stdout":"","stderr":"fatal: Pathspec '/home/soic/moxa-dio-control/autom4te.cache' is in submodule 'moxa-dio-control'\n","exitCode":128,"gitErrorCode":"IsInSubmodule"}
[2021-01-21 15:34:14.388] [exthost] [error] {"message":"Git error","stdout":"","stderr":"fatal: Pathspec '/home/soic/moxa-dio-control/autom4te.cache' is in submodule 'moxa-dio-control'\n","exitCode":128,"gitErrorCode":"IsInSubmodule"}
[2021-01-21 15:34:14.388] [exthost] [error] {"message":"Git error","stdout":"","stderr":"fatal: Pathspec '/home/soic/moxa-dio-control/autom4te.cache' is in submodule 'moxa-dio-control'\n","exitCode":128,"gitErrorCode":"IsInSubmodule"}
[2021-01-21 15:34:14.388] [exthost] [error] {"message":"Git error","stdout":"","stderr":"fatal: Pathspec '/home/soic/moxa-dio-control/autom4te.cache' is in submodule 'moxa-dio-control'\n","exitCode":128,"gitErrorCode":"IsInSubmodule"}
[2021-01-21 15:34:14.388] [exthost] [error] {"message":"Git error","stdout":"","stderr":"fatal: Pathspec '/home/soic/moxa-dio-control/autom4te.cache' is in submodule 'moxa-dio-control'\n","exitCode":128,"gitErrorCode":"IsInSubmodule"}
[2021-01-21 15:34:14.388] [exthost] [error] {"message":"Git error","stdout":"","stderr":"fatal: Pathspec '/home/soic/moxa-dio-control/autom4te.cache' is in submodule 'moxa-dio-control'\n","exitCode":128,"gitErrorCode":"IsInSubmodule"}
[2021-01-21 15:34:14.388] [exthost] [error] {"message":"Git error","stdout":"","stderr":"fatal: Pathspec '/home/soic/moxa-dio-control/autom4te.cache' is in submodule 'moxa-dio-control'\n","exitCode":128,"gitErrorCode":"IsInSubmodule"}
[2021-01-21 15:34:16.601] [exthost] [warning] [Decorations] CAPPING events from decorations provider vscode.git 273
[2021-01-21 15:34:16.839] [exthost] [error] {"message":"Git error","stdout":"","stderr":"fatal: Pathspec '/home/soic/moxa-dio-control/example/dio-test' is in submodule 'moxa-dio-control'\n","exitCode":128,"gitErrorCode":"IsInSubmodule"}
[2021-01-21 15:34:16.840] [exthost] [error] {"message":"Git error","stdout":"","stderr":"fatal: Pathspec '/home/soic/moxa-dio-control/example/dio-test' is in submodule 'moxa-dio-control'\n","exitCode":128,"gitErrorCode":"IsInSubmodule"}
[2021-01-21 15:34:16.840] [exthost] [error] {"message":"Git error","stdout":"","stderr":"fatal: Pathspec '/home/soic/moxa-dio-control/example/dio-test' is in submodule 'moxa-dio-control'\n","exitCode":128,"gitErrorCode":"IsInSubmodule"}
[2021-01-21 15:34:16.840] [exthost] [error] {"message":"Git error","stdout":"","stderr":"fatal: Pathspec '/home/soic/moxa-dio-control/example/dio-test' is in submodule 'moxa-dio-control'\n","exitCode":128,"gitErrorCode":"IsInSubmodule"}
[2021-01-21 15:34:19.492] [exthost] [error] {"message":"Git error","stdout":"","stderr":"fatal: Pathspec '/home/soic/moxa-gpio-control/autom4te.cache' is in submodule 'moxa-gpio-control'\n","exitCode":128,"gitErrorCode":"IsInSubmodule"}
[2021-01-21 15:34:19.492] [exthost] [error] {"message":"Git error","stdout":"","stderr":"fatal: Pathspec '/home/soic/moxa-gpio-control/autom4te.cache' is in submodule 'moxa-gpio-control'\n","exitCode":128,"gitErrorCode":"IsInSubmodule"}
[2021-01-21 15:34:19.492] [exthost] [error] {"message":"Git error","stdout":"","stderr":"fatal: Pathspec '/home/soic/moxa-gpio-control/autom4te.cache' is in submodule 'moxa-gpio-control'\n","exitCode":128,"gitErrorCode":"IsInSubmodule"}
[2021-01-21 15:34:19.492] [exthost] [error] {"message":"Git error","stdout":"","stderr":"fatal: Pathspec '/home/soic/moxa-gpio-control/autom4te.cache' is in submodule 'moxa-gpio-control'\n","exitCode":128,"gitErrorCode":"IsInSubmodule"}
[2021-01-21 15:34:19.492] [exthost] [error] {"message":"Git error","stdout":"","stderr":"fatal: Pathspec '/home/soic/moxa-gpio-control/autom4te.cache' is in submodule 'moxa-gpio-control'\n","exitCode":128,"gitErrorCode":"IsInSubmodule"}
[2021-01-21 15:34:19.492] [exthost] [error] {"message":"Git error","stdout":"","stderr":"fatal: Pathspec '/home/soic/moxa-gpio-control/autom4te.cache' is in submodule 'moxa-gpio-control'\n","exitCode":128,"gitErrorCode":"IsInSubmodule"}
[2021-01-21 15:34:19.492] [exthost] [error] {"message":"Git error","stdout":"","stderr":"fatal: Pathspec '/home/soic/moxa-gpio-control/autom4te.cache' is in submodule 'moxa-gpio-control'\n","exitCode":128,"gitErrorCode":"IsInSubmodule"}
[2021-01-21 15:34:19.492] [exthost] [error] {"message":"Git error","stdout":"","stderr":"fatal: Pathspec '/home/soic/moxa-gpio-control/autom4te.cache' is in submodule 'moxa-gpio-control'\n","exitCode":128,"gitErrorCode":"IsInSubmodule"}
[2021-01-21 15:34:19.492] [exthost] [error] {"message":"Git error","stdout":"","stderr":"fatal: Pathspec '/home/soic/moxa-gpio-control/autom4te.cache' is in submodule 'moxa-gpio-control'\n","exitCode":128,"gitErrorCode":"IsInSubmodule"}
[2021-01-21 15:34:19.492] [exthost] [error] {"message":"Git error","stdout":"","stderr":"fatal: Pathspec '/home/soic/moxa-gpio-control/autom4te.cache' is in submodule 'moxa-gpio-control'\n","exitCode":128,"gitErrorCode":"IsInSubmodule"}
[2021-01-21 15:34:19.492] [exthost] [error] {"message":"Git error","stdout":"","stderr":"fatal: Pathspec '/home/soic/moxa-gpio-control/autom4te.cache' is in submodule 'moxa-gpio-control'\n","exitCode":128,"gitErrorCode":"IsInSubmodule"}
[2021-01-21 15:34:19.492] [exthost] [error] {"message":"Git error","stdout":"","stderr":"fatal: Pathspec '/home/soic/moxa-gpio-control/autom4te.cache' is in submodule 'moxa-gpio-control'\n","exitCode":128,"gitErrorCode":"IsInSubmodule"}
[2021-01-21 15:34:19.492] [exthost] [error] {"message":"Git error","stdout":"","stderr":"fatal: Pathspec '/home/soic/moxa-gpio-control/autom4te.cache' is in submodule 'moxa-gpio-control'\n","exitCode":128,"gitErrorCode":"IsInSubmodule"}
[2021-01-21 15:34:19.492] [exthost] [error] {"message":"Git error","stdout":"","stderr":"fatal: Pathspec '/home/soic/moxa-gpio-control/autom4te.cache' is in submodule 'moxa-gpio-control'\n","exitCode":128,"gitErrorCode":"IsInSubmodule"}
[2021-01-21 15:34:19.492] [exthost] [error] {"message":"Git error","stdout":"","stderr":"fatal: Pathspec '/home/soic/moxa-gpio-control/autom4te.cache' is in submodule 'moxa-gpio-control'\n","exitCode":128,"gitErrorCode":"IsInSubmodule"}
[2021-01-21 15:34:19.492] [exthost] [error] {"message":"Git error","stdout":"","stderr":"fatal: Pathspec '/home/soic/moxa-gpio-control/autom4te.cache' is in submodule 'moxa-gpio-control'\n","exitCode":128,"gitErrorCode":"IsInSubmodule"}
[2021-01-21 15:34:19.492] [exthost] [error] {"message":"Git error","stdout":"","stderr":"fatal: Pathspec '/home/soic/moxa-gpio-control/autom4te.cache' is in submodule 'moxa-gpio-control'\n","exitCode":128,"gitErrorCode":"IsInSubmodule"}
[2021-01-21 15:34:19.492] [exthost] [error] {"message":"Git error","stdout":"","stderr":"fatal: Pathspec '/home/soic/moxa-gpio-control/autom4te.cache' is in submodule 'moxa-gpio-control'\n","exitCode":128,"gitErrorCode":"IsInSubmodule"}
[2021-01-21 15:34:19.492] [exthost] [error] {"message":"Git error","stdout":"","stderr":"fatal: Pathspec '/home/soic/moxa-gpio-control/autom4te.cache' is in submodule 'moxa-gpio-control'\n","exitCode":128,"gitErrorCode":"IsInSubmodule"}
[2021-01-21 15:34:19.492] [exthost] [error] {"message":"Git error","stdout":"","stderr":"fatal: Pathspec '/home/soic/moxa-gpio-control/autom4te.cache' is in submodule 'moxa-gpio-control'\n","exitCode":128,"gitErrorCode":"IsInSubmodule"}
[2021-01-21 15:34:19.492] [exthost] [error] {"message":"Git error","stdout":"","stderr":"fatal: Pathspec '/home/soic/moxa-gpio-control/autom4te.cache' is in submodule 'moxa-gpio-control'\n","exitCode":128,"gitErrorCode":"IsInSubmodule"}
[2021-01-21 15:34:19.492] [exthost] [error] {"message":"Git error","stdout":"","stderr":"fatal: Pathspec '/home/soic/moxa-gpio-control/autom4te.cache' is in submodule 'moxa-gpio-control'\n","exitCode":128,"gitErrorCode":"IsInSubmodule"}
[2021-01-21 15:34:19.492] [exthost] [error] {"message":"Git error","stdout":"","stderr":"fatal: Pathspec '/home/soic/moxa-gpio-control/autom4te.cache' is in submodule 'moxa-gpio-control'\n","exitCode":128,"gitErrorCode":"IsInSubmodule"}
[2021-01-21 15:34:19.492] [exthost] [error] {"message":"Git error","stdout":"","stderr":"fatal: Pathspec '/home/soic/moxa-gpio-control/autom4te.cache' is in submodule 'moxa-gpio-control'\n","exitCode":128,"gitErrorCode":"IsInSubmodule"}
[2021-01-21 15:34:19.492] [exthost] [error] {"message":"Git error","stdout":"","stderr":"fatal: Pathspec '/home/soic/moxa-gpio-control/autom4te.cache' is in submodule 'moxa-gpio-control'\n","exitCode":128,"gitErrorCode":"IsInSubmodule"}
[2021-01-21 15:34:19.492] [exthost] [error] {"message":"Git error","stdout":"","stderr":"fatal: Pathspec '/home/soic/moxa-gpio-control/autom4te.cache' is in submodule 'moxa-gpio-control'\n","exitCode":128,"gitErrorCode":"IsInSubmodule"}
[2021-01-21 15:34:21.168] [exthost] [error] {"message":"Git error","stdout":"","stderr":"fatal: Pathspec '/home/soic/moxa-gpio-control/example/gpio-test.c' is in submodule 'moxa-gpio-control'\n","exitCode":128,"gitErrorCode":"IsInSubmodule"}
[2021-01-21 15:34:21.168] [exthost] [error] {"message":"Git error","stdout":"","stderr":"fatal: Pathspec '/home/soic/moxa-gpio-control/example/gpio-test.c' is in submodule 'moxa-gpio-control'\n","exitCode":128,"gitErrorCode":"IsInSubmodule"}
[2021-01-21 15:34:21.168] [exthost] [error] {"message":"Git error","stdout":"","stderr":"fatal: Pathspec '/home/soic/moxa-gpio-control/example/gpio-test.c' is in submodule 'moxa-gpio-control'\n","exitCode":128,"gitErrorCode":"IsInSubmodule"}
[2021-01-21 15:34:21.684] [exthost] [warning] [Decorations] CAPPING events from decorations provider vscode.git 273
[2021-01-21 15:34:26.394] [exthost] [error] {"message":"Git error","stdout":"","stderr":"fatal: Pathspec '/home/soic/moxa-uart-control/autom4te.cache' is in submodule 'moxa-uart-control'\n","exitCode":128,"gitErrorCode":"IsInSubmodule"}
[2021-01-21 15:34:26.395] [exthost] [error] {"message":"Git error","stdout":"","stderr":"fatal: Pathspec '/home/soic/moxa-uart-control/autom4te.cache' is in submodule 'moxa-uart-control'\n","exitCode":128,"gitErrorCode":"IsInSubmodule"}
[2021-01-21 15:34:26.395] [exthost] [error] {"message":"Git error","stdout":"","stderr":"fatal: Pathspec '/home/soic/moxa-uart-control/autom4te.cache' is in submodule 'moxa-uart-control'\n","exitCode":128,"gitErrorCode":"IsInSubmodule"}
[2021-01-21 15:34:26.395] [exthost] [error] {"message":"Git error","stdout":"","stderr":"fatal: Pathspec '/home/soic/moxa-uart-control/autom4te.cache' is in submodule 'moxa-uart-control'\n","exitCode":128,"gitErrorCode":"IsInSubmodule"}
[2021-01-21 15:34:26.395] [exthost] [error] {"message":"Git error","stdout":"","stderr":"fatal: Pathspec '/home/soic/moxa-uart-control/autom4te.cache' is in submodule 'moxa-uart-control'\n","exitCode":128,"gitErrorCode":"IsInSubmodule"}
[2021-01-21 15:34:26.395] [exthost] [error] {"message":"Git error","stdout":"","stderr":"fatal: Pathspec '/home/soic/moxa-uart-control/autom4te.cache' is in submodule 'moxa-uart-control'\n","exitCode":128,"gitErrorCode":"IsInSubmodule"}
[2021-01-21 15:34:26.395] [exthost] [error] {"message":"Git error","stdout":"","stderr":"fatal: Pathspec '/home/soic/moxa-uart-control/autom4te.cache' is in submodule 'moxa-uart-control'\n","exitCode":128,"gitErrorCode":"IsInSubmodule"}
[2021-01-21 15:34:26.395] [exthost] [error] {"message":"Git error","stdout":"","stderr":"fatal: Pathspec '/home/soic/moxa-uart-control/autom4te.cache' is in submodule 'moxa-uart-control'\n","exitCode":128,"gitErrorCode":"IsInSubmodule"}
[2021-01-21 15:34:26.395] [exthost] [error] {"message":"Git error","stdout":"","stderr":"fatal: Pathspec '/home/soic/moxa-uart-control/autom4te.cache' is in submodule 'moxa-uart-control'\n","exitCode":128,"gitErrorCode":"IsInSubmodule"}
[2021-01-21 15:34:26.395] [exthost] [error] {"message":"Git error","stdout":"","stderr":"fatal: Pathspec '/home/soic/moxa-uart-control/autom4te.cache' is in submodule 'moxa-uart-control'\n","exitCode":128,"gitErrorCode":"IsInSubmodule"}
[2021-01-21 15:34:26.395] [exthost] [error] {"message":"Git error","stdout":"","stderr":"fatal: Pathspec '/home/soic/moxa-uart-control/autom4te.cache' is in submodule 'moxa-uart-control'\n","exitCode":128,"gitErrorCode":"IsInSubmodule"}
[2021-01-21 15:34:26.395] [exthost] [error] {"message":"Git error","stdout":"","stderr":"fatal: Pathspec '/home/soic/moxa-uart-control/autom4te.cache' is in submodule 'moxa-uart-control'\n","exitCode":128,"gitErrorCode":"IsInSubmodule"}
[2021-01-21 15:34:26.395] [exthost] [error] {"message":"Git error","stdout":"","stderr":"fatal: Pathspec '/home/soic/moxa-uart-control/autom4te.cache' is in submodule 'moxa-uart-control'\n","exitCode":128,"gitErrorCode":"IsInSubmodule"}
[2021-01-21 15:34:26.395] [exthost] [error] {"message":"Git error","stdout":"","stderr":"fatal: Pathspec '/home/soic/moxa-uart-control/autom4te.cache' is in submodule 'moxa-uart-control'\n","exitCode":128,"gitErrorCode":"IsInSubmodule"}
[2021-01-21 15:34:26.395] [exthost] [error] {"message":"Git error","stdout":"","stderr":"fatal: Pathspec '/home/soic/moxa-uart-control/autom4te.cache' is in submodule 'moxa-uart-control'\n","exitCode":128,"gitErrorCode":"IsInSubmodule"}
[2021-01-21 15:34:26.395] [exthost] [error] {"message":"Git error","stdout":"","stderr":"fatal: Pathspec '/home/soic/moxa-uart-control/autom4te.cache' is in submodule 'moxa-uart-control'\n","exitCode":128,"gitErrorCode":"IsInSubmodule"}
[2021-01-21 15:34:26.395] [exthost] [error] {"message":"Git error","stdout":"","stderr":"fatal: Pathspec '/home/soic/moxa-uart-control/autom4te.cache' is in submodule 'moxa-uart-control'\n","exitCode":128,"gitErrorCode":"IsInSubmodule"}
[2021-01-21 15:34:26.395] [exthost] [error] {"message":"Git error","stdout":"","stderr":"fatal: Pathspec '/home/soic/moxa-uart-control/autom4te.cache' is in submodule 'moxa-uart-control'\n","exitCode":128,"gitErrorCode":"IsInSubmodule"}
[2021-01-21 15:34:26.395] [exthost] [error] {"message":"Git error","stdout":"","stderr":"fatal: Pathspec '/home/soic/moxa-uart-control/autom4te.cache' is in submodule 'moxa-uart-control'\n","exitCode":128,"gitErrorCode":"IsInSubmodule"}
[2021-01-21 15:34:26.395] [exthost] [error] {"message":"Git error","stdout":"","stderr":"fatal: Pathspec '/home/soic/moxa-uart-control/autom4te.cache' is in submodule 'moxa-uart-control'\n","exitCode":128,"gitErrorCode":"IsInSubmodule"}
[2021-01-21 15:34:26.395] [exthost] [error] {"message":"Git error","stdout":"","stderr":"fatal: Pathspec '/home/soic/moxa-uart-control/autom4te.cache' is in submodule 'moxa-uart-control'\n","exitCode":128,"gitErrorCode":"IsInSubmodule"}
[2021-01-21 15:34:26.395] [exthost] [error] {"message":"Git error","stdout":"","stderr":"fatal: Pathspec '/home/soic/moxa-uart-control/autom4te.cache' is in submodule 'moxa-uart-control'\n","exitCode":128,"gitErrorCode":"IsInSubmodule"}
[2021-01-21 15:34:26.395] [exthost] [error] {"message":"Git error","stdout":"","stderr":"fatal: Pathspec '/home/soic/moxa-uart-control/autom4te.cache' is in submodule 'moxa-uart-control'\n","exitCode":128,"gitErrorCode":"IsInSubmodule"}
[2021-01-21 15:34:26.395] [exthost] [error] {"message":"Git error","stdout":"","stderr":"fatal: Pathspec '/home/soic/moxa-uart-control/autom4te.cache' is in submodule 'moxa-uart-control'\n","exitCode":128,"gitErrorCode":"IsInSubmodule"}
[2021-01-21 15:34:26.395] [exthost] [error] {"message":"Git error","stdout":"","stderr":"fatal: Pathspec '/home/soic/moxa-uart-control/autom4te.cache' is in submodule 'moxa-uart-control'\n","exitCode":128,"gitErrorCode":"IsInSubmodule"}
[2021-01-21 15:34:26.774] [exthost] [warning] [Decorations] CAPPING events from decorations provider vscode.git 273
[2021-01-21 15:34:27.671] [exthost] [error] {"message":"Git error","stdout":"","stderr":"fatal: Pathspec '/home/soic/moxa-uart-control/example/txrx' is in submodule 'moxa-uart-control'\n","exitCode":128,"gitErrorCode":"IsInSubmodule"}
[2021-01-21 15:34:27.671] [exthost] [error] {"message":"Git error","stdout":"","stderr":"fatal: Pathspec '/home/soic/moxa-uart-control/example/txrx' is in submodule 'moxa-uart-control'\n","exitCode":128,"gitErrorCode":"IsInSubmodule"}
[2021-01-21 15:34:27.671] [exthost] [error] {"message":"Git error","stdout":"","stderr":"fatal: Pathspec '/home/soic/moxa-uart-control/example/txrx' is in submodule 'moxa-uart-control'\n","exitCode":128,"gitErrorCode":"IsInSubmodule"}
[2021-01-21 15:34:27.671] [exthost] [error] {"message":"Git error","stdout":"","stderr":"fatal: Pathspec '/home/soic/moxa-uart-control/example/txrx' is in submodule 'moxa-uart-control'\n","exitCode":128,"gitErrorCode":"IsInSubmodule"}
[2021-01-21 15:34:27.671] [exthost] [error] {"message":"Git error","stdout":"","stderr":"fatal: Pathspec '/home/soic/moxa-uart-control/example/txrx' is in submodule 'moxa-uart-control'\n","exitCode":128,"gitErrorCode":"IsInSubmodule"}
[2021-01-21 15:34:27.671] [exthost] [error] {"message":"Git error","stdout":"","stderr":"fatal: Pathspec '/home/soic/moxa-uart-control/example/txrx' is in submodule 'moxa-uart-control'\n","exitCode":128,"gitErrorCode":"IsInSubmodule"}
[2021-01-21 15:34:27.671] [exthost] [error] {"message":"Git error","stdout":"","stderr":"fatal: Pathspec '/home/soic/moxa-uart-control/example/txrx' is in submodule 'moxa-uart-control'\n","exitCode":128,"gitErrorCode":"IsInSubmodule"}
[2021-01-21 15:34:31.866] [exthost] [warning] [Decorations] CAPPING events from decorations provider vscode.git 273
[2021-01-21 15:34:32.695] [exthost] [error] {"message":"Git error","stdout":"","stderr":"fatal: Pathspec '/home/soic/moxa-uart-control/example/txrx/Makefile' is in submodule 'moxa-uart-control'\n","exitCode":128,"gitErrorCode":"IsInSubmodule"}
[2021-01-21 15:34:32.695] [exthost] [error] {"message":"Git error","stdout":"","stderr":"fatal: Pathspec '/home/soic/moxa-uart-control/example/txrx/Makefile' is in submodule 'moxa-uart-control'\n","exitCode":128,"gitErrorCode":"IsInSubmodule"}
[2021-01-21 15:34:32.695] [exthost] [error] {"message":"Git error","stdout":"","stderr":"fatal: Pathspec '/home/soic/moxa-uart-control/example/txrx/Makefile' is in submodule 'moxa-uart-control'\n","exitCode":128,"gitErrorCode":"IsInSubmodule"}
[2021-01-21 15:34:32.695] [exthost] [error] {"message":"Git error","stdout":"","stderr":"fatal: Pathspec '/home/soic/moxa-uart-control/example/txrx/Makefile' is in submodule 'moxa-uart-control'\n","exitCode":128,"gitErrorCode":"IsInSubmodule"}
[2021-01-21 15:34:32.695] [exthost] [error] {"message":"Git error","stdout":"","stderr":"fatal: Pathspec '/home/soic/moxa-uart-control/example/txrx/Makefile' is in submodule 'moxa-uart-control'\n","exitCode":128,"gitErrorCode":"IsInSubmodule"}
[2021-01-21 15:34:32.695] [exthost] [error] {"message":"Git error","stdout":"","stderr":"fatal: Pathspec '/home/soic/moxa-uart-control/example/txrx/Makefile' is in submodule 'moxa-uart-control'\n","exitCode":128,"gitErrorCode":"IsInSubmodule"}
[2021-01-21 15:34:36.965] [exthost] [warning] [Decorations] CAPPING events from decorations provider vscode.git 274
[2021-01-21 15:34:42.066] [exthost] [warning] [Decorations] CAPPING events from decorations provider vscode.git 274
[2021-01-21 15:34:47.166] [exthost] [warning] [Decorations] CAPPING events from decorations provider vscode.git 274
[2021-01-21 15:34:52.271] [exthost] [warning] [Decorations] CAPPING events from decorations provider vscode.git 274
[2021-01-21 15:34:57.377] [exthost] [warning] [Decorations] CAPPING events from decorations provider vscode.git 274
[2021-01-21 15:35:02.485] [exthost] [warning] [Decorations] CAPPING events from decorations provider vscode.git 274
[2021-01-21 15:35:07.585] [exthost] [warning] [Decorations] CAPPING events from decorations provider vscode.git 274
[2021-01-21 15:35:12.684] [exthost] [warning] [Decorations] CAPPING events from decorations provider vscode.git 275
[2021-01-21 15:35:17.792] [exthost] [warning] [Decorations] CAPPING events from decorations provider vscode.git 275
[2021-01-21 15:35:22.896] [exthost] [warning] [Decorations] CAPPING events from decorations provider vscode.git 275
[2021-01-21 15:35:45.367] [exthost] [warning] [Decorations] CAPPING events from decorations provider vscode.git 275
[2021-01-21 15:35:59.686] [exthost] [warning] [Decorations] CAPPING events from decorations provider vscode.git 275
[2021-01-21 15:36:14.462] [exthost] [warning] [Decorations] CAPPING events from decorations provider vscode.git 275
[2021-01-21 15:36:19.563] [exthost] [warning] [Decorations] CAPPING events from decorations provider vscode.git 275
[2021-01-21 15:36:24.660] [exthost] [warning] [Decorations] CAPPING events from decorations provider vscode.git 275
[2021-01-21 15:36:42.582] [exthost] [warning] [Decorations] CAPPING events from decorations provider vscode.git 275
[2021-01-21 15:36:43.801] [exthost] [error] {"message":"Git error","stdout":"","stderr":"fatal: Pathspec '/home/soic/moxa-uart-control/Makefile.in' is in submodule 'moxa-uart-control'\n","exitCode":128,"gitErrorCode":"IsInSubmodule"}
[2021-01-21 15:36:43.801] [exthost] [error] {"message":"Git error","stdout":"","stderr":"fatal: Pathspec '/home/soic/moxa-uart-control/Makefile.in' is in submodule 'moxa-uart-control'\n","exitCode":128,"gitErrorCode":"IsInSubmodule"}
[2021-01-21 15:36:43.801] [exthost] [error] {"message":"Git error","stdout":"","stderr":"fatal: Pathspec '/home/soic/moxa-uart-control/Makefile.in' is in submodule 'moxa-uart-control'\n","exitCode":128,"gitErrorCode":"IsInSubmodule"}
[2021-01-21 15:36:47.685] [exthost] [warning] [Decorations] CAPPING events from decorations provider vscode.git 276
[2021-01-21 15:36:51.539] [exthost] [warning] [Decorations] CAPPING events from decorations provider vscode.git 276
[2021-01-21 15:36:52.792] [exthost] [warning] [Decorations] CAPPING events from decorations provider vscode.git 276
[2021-01-21 15:37:45.345] [exthost] [warning] [Decorations] CAPPING events from decorations provider vscode.git 276
[2021-01-21 15:37:50.446] [exthost] [warning] [Decorations] CAPPING events from decorations provider vscode.git 276
[2021-01-21 15:37:55.545] [exthost] [warning] [Decorations] CAPPING events from decorations provider vscode.git 276
[2021-01-21 15:38:00.646] [exthost] [warning] [Decorations] CAPPING events from decorations provider vscode.git 276
[2021-01-21 15:38:05.749] [exthost] [warning] [Decorations] CAPPING events from decorations provider vscode.git 276
[2021-01-21 15:38:11.520] [exthost] [warning] [Decorations] CAPPING events from decorations provider vscode.git 276
[2021-01-21 15:38:16.623] [exthost] [warning] [Decorations] CAPPING events from decorations provider vscode.git 276
[2021-01-21 15:38:21.740] [exthost] [warning] [Decorations] CAPPING events from decorations provider vscode.git 276
[2021-01-21 15:38:34.783] [exthost] [warning] [Decorations] CAPPING events from decorations provider vscode.git 276
[2021-01-21 15:39:58.548] [exthost] [warning] [Decorations] CAPPING events from decorations provider vscode.git 276
[2021-01-21 15:39:59.662] [exthost] [warning] [Decorations] CAPPING events from decorations provider vscode.git 276
[2021-01-21 15:40:03.644] [exthost] [warning] [Decorations] CAPPING events from decorations provider vscode.git 276
[2021-01-21 15:40:08.746] [exthost] [warning] [Decorations] CAPPING events from decorations provider vscode.git 276
[2021-01-21 15:40:13.855] [exthost] [warning] [Decorations] CAPPING events from decorations provider vscode.git 276
[2021-01-21 15:40:18.953] [exthost] [warning] [Decorations] CAPPING events from decorations provider vscode.git 277
[2021-01-21 15:40:24.059] [exthost] [warning] [Decorations] CAPPING events from decorations provider vscode.git 277
[2021-01-21 15:40:29.160] [exthost] [warning] [Decorations] CAPPING events from decorations provider vscode.git 277
[2021-01-21 15:40:34.260] [exthost] [warning] [Decorations] CAPPING events from decorations provider vscode.git 277
[2021-01-21 15:40:39.360] [exthost] [warning] [Decorations] CAPPING events from decorations provider vscode.git 277
[2021-01-21 15:40:44.464] [exthost] [warning] [Decorations] CAPPING events from decorations provider vscode.git 277
[2021-01-21 15:40:49.566] [exthost] [warning] [Decorations] CAPPING events from decorations provider vscode.git 277
[2021-01-21 15:40:54.674] [exthost] [warning] [Decorations] CAPPING events from decorations provider vscode.git 277
[2021-01-21 15:40:59.777] [exthost] [warning] [Decorations] CAPPING events from decorations provider vscode.git 277
[2021-01-21 15:41:04.882] [exthost] [warning] [Decorations] CAPPING events from decorations provider vscode.git 277
[2021-01-21 15:41:34.742] [exthost] [warning] [Decorations] CAPPING events from decorations provider vscode.git 277
[2021-01-21 15:43:02.959] [exthost] [warning] [Decorations] CAPPING events from decorations provider vscode.git 277
[2021-01-21 15:43:04.142] [exthost] [warning] [Decorations] CAPPING events from decorations provider vscode.git 277
[2021-01-21 15:43:08.066] [exthost] [warning] [Decorations] CAPPING events from decorations provider vscode.git 277
[2021-01-21 15:54:05.448] [exthost] [warning] [Decorations] CAPPING events from decorations provider vscode.git 277
[2021-01-21 15:54:06.308] [exthost] [warning] [Decorations] CAPPING events from decorations provider vscode.git 277
[2021-01-21 15:54:10.558] [exthost] [warning] [Decorations] CAPPING events from decorations provider vscode.git 277
[2021-01-21 17:26:03.946] [exthost] [warning] [Decorations] CAPPING events from decorations provider vscode.git 277
[2021-01-21 17:26:04.979] [exthost] [warning] [Decorations] CAPPING events from decorations provider vscode.git 277
