尋找 git : git
正在使用來自 git 的 git 2.20.1
> git rev-parse --git-dir
Open repository: /home/soic
> git fetch
> git status -z -u
> git symbolic-ref --short HEAD
> git rev-parse main
> git rev-parse --symbolic-full-name main@{u}
> git rev-list --left-right main...refs/remotes/origin/main
> git for-each-ref --sort -committerdate --format %(refname) %(objectname) %(*objectname)
> git remote --verbose
> git config --get commit.template
> git check-ignore -v -z --stdin
> git status -z -u
> git symbolic-ref --short HEAD
> git rev-parse main
> git rev-parse --symbolic-full-name main@{u}
> git rev-list --left-right main...refs/remotes/origin/main
> git for-each-ref --sort -committerdate --format %(refname) %(objectname) %(*objectname)
> git remote --verbose
> git config --get commit.template
> git status -z -u
> git symbolic-ref --short HEAD
> git rev-parse main
> git rev-parse --symbolic-full-name main@{u}
> git rev-list --left-right main...refs/remotes/origin/main
> git for-each-ref --sort -committerdate --format %(refname) %(objectname) %(*objectname)
> git remote --verbose
> git config --get commit.template
> git status -z -u
> git symbolic-ref --short HEAD
> git rev-parse main
> git rev-parse --symbolic-full-name main@{u}
> git rev-list --left-right main...refs/remotes/origin/main
> git for-each-ref --sort -committerdate --format %(refname) %(objectname) %(*objectname)
> git remote --verbose
> git config --get commit.template
> git check-ignore -v -z --stdin
> git check-ignore -v -z --stdin
> git status -z -u
> git symbolic-ref --short HEAD
> git rev-parse main
> git rev-parse --symbolic-full-name main@{u}
> git rev-list --left-right main...refs/remotes/origin/main
> git for-each-ref --sort -committerdate --format %(refname) %(objectname) %(*objectname)
> git remote --verbose
> git config --get commit.template
> git status -z -u
> git symbolic-ref --short HEAD
> git rev-parse main
> git rev-parse --symbolic-full-name main@{u}
> git rev-list --left-right main...refs/remotes/origin/main
> git for-each-ref --sort -committerdate --format %(refname) %(objectname) %(*objectname)
> git remote --verbose
> git config --get commit.template
> git status -z -u
> git symbolic-ref --short HEAD
> git rev-parse main
> git rev-parse --symbolic-full-name main@{u}
> git rev-list --left-right main...refs/remotes/origin/main
> git for-each-ref --sort -committerdate --format %(refname) %(objectname) %(*objectname)
> git remote --verbose
> git config --get commit.template
> git status -z -u
> git symbolic-ref --short HEAD
> git rev-parse main
> git rev-parse --symbolic-full-name main@{u}
> git rev-list --left-right main...refs/remotes/origin/main
> git for-each-ref --sort -committerdate --format %(refname) %(objectname) %(*objectname)
> git remote --verbose
> git config --get commit.template
> git status -z -u
> git symbolic-ref --short HEAD
> git rev-parse main
> git rev-parse --symbolic-full-name main@{u}
> git rev-list --left-right main...refs/remotes/origin/main
> git for-each-ref --sort -committerdate --format %(refname) %(objectname) %(*objectname)
> git remote --verbose
> git config --get commit.template
> git check-ignore -v -z --stdin
> git status -z -u
> git symbolic-ref --short HEAD
> git rev-parse main
> git rev-parse --symbolic-full-name main@{u}
> git rev-list --left-right main...refs/remotes/origin/main
> git for-each-ref --sort -committerdate --format %(refname) %(objectname) %(*objectname)
> git remote --verbose
> git config --get commit.template
> git status -z -u
> git symbolic-ref --short HEAD
> git rev-parse main
> git rev-parse --symbolic-full-name main@{u}
> git rev-list --left-right main...refs/remotes/origin/main
> git for-each-ref --sort -committerdate --format %(refname) %(objectname) %(*objectname)
> git remote --verbose
> git config --get commit.template
> git status -z -u
> git symbolic-ref --short HEAD
> git rev-parse main
> git rev-parse --symbolic-full-name main@{u}
> git rev-list --left-right main...refs/remotes/origin/main
> git for-each-ref --sort -committerdate --format %(refname) %(objectname) %(*objectname)
> git remote --verbose
> git config --get commit.template
> git status -z -u
> git symbolic-ref --short HEAD
> git rev-parse main
> git rev-parse --symbolic-full-name main@{u}
> git rev-list --left-right main...refs/remotes/origin/main
> git for-each-ref --sort -committerdate --format %(refname) %(objectname) %(*objectname)
> git remote --verbose
> git config --get commit.template
> git check-ignore -v -z --stdin
> git status -z -u
> git symbolic-ref --short HEAD
> git rev-parse main
> git rev-parse --symbolic-full-name main@{u}
> git rev-list --left-right main...refs/remotes/origin/main
> git for-each-ref --sort -committerdate --format %(refname) %(objectname) %(*objectname)
> git remote --verbose
> git config --get commit.template
> git status -z -u
> git symbolic-ref --short HEAD
> git rev-parse main
> git rev-parse --symbolic-full-name main@{u}
> git rev-list --left-right main...refs/remotes/origin/main
> git for-each-ref --sort -committerdate --format %(refname) %(objectname) %(*objectname)
> git remote --verbose
> git config --get commit.template
> git show --textconv :arm-linux-gnueabihf_6.3_Build_amd64_18011210.sh
> git ls-files --stage -- /home/soic/arm-linux-gnueabihf_6.3_Build_amd64_18011210.sh
> git cat-file -s 843dcf650ebfdaf70ce334ac298170715854871b
> git status -z -u
> git symbolic-ref --short HEAD
> git rev-parse main
> git rev-parse --symbolic-full-name main@{u}
> git rev-list --left-right main...refs/remotes/origin/main
> git for-each-ref --sort -committerdate --format %(refname) %(objectname) %(*objectname)
> git remote --verbose
> git config --get commit.template
> git status -z -u
> git symbolic-ref --short HEAD
> git rev-parse main
> git rev-parse --symbolic-full-name main@{u}
> git rev-list --left-right main...refs/remotes/origin/main
> git for-each-ref --sort -committerdate --format %(refname) %(objectname) %(*objectname)
> git remote --verbose
> git config --get commit.template
> git status -z -u
> git symbolic-ref --short HEAD
> git rev-parse main
> git rev-parse --symbolic-full-name main@{u}
> git rev-list --left-right main...refs/remotes/origin/main
> git for-each-ref --sort -committerdate --format %(refname) %(objectname) %(*objectname)
> git remote --verbose
> git config --get commit.template
> git status -z -u
> git symbolic-ref --short HEAD
> git rev-parse main
> git rev-parse --symbolic-full-name main@{u}
> git rev-list --left-right main...refs/remotes/origin/main
> git for-each-ref --sort -committerdate --format %(refname) %(objectname) %(*objectname)
> git remote --verbose
> git config --get commit.template
> git status -z -u
> git symbolic-ref --short HEAD
> git rev-parse main
> git rev-parse --symbolic-full-name main@{u}
> git rev-list --left-right main...refs/remotes/origin/main
> git for-each-ref --sort -committerdate --format %(refname) %(objectname) %(*objectname)
> git remote --verbose
> git config --get commit.template
> git status -z -u
> git symbolic-ref --short HEAD
> git rev-parse main
> git rev-parse --symbolic-full-name main@{u}
> git rev-list --left-right main...refs/remotes/origin/main
> git for-each-ref --sort -committerdate --format %(refname) %(objectname) %(*objectname)
> git remote --verbose
> git config --get commit.template
> git status -z -u
> git symbolic-ref --short HEAD
> git rev-parse main
> git rev-parse --symbolic-full-name main@{u}
> git rev-list --left-right main...refs/remotes/origin/main
> git for-each-ref --sort -committerdate --format %(refname) %(objectname) %(*objectname)
> git remote --verbose
> git config --get commit.template
> git status -z -u
> git symbolic-ref --short HEAD
> git rev-parse main
> git rev-parse --symbolic-full-name main@{u}
> git rev-list --left-right main...refs/remotes/origin/main
> git for-each-ref --sort -committerdate --format %(refname) %(objectname) %(*objectname)
> git remote --verbose
> git config --get commit.template
> git status -z -u
> git symbolic-ref --short HEAD
> git rev-parse main
> git rev-parse --symbolic-full-name main@{u}
> git rev-list --left-right main...refs/remotes/origin/main
> git for-each-ref --sort -committerdate --format %(refname) %(objectname) %(*objectname)
> git remote --verbose
> git config --get commit.template
> git status -z -u
> git symbolic-ref --short HEAD
> git rev-parse main
> git rev-parse --symbolic-full-name main@{u}
> git rev-list --left-right main...refs/remotes/origin/main
> git for-each-ref --sort -committerdate --format %(refname) %(objectname) %(*objectname)
> git remote --verbose
> git config --get commit.template
> git check-ignore -v -z --stdin
> git status -z -u
> git symbolic-ref --short HEAD
> git rev-parse main
> git rev-parse --symbolic-full-name main@{u}
> git rev-list --left-right main...refs/remotes/origin/main
> git for-each-ref --sort -committerdate --format %(refname) %(objectname) %(*objectname)
> git remote --verbose
> git config --get commit.template
> git status -z -u
> git symbolic-ref --short HEAD
> git rev-parse main
> git rev-parse --symbolic-full-name main@{u}
> git rev-list --left-right main...refs/remotes/origin/main
> git for-each-ref --sort -committerdate --format %(refname) %(objectname) %(*objectname)
> git remote --verbose
> git config --get commit.template
> git log --format=%H%n%aN%n%aE%n%at%n%ct%n%P%n%B -z -n21 -- /home/soic/can_wpc
> git status -z -u
> git symbolic-ref --short HEAD
> git rev-parse main
> git rev-parse --symbolic-full-name main@{u}
> git rev-list --left-right main...refs/remotes/origin/main
> git for-each-ref --sort -committerdate --format %(refname) %(objectname) %(*objectname)
> git remote --verbose
> git config --get commit.template
> git log --format=%H%n%aN%n%aE%n%at%n%ct%n%P%n%B -z -n21 -- /home/soic/moxa-mxio-linux-kernel-4.x-library-v2.12.tgz
> git status -z -u
> git symbolic-ref --short HEAD
> git rev-parse main
> git rev-parse --symbolic-full-name main@{u}
> git rev-list --left-right main...refs/remotes/origin/main
> git for-each-ref --sort -committerdate --format %(refname) %(objectname) %(*objectname)
> git remote --verbose
> git config --get commit.template
> git status -z -u
> git symbolic-ref --short HEAD
> git rev-parse main
> git rev-parse --symbolic-full-name main@{u}
> git rev-list --left-right main...refs/remotes/origin/main
> git for-each-ref --sort -committerdate --format %(refname) %(objectname) %(*objectname)
> git remote --verbose
> git config --get commit.template
> git status -z -u
> git symbolic-ref --short HEAD
> git rev-parse main
> git rev-parse --symbolic-full-name main@{u}
> git rev-list --left-right main...refs/remotes/origin/main
> git for-each-ref --sort -committerdate --format %(refname) %(objectname) %(*objectname)
> git remote --verbose
> git config --get commit.template
> git log --format=%H%n%aN%n%aE%n%at%n%ct%n%P%n%B -z -n21 -- /home/soic/arm-linux-gnueabihf-mxio-library-2.12.1_Build18111610.tgz
> git status -z -u
> git symbolic-ref --short HEAD
> git rev-parse main
> git rev-parse --symbolic-full-name main@{u}
> git rev-list --left-right main...refs/remotes/origin/main
> git for-each-ref --sort -committerdate --format %(refname) %(objectname) %(*objectname)
> git remote --verbose
> git config --get commit.template
> git status -z -u
> git symbolic-ref --short HEAD
> git rev-parse main
> git rev-parse --symbolic-full-name main@{u}
> git rev-list --left-right main...refs/remotes/origin/main
> git for-each-ref --sort -committerdate --format %(refname) %(objectname) %(*objectname)
> git remote --verbose
> git config --get commit.template
> git status -z -u
> git symbolic-ref --short HEAD
> git rev-parse main
> git rev-parse --symbolic-full-name main@{u}
> git rev-list --left-right main...refs/remotes/origin/main
> git for-each-ref --sort -committerdate --format %(refname) %(objectname) %(*objectname)
> git remote --verbose
> git config --get commit.template
> git show --textconv :e12xxp.cpp
> git ls-files --stage -- /home/soic/e12xxp.cpp
> git cat-file -s 4472d9f3a36b720c020419002573b7dcbd5a549a
> git log --format=%H%n%aN%n%aE%n%at%n%ct%n%P%n%B -z -n21 -- /home/soic/e12xxp
> git show --textconv :e12xxp.cpp
> git ls-files --stage -- /home/soic/e12xxp.cpp
> git cat-file -s 4472d9f3a36b720c020419002573b7dcbd5a549a
> git status -z -u
> git symbolic-ref --short HEAD
> git rev-parse main
> git rev-parse --symbolic-full-name main@{u}
> git rev-list --left-right main...refs/remotes/origin/main
> git for-each-ref --sort -committerdate --format %(refname) %(objectname) %(*objectname)
> git remote --verbose
> git config --get commit.template
> git log --format=%H%n%aN%n%aE%n%at%n%ct%n%P%n%B -z -n21 -- /home/soic/e12xxp
> git status -z -u
> git symbolic-ref --short HEAD
> git rev-parse main
> git rev-parse --symbolic-full-name main@{u}
> git rev-list --left-right main...refs/remotes/origin/main
> git for-each-ref --sort -committerdate --format %(refname) %(objectname) %(*objectname)
> git remote --verbose
> git config --get commit.template
> git show --textconv :e12xxp.cpp
> git ls-files --stage -- /home/soic/e12xxp.cpp
> git cat-file -s 4472d9f3a36b720c020419002573b7dcbd5a549a
> git log --format=%H%n%aN%n%aE%n%at%n%ct%n%P%n%B -z -n21 -- /home/soic/e12xxpc
> git status -z -u
> git symbolic-ref --short HEAD
> git rev-parse main
> git rev-parse --symbolic-full-name main@{u}
> git rev-list --left-right main...refs/remotes/origin/main
> git for-each-ref --sort -committerdate --format %(refname) %(objectname) %(*objectname)
> git remote --verbose
> git config --get commit.template
> git fetch
> git status -z -u
> git symbolic-ref --short HEAD
> git rev-parse main
> git rev-parse --symbolic-full-name main@{u}
> git rev-list --left-right main...refs/remotes/origin/main
> git for-each-ref --sort -committerdate --format %(refname) %(objectname) %(*objectname)
> git remote --verbose
> git config --get commit.template
> git status -z -u
> git symbolic-ref --short HEAD
> git rev-parse main
> git rev-parse --symbolic-full-name main@{u}
> git rev-list --left-right main...refs/remotes/origin/main
> git for-each-ref --sort -committerdate --format %(refname) %(objectname) %(*objectname)
> git remote --verbose
> git config --get commit.template
> git log --format=%H%n%aN%n%aE%n%at%n%ct%n%P%n%B -z -n21 -- /home/soic/json-c-0.13.1.tar.gz
> git status -z -u
> git symbolic-ref --short HEAD
> git rev-parse main
> git rev-parse --symbolic-full-name main@{u}
> git rev-list --left-right main...refs/remotes/origin/main
> git for-each-ref --sort -committerdate --format %(refname) %(objectname) %(*objectname)
> git remote --verbose
> git config --get commit.template
> git status -z -u
> git symbolic-ref --short HEAD
> git rev-parse main
> git rev-parse --symbolic-full-name main@{u}
> git rev-list --left-right main...refs/remotes/origin/main
> git for-each-ref --sort -committerdate --format %(refname) %(objectname) %(*objectname)
> git remote --verbose
> git config --get commit.template
> git status -z -u
> git symbolic-ref --short HEAD
> git rev-parse main
> git rev-parse --symbolic-full-name main@{u}
> git rev-list --left-right main...refs/remotes/origin/main
> git for-each-ref --sort -committerdate --format %(refname) %(objectname) %(*objectname)
> git remote --verbose
> git config --get commit.template
> git status -z -u
> git symbolic-ref --short HEAD
> git rev-parse main
> git rev-parse --symbolic-full-name main@{u}
> git rev-list --left-right main...refs/remotes/origin/main
> git for-each-ref --sort -committerdate --format %(refname) %(objectname) %(*objectname)
> git remote --verbose
> git config --get commit.template
> git status -z -u
> git symbolic-ref --short HEAD
> git rev-parse main
> git rev-parse --symbolic-full-name main@{u}
> git rev-list --left-right main...refs/remotes/origin/main
> git for-each-ref --sort -committerdate --format %(refname) %(objectname) %(*objectname)
> git remote --verbose
> git config --get commit.template
> git check-ignore -v -z --stdin
> git check-ignore -v -z --stdin
> git status -z -u
> git symbolic-ref --short HEAD
> git rev-parse main
> git rev-parse --symbolic-full-name main@{u}
> git rev-list --left-right main...refs/remotes/origin/main
> git for-each-ref --sort -committerdate --format %(refname) %(objectname) %(*objectname)
> git remote --verbose
> git config --get commit.template
> git add -A -- /home/soic/.bash_history /home/soic/.cache/vscode-cpptools/ipch/59caf75110e27a76/mmap_address.bin /home/soic/.cache/vscode-cpptools/ipch/59caf75110e27a76/rs232.ipch /home/soic/.cache/vscode-cpptools/ipch/9086784054150c86/e12xxp.ipch /home/soic/.local/share/CMakeTools/log.txt /home/soic/.vscode-server/data/User/workspaceStorage/dbfbb6c55ecf2d61b3e8cf04a70586db/ms-vscode.cpptools/.browse.VC.db /home/soic/.vscode-server/data/User/workspaceStorage/dbfbb6c55ecf2d61b3e8cf04a70586db/ms-vscode.cpptools/.browse.VC.db-shm /home/soic/.vscode-server/data/User/workspaceStorage/dbfbb6c55ecf2d61b3e8cf04a70586db/ms-vscode.cpptools/.browse.VC.db-wal /home/soic/.vscode-server/data/logs/20201222T085406/exthost1/exthost.log /home/soic/.vscode-server/data/logs/20201222T085406/exthost1/output_logging_20201222T085409/1-Git.log /home/soic/.vscode-server/data/logs/20201222T085406/exthost1/output_logging_20201222T085410/2-CMakeBuild.log /home/soic/.vscode-server/data/logs/20201222T085406/exthost1/output_logging_20201222T085439/3-remote-attach.log /home/soic/.vscode-server/data/logs/20201222T085406/remoteagent.log /home/soic/.vscode-server/data/logs/20210119T102131/exthost1/output_logging_20210119T102136/2-Git.log /home/soic/.vscode-server/data/logs/20210119T102131/remoteagent.log /home/soic/arm-linux-gnueabihf-mxio-library-2.12.1_Build18111610.tgz /home/soic/arm-linux-gnueabihf_6.3_Build_amd64_18011210.sh /home/soic/can_wpc /home/soic/e12xxp /home/soic/e12xxp.cpp /home/soic/e12xxpc /home/soic/e12xxso /home/soic/json-c-0.13.1.tar.gz /home/soic/libmodbus-3.0.6.tar.gz /home/soic/moxa-dio-control /home/soic/moxa-mxio-linux-kernel-4.x-library-v2.12.tgz /home/soic/moxa-uart-control /home/soic/moxa_test /home/soic/.vscode-server/data/User/workspaceStorage/1efe4428ca19c1750cb894eb991fd6b5/meta.json /home/soic/.vscode-server/data/User/workspaceStorage/1efe4428ca19c1750cb894eb991fd6b5/ms-vscode.cpptools/.browse.VC.db /home/soic/.vscode-server/data/User/workspaceStorage/1efe4428ca19c1750cb894eb991fd6b5/ms-vscode.cpptools/.browse.VC.db-shm /home/soic/.vscode-server/data/User/workspaceStorage/1efe4428ca19c1750cb894eb991fd6b5/ms-vscode.cpptools/.browse.VC.db-wal /home/soic/.vscode-server/data/User/workspaceStorage/46af52cc57fc754868c300ae732d4de8/meta.json /home/soic/.vscode-server/data/logs/20210119T102131/exthost2/exthost.log /home/soic/.vscode-server/data/logs/20210119T102131/exthost2/output_logging_20210120T112822/1-remote-attach.log /home/soic/.vscode-server/data/logs/20210119T102131/exthost2/output_logging_20210120T112822/2-Git.log /home/soic/.vscode-server/data/logs/20210119T102131/exthost2/output_logging_20210120T112824/3-CMakeBuild.log /home/soic/.vscode-server/data/logs/20210119T102131/exthost3/exthost.log /home/soic/.vscode-server/data/logs/20210119T102131/exthost3/output_logging_20210120T131637/1-Git.log /home/soic/.vscode-server/data/logs/20210119T102131/exthost4/exthost.log /home/soic/.vscode-server/data/logs/20210119T102131/exthost4/output_logging_20210120T131736/1-Git.log /home/soic/.vscode-server/data/logs/20210119T102131/exthost4/output_logging_20210120T131737/2-CMakeBuild.log /home/soic/.vscode-server/data/logs/20210119T102131/exthost5/exthost.log /home/soic/.vscode-server/data/logs/20210119T102131/exthost5/output_logging_20210120T132057/1-Git.log /home/soic/.vscode-server/data/logs/20210119T102131/exthost5/output_logging_20210120T132057/2-CMakeBuild.log /home/soic/.vscode-server/data/logs/20210119T102131/exthost6/exthost.log /home/soic/.vscode-server/data/logs/20210119T102131/exthost6/output_logging_20210120T132108/1-Git.log /home/soic/.vscode-server/data/logs/20210120T132636/exthost1/exthost.log /home/soic/.vscode-server/data/logs/20210120T132636/exthost1/output_logging_20210120T132638/1-Git.log /home/soic/.vscode-server/data/logs/20210120T132636/exthost1/output_logging_20210120T132639/2-CMakeBuild.log /home/soic/.vscode-server/data/logs/20210120T132636/exthost1/output_logging_20210120T132923/3-remote-attach.log /home/soic/.vscode-server/data/logs/20210120T132636/remoteagent.log /home/soic/workspace.code-workspace
> git status -z -u
> git symbolic-ref --short HEAD
> git rev-parse main
> git rev-parse --symbolic-full-name main@{u}
> git rev-list --left-right main...refs/remotes/origin/main
> git for-each-ref --sort -committerdate --format %(refname) %(objectname) %(*objectname)
> git remote --verbose
> git config --get commit.template
> git status -z -u
> git symbolic-ref --short HEAD
> git rev-parse main
> git rev-parse --symbolic-full-name main@{u}
> git rev-list --left-right main...refs/remotes/origin/main
> git for-each-ref --sort -committerdate --format %(refname) %(objectname) %(*objectname)
> git remote --verbose
> git config --get commit.template
> git status -z -u
> git symbolic-ref --short HEAD
> git rev-parse main
> git rev-parse --symbolic-full-name main@{u}
> git rev-list --left-right main...refs/remotes/origin/main
> git for-each-ref --sort -committerdate --format %(refname) %(objectname) %(*objectname)
> git remote --verbose
> git config --get commit.template
> git status -z -u
> git symbolic-ref --short HEAD
> git rev-parse main
> git rev-parse --symbolic-full-name main@{u}
> git rev-list --left-right main...refs/remotes/origin/main
> git for-each-ref --sort -committerdate --format %(refname) %(objectname) %(*objectname)
> git remote --verbose
> git config --get commit.template
> git status -z -u
> git symbolic-ref --short HEAD
> git rev-parse main
> git rev-parse --symbolic-full-name main@{u}
> git rev-list --left-right main...refs/remotes/origin/main
> git for-each-ref --sort -committerdate --format %(refname) %(objectname) %(*objectname)
> git remote --verbose
> git config --get commit.template
> git push origin main:main
Everything up-to-date
> git status -z -u
> git symbolic-ref --short HEAD
> git rev-parse main
> git rev-parse --symbolic-full-name main@{u}
> git rev-list --left-right main...refs/remotes/origin/main
> git for-each-ref --sort -committerdate --format %(refname) %(objectname) %(*objectname)
> git remote --verbose
> git config --get commit.template
> git status -z -u
> git symbolic-ref --short HEAD
> git rev-parse main
> git rev-parse --symbolic-full-name main@{u}
> git rev-list --left-right main...refs/remotes/origin/main
> git for-each-ref --sort -committerdate --format %(refname) %(objectname) %(*objectname)
> git remote --verbose
> git config --get commit.template
> git status -z -u
> git symbolic-ref --short HEAD
> git rev-parse main
> git rev-parse --symbolic-full-name main@{u}
> git rev-list --left-right main...refs/remotes/origin/main
> git for-each-ref --sort -committerdate --format %(refname) %(objectname) %(*objectname)
> git remote --verbose
> git config --get commit.template
> git status -z -u
> git symbolic-ref --short HEAD
> git rev-parse main
> git rev-parse --symbolic-full-name main@{u}
> git rev-list --left-right main...refs/remotes/origin/main
> git for-each-ref --sort -committerdate --format %(refname) %(objectname) %(*objectname)
> git remote --verbose
> git config --get commit.template
> git status -z -u
> git symbolic-ref --short HEAD
> git rev-parse main
> git rev-parse --symbolic-full-name main@{u}
> git rev-list --left-right main...refs/remotes/origin/main
> git for-each-ref --sort -committerdate --format %(refname) %(objectname) %(*objectname)
> git remote --verbose
> git config --get commit.template
> git status -z -u
> git symbolic-ref --short HEAD
> git rev-parse main
> git rev-parse --symbolic-full-name main@{u}
> git rev-list --left-right main...refs/remotes/origin/main
> git for-each-ref --sort -committerdate --format %(refname) %(objectname) %(*objectname)
> git remote --verbose
> git config --get commit.template
> git status -z -u
> git symbolic-ref --short HEAD
> git rev-parse main
> git rev-parse --symbolic-full-name main@{u}
> git rev-list --left-right main...refs/remotes/origin/main
> git for-each-ref --sort -committerdate --format %(refname) %(objectname) %(*objectname)
> git remote --verbose
> git config --get commit.template
> git status -z -u
> git symbolic-ref --short HEAD
> git rev-parse main
> git rev-parse --symbolic-full-name main@{u}
> git rev-list --left-right main...refs/remotes/origin/main
> git for-each-ref --sort -committerdate --format %(refname) %(objectname) %(*objectname)
> git remote --verbose
> git config --get commit.template
> git status -z -u
> git symbolic-ref --short HEAD
> git rev-parse main
> git rev-parse --symbolic-full-name main@{u}
> git rev-list --left-right main...refs/remotes/origin/main
> git for-each-ref --sort -committerdate --format %(refname) %(objectname) %(*objectname)
> git remote --verbose
> git config --get commit.template
> git branch
> git reset -q HEAD -- .
> git status -z -u
> git symbolic-ref --short HEAD
> git rev-parse main
> git rev-parse --symbolic-full-name main@{u}
> git rev-list --left-right main...refs/remotes/origin/main
> git for-each-ref --sort -committerdate --format %(refname) %(objectname) %(*objectname)
> git remote --verbose
> git config --get commit.template
> git status -z -u
> git symbolic-ref --short HEAD
> git rev-parse main
> git rev-parse --symbolic-full-name main@{u}
> git rev-list --left-right main...refs/remotes/origin/main
> git for-each-ref --sort -committerdate --format %(refname) %(objectname) %(*objectname)
> git remote --verbose
> git config --get commit.template
> git status -z -u
> git symbolic-ref --short HEAD
> git rev-parse main
> git rev-parse --symbolic-full-name main@{u}
> git rev-list --left-right main...refs/remotes/origin/main
> git for-each-ref --sort -committerdate --format %(refname) %(objectname) %(*objectname)
> git remote --verbose
> git config --get commit.template
> git status -z -u
> git symbolic-ref --short HEAD
> git rev-parse main
> git rev-parse --symbolic-full-name main@{u}
> git rev-list --left-right main...refs/remotes/origin/main
> git for-each-ref --sort -committerdate --format %(refname) %(objectname) %(*objectname)
> git remote --verbose
> git config --get commit.template
> git status -z -u
> git symbolic-ref --short HEAD
> git rev-parse main
> git rev-parse --symbolic-full-name main@{u}
> git rev-list --left-right main...refs/remotes/origin/main
> git for-each-ref --sort -committerdate --format %(refname) %(objectname) %(*objectname)
> git remote --verbose
> git config --get commit.template
> git add -A -- /home/soic/.bash_history /home/soic/.cache/vscode-cpptools/ipch/59caf75110e27a76/mmap_address.bin /home/soic/.cache/vscode-cpptools/ipch/59caf75110e27a76/rs232.ipch /home/soic/.cache/vscode-cpptools/ipch/9086784054150c86/e12xxp.ipch /home/soic/.local/share/CMakeTools/log.txt /home/soic/.vscode-server/data/User/workspaceStorage/dbfbb6c55ecf2d61b3e8cf04a70586db/ms-vscode.cpptools/.browse.VC.db /home/soic/.vscode-server/data/User/workspaceStorage/dbfbb6c55ecf2d61b3e8cf04a70586db/ms-vscode.cpptools/.browse.VC.db-shm /home/soic/.vscode-server/data/User/workspaceStorage/dbfbb6c55ecf2d61b3e8cf04a70586db/ms-vscode.cpptools/.browse.VC.db-wal /home/soic/.vscode-server/data/logs/20201222T085406/exthost1/exthost.log /home/soic/.vscode-server/data/logs/20201222T085406/exthost1/output_logging_20201222T085409/1-Git.log /home/soic/.vscode-server/data/logs/20201222T085406/exthost1/output_logging_20201222T085410/2-CMakeBuild.log /home/soic/.vscode-server/data/logs/20201222T085406/exthost1/output_logging_20201222T085439/3-remote-attach.log /home/soic/.vscode-server/data/logs/20201222T085406/remoteagent.log /home/soic/.vscode-server/data/logs/20210119T102131/exthost1/output_logging_20210119T102136/2-Git.log /home/soic/.vscode-server/data/logs/20210119T102131/remoteagent.log /home/soic/arm-linux-gnueabihf-mxio-library-2.12.1_Build18111610.tgz /home/soic/arm-linux-gnueabihf_6.3_Build_amd64_18011210.sh /home/soic/can_wpc /home/soic/e12xxp /home/soic/e12xxp.cpp /home/soic/e12xxpc /home/soic/e12xxso /home/soic/json-c-0.13.1.tar.gz /home/soic/libmodbus-3.0.6.tar.gz /home/soic/moxa-dio-control /home/soic/moxa-mxio-linux-kernel-4.x-library-v2.12.tgz /home/soic/moxa-uart-control /home/soic/moxa_test /home/soic/.vscode-server/data/User/workspaceStorage/1efe4428ca19c1750cb894eb991fd6b5/meta.json /home/soic/.vscode-server/data/User/workspaceStorage/1efe4428ca19c1750cb894eb991fd6b5/ms-vscode.cpptools/.browse.VC.db /home/soic/.vscode-server/data/User/workspaceStorage/1efe4428ca19c1750cb894eb991fd6b5/ms-vscode.cpptools/.browse.VC.db-shm /home/soic/.vscode-server/data/User/workspaceStorage/1efe4428ca19c1750cb894eb991fd6b5/ms-vscode.cpptools/.browse.VC.db-wal /home/soic/.vscode-server/data/User/workspaceStorage/46af52cc57fc754868c300ae732d4de8/meta.json /home/soic/.vscode-server/data/logs/20210119T102131/exthost2/exthost.log /home/soic/.vscode-server/data/logs/20210119T102131/exthost2/output_logging_20210120T112822/1-remote-attach.log /home/soic/.vscode-server/data/logs/20210119T102131/exthost2/output_logging_20210120T112822/2-Git.log /home/soic/.vscode-server/data/logs/20210119T102131/exthost2/output_logging_20210120T112824/3-CMakeBuild.log /home/soic/.vscode-server/data/logs/20210119T102131/exthost3/exthost.log /home/soic/.vscode-server/data/logs/20210119T102131/exthost3/output_logging_20210120T131637/1-Git.log /home/soic/.vscode-server/data/logs/20210119T102131/exthost4/exthost.log /home/soic/.vscode-server/data/logs/20210119T102131/exthost4/output_logging_20210120T131736/1-Git.log /home/soic/.vscode-server/data/logs/20210119T102131/exthost4/output_logging_20210120T131737/2-CMakeBuild.log /home/soic/.vscode-server/data/logs/20210119T102131/exthost5/exthost.log /home/soic/.vscode-server/data/logs/20210119T102131/exthost5/output_logging_20210120T132057/1-Git.log /home/soic/.vscode-server/data/logs/20210119T102131/exthost5/output_logging_20210120T132057/2-CMakeBuild.log /home/soic/.vscode-server/data/logs/20210119T102131/exthost6/exthost.log /home/soic/.vscode-server/data/logs/20210119T102131/exthost6/output_logging_20210120T132108/1-Git.log /home/soic/.vscode-server/data/logs/20210120T132636/exthost1/exthost.log /home/soic/.vscode-server/data/logs/20210120T132636/exthost1/output_logging_20210120T132638/1-Git.log /home/soic/.vscode-server/data/logs/20210120T132636/exthost1/output_logging_20210120T132639/2-CMakeBuild.log /home/soic/.vscode-server/data/logs/20210120T132636/exthost1/output_logging_20210120T132923/3-remote-attach.log /home/soic/.vscode-server/data/logs/20210120T132636/remoteagent.log /home/soic/workspace.code-workspace
> git status -z -u
> git symbolic-ref --short HEAD
> git rev-parse main
> git rev-parse --symbolic-full-name main@{u}
> git rev-list --left-right main...refs/remotes/origin/main
> git for-each-ref --sort -committerdate --format %(refname) %(objectname) %(*objectname)
> git remote --verbose
> git config --get commit.template
> git status -z -u
> git symbolic-ref --short HEAD
> git rev-parse main
> git rev-parse --symbolic-full-name main@{u}
> git rev-list --left-right main...refs/remotes/origin/main
> git for-each-ref --sort -committerdate --format %(refname) %(objectname) %(*objectname)
> git remote --verbose
> git config --get commit.template
> git status -z -u
> git symbolic-ref --short HEAD
> git rev-parse main
> git rev-parse --symbolic-full-name main@{u}
> git rev-list --left-right main...refs/remotes/origin/main
> git for-each-ref --sort -committerdate --format %(refname) %(objectname) %(*objectname)
> git remote --verbose
> git config --get commit.template
> git status -z -u
> git symbolic-ref --short HEAD
> git rev-parse main
> git rev-parse --symbolic-full-name main@{u}
> git rev-list --left-right main...refs/remotes/origin/main
> git for-each-ref --sort -committerdate --format %(refname) %(objectname) %(*objectname)
> git remote --verbose
> git config --get commit.template
> git add -A -- /home/soic/.vscode-server/data/logs/20210120T132636/exthost1/output_logging_20210120T132638/1-Git.log /home/soic/moxa-dio-control /home/soic/moxa-uart-control /home/soic/moxa_test
