[2021-01-21 08:53:47.546] [exthost] [info] extension host started
[2021-01-21 08:53:47.875] [exthost] [info] ExtensionService#_doActivateExtension vscode.emmet {"startup":false,"extensionId":{"value":"vscode.emmet","_lower":"vscode.emmet"},"activationEvent":"onLanguage:html"}
[2021-01-21 08:53:47.875] [exthost] [info] ExtensionService#loadCommonJSModule file:///home/soic/.vscode-server/bin/ea3859d4ba2f3e577a159bc91e3074c5d85c0523/extensions/emmet/dist/node/emmetNodeMain
[2021-01-21 08:53:47.992] [exthost] [info] ExtensionService#_doActivateExtension vscode.html-language-features {"startup":false,"extensionId":{"value":"vscode.html-language-features","_lower":"vscode.html-language-features"},"activationEvent":"onLanguage:html"}
[2021-01-21 08:53:47.992] [exthost] [info] ExtensionService#loadCommonJSModule file:///home/soic/.vscode-server/bin/ea3859d4ba2f3e577a159bc91e3074c5d85c0523/extensions/html-language-features/client/dist/node/htmlClientMain
[2021-01-21 08:53:48.091] [exthost] [info] ExtensionService#_doActivateExtension vscode.debug-auto-launch {"startup":true,"extensionId":{"value":"vscode.debug-auto-launch","_lower":"vscode.debug-auto-launch"},"activationEvent":"*"}
[2021-01-21 08:53:48.092] [exthost] [info] ExtensionService#loadCommonJSModule file:///home/soic/.vscode-server/bin/ea3859d4ba2f3e577a159bc91e3074c5d85c0523/extensions/debug-auto-launch/dist/extension
[2021-01-21 08:53:48.106] [exthost] [info] ExtensionService#_doActivateExtension vscode.git {"startup":true,"extensionId":{"value":"vscode.github","_lower":"vscode.github"},"activationEvent":"*"}
[2021-01-21 08:53:48.107] [exthost] [info] ExtensionService#loadCommonJSModule file:///home/soic/.vscode-server/bin/ea3859d4ba2f3e577a159bc91e3074c5d85c0523/extensions/git/dist/main
[2021-01-21 08:53:48.302] [exthost] [info] ExtensionService#_doActivateExtension vscode.merge-conflict {"startup":true,"extensionId":{"value":"vscode.merge-conflict","_lower":"vscode.merge-conflict"},"activationEvent":"*"}
[2021-01-21 08:53:48.302] [exthost] [info] ExtensionService#loadCommonJSModule file:///home/soic/.vscode-server/bin/ea3859d4ba2f3e577a159bc91e3074c5d85c0523/extensions/merge-conflict/dist/mergeConflictMain
[2021-01-21 08:53:48.315] [exthost] [info] ExtensionService#_doActivateExtension vscode.search-result {"startup":true,"extensionId":{"value":"vscode.search-result","_lower":"vscode.search-result"},"activationEvent":"*"}
[2021-01-21 08:53:48.316] [exthost] [info] ExtensionService#loadCommonJSModule file:///home/soic/.vscode-server/bin/ea3859d4ba2f3e577a159bc91e3074c5d85c0523/extensions/search-result/dist/extension.js
[2021-01-21 08:53:48.536] [exthost] [info] ExtensionService#_doActivateExtension ms-vscode.js-debug {"startup":false,"extensionId":{"value":"ms-vscode.js-debug","_lower":"ms-vscode.js-debug"},"activationEvent":"onCommand:extension.js-debug.clearAutoAttachVariables"}
[2021-01-21 08:53:48.536] [exthost] [info] ExtensionService#loadCommonJSModule file:///home/soic/.vscode-server/bin/ea3859d4ba2f3e577a159bc91e3074c5d85c0523/extensions/ms-vscode.js-debug/src/extension.js
[2021-01-21 08:53:48.902] [exthost] [info] ExtensionService#_doActivateExtension vscode.github {"startup":true,"extensionId":{"value":"vscode.github","_lower":"vscode.github"},"activationEvent":"*"}
[2021-01-21 08:53:48.902] [exthost] [info] ExtensionService#loadCommonJSModule file:///home/soic/.vscode-server/bin/ea3859d4ba2f3e577a159bc91e3074c5d85c0523/extensions/github/dist/extension.js
[2021-01-21 08:53:48.990] [exthost] [info] ExtensionService#_doActivateExtension ms-vscode.cmake-tools {"startup":true,"extensionId":{"value":"ms-vscode.cmake-tools","_lower":"ms-vscode.cmake-tools"},"activationEvent":"workspaceContains:**/CMakeLists.txt"}
[2021-01-21 08:53:48.990] [exthost] [info] ExtensionService#loadCommonJSModule file:///home/soic/.vscode-server/extensions/ms-vscode.cmake-tools-1.5.3/dist/main
[2021-01-21 08:53:49.375] [exthost] [info] eager extensions activated
[2021-01-21 15:25:46.348] [exthost] [info] ExtensionService#_doActivateExtension ms-vscode.cpptools {"startup":false,"extensionId":{"value":"ms-vscode.cpptools","_lower":"ms-vscode.cpptools"},"activationEvent":"onLanguage:cpp"}
[2021-01-21 15:25:46.349] [exthost] [info] ExtensionService#loadCommonJSModule file:///home/soic/.vscode-server/extensions/ms-vscode.cpptools-1.2.0-insiders/dist/main
[2021-01-21 15:25:57.600] [exthost] [warning] [Decorations] CAPPING events from decorations provider vscode.git 264
[2021-01-21 15:26:02.685] [exthost] [warning] [Decorations] CAPPING events from decorations provider vscode.git 264
[2021-01-21 15:26:07.768] [exthost] [warning] [Decorations] CAPPING events from decorations provider vscode.git 264
[2021-01-21 15:26:11.900] [exthost] [warning] [Decorations] CAPPING events from decorations provider vscode.git 264
[2021-01-21 15:26:12.859] [exthost] [warning] [Decorations] CAPPING events from decorations provider vscode.git 264
[2021-01-21 15:26:17.943] [exthost] [warning] [Decorations] CAPPING events from decorations provider vscode.git 264
[2021-01-21 15:26:23.034] [exthost] [warning] [Decorations] CAPPING events from decorations provider vscode.git 264
[2021-01-21 15:26:28.136] [exthost] [warning] [Decorations] CAPPING events from decorations provider vscode.git 264
[2021-01-21 15:26:33.222] [exthost] [warning] [Decorations] CAPPING events from decorations provider vscode.git 264
[2021-01-21 15:26:38.313] [exthost] [warning] [Decorations] CAPPING events from decorations provider vscode.git 264
[2021-01-21 15:26:43.396] [exthost] [warning] [Decorations] CAPPING events from decorations provider vscode.git 264
[2021-01-21 15:26:48.477] [exthost] [warning] [Decorations] CAPPING events from decorations provider vscode.git 264
[2021-01-21 15:26:53.561] [exthost] [warning] [Decorations] CAPPING events from decorations provider vscode.git 264
[2021-01-21 15:26:58.643] [exthost] [warning] [Decorations] CAPPING events from decorations provider vscode.git 264
[2021-01-21 15:27:03.731] [exthost] [warning] [Decorations] CAPPING events from decorations provider vscode.git 264
[2021-01-21 15:27:08.813] [exthost] [warning] [Decorations] CAPPING events from decorations provider vscode.git 264
[2021-01-21 15:27:13.899] [exthost] [warning] [Decorations] CAPPING events from decorations provider vscode.git 264
[2021-01-21 15:27:18.982] [exthost] [warning] [Decorations] CAPPING events from decorations provider vscode.git 264
[2021-01-21 15:27:24.062] [exthost] [warning] [Decorations] CAPPING events from decorations provider vscode.git 264
[2021-01-21 15:27:29.147] [exthost] [warning] [Decorations] CAPPING events from decorations provider vscode.git 264
[2021-01-21 15:27:34.226] [exthost] [warning] [Decorations] CAPPING events from decorations provider vscode.git 264
[2021-01-21 15:27:39.304] [exthost] [warning] [Decorations] CAPPING events from decorations provider vscode.git 264
[2021-01-21 15:27:44.386] [exthost] [warning] [Decorations] CAPPING events from decorations provider vscode.git 264
[2021-01-21 15:27:49.473] [exthost] [warning] [Decorations] CAPPING events from decorations provider vscode.git 264
[2021-01-21 15:27:54.558] [exthost] [warning] [Decorations] CAPPING events from decorations provider vscode.git 264
[2021-01-21 15:27:59.639] [exthost] [warning] [Decorations] CAPPING events from decorations provider vscode.git 264
[2021-01-21 15:28:04.718] [exthost] [warning] [Decorations] CAPPING events from decorations provider vscode.git 264
[2021-01-21 15:28:09.798] [exthost] [warning] [Decorations] CAPPING events from decorations provider vscode.git 264
[2021-01-21 15:28:14.877] [exthost] [warning] [Decorations] CAPPING events from decorations provider vscode.git 264
[2021-01-21 15:28:27.113] [exthost] [warning] [Decorations] CAPPING events from decorations provider vscode.git 264
[2021-01-21 15:28:32.189] [exthost] [warning] [Decorations] CAPPING events from decorations provider vscode.git 264
[2021-01-21 15:28:37.272] [exthost] [warning] [Decorations] CAPPING events from decorations provider vscode.git 264
[2021-01-21 15:28:42.358] [exthost] [warning] [Decorations] CAPPING events from decorations provider vscode.git 264
[2021-01-21 15:28:47.442] [exthost] [warning] [Decorations] CAPPING events from decorations provider vscode.git 264
[2021-01-21 15:28:52.524] [exthost] [warning] [Decorations] CAPPING events from decorations provider vscode.git 264
[2021-01-21 15:28:57.603] [exthost] [warning] [Decorations] CAPPING events from decorations provider vscode.git 264
[2021-01-21 15:28:59.404] [exthost] [error] {"message":"Git error","stdout":"","stderr":"fatal: Pathspec '/home/soic/moxa-dio-control/autom4te.cache' is in submodule 'moxa-dio-control'\n","exitCode":128,"gitErrorCode":"IsInSubmodule"}
[2021-01-21 15:28:59.404] [exthost] [error] {"message":"Git error","stdout":"","stderr":"fatal: Pathspec '/home/soic/moxa-dio-control/autom4te.cache' is in submodule 'moxa-dio-control'\n","exitCode":128,"gitErrorCode":"IsInSubmodule"}
[2021-01-21 15:28:59.404] [exthost] [error] {"message":"Git error","stdout":"","stderr":"fatal: Pathspec '/home/soic/moxa-dio-control/autom4te.cache' is in submodule 'moxa-dio-control'\n","exitCode":128,"gitErrorCode":"IsInSubmodule"}
[2021-01-21 15:28:59.404] [exthost] [error] {"message":"Git error","stdout":"","stderr":"fatal: Pathspec '/home/soic/moxa-dio-control/autom4te.cache' is in submodule 'moxa-dio-control'\n","exitCode":128,"gitErrorCode":"IsInSubmodule"}
[2021-01-21 15:28:59.404] [exthost] [error] {"message":"Git error","stdout":"","stderr":"fatal: Pathspec '/home/soic/moxa-dio-control/autom4te.cache' is in submodule 'moxa-dio-control'\n","exitCode":128,"gitErrorCode":"IsInSubmodule"}
[2021-01-21 15:28:59.404] [exthost] [error] {"message":"Git error","stdout":"","stderr":"fatal: Pathspec '/home/soic/moxa-dio-control/autom4te.cache' is in submodule 'moxa-dio-control'\n","exitCode":128,"gitErrorCode":"IsInSubmodule"}
[2021-01-21 15:28:59.404] [exthost] [error] {"message":"Git error","stdout":"","stderr":"fatal: Pathspec '/home/soic/moxa-dio-control/autom4te.cache' is in submodule 'moxa-dio-control'\n","exitCode":128,"gitErrorCode":"IsInSubmodule"}
[2021-01-21 15:28:59.404] [exthost] [error] {"message":"Git error","stdout":"","stderr":"fatal: Pathspec '/home/soic/moxa-dio-control/autom4te.cache' is in submodule 'moxa-dio-control'\n","exitCode":128,"gitErrorCode":"IsInSubmodule"}
[2021-01-21 15:28:59.404] [exthost] [error] {"message":"Git error","stdout":"","stderr":"fatal: Pathspec '/home/soic/moxa-dio-control/autom4te.cache' is in submodule 'moxa-dio-control'\n","exitCode":128,"gitErrorCode":"IsInSubmodule"}
[2021-01-21 15:28:59.404] [exthost] [error] {"message":"Git error","stdout":"","stderr":"fatal: Pathspec '/home/soic/moxa-dio-control/autom4te.cache' is in submodule 'moxa-dio-control'\n","exitCode":128,"gitErrorCode":"IsInSubmodule"}
[2021-01-21 15:28:59.404] [exthost] [error] {"message":"Git error","stdout":"","stderr":"fatal: Pathspec '/home/soic/moxa-dio-control/autom4te.cache' is in submodule 'moxa-dio-control'\n","exitCode":128,"gitErrorCode":"IsInSubmodule"}
[2021-01-21 15:28:59.404] [exthost] [error] {"message":"Git error","stdout":"","stderr":"fatal: Pathspec '/home/soic/moxa-dio-control/autom4te.cache' is in submodule 'moxa-dio-control'\n","exitCode":128,"gitErrorCode":"IsInSubmodule"}
[2021-01-21 15:28:59.404] [exthost] [error] {"message":"Git error","stdout":"","stderr":"fatal: Pathspec '/home/soic/moxa-dio-control/autom4te.cache' is in submodule 'moxa-dio-control'\n","exitCode":128,"gitErrorCode":"IsInSubmodule"}
[2021-01-21 15:28:59.404] [exthost] [error] {"message":"Git error","stdout":"","stderr":"fatal: Pathspec '/home/soic/moxa-dio-control/autom4te.cache' is in submodule 'moxa-dio-control'\n","exitCode":128,"gitErrorCode":"IsInSubmodule"}
[2021-01-21 15:28:59.404] [exthost] [error] {"message":"Git error","stdout":"","stderr":"fatal: Pathspec '/home/soic/moxa-dio-control/autom4te.cache' is in submodule 'moxa-dio-control'\n","exitCode":128,"gitErrorCode":"IsInSubmodule"}
[2021-01-21 15:28:59.404] [exthost] [error] {"message":"Git error","stdout":"","stderr":"fatal: Pathspec '/home/soic/moxa-dio-control/autom4te.cache' is in submodule 'moxa-dio-control'\n","exitCode":128,"gitErrorCode":"IsInSubmodule"}
[2021-01-21 15:28:59.404] [exthost] [error] {"message":"Git error","stdout":"","stderr":"fatal: Pathspec '/home/soic/moxa-dio-control/autom4te.cache' is in submodule 'moxa-dio-control'\n","exitCode":128,"gitErrorCode":"IsInSubmodule"}
[2021-01-21 15:28:59.404] [exthost] [error] {"message":"Git error","stdout":"","stderr":"fatal: Pathspec '/home/soic/moxa-dio-control/autom4te.cache' is in submodule 'moxa-dio-control'\n","exitCode":128,"gitErrorCode":"IsInSubmodule"}
[2021-01-21 15:28:59.404] [exthost] [error] {"message":"Git error","stdout":"","stderr":"fatal: Pathspec '/home/soic/moxa-dio-control/autom4te.cache' is in submodule 'moxa-dio-control'\n","exitCode":128,"gitErrorCode":"IsInSubmodule"}
[2021-01-21 15:28:59.404] [exthost] [error] {"message":"Git error","stdout":"","stderr":"fatal: Pathspec '/home/soic/moxa-dio-control/autom4te.cache' is in submodule 'moxa-dio-control'\n","exitCode":128,"gitErrorCode":"IsInSubmodule"}
[2021-01-21 15:28:59.404] [exthost] [error] {"message":"Git error","stdout":"","stderr":"fatal: Pathspec '/home/soic/moxa-dio-control/autom4te.cache' is in submodule 'moxa-dio-control'\n","exitCode":128,"gitErrorCode":"IsInSubmodule"}
[2021-01-21 15:28:59.404] [exthost] [error] {"message":"Git error","stdout":"","stderr":"fatal: Pathspec '/home/soic/moxa-dio-control/autom4te.cache' is in submodule 'moxa-dio-control'\n","exitCode":128,"gitErrorCode":"IsInSubmodule"}
[2021-01-21 15:28:59.404] [exthost] [error] {"message":"Git error","stdout":"","stderr":"fatal: Pathspec '/home/soic/moxa-dio-control/autom4te.cache' is in submodule 'moxa-dio-control'\n","exitCode":128,"gitErrorCode":"IsInSubmodule"}
[2021-01-21 15:28:59.404] [exthost] [error] {"message":"Git error","stdout":"","stderr":"fatal: Pathspec '/home/soic/moxa-dio-control/autom4te.cache' is in submodule 'moxa-dio-control'\n","exitCode":128,"gitErrorCode":"IsInSubmodule"}
[2021-01-21 15:28:59.404] [exthost] [error] {"message":"Git error","stdout":"","stderr":"fatal: Pathspec '/home/soic/moxa-dio-control/autom4te.cache' is in submodule 'moxa-dio-control'\n","exitCode":128,"gitErrorCode":"IsInSubmodule"}
[2021-01-21 15:28:59.404] [exthost] [error] {"message":"Git error","stdout":"","stderr":"fatal: Pathspec '/home/soic/moxa-dio-control/autom4te.cache' is in submodule 'moxa-dio-control'\n","exitCode":128,"gitErrorCode":"IsInSubmodule"}
[2021-01-21 15:29:02.684] [exthost] [warning] [Decorations] CAPPING events from decorations provider vscode.git 264
[2021-01-21 15:29:07.772] [exthost] [warning] [Decorations] CAPPING events from decorations provider vscode.git 264
[2021-01-21 15:29:13.378] [exthost] [warning] [Decorations] CAPPING events from decorations provider vscode.git 264
[2021-01-21 15:29:13.457] [exthost] [warning] [Decorations] CAPPING events from decorations provider vscode.git 264
[2021-01-21 15:29:18.537] [exthost] [warning] [Decorations] CAPPING events from decorations provider vscode.git 264
[2021-01-21 15:29:23.628] [exthost] [warning] [Decorations] CAPPING events from decorations provider vscode.git 264
[2021-01-21 15:29:28.715] [exthost] [warning] [Decorations] CAPPING events from decorations provider vscode.git 264
[2021-01-21 15:29:33.800] [exthost] [warning] [Decorations] CAPPING events from decorations provider vscode.git 264
[2021-01-21 15:29:38.882] [exthost] [warning] [Decorations] CAPPING events from decorations provider vscode.git 264
[2021-01-21 15:29:43.968] [exthost] [warning] [Decorations] CAPPING events from decorations provider vscode.git 264
[2021-01-21 15:29:49.051] [exthost] [warning] [Decorations] CAPPING events from decorations provider vscode.git 264
[2021-01-21 15:29:54.134] [exthost] [warning] [Decorations] CAPPING events from decorations provider vscode.git 264
[2021-01-21 15:29:59.221] [exthost] [warning] [Decorations] CAPPING events from decorations provider vscode.git 264
[2021-01-21 15:30:04.304] [exthost] [warning] [Decorations] CAPPING events from decorations provider vscode.git 264
[2021-01-21 15:30:09.385] [exthost] [warning] [Decorations] CAPPING events from decorations provider vscode.git 264
[2021-01-21 15:30:14.465] [exthost] [warning] [Decorations] CAPPING events from decorations provider vscode.git 264
[2021-01-21 15:30:19.547] [exthost] [warning] [Decorations] CAPPING events from decorations provider vscode.git 264
[2021-01-21 15:30:24.629] [exthost] [warning] [Decorations] CAPPING events from decorations provider vscode.git 264
[2021-01-21 15:30:29.714] [exthost] [warning] [Decorations] CAPPING events from decorations provider vscode.git 264
[2021-01-21 15:30:33.735] [exthost] [error] {"message":"Git error","stdout":"","stderr":"fatal: Pathspec '/home/soic/moxa-gpio-control/autom4te.cache' is in submodule 'moxa-gpio-control'\n","exitCode":128,"gitErrorCode":"IsInSubmodule"}
[2021-01-21 15:30:33.735] [exthost] [error] {"message":"Git error","stdout":"","stderr":"fatal: Pathspec '/home/soic/moxa-gpio-control/autom4te.cache' is in submodule 'moxa-gpio-control'\n","exitCode":128,"gitErrorCode":"IsInSubmodule"}
[2021-01-21 15:30:33.735] [exthost] [error] {"message":"Git error","stdout":"","stderr":"fatal: Pathspec '/home/soic/moxa-gpio-control/autom4te.cache' is in submodule 'moxa-gpio-control'\n","exitCode":128,"gitErrorCode":"IsInSubmodule"}
[2021-01-21 15:30:33.735] [exthost] [error] {"message":"Git error","stdout":"","stderr":"fatal: Pathspec '/home/soic/moxa-gpio-control/autom4te.cache' is in submodule 'moxa-gpio-control'\n","exitCode":128,"gitErrorCode":"IsInSubmodule"}
[2021-01-21 15:30:33.735] [exthost] [error] {"message":"Git error","stdout":"","stderr":"fatal: Pathspec '/home/soic/moxa-gpio-control/autom4te.cache' is in submodule 'moxa-gpio-control'\n","exitCode":128,"gitErrorCode":"IsInSubmodule"}
[2021-01-21 15:30:33.735] [exthost] [error] {"message":"Git error","stdout":"","stderr":"fatal: Pathspec '/home/soic/moxa-gpio-control/autom4te.cache' is in submodule 'moxa-gpio-control'\n","exitCode":128,"gitErrorCode":"IsInSubmodule"}
[2021-01-21 15:30:33.735] [exthost] [error] {"message":"Git error","stdout":"","stderr":"fatal: Pathspec '/home/soic/moxa-gpio-control/autom4te.cache' is in submodule 'moxa-gpio-control'\n","exitCode":128,"gitErrorCode":"IsInSubmodule"}
[2021-01-21 15:30:33.735] [exthost] [error] {"message":"Git error","stdout":"","stderr":"fatal: Pathspec '/home/soic/moxa-gpio-control/autom4te.cache' is in submodule 'moxa-gpio-control'\n","exitCode":128,"gitErrorCode":"IsInSubmodule"}
[2021-01-21 15:30:33.735] [exthost] [error] {"message":"Git error","stdout":"","stderr":"fatal: Pathspec '/home/soic/moxa-gpio-control/autom4te.cache' is in submodule 'moxa-gpio-control'\n","exitCode":128,"gitErrorCode":"IsInSubmodule"}
[2021-01-21 15:30:33.735] [exthost] [error] {"message":"Git error","stdout":"","stderr":"fatal: Pathspec '/home/soic/moxa-gpio-control/autom4te.cache' is in submodule 'moxa-gpio-control'\n","exitCode":128,"gitErrorCode":"IsInSubmodule"}
[2021-01-21 15:30:33.735] [exthost] [error] {"message":"Git error","stdout":"","stderr":"fatal: Pathspec '/home/soic/moxa-gpio-control/autom4te.cache' is in submodule 'moxa-gpio-control'\n","exitCode":128,"gitErrorCode":"IsInSubmodule"}
[2021-01-21 15:30:33.735] [exthost] [error] {"message":"Git error","stdout":"","stderr":"fatal: Pathspec '/home/soic/moxa-gpio-control/autom4te.cache' is in submodule 'moxa-gpio-control'\n","exitCode":128,"gitErrorCode":"IsInSubmodule"}
[2021-01-21 15:30:33.735] [exthost] [error] {"message":"Git error","stdout":"","stderr":"fatal: Pathspec '/home/soic/moxa-gpio-control/autom4te.cache' is in submodule 'moxa-gpio-control'\n","exitCode":128,"gitErrorCode":"IsInSubmodule"}
[2021-01-21 15:30:33.735] [exthost] [error] {"message":"Git error","stdout":"","stderr":"fatal: Pathspec '/home/soic/moxa-gpio-control/autom4te.cache' is in submodule 'moxa-gpio-control'\n","exitCode":128,"gitErrorCode":"IsInSubmodule"}
[2021-01-21 15:30:33.735] [exthost] [error] {"message":"Git error","stdout":"","stderr":"fatal: Pathspec '/home/soic/moxa-gpio-control/autom4te.cache' is in submodule 'moxa-gpio-control'\n","exitCode":128,"gitErrorCode":"IsInSubmodule"}
[2021-01-21 15:30:33.735] [exthost] [error] {"message":"Git error","stdout":"","stderr":"fatal: Pathspec '/home/soic/moxa-gpio-control/autom4te.cache' is in submodule 'moxa-gpio-control'\n","exitCode":128,"gitErrorCode":"IsInSubmodule"}
[2021-01-21 15:30:33.735] [exthost] [error] {"message":"Git error","stdout":"","stderr":"fatal: Pathspec '/home/soic/moxa-gpio-control/autom4te.cache' is in submodule 'moxa-gpio-control'\n","exitCode":128,"gitErrorCode":"IsInSubmodule"}
[2021-01-21 15:30:33.735] [exthost] [error] {"message":"Git error","stdout":"","stderr":"fatal: Pathspec '/home/soic/moxa-gpio-control/autom4te.cache' is in submodule 'moxa-gpio-control'\n","exitCode":128,"gitErrorCode":"IsInSubmodule"}
[2021-01-21 15:30:33.735] [exthost] [error] {"message":"Git error","stdout":"","stderr":"fatal: Pathspec '/home/soic/moxa-gpio-control/autom4te.cache' is in submodule 'moxa-gpio-control'\n","exitCode":128,"gitErrorCode":"IsInSubmodule"}
[2021-01-21 15:30:33.735] [exthost] [error] {"message":"Git error","stdout":"","stderr":"fatal: Pathspec '/home/soic/moxa-gpio-control/autom4te.cache' is in submodule 'moxa-gpio-control'\n","exitCode":128,"gitErrorCode":"IsInSubmodule"}
[2021-01-21 15:30:33.735] [exthost] [error] {"message":"Git error","stdout":"","stderr":"fatal: Pathspec '/home/soic/moxa-gpio-control/autom4te.cache' is in submodule 'moxa-gpio-control'\n","exitCode":128,"gitErrorCode":"IsInSubmodule"}
[2021-01-21 15:30:33.735] [exthost] [error] {"message":"Git error","stdout":"","stderr":"fatal: Pathspec '/home/soic/moxa-gpio-control/autom4te.cache' is in submodule 'moxa-gpio-control'\n","exitCode":128,"gitErrorCode":"IsInSubmodule"}
[2021-01-21 15:30:33.735] [exthost] [error] {"message":"Git error","stdout":"","stderr":"fatal: Pathspec '/home/soic/moxa-gpio-control/autom4te.cache' is in submodule 'moxa-gpio-control'\n","exitCode":128,"gitErrorCode":"IsInSubmodule"}
[2021-01-21 15:30:33.735] [exthost] [error] {"message":"Git error","stdout":"","stderr":"fatal: Pathspec '/home/soic/moxa-gpio-control/autom4te.cache' is in submodule 'moxa-gpio-control'\n","exitCode":128,"gitErrorCode":"IsInSubmodule"}
[2021-01-21 15:30:33.735] [exthost] [error] {"message":"Git error","stdout":"","stderr":"fatal: Pathspec '/home/soic/moxa-gpio-control/autom4te.cache' is in submodule 'moxa-gpio-control'\n","exitCode":128,"gitErrorCode":"IsInSubmodule"}
[2021-01-21 15:30:34.799] [exthost] [warning] [Decorations] CAPPING events from decorations provider vscode.git 264
[2021-01-21 15:30:35.802] [exthost] [error] {"message":"Git error","stdout":"","stderr":"fatal: Pathspec '/home/soic/moxa-gpio-control/example/gpio-test.c' is in submodule 'moxa-gpio-control'\n","exitCode":128,"gitErrorCode":"IsInSubmodule"}
[2021-01-21 15:30:35.802] [exthost] [error] {"message":"Git error","stdout":"","stderr":"fatal: Pathspec '/home/soic/moxa-gpio-control/example/gpio-test.c' is in submodule 'moxa-gpio-control'\n","exitCode":128,"gitErrorCode":"IsInSubmodule"}
[2021-01-21 15:30:35.802] [exthost] [error] {"message":"Git error","stdout":"","stderr":"fatal: Pathspec '/home/soic/moxa-gpio-control/example/gpio-test.c' is in submodule 'moxa-gpio-control'\n","exitCode":128,"gitErrorCode":"IsInSubmodule"}
[2021-01-21 15:30:39.414] [exthost] [error] {"message":"Git error","stdout":"","stderr":"fatal: Pathspec '/home/soic/moxa-uart-control/autom4te.cache' is in submodule 'moxa-uart-control'\n","exitCode":128,"gitErrorCode":"IsInSubmodule"}
[2021-01-21 15:30:39.414] [exthost] [error] {"message":"Git error","stdout":"","stderr":"fatal: Pathspec '/home/soic/moxa-uart-control/autom4te.cache' is in submodule 'moxa-uart-control'\n","exitCode":128,"gitErrorCode":"IsInSubmodule"}
[2021-01-21 15:30:39.414] [exthost] [error] {"message":"Git error","stdout":"","stderr":"fatal: Pathspec '/home/soic/moxa-uart-control/autom4te.cache' is in submodule 'moxa-uart-control'\n","exitCode":128,"gitErrorCode":"IsInSubmodule"}
[2021-01-21 15:30:39.414] [exthost] [error] {"message":"Git error","stdout":"","stderr":"fatal: Pathspec '/home/soic/moxa-uart-control/autom4te.cache' is in submodule 'moxa-uart-control'\n","exitCode":128,"gitErrorCode":"IsInSubmodule"}
[2021-01-21 15:30:39.414] [exthost] [error] {"message":"Git error","stdout":"","stderr":"fatal: Pathspec '/home/soic/moxa-uart-control/autom4te.cache' is in submodule 'moxa-uart-control'\n","exitCode":128,"gitErrorCode":"IsInSubmodule"}
[2021-01-21 15:30:39.414] [exthost] [error] {"message":"Git error","stdout":"","stderr":"fatal: Pathspec '/home/soic/moxa-uart-control/autom4te.cache' is in submodule 'moxa-uart-control'\n","exitCode":128,"gitErrorCode":"IsInSubmodule"}
[2021-01-21 15:30:39.414] [exthost] [error] {"message":"Git error","stdout":"","stderr":"fatal: Pathspec '/home/soic/moxa-uart-control/autom4te.cache' is in submodule 'moxa-uart-control'\n","exitCode":128,"gitErrorCode":"IsInSubmodule"}
[2021-01-21 15:30:39.414] [exthost] [error] {"message":"Git error","stdout":"","stderr":"fatal: Pathspec '/home/soic/moxa-uart-control/autom4te.cache' is in submodule 'moxa-uart-control'\n","exitCode":128,"gitErrorCode":"IsInSubmodule"}
[2021-01-21 15:30:39.414] [exthost] [error] {"message":"Git error","stdout":"","stderr":"fatal: Pathspec '/home/soic/moxa-uart-control/autom4te.cache' is in submodule 'moxa-uart-control'\n","exitCode":128,"gitErrorCode":"IsInSubmodule"}
[2021-01-21 15:30:39.414] [exthost] [error] {"message":"Git error","stdout":"","stderr":"fatal: Pathspec '/home/soic/moxa-uart-control/autom4te.cache' is in submodule 'moxa-uart-control'\n","exitCode":128,"gitErrorCode":"IsInSubmodule"}
[2021-01-21 15:30:39.414] [exthost] [error] {"message":"Git error","stdout":"","stderr":"fatal: Pathspec '/home/soic/moxa-uart-control/autom4te.cache' is in submodule 'moxa-uart-control'\n","exitCode":128,"gitErrorCode":"IsInSubmodule"}
[2021-01-21 15:30:39.414] [exthost] [error] {"message":"Git error","stdout":"","stderr":"fatal: Pathspec '/home/soic/moxa-uart-control/autom4te.cache' is in submodule 'moxa-uart-control'\n","exitCode":128,"gitErrorCode":"IsInSubmodule"}
[2021-01-21 15:30:39.414] [exthost] [error] {"message":"Git error","stdout":"","stderr":"fatal: Pathspec '/home/soic/moxa-uart-control/autom4te.cache' is in submodule 'moxa-uart-control'\n","exitCode":128,"gitErrorCode":"IsInSubmodule"}
[2021-01-21 15:30:39.414] [exthost] [error] {"message":"Git error","stdout":"","stderr":"fatal: Pathspec '/home/soic/moxa-uart-control/autom4te.cache' is in submodule 'moxa-uart-control'\n","exitCode":128,"gitErrorCode":"IsInSubmodule"}
[2021-01-21 15:30:39.414] [exthost] [error] {"message":"Git error","stdout":"","stderr":"fatal: Pathspec '/home/soic/moxa-uart-control/autom4te.cache' is in submodule 'moxa-uart-control'\n","exitCode":128,"gitErrorCode":"IsInSubmodule"}
[2021-01-21 15:30:39.414] [exthost] [error] {"message":"Git error","stdout":"","stderr":"fatal: Pathspec '/home/soic/moxa-uart-control/autom4te.cache' is in submodule 'moxa-uart-control'\n","exitCode":128,"gitErrorCode":"IsInSubmodule"}
[2021-01-21 15:30:39.414] [exthost] [error] {"message":"Git error","stdout":"","stderr":"fatal: Pathspec '/home/soic/moxa-uart-control/autom4te.cache' is in submodule 'moxa-uart-control'\n","exitCode":128,"gitErrorCode":"IsInSubmodule"}
[2021-01-21 15:30:39.414] [exthost] [error] {"message":"Git error","stdout":"","stderr":"fatal: Pathspec '/home/soic/moxa-uart-control/autom4te.cache' is in submodule 'moxa-uart-control'\n","exitCode":128,"gitErrorCode":"IsInSubmodule"}
[2021-01-21 15:30:39.414] [exthost] [error] {"message":"Git error","stdout":"","stderr":"fatal: Pathspec '/home/soic/moxa-uart-control/autom4te.cache' is in submodule 'moxa-uart-control'\n","exitCode":128,"gitErrorCode":"IsInSubmodule"}
[2021-01-21 15:30:39.414] [exthost] [error] {"message":"Git error","stdout":"","stderr":"fatal: Pathspec '/home/soic/moxa-uart-control/autom4te.cache' is in submodule 'moxa-uart-control'\n","exitCode":128,"gitErrorCode":"IsInSubmodule"}
[2021-01-21 15:30:39.414] [exthost] [error] {"message":"Git error","stdout":"","stderr":"fatal: Pathspec '/home/soic/moxa-uart-control/autom4te.cache' is in submodule 'moxa-uart-control'\n","exitCode":128,"gitErrorCode":"IsInSubmodule"}
[2021-01-21 15:30:39.414] [exthost] [error] {"message":"Git error","stdout":"","stderr":"fatal: Pathspec '/home/soic/moxa-uart-control/autom4te.cache' is in submodule 'moxa-uart-control'\n","exitCode":128,"gitErrorCode":"IsInSubmodule"}
[2021-01-21 15:30:39.414] [exthost] [error] {"message":"Git error","stdout":"","stderr":"fatal: Pathspec '/home/soic/moxa-uart-control/autom4te.cache' is in submodule 'moxa-uart-control'\n","exitCode":128,"gitErrorCode":"IsInSubmodule"}
[2021-01-21 15:30:39.414] [exthost] [error] {"message":"Git error","stdout":"","stderr":"fatal: Pathspec '/home/soic/moxa-uart-control/autom4te.cache' is in submodule 'moxa-uart-control'\n","exitCode":128,"gitErrorCode":"IsInSubmodule"}
[2021-01-21 15:30:39.878] [exthost] [warning] [Decorations] CAPPING events from decorations provider vscode.git 264
[2021-01-21 15:30:44.959] [exthost] [warning] [Decorations] CAPPING events from decorations provider vscode.git 264
[2021-01-21 15:30:50.039] [exthost] [warning] [Decorations] CAPPING events from decorations provider vscode.git 264
[2021-01-21 15:30:55.130] [exthost] [warning] [Decorations] CAPPING events from decorations provider vscode.git 264
[2021-01-21 15:31:00.224] [exthost] [warning] [Decorations] CAPPING events from decorations provider vscode.git 264
[2021-01-21 15:31:05.314] [exthost] [warning] [Decorations] CAPPING events from decorations provider vscode.git 264
[2021-01-21 15:31:10.396] [exthost] [warning] [Decorations] CAPPING events from decorations provider vscode.git 264
[2021-01-21 15:31:15.478] [exthost] [warning] [Decorations] CAPPING events from decorations provider vscode.git 264
[2021-01-21 15:31:20.560] [exthost] [warning] [Decorations] CAPPING events from decorations provider vscode.git 264
[2021-01-21 15:31:25.646] [exthost] [warning] [Decorations] CAPPING events from decorations provider vscode.git 264
[2021-01-21 15:31:30.725] [exthost] [warning] [Decorations] CAPPING events from decorations provider vscode.git 264
[2021-01-21 15:31:35.807] [exthost] [warning] [Decorations] CAPPING events from decorations provider vscode.git 264
[2021-01-21 15:31:40.891] [exthost] [warning] [Decorations] CAPPING events from decorations provider vscode.git 264
[2021-01-21 15:31:45.975] [exthost] [warning] [Decorations] CAPPING events from decorations provider vscode.git 264
[2021-01-21 15:31:51.059] [exthost] [warning] [Decorations] CAPPING events from decorations provider vscode.git 264
[2021-01-21 15:31:56.146] [exthost] [warning] [Decorations] CAPPING events from decorations provider vscode.git 264
[2021-01-21 15:32:01.237] [exthost] [warning] [Decorations] CAPPING events from decorations provider vscode.git 264
[2021-01-21 15:32:05.217] [exthost] [error] {"message":"Git error","stdout":"","stderr":"fatal: Pathspec '/home/soic/moxa_test/README.md' is in submodule 'moxa_test'\n","exitCode":128,"gitErrorCode":"IsInSubmodule"}
[2021-01-21 15:32:06.318] [exthost] [warning] [Decorations] CAPPING events from decorations provider vscode.git 264
[2021-01-21 15:32:11.409] [exthost] [warning] [Decorations] CAPPING events from decorations provider vscode.git 264
[2021-01-21 15:32:14.446] [exthost] [error] {"message":"Git error","stdout":"","stderr":"fatal: Pathspec '/home/soic/moxa-uart-control/example/txrx' is in submodule 'moxa-uart-control'\n","exitCode":128,"gitErrorCode":"IsInSubmodule"}
[2021-01-21 15:32:14.446] [exthost] [error] {"message":"Git error","stdout":"","stderr":"fatal: Pathspec '/home/soic/moxa-uart-control/example/txrx' is in submodule 'moxa-uart-control'\n","exitCode":128,"gitErrorCode":"IsInSubmodule"}
[2021-01-21 15:32:14.446] [exthost] [error] {"message":"Git error","stdout":"","stderr":"fatal: Pathspec '/home/soic/moxa-uart-control/example/txrx' is in submodule 'moxa-uart-control'\n","exitCode":128,"gitErrorCode":"IsInSubmodule"}
[2021-01-21 15:32:14.446] [exthost] [error] {"message":"Git error","stdout":"","stderr":"fatal: Pathspec '/home/soic/moxa-uart-control/example/txrx' is in submodule 'moxa-uart-control'\n","exitCode":128,"gitErrorCode":"IsInSubmodule"}
[2021-01-21 15:32:14.446] [exthost] [error] {"message":"Git error","stdout":"","stderr":"fatal: Pathspec '/home/soic/moxa-uart-control/example/txrx' is in submodule 'moxa-uart-control'\n","exitCode":128,"gitErrorCode":"IsInSubmodule"}
[2021-01-21 15:32:14.446] [exthost] [error] {"message":"Git error","stdout":"","stderr":"fatal: Pathspec '/home/soic/moxa-uart-control/example/txrx' is in submodule 'moxa-uart-control'\n","exitCode":128,"gitErrorCode":"IsInSubmodule"}
[2021-01-21 15:32:14.446] [exthost] [error] {"message":"Git error","stdout":"","stderr":"fatal: Pathspec '/home/soic/moxa-uart-control/example/txrx' is in submodule 'moxa-uart-control'\n","exitCode":128,"gitErrorCode":"IsInSubmodule"}
[2021-01-21 15:32:14.725] [exthost] [warning] [Decorations] CAPPING events from decorations provider vscode.git 264
[2021-01-21 15:32:16.496] [exthost] [warning] [Decorations] CAPPING events from decorations provider vscode.git 264
[2021-01-21 15:32:21.592] [exthost] [warning] [Decorations] CAPPING events from decorations provider vscode.git 264
[2021-01-21 15:32:26.684] [exthost] [warning] [Decorations] CAPPING events from decorations provider vscode.git 264
[2021-01-21 15:32:26.995] [exthost] [error] {"message":"Git error","stdout":"","stderr":"fatal: Pathspec '/home/soic/moxa-uart-control/Makefile.am' is in submodule 'moxa-uart-control'\n","exitCode":128,"gitErrorCode":"IsInSubmodule"}
[2021-01-21 15:32:26.995] [exthost] [error] {"message":"Git error","stdout":"","stderr":"fatal: Pathspec '/home/soic/moxa-uart-control/Makefile.am' is in submodule 'moxa-uart-control'\n","exitCode":128,"gitErrorCode":"IsInSubmodule"}
[2021-01-21 15:32:26.995] [exthost] [error] {"message":"Git error","stdout":"","stderr":"fatal: Pathspec '/home/soic/moxa-uart-control/Makefile.am' is in submodule 'moxa-uart-control'\n","exitCode":128,"gitErrorCode":"IsInSubmodule"}
[2021-01-21 15:32:26.995] [exthost] [error] {"message":"Git error","stdout":"","stderr":"fatal: Pathspec '/home/soic/moxa-uart-control/Makefile.am' is in submodule 'moxa-uart-control'\n","exitCode":128,"gitErrorCode":"IsInSubmodule"}
[2021-01-21 15:32:31.771] [exthost] [warning] [Decorations] CAPPING events from decorations provider vscode.git 264
[2021-01-21 15:32:36.862] [exthost] [warning] [Decorations] CAPPING events from decorations provider vscode.git 264
[2021-01-21 15:32:41.953] [exthost] [warning] [Decorations] CAPPING events from decorations provider vscode.git 264
[2021-01-21 15:32:47.041] [exthost] [warning] [Decorations] CAPPING events from decorations provider vscode.git 264
[2021-01-21 15:32:52.131] [exthost] [warning] [Decorations] CAPPING events from decorations provider vscode.git 264
[2021-01-21 15:32:57.218] [exthost] [warning] [Decorations] CAPPING events from decorations provider vscode.git 264
[2021-01-21 15:33:02.308] [exthost] [warning] [Decorations] CAPPING events from decorations provider vscode.git 264
[2021-01-21 15:33:22.901] [exthost] [warning] [Decorations] CAPPING events from decorations provider vscode.git 264
[2021-01-21 15:33:27.993] [exthost] [warning] [Decorations] CAPPING events from decorations provider vscode.git 264
[2021-01-21 15:33:33.092] [exthost] [warning] [Decorations] CAPPING events from decorations provider vscode.git 264
[2021-01-21 15:33:38.182] [exthost] [warning] [Decorations] CAPPING events from decorations provider vscode.git 264
[2021-01-21 15:33:43.271] [exthost] [warning] [Decorations] CAPPING events from decorations provider vscode.git 264
