[2021-03-16 13:38:20.476] [exthost] [info] extension host started
[2021-03-16 13:38:20.519] [exthost] [info] ExtensionService#_doActivateExtension ms-vscode.cpptools {"startup":false,"extensionId":{"value":"ms-vscode.cpptools","_lower":"ms-vscode.cpptools"},"activationEvent":"onLanguage:cpp"}
[2021-03-16 13:38:20.520] [exthost] [info] ExtensionService#loadCommonJSModule file:///home/soic/.vscode-server/extensions/ms-vscode.cpptools-1.2.2/dist/main
[2021-03-16 13:38:20.641] [exthost] [info] ExtensionService#_doActivateExtension vscode.debug-auto-launch {"startup":true,"extensionId":{"value":"vscode.debug-auto-launch","_lower":"vscode.debug-auto-launch"},"activationEvent":"*"}
[2021-03-16 13:38:20.641] [exthost] [info] ExtensionService#loadCommonJSModule file:///home/soic/.vscode-server/bin/f30a9b73e8ffc278e71575118b6bf568f04587c8/extensions/debug-auto-launch/dist/extension
[2021-03-16 13:38:20.649] [exthost] [info] ExtensionService#_doActivateExtension vscode.git {"startup":true,"extensionId":{"value":"vscode.github","_lower":"vscode.github"},"activationEvent":"*"}
[2021-03-16 13:38:20.649] [exthost] [info] ExtensionService#loadCommonJSModule file:///home/soic/.vscode-server/bin/f30a9b73e8ffc278e71575118b6bf568f04587c8/extensions/git/dist/main
[2021-03-16 13:38:21.199] [exthost] [info] ExtensionService#_doActivateExtension vscode.github {"startup":true,"extensionId":{"value":"vscode.github","_lower":"vscode.github"},"activationEvent":"*"}
[2021-03-16 13:38:21.199] [exthost] [info] ExtensionService#loadCommonJSModule file:///home/soic/.vscode-server/bin/f30a9b73e8ffc278e71575118b6bf568f04587c8/extensions/github/dist/extension.js
[2021-03-16 13:38:21.314] [exthost] [info] ExtensionService#_doActivateExtension ms-vscode.cmake-tools {"startup":true,"extensionId":{"value":"ms-vscode.cmake-tools","_lower":"ms-vscode.cmake-tools"},"activationEvent":"workspaceContains:**/CMakeLists.txt"}
[2021-03-16 13:38:21.315] [exthost] [info] ExtensionService#loadCommonJSModule file:///home/soic/.vscode-server/extensions/ms-vscode.cmake-tools-1.6.0/dist/main
[2021-03-16 13:38:21.454] [exthost] [info] ExtensionService#_doActivateExtension ms-vscode.js-debug {"startup":false,"extensionId":{"value":"ms-vscode.js-debug","_lower":"ms-vscode.js-debug"},"activationEvent":"onCommand:extension.js-debug.clearAutoAttachVariables"}
[2021-03-16 13:38:21.454] [exthost] [info] ExtensionService#loadCommonJSModule file:///home/soic/.vscode-server/bin/f30a9b73e8ffc278e71575118b6bf568f04587c8/extensions/ms-vscode.js-debug/src/extension.js
[2021-03-16 13:38:21.991] [exthost] [error] {"message":"Git error","stdout":"","stderr":"fatal: Pathspec '/home/soic/git_test/index.html' is in submodule 'git_test'\n","exitCode":128,"gitErrorCode":"IsInSubmodule"}
[2021-03-16 13:38:21.991] [exthost] [error] {"message":"Git error","stdout":"","stderr":"fatal: Pathspec '/home/soic/git_test/index.html' is in submodule 'git_test'\n","exitCode":128,"gitErrorCode":"IsInSubmodule"}
[2021-03-16 13:38:21.991] [exthost] [error] {"message":"Git error","stdout":"","stderr":"fatal: Pathspec '/home/soic/git_test/index.html' is in submodule 'git_test'\n","exitCode":128,"gitErrorCode":"IsInSubmodule"}
[2021-03-16 13:38:21.991] [exthost] [error] {"message":"Git error","stdout":"","stderr":"fatal: Pathspec '/home/soic/git_test/index.html' is in submodule 'git_test'\n","exitCode":128,"gitErrorCode":"IsInSubmodule"}
[2021-03-16 13:38:21.991] [exthost] [error] {"message":"Git error","stdout":"","stderr":"fatal: Pathspec '/home/soic/git_test/index.html' is in submodule 'git_test'\n","exitCode":128,"gitErrorCode":"IsInSubmodule"}
[2021-03-16 13:38:21.991] [exthost] [error] {"message":"Git error","stdout":"","stderr":"fatal: Pathspec '/home/soic/git_test/index.html' is in submodule 'git_test'\n","exitCode":128,"gitErrorCode":"IsInSubmodule"}
[2021-03-16 13:38:21.991] [exthost] [error] {"message":"Git error","stdout":"","stderr":"fatal: Pathspec '/home/soic/git_test/index.html' is in submodule 'git_test'\n","exitCode":128,"gitErrorCode":"IsInSubmodule"}
[2021-03-16 13:38:21.991] [exthost] [error] {"message":"Git error","stdout":"","stderr":"fatal: Pathspec '/home/soic/git_test/index.html' is in submodule 'git_test'\n","exitCode":128,"gitErrorCode":"IsInSubmodule"}
[2021-03-16 13:38:21.991] [exthost] [error] {"message":"Git error","stdout":"","stderr":"fatal: Pathspec '/home/soic/git_test/index.html' is in submodule 'git_test'\n","exitCode":128,"gitErrorCode":"IsInSubmodule"}
[2021-03-16 13:38:21.991] [exthost] [error] {"message":"Git error","stdout":"","stderr":"fatal: Pathspec '/home/soic/git_test/index.html' is in submodule 'git_test'\n","exitCode":128,"gitErrorCode":"IsInSubmodule"}
[2021-03-16 13:38:21.991] [exthost] [error] {"message":"Git error","stdout":"","stderr":"fatal: Pathspec '/home/soic/git_test/index.html' is in submodule 'git_test'\n","exitCode":128,"gitErrorCode":"IsInSubmodule"}
[2021-03-16 13:38:21.991] [exthost] [error] {"message":"Git error","stdout":"","stderr":"fatal: Pathspec '/home/soic/git_test/index.html' is in submodule 'git_test'\n","exitCode":128,"gitErrorCode":"IsInSubmodule"}
[2021-03-16 13:38:21.991] [exthost] [error] {"message":"Git error","stdout":"","stderr":"fatal: Pathspec '/home/soic/git_test/index.html' is in submodule 'git_test'\n","exitCode":128,"gitErrorCode":"IsInSubmodule"}
[2021-03-16 13:38:21.991] [exthost] [error] {"message":"Git error","stdout":"","stderr":"fatal: Pathspec '/home/soic/git_test/index.html' is in submodule 'git_test'\n","exitCode":128,"gitErrorCode":"IsInSubmodule"}
[2021-03-16 13:38:21.991] [exthost] [error] {"message":"Git error","stdout":"","stderr":"fatal: Pathspec '/home/soic/git_test/index.html' is in submodule 'git_test'\n","exitCode":128,"gitErrorCode":"IsInSubmodule"}
[2021-03-16 13:38:21.991] [exthost] [error] {"message":"Git error","stdout":"","stderr":"fatal: Pathspec '/home/soic/git_test/index.html' is in submodule 'git_test'\n","exitCode":128,"gitErrorCode":"IsInSubmodule"}
[2021-03-16 13:38:21.991] [exthost] [error] {"message":"Git error","stdout":"","stderr":"fatal: Pathspec '/home/soic/git_test/index.html' is in submodule 'git_test'\n","exitCode":128,"gitErrorCode":"IsInSubmodule"}
[2021-03-16 13:38:21.991] [exthost] [error] {"message":"Git error","stdout":"","stderr":"fatal: Pathspec '/home/soic/git_test/index.html' is in submodule 'git_test'\n","exitCode":128,"gitErrorCode":"IsInSubmodule"}
[2021-03-16 13:38:21.991] [exthost] [error] {"message":"Git error","stdout":"","stderr":"fatal: Pathspec '/home/soic/git_test/index.html' is in submodule 'git_test'\n","exitCode":128,"gitErrorCode":"IsInSubmodule"}
[2021-03-16 13:38:21.991] [exthost] [error] {"message":"Git error","stdout":"","stderr":"fatal: Pathspec '/home/soic/git_test/index.html' is in submodule 'git_test'\n","exitCode":128,"gitErrorCode":"IsInSubmodule"}
[2021-03-16 13:38:21.991] [exthost] [error] {"message":"Git error","stdout":"","stderr":"fatal: Pathspec '/home/soic/git_test/index.html' is in submodule 'git_test'\n","exitCode":128,"gitErrorCode":"IsInSubmodule"}
[2021-03-16 13:38:21.991] [exthost] [error] {"message":"Git error","stdout":"","stderr":"fatal: Pathspec '/home/soic/git_test/index.html' is in submodule 'git_test'\n","exitCode":128,"gitErrorCode":"IsInSubmodule"}
[2021-03-16 13:38:21.991] [exthost] [error] {"message":"Git error","stdout":"","stderr":"fatal: Pathspec '/home/soic/git_test/index.html' is in submodule 'git_test'\n","exitCode":128,"gitErrorCode":"IsInSubmodule"}
[2021-03-16 13:38:21.991] [exthost] [error] {"message":"Git error","stdout":"","stderr":"fatal: Pathspec '/home/soic/git_test/index.html' is in submodule 'git_test'\n","exitCode":128,"gitErrorCode":"IsInSubmodule"}
[2021-03-16 13:38:21.991] [exthost] [error] {"message":"Git error","stdout":"","stderr":"fatal: Pathspec '/home/soic/git_test/index.html' is in submodule 'git_test'\n","exitCode":128,"gitErrorCode":"IsInSubmodule"}
[2021-03-16 13:38:21.991] [exthost] [error] {"message":"Git error","stdout":"","stderr":"fatal: Pathspec '/home/soic/git_test/index.html' is in submodule 'git_test'\n","exitCode":128,"gitErrorCode":"IsInSubmodule"}
[2021-03-16 13:38:21.991] [exthost] [error] {"message":"Git error","stdout":"","stderr":"fatal: Pathspec '/home/soic/git_test/index.html' is in submodule 'git_test'\n","exitCode":128,"gitErrorCode":"IsInSubmodule"}
[2021-03-16 13:38:21.992] [exthost] [error] {"message":"Git error","stdout":"","stderr":"fatal: Pathspec '/home/soic/git_test/index.html' is in submodule 'git_test'\n","exitCode":128,"gitErrorCode":"IsInSubmodule"}
[2021-03-16 13:38:21.992] [exthost] [error] {"message":"Git error","stdout":"","stderr":"fatal: Pathspec '/home/soic/git_test/index.html' is in submodule 'git_test'\n","exitCode":128,"gitErrorCode":"IsInSubmodule"}
[2021-03-16 13:38:21.992] [exthost] [error] {"message":"Git error","stdout":"","stderr":"fatal: Pathspec '/home/soic/git_test/index.html' is in submodule 'git_test'\n","exitCode":128,"gitErrorCode":"IsInSubmodule"}
[2021-03-16 13:38:21.992] [exthost] [error] {"message":"Git error","stdout":"","stderr":"fatal: Pathspec '/home/soic/git_test/index.html' is in submodule 'git_test'\n","exitCode":128,"gitErrorCode":"IsInSubmodule"}
[2021-03-16 13:38:21.992] [exthost] [error] {"message":"Git error","stdout":"","stderr":"fatal: Pathspec '/home/soic/git_test/index.html' is in submodule 'git_test'\n","exitCode":128,"gitErrorCode":"IsInSubmodule"}
[2021-03-16 13:38:21.992] [exthost] [error] {"message":"Git error","stdout":"","stderr":"fatal: Pathspec '/home/soic/git_test/index.html' is in submodule 'git_test'\n","exitCode":128,"gitErrorCode":"IsInSubmodule"}
[2021-03-16 13:38:21.992] [exthost] [error] {"message":"Git error","stdout":"","stderr":"fatal: Pathspec '/home/soic/git_test/index.html' is in submodule 'git_test'\n","exitCode":128,"gitErrorCode":"IsInSubmodule"}
[2021-03-16 13:38:21.992] [exthost] [error] {"message":"Git error","stdout":"","stderr":"fatal: Pathspec '/home/soic/git_test/index.html' is in submodule 'git_test'\n","exitCode":128,"gitErrorCode":"IsInSubmodule"}
[2021-03-16 13:38:21.992] [exthost] [error] {"message":"Git error","stdout":"","stderr":"fatal: Pathspec '/home/soic/git_test/index.html' is in submodule 'git_test'\n","exitCode":128,"gitErrorCode":"IsInSubmodule"}
[2021-03-16 13:38:21.992] [exthost] [error] {"message":"Git error","stdout":"","stderr":"fatal: Pathspec '/home/soic/git_test/index.html' is in submodule 'git_test'\n","exitCode":128,"gitErrorCode":"IsInSubmodule"}
[2021-03-16 13:38:21.992] [exthost] [error] {"message":"Git error","stdout":"","stderr":"fatal: Pathspec '/home/soic/git_test/index.html' is in submodule 'git_test'\n","exitCode":128,"gitErrorCode":"IsInSubmodule"}
[2021-03-16 13:38:21.992] [exthost] [error] {"message":"Git error","stdout":"","stderr":"fatal: Pathspec '/home/soic/git_test/index.html' is in submodule 'git_test'\n","exitCode":128,"gitErrorCode":"IsInSubmodule"}
[2021-03-16 13:38:21.992] [exthost] [error] {"message":"Git error","stdout":"","stderr":"fatal: Pathspec '/home/soic/git_test/index.html' is in submodule 'git_test'\n","exitCode":128,"gitErrorCode":"IsInSubmodule"}
[2021-03-16 13:38:21.992] [exthost] [error] {"message":"Git error","stdout":"","stderr":"fatal: Pathspec '/home/soic/git_test/index.html' is in submodule 'git_test'\n","exitCode":128,"gitErrorCode":"IsInSubmodule"}
[2021-03-16 13:38:21.992] [exthost] [error] {"message":"Git error","stdout":"","stderr":"fatal: Pathspec '/home/soic/git_test/index.html' is in submodule 'git_test'\n","exitCode":128,"gitErrorCode":"IsInSubmodule"}
[2021-03-16 13:38:21.992] [exthost] [error] {"message":"Git error","stdout":"","stderr":"fatal: Pathspec '/home/soic/git_test/index.html' is in submodule 'git_test'\n","exitCode":128,"gitErrorCode":"IsInSubmodule"}
[2021-03-16 13:38:21.992] [exthost] [error] {"message":"Git error","stdout":"","stderr":"fatal: Pathspec '/home/soic/git_test/index.html' is in submodule 'git_test'\n","exitCode":128,"gitErrorCode":"IsInSubmodule"}
[2021-03-16 13:38:21.992] [exthost] [error] {"message":"Git error","stdout":"","stderr":"fatal: Pathspec '/home/soic/git_test/index.html' is in submodule 'git_test'\n","exitCode":128,"gitErrorCode":"IsInSubmodule"}
[2021-03-16 13:38:21.992] [exthost] [error] {"message":"Git error","stdout":"","stderr":"fatal: Pathspec '/home/soic/git_test/index.html' is in submodule 'git_test'\n","exitCode":128,"gitErrorCode":"IsInSubmodule"}
[2021-03-16 13:38:21.992] [exthost] [error] {"message":"Git error","stdout":"","stderr":"fatal: Pathspec '/home/soic/git_test/index.html' is in submodule 'git_test'\n","exitCode":128,"gitErrorCode":"IsInSubmodule"}
[2021-03-16 13:38:21.992] [exthost] [error] {"message":"Git error","stdout":"","stderr":"fatal: Pathspec '/home/soic/git_test/index.html' is in submodule 'git_test'\n","exitCode":128,"gitErrorCode":"IsInSubmodule"}
[2021-03-16 13:38:22.041] [exthost] [info] ExtensionService#_doActivateExtension vscode.emmet {"startup":false,"extensionId":{"value":"vscode.emmet","_lower":"vscode.emmet"},"activationEvent":"onStartupFinished"}
[2021-03-16 13:38:22.041] [exthost] [info] ExtensionService#loadCommonJSModule file:///home/soic/.vscode-server/bin/f30a9b73e8ffc278e71575118b6bf568f04587c8/extensions/emmet/dist/node/emmetNodeMain
[2021-03-16 13:38:22.063] [exthost] [info] ExtensionService#_doActivateExtension vscode.merge-conflict {"startup":false,"extensionId":{"value":"vscode.merge-conflict","_lower":"vscode.merge-conflict"},"activationEvent":"onStartupFinished"}
[2021-03-16 13:38:22.063] [exthost] [info] ExtensionService#loadCommonJSModule file:///home/soic/.vscode-server/bin/f30a9b73e8ffc278e71575118b6bf568f04587c8/extensions/merge-conflict/dist/mergeConflictMain
[2021-03-16 13:38:22.071] [exthost] [info] ExtensionService#_doActivateExtension vscode.testing-editor-contributions {"startup":false,"extensionId":{"value":"vscode.testing-editor-contributions","_lower":"vscode.testing-editor-contributions"},"activationEvent":"onStartupFinished"}
[2021-03-16 13:38:22.071] [exthost] [info] ExtensionService#loadCommonJSModule file:///home/soic/.vscode-server/bin/f30a9b73e8ffc278e71575118b6bf568f04587c8/extensions/testing-editor-contributions/dist/extension.js
[2021-03-16 13:38:22.073] [exthost] [info] eager extensions activated
[2021-03-17 11:35:09.625] [exthost] [info] extension host terminating: received terminate message from renderer
[2021-03-17 11:35:10.673] [exthost] [info] exiting with code 0
