[2021-03-03 14:07:56.032] [exthost] [info] extension host started
[2021-03-03 14:07:56.091] [exthost] [info] ExtensionService#_doActivateExtension ms-vscode.cpptools {"startup":false,"extensionId":{"value":"ms-vscode.cpptools","_lower":"ms-vscode.cpptools"},"activationEvent":"onLanguage:cpp"}
[2021-03-03 14:07:56.092] [exthost] [info] ExtensionService#loadCommonJSModule file:///home/soic/.vscode-server/extensions/ms-vscode.cpptools-1.2.2/dist/main
[2021-03-03 14:07:56.174] [exthost] [info] ExtensionService#_doActivateExtension vscode.debug-auto-launch {"startup":true,"extensionId":{"value":"vscode.debug-auto-launch","_lower":"vscode.debug-auto-launch"},"activationEvent":"*"}
[2021-03-03 14:07:56.174] [exthost] [info] ExtensionService#loadCommonJSModule file:///home/soic/.vscode-server/bin/622cb03f7e070a9670c94bae1a45d78d7181fbd4/extensions/debug-auto-launch/dist/extension
[2021-03-03 14:07:56.180] [exthost] [info] ExtensionService#_doActivateExtension vscode.git {"startup":true,"extensionId":{"value":"vscode.github","_lower":"vscode.github"},"activationEvent":"*"}
[2021-03-03 14:07:56.180] [exthost] [info] ExtensionService#loadCommonJSModule file:///home/soic/.vscode-server/bin/622cb03f7e070a9670c94bae1a45d78d7181fbd4/extensions/git/dist/main
[2021-03-03 14:07:56.511] [exthost] [info] ExtensionService#_doActivateExtension vscode.github {"startup":true,"extensionId":{"value":"vscode.github","_lower":"vscode.github"},"activationEvent":"*"}
[2021-03-03 14:07:56.511] [exthost] [info] ExtensionService#loadCommonJSModule file:///home/soic/.vscode-server/bin/622cb03f7e070a9670c94bae1a45d78d7181fbd4/extensions/github/dist/extension.js
[2021-03-03 14:07:56.694] [exthost] [info] ExtensionService#_doActivateExtension ms-vscode.cmake-tools {"startup":true,"extensionId":{"value":"ms-vscode.cmake-tools","_lower":"ms-vscode.cmake-tools"},"activationEvent":"workspaceContains:**/CMakeLists.txt"}
[2021-03-03 14:07:56.694] [exthost] [info] ExtensionService#loadCommonJSModule file:///home/soic/.vscode-server/extensions/ms-vscode.cmake-tools-1.6.0/dist/main
[2021-03-03 14:07:56.822] [exthost] [info] ExtensionService#_doActivateExtension ms-vscode.js-debug {"startup":false,"extensionId":{"value":"ms-vscode.js-debug","_lower":"ms-vscode.js-debug"},"activationEvent":"onCommand:extension.js-debug.clearAutoAttachVariables"}
[2021-03-03 14:07:56.822] [exthost] [info] ExtensionService#loadCommonJSModule file:///home/soic/.vscode-server/bin/622cb03f7e070a9670c94bae1a45d78d7181fbd4/extensions/ms-vscode.js-debug/src/extension.js
[2021-03-03 14:07:57.455] [exthost] [info] ExtensionService#_doActivateExtension vscode.emmet {"startup":false,"extensionId":{"value":"vscode.emmet","_lower":"vscode.emmet"},"activationEvent":"onStartupFinished"}
[2021-03-03 14:07:57.455] [exthost] [info] ExtensionService#loadCommonJSModule file:///home/soic/.vscode-server/bin/622cb03f7e070a9670c94bae1a45d78d7181fbd4/extensions/emmet/dist/node/emmetNodeMain
[2021-03-03 14:07:57.475] [exthost] [info] ExtensionService#_doActivateExtension vscode.merge-conflict {"startup":false,"extensionId":{"value":"vscode.merge-conflict","_lower":"vscode.merge-conflict"},"activationEvent":"onStartupFinished"}
[2021-03-03 14:07:57.475] [exthost] [info] ExtensionService#loadCommonJSModule file:///home/soic/.vscode-server/bin/622cb03f7e070a9670c94bae1a45d78d7181fbd4/extensions/merge-conflict/dist/mergeConflictMain
[2021-03-03 14:07:57.482] [exthost] [info] ExtensionService#_doActivateExtension vscode.testing-editor-contributions {"startup":false,"extensionId":{"value":"vscode.testing-editor-contributions","_lower":"vscode.testing-editor-contributions"},"activationEvent":"onStartupFinished"}
[2021-03-03 14:07:57.482] [exthost] [info] ExtensionService#loadCommonJSModule file:///home/soic/.vscode-server/bin/622cb03f7e070a9670c94bae1a45d78d7181fbd4/extensions/testing-editor-contributions/dist/extension.js
[2021-03-03 14:07:57.486] [exthost] [info] eager extensions activated
[2021-03-03 14:08:05.750] [exthost] [warning] [Decorations] CAPPING events from decorations provider vscode.git 254
[2021-03-03 14:08:10.855] [exthost] [warning] [Decorations] CAPPING events from decorations provider vscode.git 254
[2021-03-03 14:08:15.961] [exthost] [warning] [Decorations] CAPPING events from decorations provider vscode.git 254
[2021-03-03 14:08:21.065] [exthost] [warning] [Decorations] CAPPING events from decorations provider vscode.git 254
[2021-03-03 14:08:26.170] [exthost] [warning] [Decorations] CAPPING events from decorations provider vscode.git 254
[2021-03-03 14:08:31.275] [exthost] [warning] [Decorations] CAPPING events from decorations provider vscode.git 254
[2021-03-03 14:08:36.384] [exthost] [warning] [Decorations] CAPPING events from decorations provider vscode.git 254
[2021-03-03 14:08:41.493] [exthost] [warning] [Decorations] CAPPING events from decorations provider vscode.git 254
[2021-03-03 14:08:46.605] [exthost] [warning] [Decorations] CAPPING events from decorations provider vscode.git 254
[2021-03-03 14:08:51.719] [exthost] [warning] [Decorations] CAPPING events from decorations provider vscode.git 254
[2021-03-03 14:08:56.833] [exthost] [warning] [Decorations] CAPPING events from decorations provider vscode.git 254
[2021-03-03 14:09:01.938] [exthost] [warning] [Decorations] CAPPING events from decorations provider vscode.git 254
[2021-03-03 14:09:07.049] [exthost] [warning] [Decorations] CAPPING events from decorations provider vscode.git 254
[2021-03-03 14:09:12.156] [exthost] [warning] [Decorations] CAPPING events from decorations provider vscode.git 254
[2021-03-03 14:09:17.262] [exthost] [warning] [Decorations] CAPPING events from decorations provider vscode.git 254
[2021-03-03 14:09:22.375] [exthost] [warning] [Decorations] CAPPING events from decorations provider vscode.git 254
[2021-03-03 14:09:27.480] [exthost] [warning] [Decorations] CAPPING events from decorations provider vscode.git 254
[2021-03-03 14:09:32.586] [exthost] [warning] [Decorations] CAPPING events from decorations provider vscode.git 254
[2021-03-03 14:09:37.702] [exthost] [warning] [Decorations] CAPPING events from decorations provider vscode.git 254
[2021-03-03 14:09:42.813] [exthost] [warning] [Decorations] CAPPING events from decorations provider vscode.git 254
[2021-03-03 14:09:47.928] [exthost] [warning] [Decorations] CAPPING events from decorations provider vscode.git 254
