[2021-03-17 14:10:09.272] [exthost] [info] extension host started
[2021-03-17 14:10:09.311] [exthost] [info] ExtensionService#_doActivateExtension ms-vscode.cpptools {"startup":false,"extensionId":{"value":"ms-vscode.cpptools","_lower":"ms-vscode.cpptools"},"activationEvent":"onLanguage:cpp"}
[2021-03-17 14:10:09.311] [exthost] [info] ExtensionService#loadCommonJSModule file:///home/soic/.vscode-server/extensions/ms-vscode.cpptools-1.2.2/dist/main
[2021-03-17 14:10:09.404] [exthost] [info] ExtensionService#_doActivateExtension vscode.debug-auto-launch {"startup":true,"extensionId":{"value":"vscode.debug-auto-launch","_lower":"vscode.debug-auto-launch"},"activationEvent":"*"}
[2021-03-17 14:10:09.404] [exthost] [info] ExtensionService#loadCommonJSModule file:///home/soic/.vscode-server/bin/2b9aebd5354a3629c3aba0a5f5df49f43d6689f8/extensions/debug-auto-launch/dist/extension
[2021-03-17 14:10:09.414] [exthost] [info] ExtensionService#_doActivateExtension vscode.git {"startup":true,"extensionId":{"value":"vscode.github","_lower":"vscode.github"},"activationEvent":"*"}
[2021-03-17 14:10:09.414] [exthost] [info] ExtensionService#loadCommonJSModule file:///home/soic/.vscode-server/bin/2b9aebd5354a3629c3aba0a5f5df49f43d6689f8/extensions/git/dist/main
[2021-03-17 14:10:10.066] [exthost] [info] ExtensionService#_doActivateExtension vscode.github {"startup":true,"extensionId":{"value":"vscode.github","_lower":"vscode.github"},"activationEvent":"*"}
[2021-03-17 14:10:10.067] [exthost] [info] ExtensionService#loadCommonJSModule file:///home/soic/.vscode-server/bin/2b9aebd5354a3629c3aba0a5f5df49f43d6689f8/extensions/github/dist/extension.js
[2021-03-17 14:10:10.264] [exthost] [info] ExtensionService#_doActivateExtension ms-vscode.js-debug {"startup":false,"extensionId":{"value":"ms-vscode.js-debug","_lower":"ms-vscode.js-debug"},"activationEvent":"onCommand:extension.js-debug.clearAutoAttachVariables"}
[2021-03-17 14:10:10.264] [exthost] [info] ExtensionService#loadCommonJSModule file:///home/soic/.vscode-server/bin/2b9aebd5354a3629c3aba0a5f5df49f43d6689f8/extensions/ms-vscode.js-debug/src/extension.js
[2021-03-17 14:10:10.643] [exthost] [warning] [Decorations] CAPPING events from decorations provider vscode.git 2743
[2021-03-17 14:10:11.419] [exthost] [info] ExtensionService#_doActivateExtension ms-vscode.cmake-tools {"startup":true,"extensionId":{"value":"ms-vscode.cmake-tools","_lower":"ms-vscode.cmake-tools"},"activationEvent":"workspaceContains:**/CMakeLists.txt"}
[2021-03-17 14:10:11.419] [exthost] [info] ExtensionService#loadCommonJSModule file:///home/soic/.vscode-server/extensions/ms-vscode.cmake-tools-1.6.0/dist/main
[2021-03-17 14:10:11.507] [exthost] [error] {"message":"Git error","stdout":"","stderr":"fatal: Pathspec '/home/soic/git_test/index.html' is in submodule 'git_test'\n","exitCode":128,"gitErrorCode":"IsInSubmodule"}
[2021-03-17 14:10:11.507] [exthost] [error] {"message":"Git error","stdout":"","stderr":"fatal: Pathspec '/home/soic/git_test/index.html' is in submodule 'git_test'\n","exitCode":128,"gitErrorCode":"IsInSubmodule"}
[2021-03-17 14:10:11.507] [exthost] [error] {"message":"Git error","stdout":"","stderr":"fatal: Pathspec '/home/soic/git_test/index.html' is in submodule 'git_test'\n","exitCode":128,"gitErrorCode":"IsInSubmodule"}
[2021-03-17 14:10:11.507] [exthost] [error] {"message":"Git error","stdout":"","stderr":"fatal: Pathspec '/home/soic/git_test/index.html' is in submodule 'git_test'\n","exitCode":128,"gitErrorCode":"IsInSubmodule"}
[2021-03-17 14:10:11.507] [exthost] [error] {"message":"Git error","stdout":"","stderr":"fatal: Pathspec '/home/soic/git_test/index.html' is in submodule 'git_test'\n","exitCode":128,"gitErrorCode":"IsInSubmodule"}
[2021-03-17 14:10:11.507] [exthost] [error] {"message":"Git error","stdout":"","stderr":"fatal: Pathspec '/home/soic/git_test/index.html' is in submodule 'git_test'\n","exitCode":128,"gitErrorCode":"IsInSubmodule"}
[2021-03-17 14:10:11.507] [exthost] [error] {"message":"Git error","stdout":"","stderr":"fatal: Pathspec '/home/soic/git_test/index.html' is in submodule 'git_test'\n","exitCode":128,"gitErrorCode":"IsInSubmodule"}
[2021-03-17 14:10:11.507] [exthost] [error] {"message":"Git error","stdout":"","stderr":"fatal: Pathspec '/home/soic/git_test/index.html' is in submodule 'git_test'\n","exitCode":128,"gitErrorCode":"IsInSubmodule"}
[2021-03-17 14:10:11.507] [exthost] [error] {"message":"Git error","stdout":"","stderr":"fatal: Pathspec '/home/soic/git_test/index.html' is in submodule 'git_test'\n","exitCode":128,"gitErrorCode":"IsInSubmodule"}
[2021-03-17 14:10:11.507] [exthost] [error] {"message":"Git error","stdout":"","stderr":"fatal: Pathspec '/home/soic/git_test/index.html' is in submodule 'git_test'\n","exitCode":128,"gitErrorCode":"IsInSubmodule"}
[2021-03-17 14:10:11.507] [exthost] [error] {"message":"Git error","stdout":"","stderr":"fatal: Pathspec '/home/soic/git_test/index.html' is in submodule 'git_test'\n","exitCode":128,"gitErrorCode":"IsInSubmodule"}
[2021-03-17 14:10:11.507] [exthost] [error] {"message":"Git error","stdout":"","stderr":"fatal: Pathspec '/home/soic/git_test/index.html' is in submodule 'git_test'\n","exitCode":128,"gitErrorCode":"IsInSubmodule"}
[2021-03-17 14:10:11.507] [exthost] [error] {"message":"Git error","stdout":"","stderr":"fatal: Pathspec '/home/soic/git_test/index.html' is in submodule 'git_test'\n","exitCode":128,"gitErrorCode":"IsInSubmodule"}
[2021-03-17 14:10:11.507] [exthost] [error] {"message":"Git error","stdout":"","stderr":"fatal: Pathspec '/home/soic/git_test/index.html' is in submodule 'git_test'\n","exitCode":128,"gitErrorCode":"IsInSubmodule"}
[2021-03-17 14:10:11.507] [exthost] [error] {"message":"Git error","stdout":"","stderr":"fatal: Pathspec '/home/soic/git_test/index.html' is in submodule 'git_test'\n","exitCode":128,"gitErrorCode":"IsInSubmodule"}
[2021-03-17 14:10:11.507] [exthost] [error] {"message":"Git error","stdout":"","stderr":"fatal: Pathspec '/home/soic/git_test/index.html' is in submodule 'git_test'\n","exitCode":128,"gitErrorCode":"IsInSubmodule"}
[2021-03-17 14:10:11.507] [exthost] [error] {"message":"Git error","stdout":"","stderr":"fatal: Pathspec '/home/soic/git_test/index.html' is in submodule 'git_test'\n","exitCode":128,"gitErrorCode":"IsInSubmodule"}
[2021-03-17 14:10:11.507] [exthost] [error] {"message":"Git error","stdout":"","stderr":"fatal: Pathspec '/home/soic/git_test/index.html' is in submodule 'git_test'\n","exitCode":128,"gitErrorCode":"IsInSubmodule"}
[2021-03-17 14:10:11.507] [exthost] [error] {"message":"Git error","stdout":"","stderr":"fatal: Pathspec '/home/soic/git_test/index.html' is in submodule 'git_test'\n","exitCode":128,"gitErrorCode":"IsInSubmodule"}
[2021-03-17 14:10:11.507] [exthost] [error] {"message":"Git error","stdout":"","stderr":"fatal: Pathspec '/home/soic/git_test/index.html' is in submodule 'git_test'\n","exitCode":128,"gitErrorCode":"IsInSubmodule"}
[2021-03-17 14:10:11.508] [exthost] [error] {"message":"Git error","stdout":"","stderr":"fatal: Pathspec '/home/soic/git_test/index.html' is in submodule 'git_test'\n","exitCode":128,"gitErrorCode":"IsInSubmodule"}
[2021-03-17 14:10:11.508] [exthost] [error] {"message":"Git error","stdout":"","stderr":"fatal: Pathspec '/home/soic/git_test/index.html' is in submodule 'git_test'\n","exitCode":128,"gitErrorCode":"IsInSubmodule"}
[2021-03-17 14:10:11.508] [exthost] [error] {"message":"Git error","stdout":"","stderr":"fatal: Pathspec '/home/soic/git_test/index.html' is in submodule 'git_test'\n","exitCode":128,"gitErrorCode":"IsInSubmodule"}
[2021-03-17 14:10:11.508] [exthost] [error] {"message":"Git error","stdout":"","stderr":"fatal: Pathspec '/home/soic/git_test/index.html' is in submodule 'git_test'\n","exitCode":128,"gitErrorCode":"IsInSubmodule"}
[2021-03-17 14:10:11.508] [exthost] [error] {"message":"Git error","stdout":"","stderr":"fatal: Pathspec '/home/soic/git_test/index.html' is in submodule 'git_test'\n","exitCode":128,"gitErrorCode":"IsInSubmodule"}
[2021-03-17 14:10:11.508] [exthost] [error] {"message":"Git error","stdout":"","stderr":"fatal: Pathspec '/home/soic/git_test/index.html' is in submodule 'git_test'\n","exitCode":128,"gitErrorCode":"IsInSubmodule"}
[2021-03-17 14:10:11.508] [exthost] [error] {"message":"Git error","stdout":"","stderr":"fatal: Pathspec '/home/soic/git_test/index.html' is in submodule 'git_test'\n","exitCode":128,"gitErrorCode":"IsInSubmodule"}
[2021-03-17 14:10:11.508] [exthost] [error] {"message":"Git error","stdout":"","stderr":"fatal: Pathspec '/home/soic/git_test/index.html' is in submodule 'git_test'\n","exitCode":128,"gitErrorCode":"IsInSubmodule"}
[2021-03-17 14:10:11.508] [exthost] [error] {"message":"Git error","stdout":"","stderr":"fatal: Pathspec '/home/soic/git_test/index.html' is in submodule 'git_test'\n","exitCode":128,"gitErrorCode":"IsInSubmodule"}
[2021-03-17 14:10:11.508] [exthost] [error] {"message":"Git error","stdout":"","stderr":"fatal: Pathspec '/home/soic/git_test/index.html' is in submodule 'git_test'\n","exitCode":128,"gitErrorCode":"IsInSubmodule"}
[2021-03-17 14:10:11.508] [exthost] [error] {"message":"Git error","stdout":"","stderr":"fatal: Pathspec '/home/soic/git_test/index.html' is in submodule 'git_test'\n","exitCode":128,"gitErrorCode":"IsInSubmodule"}
[2021-03-17 14:10:11.508] [exthost] [error] {"message":"Git error","stdout":"","stderr":"fatal: Pathspec '/home/soic/git_test/index.html' is in submodule 'git_test'\n","exitCode":128,"gitErrorCode":"IsInSubmodule"}
[2021-03-17 14:10:11.508] [exthost] [error] {"message":"Git error","stdout":"","stderr":"fatal: Pathspec '/home/soic/git_test/index.html' is in submodule 'git_test'\n","exitCode":128,"gitErrorCode":"IsInSubmodule"}
[2021-03-17 14:10:11.508] [exthost] [error] {"message":"Git error","stdout":"","stderr":"fatal: Pathspec '/home/soic/git_test/index.html' is in submodule 'git_test'\n","exitCode":128,"gitErrorCode":"IsInSubmodule"}
[2021-03-17 14:10:11.508] [exthost] [error] {"message":"Git error","stdout":"","stderr":"fatal: Pathspec '/home/soic/git_test/index.html' is in submodule 'git_test'\n","exitCode":128,"gitErrorCode":"IsInSubmodule"}
[2021-03-17 14:10:11.508] [exthost] [error] {"message":"Git error","stdout":"","stderr":"fatal: Pathspec '/home/soic/git_test/index.html' is in submodule 'git_test'\n","exitCode":128,"gitErrorCode":"IsInSubmodule"}
[2021-03-17 14:10:11.508] [exthost] [error] {"message":"Git error","stdout":"","stderr":"fatal: Pathspec '/home/soic/git_test/index.html' is in submodule 'git_test'\n","exitCode":128,"gitErrorCode":"IsInSubmodule"}
[2021-03-17 14:10:11.508] [exthost] [error] {"message":"Git error","stdout":"","stderr":"fatal: Pathspec '/home/soic/git_test/index.html' is in submodule 'git_test'\n","exitCode":128,"gitErrorCode":"IsInSubmodule"}
[2021-03-17 14:10:11.508] [exthost] [error] {"message":"Git error","stdout":"","stderr":"fatal: Pathspec '/home/soic/git_test/index.html' is in submodule 'git_test'\n","exitCode":128,"gitErrorCode":"IsInSubmodule"}
[2021-03-17 14:10:11.508] [exthost] [error] {"message":"Git error","stdout":"","stderr":"fatal: Pathspec '/home/soic/git_test/index.html' is in submodule 'git_test'\n","exitCode":128,"gitErrorCode":"IsInSubmodule"}
[2021-03-17 14:10:11.508] [exthost] [error] {"message":"Git error","stdout":"","stderr":"fatal: Pathspec '/home/soic/git_test/index.html' is in submodule 'git_test'\n","exitCode":128,"gitErrorCode":"IsInSubmodule"}
[2021-03-17 14:10:11.508] [exthost] [error] {"message":"Git error","stdout":"","stderr":"fatal: Pathspec '/home/soic/git_test/index.html' is in submodule 'git_test'\n","exitCode":128,"gitErrorCode":"IsInSubmodule"}
[2021-03-17 14:10:11.508] [exthost] [error] {"message":"Git error","stdout":"","stderr":"fatal: Pathspec '/home/soic/git_test/index.html' is in submodule 'git_test'\n","exitCode":128,"gitErrorCode":"IsInSubmodule"}
[2021-03-17 14:10:11.508] [exthost] [error] {"message":"Git error","stdout":"","stderr":"fatal: Pathspec '/home/soic/git_test/index.html' is in submodule 'git_test'\n","exitCode":128,"gitErrorCode":"IsInSubmodule"}
[2021-03-17 14:10:11.508] [exthost] [error] {"message":"Git error","stdout":"","stderr":"fatal: Pathspec '/home/soic/git_test/index.html' is in submodule 'git_test'\n","exitCode":128,"gitErrorCode":"IsInSubmodule"}
[2021-03-17 14:10:11.508] [exthost] [error] {"message":"Git error","stdout":"","stderr":"fatal: Pathspec '/home/soic/git_test/index.html' is in submodule 'git_test'\n","exitCode":128,"gitErrorCode":"IsInSubmodule"}
[2021-03-17 14:10:11.508] [exthost] [error] {"message":"Git error","stdout":"","stderr":"fatal: Pathspec '/home/soic/git_test/index.html' is in submodule 'git_test'\n","exitCode":128,"gitErrorCode":"IsInSubmodule"}
[2021-03-17 14:10:11.508] [exthost] [error] {"message":"Git error","stdout":"","stderr":"fatal: Pathspec '/home/soic/git_test/index.html' is in submodule 'git_test'\n","exitCode":128,"gitErrorCode":"IsInSubmodule"}
[2021-03-17 14:10:11.508] [exthost] [error] {"message":"Git error","stdout":"","stderr":"fatal: Pathspec '/home/soic/git_test/index.html' is in submodule 'git_test'\n","exitCode":128,"gitErrorCode":"IsInSubmodule"}
[2021-03-17 14:10:11.508] [exthost] [error] {"message":"Git error","stdout":"","stderr":"fatal: Pathspec '/home/soic/git_test/index.html' is in submodule 'git_test'\n","exitCode":128,"gitErrorCode":"IsInSubmodule"}
[2021-03-17 14:10:11.508] [exthost] [error] {"message":"Git error","stdout":"","stderr":"fatal: Pathspec '/home/soic/git_test/index.html' is in submodule 'git_test'\n","exitCode":128,"gitErrorCode":"IsInSubmodule"}
[2021-03-17 14:10:11.508] [exthost] [error] {"message":"Git error","stdout":"","stderr":"fatal: Pathspec '/home/soic/git_test/index.html' is in submodule 'git_test'\n","exitCode":128,"gitErrorCode":"IsInSubmodule"}
[2021-03-17 14:10:11.508] [exthost] [error] {"message":"Git error","stdout":"","stderr":"fatal: Pathspec '/home/soic/git_test/index.html' is in submodule 'git_test'\n","exitCode":128,"gitErrorCode":"IsInSubmodule"}
[2021-03-17 14:10:11.508] [exthost] [error] {"message":"Git error","stdout":"","stderr":"fatal: Pathspec '/home/soic/git_test/index.html' is in submodule 'git_test'\n","exitCode":128,"gitErrorCode":"IsInSubmodule"}
[2021-03-17 14:10:11.508] [exthost] [error] {"message":"Git error","stdout":"","stderr":"fatal: Pathspec '/home/soic/git_test/index.html' is in submodule 'git_test'\n","exitCode":128,"gitErrorCode":"IsInSubmodule"}
[2021-03-17 14:10:11.508] [exthost] [error] {"message":"Git error","stdout":"","stderr":"fatal: Pathspec '/home/soic/git_test/index.html' is in submodule 'git_test'\n","exitCode":128,"gitErrorCode":"IsInSubmodule"}
[2021-03-17 14:10:11.508] [exthost] [error] {"message":"Git error","stdout":"","stderr":"fatal: Pathspec '/home/soic/git_test/index.html' is in submodule 'git_test'\n","exitCode":128,"gitErrorCode":"IsInSubmodule"}
[2021-03-17 14:10:11.508] [exthost] [error] {"message":"Git error","stdout":"","stderr":"fatal: Pathspec '/home/soic/git_test/index.html' is in submodule 'git_test'\n","exitCode":128,"gitErrorCode":"IsInSubmodule"}
[2021-03-17 14:10:11.508] [exthost] [error] {"message":"Git error","stdout":"","stderr":"fatal: Pathspec '/home/soic/git_test/index.html' is in submodule 'git_test'\n","exitCode":128,"gitErrorCode":"IsInSubmodule"}
[2021-03-17 14:10:11.508] [exthost] [error] {"message":"Git error","stdout":"","stderr":"fatal: Pathspec '/home/soic/git_test/index.html' is in submodule 'git_test'\n","exitCode":128,"gitErrorCode":"IsInSubmodule"}
[2021-03-17 14:10:11.508] [exthost] [error] {"message":"Git error","stdout":"","stderr":"fatal: Pathspec '/home/soic/git_test/index.html' is in submodule 'git_test'\n","exitCode":128,"gitErrorCode":"IsInSubmodule"}
[2021-03-17 14:10:11.508] [exthost] [error] {"message":"Git error","stdout":"","stderr":"fatal: Pathspec '/home/soic/git_test/index.html' is in submodule 'git_test'\n","exitCode":128,"gitErrorCode":"IsInSubmodule"}
[2021-03-17 14:10:11.508] [exthost] [error] {"message":"Git error","stdout":"","stderr":"fatal: Pathspec '/home/soic/git_test/index.html' is in submodule 'git_test'\n","exitCode":128,"gitErrorCode":"IsInSubmodule"}
[2021-03-17 14:10:11.508] [exthost] [error] {"message":"Git error","stdout":"","stderr":"fatal: Pathspec '/home/soic/git_test/index.html' is in submodule 'git_test'\n","exitCode":128,"gitErrorCode":"IsInSubmodule"}
[2021-03-17 14:10:11.508] [exthost] [error] {"message":"Git error","stdout":"","stderr":"fatal: Pathspec '/home/soic/git_test/index.html' is in submodule 'git_test'\n","exitCode":128,"gitErrorCode":"IsInSubmodule"}
[2021-03-17 14:10:11.508] [exthost] [error] {"message":"Git error","stdout":"","stderr":"fatal: Pathspec '/home/soic/git_test/index.html' is in submodule 'git_test'\n","exitCode":128,"gitErrorCode":"IsInSubmodule"}
[2021-03-17 14:10:11.508] [exthost] [error] {"message":"Git error","stdout":"","stderr":"fatal: Pathspec '/home/soic/git_test/index.html' is in submodule 'git_test'\n","exitCode":128,"gitErrorCode":"IsInSubmodule"}
[2021-03-17 14:10:11.508] [exthost] [error] {"message":"Git error","stdout":"","stderr":"fatal: Pathspec '/home/soic/git_test/index.html' is in submodule 'git_test'\n","exitCode":128,"gitErrorCode":"IsInSubmodule"}
[2021-03-17 14:10:11.508] [exthost] [error] {"message":"Git error","stdout":"","stderr":"fatal: Pathspec '/home/soic/git_test/index.html' is in submodule 'git_test'\n","exitCode":128,"gitErrorCode":"IsInSubmodule"}
[2021-03-17 14:10:11.508] [exthost] [error] {"message":"Git error","stdout":"","stderr":"fatal: Pathspec '/home/soic/git_test/index.html' is in submodule 'git_test'\n","exitCode":128,"gitErrorCode":"IsInSubmodule"}
[2021-03-17 14:10:11.508] [exthost] [error] {"message":"Git error","stdout":"","stderr":"fatal: Pathspec '/home/soic/git_test/index.html' is in submodule 'git_test'\n","exitCode":128,"gitErrorCode":"IsInSubmodule"}
[2021-03-17 14:10:11.508] [exthost] [error] {"message":"Git error","stdout":"","stderr":"fatal: Pathspec '/home/soic/git_test/index.html' is in submodule 'git_test'\n","exitCode":128,"gitErrorCode":"IsInSubmodule"}
[2021-03-17 14:10:11.509] [exthost] [error] {"message":"Git error","stdout":"","stderr":"fatal: Pathspec '/home/soic/git_test/index.html' is in submodule 'git_test'\n","exitCode":128,"gitErrorCode":"IsInSubmodule"}
[2021-03-17 14:10:11.509] [exthost] [error] {"message":"Git error","stdout":"","stderr":"fatal: Pathspec '/home/soic/git_test/index.html' is in submodule 'git_test'\n","exitCode":128,"gitErrorCode":"IsInSubmodule"}
[2021-03-17 14:10:11.509] [exthost] [error] {"message":"Git error","stdout":"","stderr":"fatal: Pathspec '/home/soic/git_test/index.html' is in submodule 'git_test'\n","exitCode":128,"gitErrorCode":"IsInSubmodule"}
[2021-03-17 14:10:11.509] [exthost] [error] {"message":"Git error","stdout":"","stderr":"fatal: Pathspec '/home/soic/git_test/index.html' is in submodule 'git_test'\n","exitCode":128,"gitErrorCode":"IsInSubmodule"}
[2021-03-17 14:10:11.509] [exthost] [error] {"message":"Git error","stdout":"","stderr":"fatal: Pathspec '/home/soic/git_test/index.html' is in submodule 'git_test'\n","exitCode":128,"gitErrorCode":"IsInSubmodule"}
[2021-03-17 14:10:11.509] [exthost] [error] {"message":"Git error","stdout":"","stderr":"fatal: Pathspec '/home/soic/git_test/index.html' is in submodule 'git_test'\n","exitCode":128,"gitErrorCode":"IsInSubmodule"}
[2021-03-17 14:10:11.509] [exthost] [error] {"message":"Git error","stdout":"","stderr":"fatal: Pathspec '/home/soic/git_test/index.html' is in submodule 'git_test'\n","exitCode":128,"gitErrorCode":"IsInSubmodule"}
[2021-03-17 14:10:11.509] [exthost] [error] {"message":"Git error","stdout":"","stderr":"fatal: Pathspec '/home/soic/git_test/index.html' is in submodule 'git_test'\n","exitCode":128,"gitErrorCode":"IsInSubmodule"}
[2021-03-17 14:10:11.509] [exthost] [error] {"message":"Git error","stdout":"","stderr":"fatal: Pathspec '/home/soic/git_test/index.html' is in submodule 'git_test'\n","exitCode":128,"gitErrorCode":"IsInSubmodule"}
[2021-03-17 14:10:11.509] [exthost] [error] {"message":"Git error","stdout":"","stderr":"fatal: Pathspec '/home/soic/git_test/index.html' is in submodule 'git_test'\n","exitCode":128,"gitErrorCode":"IsInSubmodule"}
[2021-03-17 14:10:11.509] [exthost] [error] {"message":"Git error","stdout":"","stderr":"fatal: Pathspec '/home/soic/git_test/index.html' is in submodule 'git_test'\n","exitCode":128,"gitErrorCode":"IsInSubmodule"}
[2021-03-17 14:10:11.509] [exthost] [error] {"message":"Git error","stdout":"","stderr":"fatal: Pathspec '/home/soic/git_test/index.html' is in submodule 'git_test'\n","exitCode":128,"gitErrorCode":"IsInSubmodule"}
[2021-03-17 14:10:11.575] [exthost] [warning] [Decorations] CAPPING events from decorations provider vscode.git 2743
[2021-03-17 14:10:12.882] [exthost] [info] ExtensionService#_doActivateExtension vscode.emmet {"startup":false,"extensionId":{"value":"vscode.emmet","_lower":"vscode.emmet"},"activationEvent":"onStartupFinished"}
[2021-03-17 14:10:12.882] [exthost] [info] ExtensionService#loadCommonJSModule file:///home/soic/.vscode-server/bin/2b9aebd5354a3629c3aba0a5f5df49f43d6689f8/extensions/emmet/dist/node/emmetNodeMain
[2021-03-17 14:10:12.895] [exthost] [info] ExtensionService#_doActivateExtension vscode.merge-conflict {"startup":false,"extensionId":{"value":"vscode.merge-conflict","_lower":"vscode.merge-conflict"},"activationEvent":"onStartupFinished"}
[2021-03-17 14:10:12.895] [exthost] [info] ExtensionService#loadCommonJSModule file:///home/soic/.vscode-server/bin/2b9aebd5354a3629c3aba0a5f5df49f43d6689f8/extensions/merge-conflict/dist/mergeConflictMain
[2021-03-17 14:10:12.899] [exthost] [info] ExtensionService#_doActivateExtension vscode.testing-editor-contributions {"startup":false,"extensionId":{"value":"vscode.testing-editor-contributions","_lower":"vscode.testing-editor-contributions"},"activationEvent":"onStartupFinished"}
[2021-03-17 14:10:12.899] [exthost] [info] ExtensionService#loadCommonJSModule file:///home/soic/.vscode-server/bin/2b9aebd5354a3629c3aba0a5f5df49f43d6689f8/extensions/testing-editor-contributions/dist/extension.js
[2021-03-17 14:10:12.900] [exthost] [info] eager extensions activated
[2021-03-17 14:13:16.970] [exthost] [warning] [Decorations] CAPPING events from decorations provider vscode.git 2749
[2021-03-17 14:13:18.100] [exthost] [warning] [Decorations] CAPPING events from decorations provider vscode.git 2749
[2021-03-17 14:13:22.114] [exthost] [warning] [Decorations] CAPPING events from decorations provider vscode.git 2749
[2021-03-17 14:13:27.253] [exthost] [warning] [Decorations] CAPPING events from decorations provider vscode.git 2749
[2021-03-17 14:13:32.398] [exthost] [warning] [Decorations] CAPPING events from decorations provider vscode.git 2749
[2021-03-17 14:13:37.568] [exthost] [warning] [Decorations] CAPPING events from decorations provider vscode.git 2749
[2021-03-17 14:13:42.711] [exthost] [warning] [Decorations] CAPPING events from decorations provider vscode.git 2749
[2021-03-17 14:13:47.851] [exthost] [warning] [Decorations] CAPPING events from decorations provider vscode.git 2749
[2021-03-17 14:13:52.998] [exthost] [warning] [Decorations] CAPPING events from decorations provider vscode.git 2749
[2021-03-17 14:13:58.145] [exthost] [warning] [Decorations] CAPPING events from decorations provider vscode.git 2749
[2021-03-17 14:14:03.292] [exthost] [warning] [Decorations] CAPPING events from decorations provider vscode.git 2749
[2021-03-17 14:14:08.436] [exthost] [warning] [Decorations] CAPPING events from decorations provider vscode.git 2749
[2021-03-17 14:14:13.582] [exthost] [warning] [Decorations] CAPPING events from decorations provider vscode.git 2749
[2021-03-17 14:14:18.773] [exthost] [warning] [Decorations] CAPPING events from decorations provider vscode.git 2749
[2021-03-17 14:14:23.922] [exthost] [warning] [Decorations] CAPPING events from decorations provider vscode.git 2749
[2021-03-17 14:14:29.059] [exthost] [warning] [Decorations] CAPPING events from decorations provider vscode.git 2749
[2021-03-17 14:14:34.201] [exthost] [warning] [Decorations] CAPPING events from decorations provider vscode.git 2749
[2021-03-17 14:14:39.344] [exthost] [warning] [Decorations] CAPPING events from decorations provider vscode.git 2749
[2021-03-17 14:14:44.486] [exthost] [warning] [Decorations] CAPPING events from decorations provider vscode.git 2749
[2021-03-17 14:14:49.632] [exthost] [warning] [Decorations] CAPPING events from decorations provider vscode.git 2749
[2021-03-17 14:14:54.777] [exthost] [warning] [Decorations] CAPPING events from decorations provider vscode.git 2749
[2021-03-17 14:14:59.917] [exthost] [warning] [Decorations] CAPPING events from decorations provider vscode.git 2749
[2021-03-17 14:15:05.060] [exthost] [warning] [Decorations] CAPPING events from decorations provider vscode.git 2749
[2021-03-17 14:15:10.205] [exthost] [warning] [Decorations] CAPPING events from decorations provider vscode.git 2749
[2021-03-17 14:15:15.353] [exthost] [warning] [Decorations] CAPPING events from decorations provider vscode.git 2749
[2021-03-17 14:25:55.451] [exthost] [warning] [Decorations] CAPPING events from decorations provider vscode.git 2749
[2021-03-17 14:25:56.688] [exthost] [warning] [Decorations] CAPPING events from decorations provider vscode.git 2749
[2021-03-17 15:02:00.717] [exthost] [warning] [Decorations] CAPPING events from decorations provider vscode.git 2749
[2021-03-17 15:02:02.035] [exthost] [warning] [Decorations] CAPPING events from decorations provider vscode.git 2749
[2021-03-17 15:05:32.013] [exthost] [warning] [Decorations] CAPPING events from decorations provider vscode.git 2749
[2021-03-17 15:05:33.143] [exthost] [warning] [Decorations] CAPPING events from decorations provider vscode.git 2749
[2021-03-17 16:01:27.600] [exthost] [warning] [Decorations] CAPPING events from decorations provider vscode.git 2749
[2021-03-17 16:01:28.899] [exthost] [warning] [Decorations] CAPPING events from decorations provider vscode.git 2749
[2021-03-17 16:01:32.762] [exthost] [warning] [Decorations] CAPPING events from decorations provider vscode.git 2749
[2021-03-17 16:01:37.925] [exthost] [warning] [Decorations] CAPPING events from decorations provider vscode.git 2749
[2021-03-17 16:01:43.152] [exthost] [warning] [Decorations] CAPPING events from decorations provider vscode.git 2749
[2021-03-17 16:01:48.297] [exthost] [warning] [Decorations] CAPPING events from decorations provider vscode.git 2749
[2021-03-17 16:01:53.451] [exthost] [warning] [Decorations] CAPPING events from decorations provider vscode.git 2749
[2021-03-17 16:01:58.610] [exthost] [warning] [Decorations] CAPPING events from decorations provider vscode.git 2749
[2021-03-17 16:02:03.766] [exthost] [warning] [Decorations] CAPPING events from decorations provider vscode.git 2749
[2021-03-17 16:02:08.956] [exthost] [warning] [Decorations] CAPPING events from decorations provider vscode.git 2749
[2021-03-17 16:02:14.181] [exthost] [warning] [Decorations] CAPPING events from decorations provider vscode.git 2749
[2021-03-17 16:02:19.378] [exthost] [warning] [Decorations] CAPPING events from decorations provider vscode.git 2749
[2021-03-17 16:02:24.546] [exthost] [warning] [Decorations] CAPPING events from decorations provider vscode.git 2749
[2021-03-17 16:02:29.705] [exthost] [warning] [Decorations] CAPPING events from decorations provider vscode.git 2749
[2021-03-17 16:02:34.876] [exthost] [warning] [Decorations] CAPPING events from decorations provider vscode.git 2749
[2021-03-17 16:02:40.043] [exthost] [warning] [Decorations] CAPPING events from decorations provider vscode.git 2749
[2021-03-17 16:02:45.207] [exthost] [warning] [Decorations] CAPPING events from decorations provider vscode.git 2749
[2021-03-17 16:02:50.371] [exthost] [warning] [Decorations] CAPPING events from decorations provider vscode.git 2749
[2021-03-17 16:02:55.540] [exthost] [warning] [Decorations] CAPPING events from decorations provider vscode.git 2749
[2021-03-17 16:03:00.715] [exthost] [warning] [Decorations] CAPPING events from decorations provider vscode.git 2749
[2021-03-17 16:34:38.672] [exthost] [warning] [Decorations] CAPPING events from decorations provider vscode.git 2749
[2021-03-17 16:34:39.830] [exthost] [warning] [Decorations] CAPPING events from decorations provider vscode.git 2749
[2021-03-17 16:34:43.824] [exthost] [warning] [Decorations] CAPPING events from decorations provider vscode.git 2749
[2021-03-17 16:34:48.981] [exthost] [warning] [Decorations] CAPPING events from decorations provider vscode.git 2749
[2021-03-17 16:34:54.135] [exthost] [warning] [Decorations] CAPPING events from decorations provider vscode.git 2749
[2021-03-17 16:34:59.316] [exthost] [warning] [Decorations] CAPPING events from decorations provider vscode.git 2749
[2021-03-17 16:35:04.463] [exthost] [warning] [Decorations] CAPPING events from decorations provider vscode.git 2749
[2021-03-17 16:35:09.610] [exthost] [warning] [Decorations] CAPPING events from decorations provider vscode.git 2749
[2021-03-17 16:35:14.762] [exthost] [warning] [Decorations] CAPPING events from decorations provider vscode.git 2749
[2021-03-17 16:35:19.908] [exthost] [warning] [Decorations] CAPPING events from decorations provider vscode.git 2749
[2021-03-17 16:35:25.071] [exthost] [warning] [Decorations] CAPPING events from decorations provider vscode.git 2749
[2021-03-17 16:35:30.223] [exthost] [warning] [Decorations] CAPPING events from decorations provider vscode.git 2749
[2021-03-17 16:35:35.384] [exthost] [warning] [Decorations] CAPPING events from decorations provider vscode.git 2749
[2021-03-17 16:35:40.570] [exthost] [warning] [Decorations] CAPPING events from decorations provider vscode.git 2749
[2021-03-17 16:35:45.737] [exthost] [warning] [Decorations] CAPPING events from decorations provider vscode.git 2749
[2021-03-17 16:35:50.929] [exthost] [warning] [Decorations] CAPPING events from decorations provider vscode.git 2749
[2021-03-17 16:35:56.071] [exthost] [warning] [Decorations] CAPPING events from decorations provider vscode.git 2749
[2021-03-17 16:36:01.212] [exthost] [warning] [Decorations] CAPPING events from decorations provider vscode.git 2749
[2021-03-17 16:36:06.357] [exthost] [warning] [Decorations] CAPPING events from decorations provider vscode.git 2749
[2021-03-17 16:36:11.504] [exthost] [warning] [Decorations] CAPPING events from decorations provider vscode.git 2749
[2021-03-17 16:36:16.653] [exthost] [warning] [Decorations] CAPPING events from decorations provider vscode.git 2749
[2021-03-17 16:36:21.805] [exthost] [warning] [Decorations] CAPPING events from decorations provider vscode.git 2749
[2021-03-17 16:36:26.958] [exthost] [warning] [Decorations] CAPPING events from decorations provider vscode.git 2749
[2021-03-17 16:36:32.116] [exthost] [warning] [Decorations] CAPPING events from decorations provider vscode.git 2749
[2021-03-17 16:36:37.274] [exthost] [warning] [Decorations] CAPPING events from decorations provider vscode.git 2749
[2021-03-17 16:36:42.435] [exthost] [warning] [Decorations] CAPPING events from decorations provider vscode.git 2749
[2021-03-17 16:36:47.603] [exthost] [warning] [Decorations] CAPPING events from decorations provider vscode.git 2749
[2021-03-17 16:36:52.767] [exthost] [warning] [Decorations] CAPPING events from decorations provider vscode.git 2749
[2021-03-17 16:36:57.933] [exthost] [warning] [Decorations] CAPPING events from decorations provider vscode.git 2749
[2021-03-17 16:37:03.099] [exthost] [warning] [Decorations] CAPPING events from decorations provider vscode.git 2749
[2021-03-17 16:37:08.277] [exthost] [warning] [Decorations] CAPPING events from decorations provider vscode.git 2749
[2021-03-17 16:37:13.454] [exthost] [warning] [Decorations] CAPPING events from decorations provider vscode.git 2749
[2021-03-17 16:37:18.604] [exthost] [warning] [Decorations] CAPPING events from decorations provider vscode.git 2749
[2021-03-17 16:37:23.754] [exthost] [warning] [Decorations] CAPPING events from decorations provider vscode.git 2749
[2021-03-17 16:37:28.902] [exthost] [warning] [Decorations] CAPPING events from decorations provider vscode.git 2749
[2021-03-17 16:37:34.061] [exthost] [warning] [Decorations] CAPPING events from decorations provider vscode.git 2749
[2021-03-17 16:37:39.210] [exthost] [warning] [Decorations] CAPPING events from decorations provider vscode.git 2749
[2021-03-17 16:37:40.952] [exthost] [warning] [Decorations] CAPPING events from decorations provider vscode.git 2749
[2021-03-17 16:37:44.368] [exthost] [warning] [Decorations] CAPPING events from decorations provider vscode.git 2749
[2021-03-17 16:37:49.535] [exthost] [warning] [Decorations] CAPPING events from decorations provider vscode.git 2749
[2021-03-17 16:37:54.699] [exthost] [warning] [Decorations] CAPPING events from decorations provider vscode.git 2749
[2021-03-17 16:37:59.859] [exthost] [warning] [Decorations] CAPPING events from decorations provider vscode.git 2749
[2021-03-17 16:38:05.015] [exthost] [warning] [Decorations] CAPPING events from decorations provider vscode.git 2749
[2021-03-17 16:38:10.180] [exthost] [warning] [Decorations] CAPPING events from decorations provider vscode.git 2749
[2021-03-17 16:38:15.341] [exthost] [warning] [Decorations] CAPPING events from decorations provider vscode.git 2749
[2021-03-17 16:38:20.504] [exthost] [warning] [Decorations] CAPPING events from decorations provider vscode.git 2749
[2021-03-17 16:38:25.670] [exthost] [warning] [Decorations] CAPPING events from decorations provider vscode.git 2749
[2021-03-17 16:38:30.848] [exthost] [warning] [Decorations] CAPPING events from decorations provider vscode.git 2749
[2021-03-17 16:38:36.015] [exthost] [warning] [Decorations] CAPPING events from decorations provider vscode.git 2749
[2021-03-17 16:38:41.194] [exthost] [warning] [Decorations] CAPPING events from decorations provider vscode.git 2749
[2021-03-17 16:38:46.350] [exthost] [warning] [Decorations] CAPPING events from decorations provider vscode.git 2749
[2021-03-17 16:38:51.527] [exthost] [warning] [Decorations] CAPPING events from decorations provider vscode.git 2749
[2021-03-17 16:39:17.688] [exthost] [warning] [Decorations] CAPPING events from decorations provider vscode.git 2749
[2021-03-17 16:39:22.851] [exthost] [warning] [Decorations] CAPPING events from decorations provider vscode.git 2749
[2021-03-17 16:39:28.015] [exthost] [warning] [Decorations] CAPPING events from decorations provider vscode.git 2749
[2021-03-17 16:39:33.188] [exthost] [warning] [Decorations] CAPPING events from decorations provider vscode.git 2749
[2021-03-17 16:39:38.352] [exthost] [warning] [Decorations] CAPPING events from decorations provider vscode.git 2750
[2021-03-17 16:39:45.286] [exthost] [warning] [Decorations] CAPPING events from decorations provider vscode.git 2750
