[2021-03-05 10:31:17.543] [exthost] [info] extension host started
[2021-03-05 10:31:17.659] [exthost] [info] ExtensionService#_doActivateExtension ms-vscode.cpptools {"startup":false,"extensionId":{"value":"ms-vscode.cpptools","_lower":"ms-vscode.cpptools"},"activationEvent":"onLanguage:cpp"}
[2021-03-05 10:31:17.659] [exthost] [info] ExtensionService#loadCommonJSModule file:///home/soic/.vscode-server/extensions/ms-vscode.cpptools-1.2.2/dist/main
[2021-03-05 10:31:17.801] [exthost] [info] ExtensionService#_doActivateExtension vscode.extension-editing {"startup":false,"extensionId":{"value":"vscode.extension-editing","_lower":"vscode.extension-editing"},"activationEvent":"onLanguage:typescript"}
[2021-03-05 10:31:17.801] [exthost] [info] ExtensionService#loadCommonJSModule file:///home/soic/.vscode-server/bin/f30a9b73e8ffc278e71575118b6bf568f04587c8/extensions/extension-editing/dist/extensionEditingMain
[2021-03-05 10:31:17.823] [exthost] [info] ExtensionService#_doActivateExtension vscode.typescript-language-features {"startup":false,"extensionId":{"value":"vscode.typescript-language-features","_lower":"vscode.typescript-language-features"},"activationEvent":"onLanguage:typescript"}
[2021-03-05 10:31:17.823] [exthost] [info] ExtensionService#loadCommonJSModule file:///home/soic/.vscode-server/bin/f30a9b73e8ffc278e71575118b6bf568f04587c8/extensions/typescript-language-features/dist/extension
[2021-03-05 10:31:17.876] [exthost] [info] ExtensionService#_doActivateExtension vscode.debug-auto-launch {"startup":true,"extensionId":{"value":"vscode.debug-auto-launch","_lower":"vscode.debug-auto-launch"},"activationEvent":"*"}
[2021-03-05 10:31:17.876] [exthost] [info] ExtensionService#loadCommonJSModule file:///home/soic/.vscode-server/bin/f30a9b73e8ffc278e71575118b6bf568f04587c8/extensions/debug-auto-launch/dist/extension
[2021-03-05 10:31:17.879] [exthost] [info] ExtensionService#_doActivateExtension vscode.git {"startup":true,"extensionId":{"value":"vscode.github","_lower":"vscode.github"},"activationEvent":"*"}
[2021-03-05 10:31:17.879] [exthost] [info] ExtensionService#loadCommonJSModule file:///home/soic/.vscode-server/bin/f30a9b73e8ffc278e71575118b6bf568f04587c8/extensions/git/dist/main
[2021-03-05 10:31:18.405] [exthost] [info] ExtensionService#_doActivateExtension vscode.github {"startup":true,"extensionId":{"value":"vscode.github","_lower":"vscode.github"},"activationEvent":"*"}
[2021-03-05 10:31:18.406] [exthost] [info] ExtensionService#loadCommonJSModule file:///home/soic/.vscode-server/bin/f30a9b73e8ffc278e71575118b6bf568f04587c8/extensions/github/dist/extension.js
[2021-03-05 10:31:18.763] [exthost] [warning] [Decorations] CAPPING events from decorations provider vscode.git 2672
[2021-03-05 10:31:19.716] [exthost] [info] ExtensionService#_doActivateExtension ms-vscode.js-debug {"startup":false,"extensionId":{"value":"ms-vscode.js-debug","_lower":"ms-vscode.js-debug"},"activationEvent":"onCommand:extension.js-debug.clearAutoAttachVariables"}
[2021-03-05 10:31:19.716] [exthost] [info] ExtensionService#loadCommonJSModule file:///home/soic/.vscode-server/bin/f30a9b73e8ffc278e71575118b6bf568f04587c8/extensions/ms-vscode.js-debug/src/extension.js
[2021-03-05 10:31:20.031] [exthost] [info] ExtensionService#_doActivateExtension ms-vscode.cmake-tools {"startup":true,"extensionId":{"value":"ms-vscode.cmake-tools","_lower":"ms-vscode.cmake-tools"},"activationEvent":"workspaceContains:**/CMakeLists.txt"}
[2021-03-05 10:31:20.031] [exthost] [info] ExtensionService#loadCommonJSModule file:///home/soic/.vscode-server/extensions/ms-vscode.cmake-tools-1.6.0/dist/main
[2021-03-05 10:31:20.387] [exthost] [warning] [Decorations] CAPPING events from decorations provider vscode.git 2672
[2021-03-05 10:31:21.681] [exthost] [info] ExtensionService#_doActivateExtension vscode.emmet {"startup":false,"extensionId":{"value":"vscode.emmet","_lower":"vscode.emmet"},"activationEvent":"onStartupFinished"}
[2021-03-05 10:31:21.681] [exthost] [info] ExtensionService#loadCommonJSModule file:///home/soic/.vscode-server/bin/f30a9b73e8ffc278e71575118b6bf568f04587c8/extensions/emmet/dist/node/emmetNodeMain
[2021-03-05 10:31:21.692] [exthost] [info] ExtensionService#_doActivateExtension vscode.merge-conflict {"startup":false,"extensionId":{"value":"vscode.merge-conflict","_lower":"vscode.merge-conflict"},"activationEvent":"onStartupFinished"}
[2021-03-05 10:31:21.692] [exthost] [info] ExtensionService#loadCommonJSModule file:///home/soic/.vscode-server/bin/f30a9b73e8ffc278e71575118b6bf568f04587c8/extensions/merge-conflict/dist/mergeConflictMain
[2021-03-05 10:31:21.696] [exthost] [info] ExtensionService#_doActivateExtension vscode.testing-editor-contributions {"startup":false,"extensionId":{"value":"vscode.testing-editor-contributions","_lower":"vscode.testing-editor-contributions"},"activationEvent":"onStartupFinished"}
[2021-03-05 10:31:21.696] [exthost] [info] ExtensionService#loadCommonJSModule file:///home/soic/.vscode-server/bin/f30a9b73e8ffc278e71575118b6bf568f04587c8/extensions/testing-editor-contributions/dist/extension.js
[2021-03-05 10:31:21.697] [exthost] [info] eager extensions activated
[2021-03-05 10:31:23.560] [exthost] [warning] [Decorations] CAPPING events from decorations provider vscode.git 2821
[2021-03-05 10:31:28.659] [exthost] [warning] [Decorations] CAPPING events from decorations provider vscode.git 2831
[2021-03-05 10:31:33.808] [exthost] [warning] [Decorations] CAPPING events from decorations provider vscode.git 2832
[2021-03-05 10:31:38.977] [exthost] [warning] [Decorations] CAPPING events from decorations provider vscode.git 2832
[2021-03-05 10:31:44.134] [exthost] [warning] [Decorations] CAPPING events from decorations provider vscode.git 2832
[2021-03-05 10:31:49.287] [exthost] [warning] [Decorations] CAPPING events from decorations provider vscode.git 2832
[2021-03-05 10:31:54.435] [exthost] [warning] [Decorations] CAPPING events from decorations provider vscode.git 2832
[2021-03-05 10:31:59.592] [exthost] [warning] [Decorations] CAPPING events from decorations provider vscode.git 2832
[2021-03-05 10:32:04.743] [exthost] [warning] [Decorations] CAPPING events from decorations provider vscode.git 2832
[2021-03-05 10:32:09.908] [exthost] [warning] [Decorations] CAPPING events from decorations provider vscode.git 2832
[2021-03-05 10:32:15.067] [exthost] [warning] [Decorations] CAPPING events from decorations provider vscode.git 2832
[2021-03-05 10:32:20.223] [exthost] [warning] [Decorations] CAPPING events from decorations provider vscode.git 2832
[2021-03-05 10:32:25.393] [exthost] [warning] [Decorations] CAPPING events from decorations provider vscode.git 2832
[2021-03-05 10:32:30.563] [exthost] [warning] [Decorations] CAPPING events from decorations provider vscode.git 2832
[2021-03-05 10:32:35.723] [exthost] [warning] [Decorations] CAPPING events from decorations provider vscode.git 2832
[2021-03-05 10:32:40.896] [exthost] [warning] [Decorations] CAPPING events from decorations provider vscode.git 2832
[2021-03-05 10:32:46.051] [exthost] [warning] [Decorations] CAPPING events from decorations provider vscode.git 2832
[2021-03-05 10:32:51.271] [exthost] [warning] [Decorations] CAPPING events from decorations provider vscode.git 2832
[2021-03-05 10:32:56.405] [exthost] [warning] [Decorations] CAPPING events from decorations provider vscode.git 2832
[2021-03-05 10:33:01.537] [exthost] [warning] [Decorations] CAPPING events from decorations provider vscode.git 2832
[2021-03-05 10:33:06.671] [exthost] [warning] [Decorations] CAPPING events from decorations provider vscode.git 2832
[2021-03-05 10:33:11.803] [exthost] [warning] [Decorations] CAPPING events from decorations provider vscode.git 2832
[2021-03-05 10:33:16.944] [exthost] [warning] [Decorations] CAPPING events from decorations provider vscode.git 2832
[2021-03-05 10:33:22.088] [exthost] [warning] [Decorations] CAPPING events from decorations provider vscode.git 2832
[2021-03-05 10:33:27.228] [exthost] [warning] [Decorations] CAPPING events from decorations provider vscode.git 2832
[2021-03-05 10:33:32.376] [exthost] [warning] [Decorations] CAPPING events from decorations provider vscode.git 2832
[2021-03-05 10:33:37.516] [exthost] [warning] [Decorations] CAPPING events from decorations provider vscode.git 2832
[2021-03-05 10:33:42.772] [exthost] [warning] [Decorations] CAPPING events from decorations provider vscode.git 2832
[2021-03-05 10:33:47.924] [exthost] [warning] [Decorations] CAPPING events from decorations provider vscode.git 2832
[2021-03-05 10:33:53.073] [exthost] [warning] [Decorations] CAPPING events from decorations provider vscode.git 2832
[2021-03-05 10:33:58.219] [exthost] [warning] [Decorations] CAPPING events from decorations provider vscode.git 2832
[2021-03-05 10:34:03.363] [exthost] [warning] [Decorations] CAPPING events from decorations provider vscode.git 2832
[2021-03-05 10:34:08.503] [exthost] [warning] [Decorations] CAPPING events from decorations provider vscode.git 2832
[2021-03-05 10:34:13.647] [exthost] [warning] [Decorations] CAPPING events from decorations provider vscode.git 2832
[2021-03-05 10:34:18.795] [exthost] [warning] [Decorations] CAPPING events from decorations provider vscode.git 2832
[2021-03-05 10:34:30.642] [exthost] [warning] [Decorations] CAPPING events from decorations provider vscode.git 2832
[2021-03-05 10:34:35.798] [exthost] [warning] [Decorations] CAPPING events from decorations provider vscode.git 2832
[2021-03-05 10:34:40.961] [exthost] [warning] [Decorations] CAPPING events from decorations provider vscode.git 2832
[2021-03-05 10:34:46.120] [exthost] [warning] [Decorations] CAPPING events from decorations provider vscode.git 2832
[2021-03-05 10:34:51.284] [exthost] [warning] [Decorations] CAPPING events from decorations provider vscode.git 2832
[2021-03-05 10:34:56.443] [exthost] [warning] [Decorations] CAPPING events from decorations provider vscode.git 2832
[2021-03-05 10:35:01.606] [exthost] [warning] [Decorations] CAPPING events from decorations provider vscode.git 2832
[2021-03-05 10:35:06.771] [exthost] [warning] [Decorations] CAPPING events from decorations provider vscode.git 2832
[2021-03-05 10:35:11.937] [exthost] [warning] [Decorations] CAPPING events from decorations provider vscode.git 2832
[2021-03-05 10:35:17.104] [exthost] [warning] [Decorations] CAPPING events from decorations provider vscode.git 2832
[2021-03-05 10:35:22.344] [exthost] [warning] [Decorations] CAPPING events from decorations provider vscode.git 2832
[2021-03-05 10:35:27.486] [exthost] [warning] [Decorations] CAPPING events from decorations provider vscode.git 2832
[2021-03-05 10:35:32.625] [exthost] [warning] [Decorations] CAPPING events from decorations provider vscode.git 2832
[2021-03-05 10:35:37.767] [exthost] [warning] [Decorations] CAPPING events from decorations provider vscode.git 2832
[2021-03-05 10:35:42.971] [exthost] [warning] [Decorations] CAPPING events from decorations provider vscode.git 2832
[2021-03-05 10:35:48.115] [exthost] [warning] [Decorations] CAPPING events from decorations provider vscode.git 2832
[2021-03-05 10:35:53.280] [exthost] [warning] [Decorations] CAPPING events from decorations provider vscode.git 2832
[2021-03-05 10:35:58.436] [exthost] [warning] [Decorations] CAPPING events from decorations provider vscode.git 2832
[2021-03-05 10:36:03.581] [exthost] [warning] [Decorations] CAPPING events from decorations provider vscode.git 2832
[2021-03-05 10:36:08.726] [exthost] [warning] [Decorations] CAPPING events from decorations provider vscode.git 2832
[2021-03-05 10:36:13.879] [exthost] [warning] [Decorations] CAPPING events from decorations provider vscode.git 2832
[2021-03-05 10:36:19.111] [exthost] [warning] [Decorations] CAPPING events from decorations provider vscode.git 2832
[2021-03-05 10:36:24.277] [exthost] [warning] [Decorations] CAPPING events from decorations provider vscode.git 2832
[2021-03-05 10:36:29.437] [exthost] [warning] [Decorations] CAPPING events from decorations provider vscode.git 2832
[2021-03-05 10:36:34.599] [exthost] [warning] [Decorations] CAPPING events from decorations provider vscode.git 2832
[2021-03-05 10:36:39.764] [exthost] [warning] [Decorations] CAPPING events from decorations provider vscode.git 2832
[2021-03-05 10:36:44.916] [exthost] [warning] [Decorations] CAPPING events from decorations provider vscode.git 2832
[2021-03-05 10:36:50.075] [exthost] [warning] [Decorations] CAPPING events from decorations provider vscode.git 2832
[2021-03-05 10:36:55.243] [exthost] [warning] [Decorations] CAPPING events from decorations provider vscode.git 2832
[2021-03-05 10:37:00.422] [exthost] [warning] [Decorations] CAPPING events from decorations provider vscode.git 2832
[2021-03-05 10:37:05.582] [exthost] [warning] [Decorations] CAPPING events from decorations provider vscode.git 2832
[2021-03-05 10:37:10.741] [exthost] [warning] [Decorations] CAPPING events from decorations provider vscode.git 2832
[2021-03-05 10:37:15.919] [exthost] [warning] [Decorations] CAPPING events from decorations provider vscode.git 2832
[2021-03-05 10:37:21.095] [exthost] [warning] [Decorations] CAPPING events from decorations provider vscode.git 2832
[2021-03-05 10:37:26.288] [exthost] [warning] [Decorations] CAPPING events from decorations provider vscode.git 2832
[2021-03-05 10:37:40.718] [exthost] [warning] [Decorations] CAPPING events from decorations provider vscode.git 2832
[2021-03-05 10:37:45.895] [exthost] [warning] [Decorations] CAPPING events from decorations provider vscode.git 2832
[2021-03-05 10:37:51.044] [exthost] [warning] [Decorations] CAPPING events from decorations provider vscode.git 2832
[2021-03-05 10:37:56.189] [exthost] [warning] [Decorations] CAPPING events from decorations provider vscode.git 2832
[2021-03-05 10:38:01.336] [exthost] [warning] [Decorations] CAPPING events from decorations provider vscode.git 2832
[2021-03-05 10:38:06.492] [exthost] [warning] [Decorations] CAPPING events from decorations provider vscode.git 2832
[2021-03-05 10:38:11.643] [exthost] [warning] [Decorations] CAPPING events from decorations provider vscode.git 2832
[2021-03-05 10:38:16.798] [exthost] [warning] [Decorations] CAPPING events from decorations provider vscode.git 2832
[2021-03-05 10:38:21.952] [exthost] [warning] [Decorations] CAPPING events from decorations provider vscode.git 2832
[2021-03-05 10:38:27.104] [exthost] [warning] [Decorations] CAPPING events from decorations provider vscode.git 2832
[2021-03-05 10:38:32.261] [exthost] [warning] [Decorations] CAPPING events from decorations provider vscode.git 2832
[2021-03-05 10:38:37.421] [exthost] [warning] [Decorations] CAPPING events from decorations provider vscode.git 2832
[2021-03-05 10:38:42.600] [exthost] [warning] [Decorations] CAPPING events from decorations provider vscode.git 2832
[2021-03-05 10:38:47.758] [exthost] [warning] [Decorations] CAPPING events from decorations provider vscode.git 2832
[2021-03-05 10:38:52.935] [exthost] [warning] [Decorations] CAPPING events from decorations provider vscode.git 2832
[2021-03-05 10:38:58.149] [exthost] [warning] [Decorations] CAPPING events from decorations provider vscode.git 2832
[2021-03-05 10:39:03.294] [exthost] [warning] [Decorations] CAPPING events from decorations provider vscode.git 2832
[2021-03-05 10:39:08.440] [exthost] [warning] [Decorations] CAPPING events from decorations provider vscode.git 2832
[2021-03-05 10:39:13.581] [exthost] [warning] [Decorations] CAPPING events from decorations provider vscode.git 2832
[2021-03-05 10:39:18.734] [exthost] [warning] [Decorations] CAPPING events from decorations provider vscode.git 2832
[2021-03-05 10:39:23.880] [exthost] [warning] [Decorations] CAPPING events from decorations provider vscode.git 2832
[2021-03-05 10:39:29.023] [exthost] [warning] [Decorations] CAPPING events from decorations provider vscode.git 2832
[2021-03-05 10:39:34.177] [exthost] [warning] [Decorations] CAPPING events from decorations provider vscode.git 2832
[2021-03-05 10:39:39.331] [exthost] [warning] [Decorations] CAPPING events from decorations provider vscode.git 2832
[2021-03-05 10:40:33.618] [exthost] [warning] [Decorations] CAPPING events from decorations provider vscode.git 2832
[2021-03-05 10:40:38.780] [exthost] [warning] [Decorations] CAPPING events from decorations provider vscode.git 2833
[2021-03-05 10:40:41.449] [exthost] [warning] [Decorations] CAPPING events from decorations provider vscode.git 2833
[2021-03-05 10:40:43.929] [exthost] [warning] [Decorations] CAPPING events from decorations provider vscode.git 2833
[2021-03-05 10:40:49.060] [exthost] [warning] [Decorations] CAPPING events from decorations provider vscode.git 2833
[2021-03-05 10:40:54.205] [exthost] [warning] [Decorations] CAPPING events from decorations provider vscode.git 2833
[2021-03-05 10:40:59.370] [exthost] [warning] [Decorations] CAPPING events from decorations provider vscode.git 2833
[2021-03-05 10:41:04.516] [exthost] [warning] [Decorations] CAPPING events from decorations provider vscode.git 2833
[2021-03-05 10:41:09.676] [exthost] [warning] [Decorations] CAPPING events from decorations provider vscode.git 2833
[2021-03-05 10:41:14.839] [exthost] [warning] [Decorations] CAPPING events from decorations provider vscode.git 2833
[2021-03-05 10:41:19.997] [exthost] [warning] [Decorations] CAPPING events from decorations provider vscode.git 2833
[2021-03-05 10:41:25.161] [exthost] [warning] [Decorations] CAPPING events from decorations provider vscode.git 2833
[2021-03-05 10:41:30.324] [exthost] [warning] [Decorations] CAPPING events from decorations provider vscode.git 2833
[2021-03-05 10:41:35.505] [exthost] [warning] [Decorations] CAPPING events from decorations provider vscode.git 2833
[2021-03-05 10:41:40.684] [exthost] [warning] [Decorations] CAPPING events from decorations provider vscode.git 2833
[2021-03-05 10:41:45.859] [exthost] [warning] [Decorations] CAPPING events from decorations provider vscode.git 2833
[2021-03-05 10:41:51.026] [exthost] [warning] [Decorations] CAPPING events from decorations provider vscode.git 2833
[2021-03-05 10:41:56.203] [exthost] [warning] [Decorations] CAPPING events from decorations provider vscode.git 2833
[2021-03-05 10:42:01.375] [exthost] [warning] [Decorations] CAPPING events from decorations provider vscode.git 2833
[2021-03-05 10:42:06.559] [exthost] [warning] [Decorations] CAPPING events from decorations provider vscode.git 2833
[2021-03-05 10:42:11.733] [exthost] [warning] [Decorations] CAPPING events from decorations provider vscode.git 2833
[2021-03-05 10:42:16.899] [exthost] [warning] [Decorations] CAPPING events from decorations provider vscode.git 2833
[2021-03-05 10:42:22.049] [exthost] [warning] [Decorations] CAPPING events from decorations provider vscode.git 2833
[2021-03-05 10:42:27.198] [exthost] [warning] [Decorations] CAPPING events from decorations provider vscode.git 2833
[2021-03-05 10:42:32.348] [exthost] [warning] [Decorations] CAPPING events from decorations provider vscode.git 2833
[2021-03-05 10:42:37.495] [exthost] [warning] [Decorations] CAPPING events from decorations provider vscode.git 2833
[2021-03-05 10:42:42.653] [exthost] [warning] [Decorations] CAPPING events from decorations provider vscode.git 2833
[2021-03-05 10:42:47.802] [exthost] [warning] [Decorations] CAPPING events from decorations provider vscode.git 2833
[2021-03-05 10:42:52.964] [exthost] [warning] [Decorations] CAPPING events from decorations provider vscode.git 2833
[2021-03-05 10:42:58.121] [exthost] [warning] [Decorations] CAPPING events from decorations provider vscode.git 2833
[2021-03-05 10:43:03.281] [exthost] [warning] [Decorations] CAPPING events from decorations provider vscode.git 2833
[2021-03-05 10:43:08.446] [exthost] [warning] [Decorations] CAPPING events from decorations provider vscode.git 2833
[2021-03-05 10:43:13.628] [exthost] [warning] [Decorations] CAPPING events from decorations provider vscode.git 2833
[2021-03-05 10:43:17.870] [exthost] [warning] [Decorations] CAPPING events from decorations provider vscode.git 2833
[2021-03-05 17:16:53.391] [exthost] [info] extension host terminating: received terminate message from renderer
[2021-03-05 17:16:54.524] [exthost] [info] exiting with code 0
