[2021-01-18 16:33:52.836] [exthost] [info] extension host started
[2021-01-18 16:33:53.229] [exthost] [info] ExtensionService#_doActivateExtension ms-vscode.cpptools {"startup":false,"extensionId":{"value":"ms-vscode.cpptools","_lower":"ms-vscode.cpptools"},"activationEvent":"onLanguage:cpp"}
[2021-01-18 16:33:53.230] [exthost] [info] ExtensionService#loadCommonJSModule file:///home/soic/.vscode-server/extensions/ms-vscode.cpptools-1.2.0-insiders/dist/main
[2021-01-18 16:33:53.447] [exthost] [info] ExtensionService#_doActivateExtension vscode.debug-auto-launch {"startup":true,"extensionId":{"value":"vscode.debug-auto-launch","_lower":"vscode.debug-auto-launch"},"activationEvent":"*"}
[2021-01-18 16:33:53.447] [exthost] [info] ExtensionService#loadCommonJSModule file:///home/soic/.vscode-server/bin/ea3859d4ba2f3e577a159bc91e3074c5d85c0523/extensions/debug-auto-launch/dist/extension
[2021-01-18 16:33:53.468] [exthost] [info] ExtensionService#_doActivateExtension vscode.emmet {"startup":true,"extensionId":{"value":"vscode.emmet","_lower":"vscode.emmet"},"activationEvent":"*"}
[2021-01-18 16:33:53.469] [exthost] [info] ExtensionService#loadCommonJSModule file:///home/soic/.vscode-server/bin/ea3859d4ba2f3e577a159bc91e3074c5d85c0523/extensions/emmet/dist/node/emmetNodeMain
[2021-01-18 16:33:53.551] [exthost] [info] ExtensionService#_doActivateExtension vscode.git {"startup":true,"extensionId":{"value":"vscode.github","_lower":"vscode.github"},"activationEvent":"*"}
[2021-01-18 16:33:53.551] [exthost] [info] ExtensionService#loadCommonJSModule file:///home/soic/.vscode-server/bin/ea3859d4ba2f3e577a159bc91e3074c5d85c0523/extensions/git/dist/main
[2021-01-18 16:33:53.632] [exthost] [info] ExtensionService#_doActivateExtension vscode.merge-conflict {"startup":true,"extensionId":{"value":"vscode.merge-conflict","_lower":"vscode.merge-conflict"},"activationEvent":"*"}
[2021-01-18 16:33:53.632] [exthost] [info] ExtensionService#loadCommonJSModule file:///home/soic/.vscode-server/bin/ea3859d4ba2f3e577a159bc91e3074c5d85c0523/extensions/merge-conflict/dist/mergeConflictMain
[2021-01-18 16:33:53.639] [exthost] [info] ExtensionService#_doActivateExtension vscode.search-result {"startup":true,"extensionId":{"value":"vscode.search-result","_lower":"vscode.search-result"},"activationEvent":"*"}
[2021-01-18 16:33:53.639] [exthost] [info] ExtensionService#loadCommonJSModule file:///home/soic/.vscode-server/bin/ea3859d4ba2f3e577a159bc91e3074c5d85c0523/extensions/search-result/dist/extension.js
[2021-01-18 16:33:54.506] [exthost] [info] ExtensionService#_doActivateExtension vscode.github {"startup":true,"extensionId":{"value":"vscode.github","_lower":"vscode.github"},"activationEvent":"*"}
[2021-01-18 16:33:54.506] [exthost] [info] ExtensionService#loadCommonJSModule file:///home/soic/.vscode-server/bin/ea3859d4ba2f3e577a159bc91e3074c5d85c0523/extensions/github/dist/extension.js
[2021-01-18 16:33:54.580] [exthost] [info] ExtensionService#_doActivateExtension ms-vscode.js-debug {"startup":false,"extensionId":{"value":"ms-vscode.js-debug","_lower":"ms-vscode.js-debug"},"activationEvent":"onCommand:extension.js-debug.clearAutoAttachVariables"}
[2021-01-18 16:33:54.581] [exthost] [info] ExtensionService#loadCommonJSModule file:///home/soic/.vscode-server/bin/ea3859d4ba2f3e577a159bc91e3074c5d85c0523/extensions/ms-vscode.js-debug/src/extension.js
[2021-01-18 16:33:54.897] [exthost] [info] ExtensionService#_doActivateExtension ms-vscode.cmake-tools {"startup":true,"extensionId":{"value":"ms-vscode.cmake-tools","_lower":"ms-vscode.cmake-tools"},"activationEvent":"workspaceContains:**/CMakeLists.txt"}
[2021-01-18 16:33:54.898] [exthost] [info] ExtensionService#loadCommonJSModule file:///home/soic/.vscode-server/extensions/ms-vscode.cmake-tools-1.5.3/dist/main
[2021-01-18 16:33:55.663] [exthost] [info] eager extensions activated
[2021-01-18 16:36:23.073] [exthost] [warning] [Decorations] CAPPING events from decorations provider vscode.git 2484
[2021-01-18 16:36:24.613] [exthost] [warning] [Decorations] CAPPING events from decorations provider vscode.git 2484
[2021-01-18 16:36:29.697] [exthost] [warning] [Decorations] CAPPING events from decorations provider vscode.git 2484
[2021-01-18 16:36:34.773] [exthost] [warning] [Decorations] CAPPING events from decorations provider vscode.git 2484
[2021-01-18 16:36:39.854] [exthost] [warning] [Decorations] CAPPING events from decorations provider vscode.git 2484
[2021-01-18 16:36:44.932] [exthost] [warning] [Decorations] CAPPING events from decorations provider vscode.git 2484
[2021-01-18 16:36:50.012] [exthost] [warning] [Decorations] CAPPING events from decorations provider vscode.git 2484
[2021-01-18 16:36:55.080] [exthost] [warning] [Decorations] CAPPING events from decorations provider vscode.git 2484
[2021-01-18 16:37:00.156] [exthost] [warning] [Decorations] CAPPING events from decorations provider vscode.git 2484
[2021-01-18 16:37:05.230] [exthost] [warning] [Decorations] CAPPING events from decorations provider vscode.git 2484
[2021-01-18 16:37:10.315] [exthost] [warning] [Decorations] CAPPING events from decorations provider vscode.git 2484
[2021-01-18 16:37:15.425] [exthost] [warning] [Decorations] CAPPING events from decorations provider vscode.git 2484
[2021-01-18 16:37:20.526] [exthost] [warning] [Decorations] CAPPING events from decorations provider vscode.git 2484
[2021-01-18 16:37:25.596] [exthost] [warning] [Decorations] CAPPING events from decorations provider vscode.git 2484
[2021-01-18 16:37:30.668] [exthost] [warning] [Decorations] CAPPING events from decorations provider vscode.git 2484
[2021-01-18 16:37:35.742] [exthost] [warning] [Decorations] CAPPING events from decorations provider vscode.git 2484
[2021-01-18 16:37:40.811] [exthost] [warning] [Decorations] CAPPING events from decorations provider vscode.git 2484
[2021-01-18 16:37:45.906] [exthost] [warning] [Decorations] CAPPING events from decorations provider vscode.git 2484
[2021-01-18 16:37:51.010] [exthost] [warning] [Decorations] CAPPING events from decorations provider vscode.git 2484
[2021-01-18 16:37:56.085] [exthost] [warning] [Decorations] CAPPING events from decorations provider vscode.git 2484
[2021-01-18 16:38:01.154] [exthost] [warning] [Decorations] CAPPING events from decorations provider vscode.git 2484
[2021-01-18 16:38:06.227] [exthost] [warning] [Decorations] CAPPING events from decorations provider vscode.git 2484
[2021-01-18 16:38:11.320] [exthost] [warning] [Decorations] CAPPING events from decorations provider vscode.git 2484
[2021-01-18 16:38:16.393] [exthost] [warning] [Decorations] CAPPING events from decorations provider vscode.git 2484
[2021-01-18 16:38:21.466] [exthost] [warning] [Decorations] CAPPING events from decorations provider vscode.git 2484
[2021-01-18 16:38:26.540] [exthost] [warning] [Decorations] CAPPING events from decorations provider vscode.git 2484
[2021-01-18 16:38:31.610] [exthost] [warning] [Decorations] CAPPING events from decorations provider vscode.git 2484
[2021-01-18 16:38:36.687] [exthost] [warning] [Decorations] CAPPING events from decorations provider vscode.git 2484
[2021-01-18 16:38:41.757] [exthost] [warning] [Decorations] CAPPING events from decorations provider vscode.git 2484
[2021-01-18 16:38:46.829] [exthost] [warning] [Decorations] CAPPING events from decorations provider vscode.git 2484
[2021-01-18 16:38:51.907] [exthost] [warning] [Decorations] CAPPING events from decorations provider vscode.git 2484
[2021-01-18 16:38:56.996] [exthost] [warning] [Decorations] CAPPING events from decorations provider vscode.git 2484
[2021-01-18 16:39:02.069] [exthost] [warning] [Decorations] CAPPING events from decorations provider vscode.git 2484
[2021-01-18 16:39:07.144] [exthost] [warning] [Decorations] CAPPING events from decorations provider vscode.git 2484
[2021-01-18 16:39:12.215] [exthost] [warning] [Decorations] CAPPING events from decorations provider vscode.git 2484
[2021-01-18 16:39:17.287] [exthost] [warning] [Decorations] CAPPING events from decorations provider vscode.git 2484
[2021-01-18 16:39:22.357] [exthost] [warning] [Decorations] CAPPING events from decorations provider vscode.git 2484
[2021-01-18 16:39:27.431] [exthost] [warning] [Decorations] CAPPING events from decorations provider vscode.git 2484
[2021-01-18 16:39:32.504] [exthost] [warning] [Decorations] CAPPING events from decorations provider vscode.git 2484
[2021-01-18 16:39:37.578] [exthost] [warning] [Decorations] CAPPING events from decorations provider vscode.git 2484
[2021-01-18 16:39:42.653] [exthost] [warning] [Decorations] CAPPING events from decorations provider vscode.git 2484
[2021-01-18 16:39:47.721] [exthost] [warning] [Decorations] CAPPING events from decorations provider vscode.git 2484
[2021-01-18 16:39:52.791] [exthost] [warning] [Decorations] CAPPING events from decorations provider vscode.git 2484
[2021-01-18 16:39:57.862] [exthost] [warning] [Decorations] CAPPING events from decorations provider vscode.git 2484
[2021-01-18 16:40:02.940] [exthost] [warning] [Decorations] CAPPING events from decorations provider vscode.git 2484
[2021-01-18 16:40:08.022] [exthost] [warning] [Decorations] CAPPING events from decorations provider vscode.git 2484
[2021-01-18 16:40:13.130] [exthost] [warning] [Decorations] CAPPING events from decorations provider vscode.git 2484
[2021-01-18 16:40:18.202] [exthost] [warning] [Decorations] CAPPING events from decorations provider vscode.git 2484
[2021-01-18 16:40:23.278] [exthost] [warning] [Decorations] CAPPING events from decorations provider vscode.git 2484
[2021-01-18 16:40:28.349] [exthost] [warning] [Decorations] CAPPING events from decorations provider vscode.git 2484
[2021-01-18 16:40:33.418] [exthost] [warning] [Decorations] CAPPING events from decorations provider vscode.git 2484
[2021-01-18 16:40:38.490] [exthost] [warning] [Decorations] CAPPING events from decorations provider vscode.git 2484
[2021-01-18 16:40:43.589] [exthost] [warning] [Decorations] CAPPING events from decorations provider vscode.git 2484
[2021-01-18 16:42:19.581] [exthost] [warning] [Decorations] CAPPING events from decorations provider vscode.git 2484
[2021-01-18 16:42:24.678] [exthost] [warning] [Decorations] CAPPING events from decorations provider vscode.git 2484
[2021-01-18 16:42:29.780] [exthost] [warning] [Decorations] CAPPING events from decorations provider vscode.git 2484
[2021-01-18 16:42:34.867] [exthost] [warning] [Decorations] CAPPING events from decorations provider vscode.git 2484
[2021-01-18 16:42:39.950] [exthost] [warning] [Decorations] CAPPING events from decorations provider vscode.git 2484
[2021-01-18 16:42:45.050] [exthost] [warning] [Decorations] CAPPING events from decorations provider vscode.git 2484
[2021-01-18 16:42:50.168] [exthost] [warning] [Decorations] CAPPING events from decorations provider vscode.git 2484
[2021-01-18 16:42:55.280] [exthost] [warning] [Decorations] CAPPING events from decorations provider vscode.git 2484
[2021-01-18 16:43:00.387] [exthost] [warning] [Decorations] CAPPING events from decorations provider vscode.git 2484
[2021-01-18 16:43:05.499] [exthost] [warning] [Decorations] CAPPING events from decorations provider vscode.git 2484
[2021-01-18 16:43:10.582] [exthost] [warning] [Decorations] CAPPING events from decorations provider vscode.git 2484
[2021-01-18 16:43:17.023] [exthost] [warning] [Decorations] CAPPING events from decorations provider vscode.git 2484
[2021-01-18 16:43:22.108] [exthost] [warning] [Decorations] CAPPING events from decorations provider vscode.git 2484
[2021-01-18 16:43:27.198] [exthost] [warning] [Decorations] CAPPING events from decorations provider vscode.git 2484
[2021-01-18 16:43:32.283] [exthost] [warning] [Decorations] CAPPING events from decorations provider vscode.git 2484
[2021-01-18 16:43:37.369] [exthost] [warning] [Decorations] CAPPING events from decorations provider vscode.git 2484
[2021-01-18 16:43:43.318] [exthost] [warning] [Decorations] CAPPING events from decorations provider vscode.git 2484
[2021-01-18 16:43:48.407] [exthost] [warning] [Decorations] CAPPING events from decorations provider vscode.git 2484
[2021-01-18 16:43:53.494] [exthost] [warning] [Decorations] CAPPING events from decorations provider vscode.git 2484
[2021-01-18 16:43:58.581] [exthost] [warning] [Decorations] CAPPING events from decorations provider vscode.git 2484
[2021-01-18 16:44:03.670] [exthost] [warning] [Decorations] CAPPING events from decorations provider vscode.git 2484
[2021-01-18 16:44:08.771] [exthost] [warning] [Decorations] CAPPING events from decorations provider vscode.git 2484
[2021-01-18 16:44:13.859] [exthost] [warning] [Decorations] CAPPING events from decorations provider vscode.git 2484
[2021-01-18 16:44:18.954] [exthost] [warning] [Decorations] CAPPING events from decorations provider vscode.git 2484
[2021-01-18 16:44:24.051] [exthost] [warning] [Decorations] CAPPING events from decorations provider vscode.git 2484
[2021-01-18 16:44:29.146] [exthost] [warning] [Decorations] CAPPING events from decorations provider vscode.git 2484
[2021-01-18 16:44:34.240] [exthost] [warning] [Decorations] CAPPING events from decorations provider vscode.git 2484
[2021-01-18 16:44:39.327] [exthost] [warning] [Decorations] CAPPING events from decorations provider vscode.git 2484
[2021-01-18 16:44:44.419] [exthost] [warning] [Decorations] CAPPING events from decorations provider vscode.git 2484
[2021-01-18 16:44:49.504] [exthost] [warning] [Decorations] CAPPING events from decorations provider vscode.git 2484
[2021-01-18 16:44:54.588] [exthost] [warning] [Decorations] CAPPING events from decorations provider vscode.git 2484
[2021-01-18 16:44:59.683] [exthost] [warning] [Decorations] CAPPING events from decorations provider vscode.git 2484
[2021-01-18 16:45:04.779] [exthost] [warning] [Decorations] CAPPING events from decorations provider vscode.git 2484
[2021-01-18 16:45:09.867] [exthost] [warning] [Decorations] CAPPING events from decorations provider vscode.git 2484
[2021-01-18 16:45:14.963] [exthost] [warning] [Decorations] CAPPING events from decorations provider vscode.git 2484
[2021-01-18 16:45:20.067] [exthost] [warning] [Decorations] CAPPING events from decorations provider vscode.git 2484
[2021-01-18 16:45:25.159] [exthost] [warning] [Decorations] CAPPING events from decorations provider vscode.git 2484
[2021-01-18 16:45:30.257] [exthost] [warning] [Decorations] CAPPING events from decorations provider vscode.git 2484
[2021-01-18 16:45:35.359] [exthost] [warning] [Decorations] CAPPING events from decorations provider vscode.git 2484
[2021-01-18 16:45:40.499] [exthost] [warning] [Decorations] CAPPING events from decorations provider vscode.git 2484
[2021-01-18 16:45:45.609] [exthost] [warning] [Decorations] CAPPING events from decorations provider vscode.git 2484
[2021-01-18 16:45:50.704] [exthost] [warning] [Decorations] CAPPING events from decorations provider vscode.git 2484
[2021-01-18 16:46:10.245] [exthost] [warning] [Decorations] CAPPING events from decorations provider vscode.git 2484
[2021-01-18 16:46:15.369] [exthost] [warning] [Decorations] CAPPING events from decorations provider vscode.git 2484
[2021-01-18 16:46:21.632] [exthost] [warning] [Decorations] CAPPING events from decorations provider vscode.git 2484
[2021-01-18 16:48:37.272] [exthost] [warning] [Decorations] CAPPING events from decorations provider vscode.git 2484
[2021-01-18 16:48:42.362] [exthost] [warning] [Decorations] CAPPING events from decorations provider vscode.git 2484
[2021-01-18 16:48:47.450] [exthost] [warning] [Decorations] CAPPING events from decorations provider vscode.git 2484
[2021-01-18 16:48:52.536] [exthost] [warning] [Decorations] CAPPING events from decorations provider vscode.git 2484
[2021-01-18 16:48:57.626] [exthost] [warning] [Decorations] CAPPING events from decorations provider vscode.git 2484
[2021-01-18 16:49:02.770] [exthost] [warning] [Decorations] CAPPING events from decorations provider vscode.git 2484
[2021-01-18 16:49:07.925] [exthost] [warning] [Decorations] CAPPING events from decorations provider vscode.git 2484
[2021-01-18 16:49:13.019] [exthost] [warning] [Decorations] CAPPING events from decorations provider vscode.git 2484
[2021-01-18 16:49:18.115] [exthost] [warning] [Decorations] CAPPING events from decorations provider vscode.git 2484
[2021-01-18 16:49:23.205] [exthost] [warning] [Decorations] CAPPING events from decorations provider vscode.git 2484
[2021-01-18 16:49:28.294] [exthost] [warning] [Decorations] CAPPING events from decorations provider vscode.git 2484
[2021-01-18 16:49:33.378] [exthost] [warning] [Decorations] CAPPING events from decorations provider vscode.git 2484
[2021-01-18 16:49:38.472] [exthost] [warning] [Decorations] CAPPING events from decorations provider vscode.git 2484
[2021-01-18 16:49:43.558] [exthost] [warning] [Decorations] CAPPING events from decorations provider vscode.git 2484
[2021-01-18 16:49:48.661] [exthost] [warning] [Decorations] CAPPING events from decorations provider vscode.git 2484
[2021-01-18 16:49:53.753] [exthost] [warning] [Decorations] CAPPING events from decorations provider vscode.git 2484
[2021-01-18 16:49:58.854] [exthost] [warning] [Decorations] CAPPING events from decorations provider vscode.git 2484
[2021-01-18 16:50:03.954] [exthost] [warning] [Decorations] CAPPING events from decorations provider vscode.git 2484
[2021-01-18 16:50:09.050] [exthost] [warning] [Decorations] CAPPING events from decorations provider vscode.git 2484
[2021-01-18 16:50:14.157] [exthost] [warning] [Decorations] CAPPING events from decorations provider vscode.git 2484
[2021-01-18 16:50:19.271] [exthost] [warning] [Decorations] CAPPING events from decorations provider vscode.git 2484
[2021-01-18 16:50:24.364] [exthost] [warning] [Decorations] CAPPING events from decorations provider vscode.git 2484
[2021-01-18 16:50:29.470] [exthost] [warning] [Decorations] CAPPING events from decorations provider vscode.git 2484
[2021-01-18 16:50:34.575] [exthost] [warning] [Decorations] CAPPING events from decorations provider vscode.git 2484
[2021-01-18 16:50:39.730] [exthost] [warning] [Decorations] CAPPING events from decorations provider vscode.git 2484
[2021-01-18 16:50:44.820] [exthost] [warning] [Decorations] CAPPING events from decorations provider vscode.git 2484
[2021-01-18 16:50:49.910] [exthost] [warning] [Decorations] CAPPING events from decorations provider vscode.git 2484
[2021-01-18 16:50:54.999] [exthost] [warning] [Decorations] CAPPING events from decorations provider vscode.git 2484
[2021-01-18 16:51:00.090] [exthost] [warning] [Decorations] CAPPING events from decorations provider vscode.git 2484
[2021-01-18 16:51:05.184] [exthost] [warning] [Decorations] CAPPING events from decorations provider vscode.git 2484
[2021-01-18 16:51:10.274] [exthost] [warning] [Decorations] CAPPING events from decorations provider vscode.git 2484
[2021-01-18 16:51:15.361] [exthost] [warning] [Decorations] CAPPING events from decorations provider vscode.git 2484
[2021-01-18 16:51:20.450] [exthost] [warning] [Decorations] CAPPING events from decorations provider vscode.git 2484
[2021-01-18 16:51:25.543] [exthost] [warning] [Decorations] CAPPING events from decorations provider vscode.git 2484
[2021-01-18 16:51:30.630] [exthost] [warning] [Decorations] CAPPING events from decorations provider vscode.git 2484
[2021-01-18 16:51:35.719] [exthost] [warning] [Decorations] CAPPING events from decorations provider vscode.git 2484
[2021-01-18 16:51:40.814] [exthost] [warning] [Decorations] CAPPING events from decorations provider vscode.git 2484
[2021-01-18 16:51:45.915] [exthost] [warning] [Decorations] CAPPING events from decorations provider vscode.git 2484
[2021-01-18 16:51:51.009] [exthost] [warning] [Decorations] CAPPING events from decorations provider vscode.git 2484
[2021-01-18 16:53:33.368] [exthost] [warning] [Decorations] CAPPING events from decorations provider vscode.git 2484
[2021-01-18 16:53:38.449] [exthost] [warning] [Decorations] CAPPING events from decorations provider vscode.git 2484
[2021-01-18 16:53:43.538] [exthost] [warning] [Decorations] CAPPING events from decorations provider vscode.git 2484
[2021-01-18 16:53:48.628] [exthost] [warning] [Decorations] CAPPING events from decorations provider vscode.git 2484
[2021-01-18 16:53:53.709] [exthost] [warning] [Decorations] CAPPING events from decorations provider vscode.git 2484
[2021-01-18 16:53:58.803] [exthost] [warning] [Decorations] CAPPING events from decorations provider vscode.git 2484
[2021-01-18 16:54:03.892] [exthost] [warning] [Decorations] CAPPING events from decorations provider vscode.git 2484
[2021-01-18 16:54:08.979] [exthost] [warning] [Decorations] CAPPING events from decorations provider vscode.git 2484
[2021-01-18 16:54:14.080] [exthost] [warning] [Decorations] CAPPING events from decorations provider vscode.git 2484
[2021-01-18 16:54:17.380] [exthost] [warning] [Decorations] CAPPING events from decorations provider vscode.git 2484
[2021-01-18 16:54:19.169] [exthost] [warning] [Decorations] CAPPING events from decorations provider vscode.git 2484
[2021-01-18 16:54:24.269] [exthost] [warning] [Decorations] CAPPING events from decorations provider vscode.git 2484
[2021-01-18 16:54:29.353] [exthost] [warning] [Decorations] CAPPING events from decorations provider vscode.git 2484
[2021-01-18 16:54:34.440] [exthost] [warning] [Decorations] CAPPING events from decorations provider vscode.git 2484
[2021-01-18 16:54:39.524] [exthost] [warning] [Decorations] CAPPING events from decorations provider vscode.git 2484
[2021-01-18 16:54:44.609] [exthost] [warning] [Decorations] CAPPING events from decorations provider vscode.git 2484
[2021-01-18 16:54:49.695] [exthost] [warning] [Decorations] CAPPING events from decorations provider vscode.git 2484
[2021-01-18 16:54:54.786] [exthost] [warning] [Decorations] CAPPING events from decorations provider vscode.git 2484
[2021-01-18 16:54:59.878] [exthost] [warning] [Decorations] CAPPING events from decorations provider vscode.git 2484
[2021-01-18 16:55:05.979] [exthost] [warning] [Decorations] CAPPING events from decorations provider vscode.git 2484
[2021-01-18 16:55:17.764] [exthost] [warning] [Decorations] CAPPING events from decorations provider vscode.git 2484
[2021-01-18 16:55:22.880] [exthost] [warning] [Decorations] CAPPING events from decorations provider vscode.git 2484
[2021-01-18 16:55:27.976] [exthost] [warning] [Decorations] CAPPING events from decorations provider vscode.git 2484
[2021-01-18 16:55:38.620] [exthost] [warning] [Decorations] CAPPING events from decorations provider vscode.git 2484
[2021-01-18 16:55:43.718] [exthost] [warning] [Decorations] CAPPING events from decorations provider vscode.git 2484
[2021-01-18 16:55:48.816] [exthost] [warning] [Decorations] CAPPING events from decorations provider vscode.git 2484
[2021-01-18 16:55:53.916] [exthost] [warning] [Decorations] CAPPING events from decorations provider vscode.git 2484
[2021-01-18 16:55:59.008] [exthost] [warning] [Decorations] CAPPING events from decorations provider vscode.git 2484
[2021-01-18 16:56:04.097] [exthost] [warning] [Decorations] CAPPING events from decorations provider vscode.git 2484
[2021-01-18 16:56:09.186] [exthost] [warning] [Decorations] CAPPING events from decorations provider vscode.git 2484
[2021-01-18 16:56:14.283] [exthost] [warning] [Decorations] CAPPING events from decorations provider vscode.git 2484
[2021-01-18 16:56:19.369] [exthost] [warning] [Decorations] CAPPING events from decorations provider vscode.git 2484
[2021-01-18 16:56:28.213] [exthost] [warning] [Decorations] CAPPING events from decorations provider vscode.git 2484
[2021-01-18 16:56:33.315] [exthost] [warning] [Decorations] CAPPING events from decorations provider vscode.git 2484
[2021-01-18 16:56:38.398] [exthost] [warning] [Decorations] CAPPING events from decorations provider vscode.git 2484
[2021-01-18 16:56:43.485] [exthost] [warning] [Decorations] CAPPING events from decorations provider vscode.git 2484
[2021-01-18 16:56:48.574] [exthost] [warning] [Decorations] CAPPING events from decorations provider vscode.git 2484
[2021-01-18 16:56:53.682] [exthost] [warning] [Decorations] CAPPING events from decorations provider vscode.git 2484
[2021-01-18 16:56:58.783] [exthost] [warning] [Decorations] CAPPING events from decorations provider vscode.git 2484
[2021-01-18 16:57:03.894] [exthost] [warning] [Decorations] CAPPING events from decorations provider vscode.git 2484
[2021-01-18 16:57:08.995] [exthost] [warning] [Decorations] CAPPING events from decorations provider vscode.git 2484
[2021-01-18 16:57:15.209] [exthost] [warning] [Decorations] CAPPING events from decorations provider vscode.git 2484
[2021-01-18 16:57:20.342] [exthost] [warning] [Decorations] CAPPING events from decorations provider vscode.git 2484
[2021-01-18 16:57:25.443] [exthost] [warning] [Decorations] CAPPING events from decorations provider vscode.git 2484
[2021-01-18 16:57:30.546] [exthost] [warning] [Decorations] CAPPING events from decorations provider vscode.git 2484
[2021-01-18 16:57:35.646] [exthost] [warning] [Decorations] CAPPING events from decorations provider vscode.git 2484
[2021-01-18 16:57:40.749] [exthost] [warning] [Decorations] CAPPING events from decorations provider vscode.git 2484
[2021-01-18 16:57:45.852] [exthost] [warning] [Decorations] CAPPING events from decorations provider vscode.git 2484
[2021-01-18 16:57:50.958] [exthost] [warning] [Decorations] CAPPING events from decorations provider vscode.git 2484
[2021-01-18 16:57:56.046] [exthost] [warning] [Decorations] CAPPING events from decorations provider vscode.git 2484
[2021-01-18 16:58:01.153] [exthost] [warning] [Decorations] CAPPING events from decorations provider vscode.git 2484
[2021-01-18 16:58:15.423] [exthost] [warning] [Decorations] CAPPING events from decorations provider vscode.git 2484
[2021-01-18 16:58:20.512] [exthost] [warning] [Decorations] CAPPING events from decorations provider vscode.git 2484
[2021-01-18 16:58:25.608] [exthost] [warning] [Decorations] CAPPING events from decorations provider vscode.git 2484
[2021-01-18 16:58:29.512] [exthost] [info] ExtensionService#_doActivateExtension vscode.extension-editing {"startup":false,"extensionId":{"value":"vscode.extension-editing","_lower":"vscode.extension-editing"},"activationEvent":"onLanguage:typescript"}
[2021-01-18 16:58:29.512] [exthost] [info] ExtensionService#loadCommonJSModule file:///home/soic/.vscode-server/bin/ea3859d4ba2f3e577a159bc91e3074c5d85c0523/extensions/extension-editing/dist/extensionEditingMain
[2021-01-18 16:58:29.529] [exthost] [info] ExtensionService#_doActivateExtension vscode.typescript-language-features {"startup":false,"extensionId":{"value":"vscode.typescript-language-features","_lower":"vscode.typescript-language-features"},"activationEvent":"onLanguage:typescript"}
[2021-01-18 16:58:29.529] [exthost] [info] ExtensionService#loadCommonJSModule file:///home/soic/.vscode-server/bin/ea3859d4ba2f3e577a159bc91e3074c5d85c0523/extensions/typescript-language-features/dist/extension
[2021-01-18 16:58:30.698] [exthost] [warning] [Decorations] CAPPING events from decorations provider vscode.git 2484
[2021-01-18 16:58:35.789] [exthost] [warning] [Decorations] CAPPING events from decorations provider vscode.git 2484
[2021-01-18 16:58:40.886] [exthost] [warning] [Decorations] CAPPING events from decorations provider vscode.git 2484
[2021-01-18 16:58:45.982] [exthost] [warning] [Decorations] CAPPING events from decorations provider vscode.git 2484
[2021-01-18 16:58:51.082] [exthost] [warning] [Decorations] CAPPING events from decorations provider vscode.git 2484
[2021-01-18 16:58:56.175] [exthost] [warning] [Decorations] CAPPING events from decorations provider vscode.git 2484
[2021-01-18 16:59:01.274] [exthost] [warning] [Decorations] CAPPING events from decorations provider vscode.git 2484
[2021-01-18 16:59:08.035] [exthost] [warning] [Decorations] CAPPING events from decorations provider vscode.git 2484
[2021-01-18 16:59:13.133] [exthost] [warning] [Decorations] CAPPING events from decorations provider vscode.git 2484
[2021-01-18 16:59:24.775] [exthost] [warning] [Decorations] CAPPING events from decorations provider vscode.git 2484
[2021-01-18 17:03:54.528] [exthost] [warning] [Decorations] CAPPING events from decorations provider vscode.git 2484
[2021-01-18 17:03:59.621] [exthost] [warning] [Decorations] CAPPING events from decorations provider vscode.git 2484
[2021-01-18 17:04:04.706] [exthost] [warning] [Decorations] CAPPING events from decorations provider vscode.git 2484
[2021-01-18 17:04:09.792] [exthost] [warning] [Decorations] CAPPING events from decorations provider vscode.git 2484
[2021-01-18 17:04:14.873] [exthost] [warning] [Decorations] CAPPING events from decorations provider vscode.git 2484
[2021-01-18 17:04:19.956] [exthost] [warning] [Decorations] CAPPING events from decorations provider vscode.git 2484
[2021-01-18 17:04:25.042] [exthost] [warning] [Decorations] CAPPING events from decorations provider vscode.git 2484
[2021-01-18 17:04:30.121] [exthost] [warning] [Decorations] CAPPING events from decorations provider vscode.git 2484
[2021-01-18 17:04:35.199] [exthost] [warning] [Decorations] CAPPING events from decorations provider vscode.git 2484
[2021-01-18 17:04:40.285] [exthost] [warning] [Decorations] CAPPING events from decorations provider vscode.git 2484
[2021-01-18 17:04:45.366] [exthost] [warning] [Decorations] CAPPING events from decorations provider vscode.git 2484
[2021-01-18 17:04:50.459] [exthost] [warning] [Decorations] CAPPING events from decorations provider vscode.git 2484
[2021-01-18 17:04:55.544] [exthost] [warning] [Decorations] CAPPING events from decorations provider vscode.git 2484
[2021-01-18 17:05:00.625] [exthost] [warning] [Decorations] CAPPING events from decorations provider vscode.git 2484
[2021-01-18 17:05:05.703] [exthost] [warning] [Decorations] CAPPING events from decorations provider vscode.git 2484
[2021-01-18 17:05:10.783] [exthost] [warning] [Decorations] CAPPING events from decorations provider vscode.git 2484
[2021-01-18 17:05:15.865] [exthost] [warning] [Decorations] CAPPING events from decorations provider vscode.git 2484
[2021-01-18 17:05:20.955] [exthost] [warning] [Decorations] CAPPING events from decorations provider vscode.git 2484
[2021-01-18 17:05:26.043] [exthost] [warning] [Decorations] CAPPING events from decorations provider vscode.git 2484
[2021-01-18 17:05:31.128] [exthost] [warning] [Decorations] CAPPING events from decorations provider vscode.git 2484
[2021-01-18 17:05:36.215] [exthost] [warning] [Decorations] CAPPING events from decorations provider vscode.git 2484
[2021-01-18 17:05:41.304] [exthost] [warning] [Decorations] CAPPING events from decorations provider vscode.git 2484
[2021-01-18 17:05:46.393] [exthost] [warning] [Decorations] CAPPING events from decorations provider vscode.git 2484
[2021-01-18 17:05:51.494] [exthost] [warning] [Decorations] CAPPING events from decorations provider vscode.git 2484
[2021-01-18 17:05:56.583] [exthost] [warning] [Decorations] CAPPING events from decorations provider vscode.git 2484
[2021-01-18 17:06:01.680] [exthost] [warning] [Decorations] CAPPING events from decorations provider vscode.git 2484
[2021-01-18 17:06:06.785] [exthost] [warning] [Decorations] CAPPING events from decorations provider vscode.git 2484
[2021-01-18 17:06:11.891] [exthost] [warning] [Decorations] CAPPING events from decorations provider vscode.git 2484
[2021-01-18 17:06:17.000] [exthost] [warning] [Decorations] CAPPING events from decorations provider vscode.git 2484
[2021-01-18 17:06:22.108] [exthost] [warning] [Decorations] CAPPING events from decorations provider vscode.git 2484
[2021-01-18 17:06:27.218] [exthost] [warning] [Decorations] CAPPING events from decorations provider vscode.git 2484
[2021-01-18 17:06:32.388] [exthost] [warning] [Decorations] CAPPING events from decorations provider vscode.git 2484
[2021-01-18 17:06:37.497] [exthost] [warning] [Decorations] CAPPING events from decorations provider vscode.git 2484
[2021-01-18 17:06:42.581] [exthost] [warning] [Decorations] CAPPING events from decorations provider vscode.git 2484
[2021-01-18 17:06:47.675] [exthost] [warning] [Decorations] CAPPING events from decorations provider vscode.git 2484
[2021-01-18 17:06:52.766] [exthost] [warning] [Decorations] CAPPING events from decorations provider vscode.git 2484
[2021-01-18 17:06:57.864] [exthost] [warning] [Decorations] CAPPING events from decorations provider vscode.git 2484
[2021-01-18 17:07:02.963] [exthost] [warning] [Decorations] CAPPING events from decorations provider vscode.git 2484
[2021-01-18 17:07:08.085] [exthost] [warning] [Decorations] CAPPING events from decorations provider vscode.git 2484
[2021-01-18 17:07:13.177] [exthost] [warning] [Decorations] CAPPING events from decorations provider vscode.git 2484
[2021-01-18 17:08:34.197] [exthost] [warning] [Decorations] CAPPING events from decorations provider vscode.git 2484
[2021-01-18 17:08:39.286] [exthost] [warning] [Decorations] CAPPING events from decorations provider vscode.git 2484
[2021-01-18 17:08:44.384] [exthost] [warning] [Decorations] CAPPING events from decorations provider vscode.git 2484
[2021-01-18 17:08:49.500] [exthost] [warning] [Decorations] CAPPING events from decorations provider vscode.git 2484
[2021-01-18 17:08:54.586] [exthost] [warning] [Decorations] CAPPING events from decorations provider vscode.git 2484
[2021-01-18 17:08:59.677] [exthost] [warning] [Decorations] CAPPING events from decorations provider vscode.git 2484
[2021-01-18 17:12:52.471] [exthost] [warning] [Decorations] CAPPING events from decorations provider vscode.git 2484
[2021-01-18 17:21:20.702] [exthost] [warning] [Decorations] CAPPING events from decorations provider vscode.git 2484
[2021-01-18 17:22:06.673] [exthost] [warning] [Decorations] CAPPING events from decorations provider vscode.git 2484
[2021-01-19 09:16:22.446] [exthost] [warning] [Decorations] CAPPING events from decorations provider vscode.git 2484
[2021-01-19 09:18:55.505] [exthost] [warning] [Decorations] CAPPING events from decorations provider vscode.git 2484
[2021-01-19 09:19:07.013] [exthost] [warning] [Decorations] CAPPING events from decorations provider vscode.git 2484
[2021-01-19 09:19:12.110] [exthost] [warning] [Decorations] CAPPING events from decorations provider vscode.git 2484
[2021-01-19 09:19:17.200] [exthost] [warning] [Decorations] CAPPING events from decorations provider vscode.git 2484
[2021-01-19 09:19:22.301] [exthost] [warning] [Decorations] CAPPING events from decorations provider vscode.git 2484
[2021-01-19 09:19:27.389] [exthost] [warning] [Decorations] CAPPING events from decorations provider vscode.git 2484
[2021-01-19 09:19:32.476] [exthost] [warning] [Decorations] CAPPING events from decorations provider vscode.git 2484
[2021-01-19 09:19:37.570] [exthost] [warning] [Decorations] CAPPING events from decorations provider vscode.git 2484
[2021-01-19 09:19:42.663] [exthost] [warning] [Decorations] CAPPING events from decorations provider vscode.git 2484
[2021-01-19 09:21:09.023] [exthost] [warning] [Decorations] CAPPING events from decorations provider vscode.git 2484
[2021-01-19 09:21:14.117] [exthost] [warning] [Decorations] CAPPING events from decorations provider vscode.git 2484
[2021-01-19 09:21:19.232] [exthost] [warning] [Decorations] CAPPING events from decorations provider vscode.git 2484
[2021-01-19 09:21:24.323] [exthost] [warning] [Decorations] CAPPING events from decorations provider vscode.git 2484
[2021-01-19 09:22:32.271] [exthost] [warning] [Decorations] CAPPING events from decorations provider vscode.git 2484
[2021-01-19 09:22:37.362] [exthost] [warning] [Decorations] CAPPING events from decorations provider vscode.git 2484
[2021-01-19 09:22:42.455] [exthost] [warning] [Decorations] CAPPING events from decorations provider vscode.git 2484
[2021-01-19 09:22:47.555] [exthost] [warning] [Decorations] CAPPING events from decorations provider vscode.git 2484
[2021-01-19 09:22:52.643] [exthost] [warning] [Decorations] CAPPING events from decorations provider vscode.git 2484
[2021-01-19 09:22:57.742] [exthost] [warning] [Decorations] CAPPING events from decorations provider vscode.git 2484
[2021-01-19 09:23:04.526] [exthost] [warning] [Decorations] CAPPING events from decorations provider vscode.git 2484
[2021-01-19 09:23:12.112] [exthost] [warning] [Decorations] CAPPING events from decorations provider vscode.git 2484
[2021-01-19 09:23:17.209] [exthost] [warning] [Decorations] CAPPING events from decorations provider vscode.git 2484
[2021-01-19 09:23:22.297] [exthost] [warning] [Decorations] CAPPING events from decorations provider vscode.git 2484
[2021-01-19 09:33:23.106] [exthost] [warning] [Decorations] CAPPING events from decorations provider vscode.git 2484
[2021-01-19 09:33:28.197] [exthost] [warning] [Decorations] CAPPING events from decorations provider vscode.git 2485
[2021-01-19 09:33:33.293] [exthost] [warning] [Decorations] CAPPING events from decorations provider vscode.git 2485
[2021-01-19 09:33:38.412] [exthost] [warning] [Decorations] CAPPING events from decorations provider vscode.git 2485
[2021-01-19 09:33:43.262] [exthost] [info] ExtensionService#_doActivateExtension vscode.markdown-language-features {"startup":false,"extensionId":{"value":"vscode.markdown-language-features","_lower":"vscode.markdown-language-features"},"activationEvent":"onLanguage:markdown"}
[2021-01-19 09:33:43.262] [exthost] [info] ExtensionService#loadCommonJSModule file:///home/soic/.vscode-server/bin/ea3859d4ba2f3e577a159bc91e3074c5d85c0523/extensions/markdown-language-features/dist/extension
[2021-01-19 09:33:43.587] [exthost] [warning] [Decorations] CAPPING events from decorations provider vscode.git 2485
[2021-01-19 09:33:48.686] [exthost] [warning] [Decorations] CAPPING events from decorations provider vscode.git 2485
[2021-01-19 09:33:53.782] [exthost] [warning] [Decorations] CAPPING events from decorations provider vscode.git 2485
[2021-01-19 09:33:58.876] [exthost] [warning] [Decorations] CAPPING events from decorations provider vscode.git 2485
[2021-01-19 09:34:01.631] [exthost] [warning] [Decorations] CAPPING events from decorations provider vscode.git 2485
[2021-01-19 09:34:03.961] [exthost] [warning] [Decorations] CAPPING events from decorations provider vscode.git 2485
[2021-01-19 09:34:09.058] [exthost] [warning] [Decorations] CAPPING events from decorations provider vscode.git 2485
[2021-01-19 09:34:14.167] [exthost] [warning] [Decorations] CAPPING events from decorations provider vscode.git 2485
[2021-01-19 09:34:19.258] [exthost] [warning] [Decorations] CAPPING events from decorations provider vscode.git 2485
[2021-01-19 09:34:24.347] [exthost] [warning] [Decorations] CAPPING events from decorations provider vscode.git 2485
[2021-01-19 09:34:29.473] [exthost] [warning] [Decorations] CAPPING events from decorations provider vscode.git 2485
[2021-01-19 09:34:50.343] [exthost] [warning] [Decorations] CAPPING events from decorations provider vscode.git 2485
[2021-01-19 09:34:55.433] [exthost] [warning] [Decorations] CAPPING events from decorations provider vscode.git 2485
[2021-01-19 09:35:00.527] [exthost] [warning] [Decorations] CAPPING events from decorations provider vscode.git 2485
[2021-01-19 09:35:05.612] [exthost] [warning] [Decorations] CAPPING events from decorations provider vscode.git 2485
[2021-01-19 09:35:10.702] [exthost] [warning] [Decorations] CAPPING events from decorations provider vscode.git 2485
[2021-01-19 09:35:15.795] [exthost] [warning] [Decorations] CAPPING events from decorations provider vscode.git 2485
[2021-01-19 09:35:28.925] [exthost] [warning] [Decorations] CAPPING events from decorations provider vscode.git 2485
[2021-01-19 09:35:35.003] [exthost] [warning] [Decorations] CAPPING events from decorations provider vscode.git 2485
[2021-01-19 09:40:02.520] [exthost] [warning] [Decorations] CAPPING events from decorations provider vscode.git 2485
[2021-01-19 09:40:07.626] [exthost] [warning] [Decorations] CAPPING events from decorations provider vscode.git 2485
[2021-01-19 09:40:12.722] [exthost] [warning] [Decorations] CAPPING events from decorations provider vscode.git 2485
[2021-01-19 09:40:17.825] [exthost] [warning] [Decorations] CAPPING events from decorations provider vscode.git 2485
[2021-01-19 09:40:22.917] [exthost] [warning] [Decorations] CAPPING events from decorations provider vscode.git 2485
[2021-01-19 09:40:28.044] [exthost] [warning] [Decorations] CAPPING events from decorations provider vscode.git 2485
[2021-01-19 09:40:33.153] [exthost] [warning] [Decorations] CAPPING events from decorations provider vscode.git 2485
[2021-01-19 09:40:38.248] [exthost] [warning] [Decorations] CAPPING events from decorations provider vscode.git 2485
[2021-01-19 09:40:43.341] [exthost] [warning] [Decorations] CAPPING events from decorations provider vscode.git 2485
[2021-01-19 09:40:48.430] [exthost] [warning] [Decorations] CAPPING events from decorations provider vscode.git 2485
[2021-01-19 09:40:53.518] [exthost] [warning] [Decorations] CAPPING events from decorations provider vscode.git 2485
[2021-01-19 09:42:42.005] [exthost] [warning] [Decorations] CAPPING events from decorations provider vscode.git 2485
[2021-01-19 09:42:47.103] [exthost] [warning] [Decorations] CAPPING events from decorations provider vscode.git 2485
[2021-01-19 09:42:52.217] [exthost] [warning] [Decorations] CAPPING events from decorations provider vscode.git 2485
[2021-01-19 09:43:02.437] [exthost] [warning] [Decorations] CAPPING events from decorations provider vscode.git 2485
[2021-01-19 09:43:07.533] [exthost] [warning] [Decorations] CAPPING events from decorations provider vscode.git 2485
[2021-01-19 09:43:16.983] [exthost] [warning] [Decorations] CAPPING events from decorations provider vscode.git 2485
[2021-01-19 09:43:22.079] [exthost] [warning] [Decorations] CAPPING events from decorations provider vscode.git 2485
[2021-01-19 09:43:27.167] [exthost] [warning] [Decorations] CAPPING events from decorations provider vscode.git 2485
[2021-01-19 09:43:32.287] [exthost] [warning] [Decorations] CAPPING events from decorations provider vscode.git 2485
[2021-01-19 09:43:37.389] [exthost] [warning] [Decorations] CAPPING events from decorations provider vscode.git 2485
[2021-01-19 09:45:06.767] [exthost] [warning] [Decorations] CAPPING events from decorations provider vscode.git 2485
[2021-01-19 09:45:11.860] [exthost] [warning] [Decorations] CAPPING events from decorations provider vscode.git 2485
[2021-01-19 09:45:16.960] [exthost] [warning] [Decorations] CAPPING events from decorations provider vscode.git 2485
[2021-01-19 09:45:24.792] [exthost] [warning] [Decorations] CAPPING events from decorations provider vscode.git 2485
[2021-01-19 09:45:29.893] [exthost] [warning] [Decorations] CAPPING events from decorations provider vscode.git 2485
[2021-01-19 09:45:34.978] [exthost] [warning] [Decorations] CAPPING events from decorations provider vscode.git 2485
[2021-01-19 09:45:44.824] [exthost] [warning] [Decorations] CAPPING events from decorations provider vscode.git 2485
[2021-01-19 09:45:49.921] [exthost] [warning] [Decorations] CAPPING events from decorations provider vscode.git 2485
[2021-01-19 09:48:00.939] [exthost] [warning] [Decorations] CAPPING events from decorations provider vscode.git 2485
[2021-01-19 09:49:49.597] [exthost] [warning] [Decorations] CAPPING events from decorations provider vscode.git 2485
[2021-01-19 09:50:05.478] [exthost] [warning] [Decorations] CAPPING events from decorations provider vscode.git 2485
[2021-01-19 09:50:10.579] [exthost] [warning] [Decorations] CAPPING events from decorations provider vscode.git 2485
[2021-01-19 09:50:15.665] [exthost] [warning] [Decorations] CAPPING events from decorations provider vscode.git 2485
[2021-01-19 09:50:20.748] [exthost] [warning] [Decorations] CAPPING events from decorations provider vscode.git 2485
[2021-01-19 09:50:25.838] [exthost] [warning] [Decorations] CAPPING events from decorations provider vscode.git 2485
[2021-01-19 09:50:26.860] [exthost] [warning] [Decorations] CAPPING events from decorations provider vscode.git 2485
[2021-01-19 09:50:28.807] [exthost] [warning] [Decorations] CAPPING events from decorations provider vscode.git 2485
[2021-01-19 09:50:30.939] [exthost] [warning] [Decorations] CAPPING events from decorations provider vscode.git 2485
[2021-01-19 09:50:31.799] [exthost] [info] ExtensionService#_doActivateExtension vscode.configuration-editing {"startup":false,"extensionId":{"value":"vscode.configuration-editing","_lower":"vscode.configuration-editing"},"activationEvent":"onLanguage:jsonc"}
[2021-01-19 09:50:31.800] [exthost] [info] ExtensionService#loadCommonJSModule file:///home/soic/.vscode-server/bin/ea3859d4ba2f3e577a159bc91e3074c5d85c0523/extensions/configuration-editing/dist/configurationEditingMain
[2021-01-19 09:50:31.812] [exthost] [info] ExtensionService#_doActivateExtension vscode.json-language-features {"startup":false,"extensionId":{"value":"vscode.json-language-features","_lower":"vscode.json-language-features"},"activationEvent":"onLanguage:jsonc"}
[2021-01-19 09:50:31.813] [exthost] [info] ExtensionService#loadCommonJSModule file:///home/soic/.vscode-server/bin/ea3859d4ba2f3e577a159bc91e3074c5d85c0523/extensions/json-language-features/client/dist/node/jsonClientMain
[2021-01-19 09:50:36.059] [exthost] [warning] [Decorations] CAPPING events from decorations provider vscode.git 2485
[2021-01-19 09:50:41.161] [exthost] [warning] [Decorations] CAPPING events from decorations provider vscode.git 2485
[2021-01-19 09:50:46.269] [exthost] [warning] [Decorations] CAPPING events from decorations provider vscode.git 2485
[2021-01-19 09:50:51.373] [exthost] [warning] [Decorations] CAPPING events from decorations provider vscode.git 2485
[2021-01-19 09:50:56.477] [exthost] [warning] [Decorations] CAPPING events from decorations provider vscode.git 2485
[2021-01-19 09:51:01.593] [exthost] [warning] [Decorations] CAPPING events from decorations provider vscode.git 2485
[2021-01-19 09:51:07.182] [exthost] [warning] [Decorations] CAPPING events from decorations provider vscode.git 2485
[2021-01-19 09:51:17.596] [exthost] [warning] [Decorations] CAPPING events from decorations provider vscode.git 2485
[2021-01-19 09:51:22.744] [exthost] [warning] [Decorations] CAPPING events from decorations provider vscode.git 2485
[2021-01-19 09:51:27.857] [exthost] [warning] [Decorations] CAPPING events from decorations provider vscode.git 2485
[2021-01-19 09:51:32.971] [exthost] [warning] [Decorations] CAPPING events from decorations provider vscode.git 2485
[2021-01-19 09:51:38.085] [exthost] [warning] [Decorations] CAPPING events from decorations provider vscode.git 2485
[2021-01-19 09:51:43.198] [exthost] [warning] [Decorations] CAPPING events from decorations provider vscode.git 2485
[2021-01-19 09:51:48.326] [exthost] [warning] [Decorations] CAPPING events from decorations provider vscode.git 2485
[2021-01-19 09:51:53.430] [exthost] [warning] [Decorations] CAPPING events from decorations provider vscode.git 2485
[2021-01-19 09:51:58.525] [exthost] [warning] [Decorations] CAPPING events from decorations provider vscode.git 2485
[2021-01-19 09:52:03.628] [exthost] [warning] [Decorations] CAPPING events from decorations provider vscode.git 2485
[2021-01-19 09:52:08.722] [exthost] [warning] [Decorations] CAPPING events from decorations provider vscode.git 2485
[2021-01-19 09:52:13.815] [exthost] [warning] [Decorations] CAPPING events from decorations provider vscode.git 2485
[2021-01-19 09:52:18.948] [exthost] [warning] [Decorations] CAPPING events from decorations provider vscode.git 2485
[2021-01-19 09:52:24.127] [exthost] [warning] [Decorations] CAPPING events from decorations provider vscode.git 2485
[2021-01-19 09:52:29.226] [exthost] [warning] [Decorations] CAPPING events from decorations provider vscode.git 2485
[2021-01-19 09:54:03.968] [exthost] [warning] [Decorations] CAPPING events from decorations provider vscode.git 2485
