[2021-03-09 09:07:14.601] [exthost] [info] extension host started
[2021-03-09 09:07:14.905] [exthost] [info] ExtensionService#_doActivateExtension ms-vscode.cpptools {"startup":false,"extensionId":{"value":"ms-vscode.cpptools","_lower":"ms-vscode.cpptools"},"activationEvent":"onLanguage:cpp"}
[2021-03-09 09:07:14.905] [exthost] [info] ExtensionService#loadCommonJSModule file:///home/soic/.vscode-server/extensions/ms-vscode.cpptools-1.2.2/dist/main
[2021-03-09 09:07:15.035] [exthost] [info] ExtensionService#_doActivateExtension vscode.debug-auto-launch {"startup":true,"extensionId":{"value":"vscode.debug-auto-launch","_lower":"vscode.debug-auto-launch"},"activationEvent":"*"}
[2021-03-09 09:07:15.036] [exthost] [info] ExtensionService#loadCommonJSModule file:///home/soic/.vscode-server/bin/f30a9b73e8ffc278e71575118b6bf568f04587c8/extensions/debug-auto-launch/dist/extension
[2021-03-09 09:07:15.041] [exthost] [info] ExtensionService#_doActivateExtension vscode.git {"startup":true,"extensionId":{"value":"vscode.github","_lower":"vscode.github"},"activationEvent":"*"}
[2021-03-09 09:07:15.042] [exthost] [info] ExtensionService#loadCommonJSModule file:///home/soic/.vscode-server/bin/f30a9b73e8ffc278e71575118b6bf568f04587c8/extensions/git/dist/main
[2021-03-09 09:07:15.343] [exthost] [info] ExtensionService#_doActivateExtension vscode.github {"startup":true,"extensionId":{"value":"vscode.github","_lower":"vscode.github"},"activationEvent":"*"}
[2021-03-09 09:07:15.343] [exthost] [info] ExtensionService#loadCommonJSModule file:///home/soic/.vscode-server/bin/f30a9b73e8ffc278e71575118b6bf568f04587c8/extensions/github/dist/extension.js
[2021-03-09 09:07:15.611] [exthost] [info] ExtensionService#_doActivateExtension ms-vscode.js-debug {"startup":false,"extensionId":{"value":"ms-vscode.js-debug","_lower":"ms-vscode.js-debug"},"activationEvent":"onCommand:extension.js-debug.clearAutoAttachVariables"}
[2021-03-09 09:07:15.611] [exthost] [info] ExtensionService#loadCommonJSModule file:///home/soic/.vscode-server/bin/f30a9b73e8ffc278e71575118b6bf568f04587c8/extensions/ms-vscode.js-debug/src/extension.js
[2021-03-09 09:07:15.874] [exthost] [info] ExtensionService#_doActivateExtension ms-vscode.cmake-tools {"startup":true,"extensionId":{"value":"ms-vscode.cmake-tools","_lower":"ms-vscode.cmake-tools"},"activationEvent":"workspaceContains:**/CMakeLists.txt"}
[2021-03-09 09:07:15.874] [exthost] [info] ExtensionService#loadCommonJSModule file:///home/soic/.vscode-server/extensions/ms-vscode.cmake-tools-1.6.0/dist/main
[2021-03-09 09:07:16.233] [exthost] [info] ExtensionService#_doActivateExtension vscode.emmet {"startup":false,"extensionId":{"value":"vscode.emmet","_lower":"vscode.emmet"},"activationEvent":"onStartupFinished"}
[2021-03-09 09:07:16.233] [exthost] [info] ExtensionService#loadCommonJSModule file:///home/soic/.vscode-server/bin/f30a9b73e8ffc278e71575118b6bf568f04587c8/extensions/emmet/dist/node/emmetNodeMain
[2021-03-09 09:07:16.245] [exthost] [info] ExtensionService#_doActivateExtension vscode.merge-conflict {"startup":false,"extensionId":{"value":"vscode.merge-conflict","_lower":"vscode.merge-conflict"},"activationEvent":"onStartupFinished"}
[2021-03-09 09:07:16.245] [exthost] [info] ExtensionService#loadCommonJSModule file:///home/soic/.vscode-server/bin/f30a9b73e8ffc278e71575118b6bf568f04587c8/extensions/merge-conflict/dist/mergeConflictMain
[2021-03-09 09:07:16.249] [exthost] [info] ExtensionService#_doActivateExtension vscode.testing-editor-contributions {"startup":false,"extensionId":{"value":"vscode.testing-editor-contributions","_lower":"vscode.testing-editor-contributions"},"activationEvent":"onStartupFinished"}
[2021-03-09 09:07:16.249] [exthost] [info] ExtensionService#loadCommonJSModule file:///home/soic/.vscode-server/bin/f30a9b73e8ffc278e71575118b6bf568f04587c8/extensions/testing-editor-contributions/dist/extension.js
[2021-03-09 09:07:16.250] [exthost] [info] eager extensions activated
[2021-03-09 09:39:55.068] [exthost] [info] extension host terminating: received terminate message from renderer
[2021-03-09 09:39:56.079] [exthost] [info] exiting with code 0
