[2021-03-22 08:51:44.417] [exthost] [info] extension host started
[2021-03-22 08:51:44.483] [exthost] [info] ExtensionService#_doActivateExtension ms-vscode.cpptools {"startup":false,"extensionId":{"value":"ms-vscode.cpptools","_lower":"ms-vscode.cpptools"},"activationEvent":"onLanguage:cpp"}
[2021-03-22 08:51:44.484] [exthost] [info] ExtensionService#loadCommonJSModule file:///home/soic/.vscode-server/extensions/ms-vscode.cpptools-1.3.0-insiders/dist/main
[2021-03-22 08:51:44.597] [exthost] [info] ExtensionService#_doActivateExtension vscode.debug-auto-launch {"startup":true,"extensionId":{"value":"vscode.debug-auto-launch","_lower":"vscode.debug-auto-launch"},"activationEvent":"*"}
[2021-03-22 08:51:44.598] [exthost] [info] ExtensionService#loadCommonJSModule file:///home/soic/.vscode-server/bin/2b9aebd5354a3629c3aba0a5f5df49f43d6689f8/extensions/debug-auto-launch/dist/extension
[2021-03-22 08:51:44.604] [exthost] [info] ExtensionService#_doActivateExtension vscode.git {"startup":true,"extensionId":{"value":"vscode.github","_lower":"vscode.github"},"activationEvent":"*"}
[2021-03-22 08:51:44.604] [exthost] [info] ExtensionService#loadCommonJSModule file:///home/soic/.vscode-server/bin/2b9aebd5354a3629c3aba0a5f5df49f43d6689f8/extensions/git/dist/main
[2021-03-22 08:51:45.091] [exthost] [info] ExtensionService#_doActivateExtension vscode.github {"startup":true,"extensionId":{"value":"vscode.github","_lower":"vscode.github"},"activationEvent":"*"}
[2021-03-22 08:51:45.091] [exthost] [info] ExtensionService#loadCommonJSModule file:///home/soic/.vscode-server/bin/2b9aebd5354a3629c3aba0a5f5df49f43d6689f8/extensions/github/dist/extension.js
[2021-03-22 08:51:45.356] [exthost] [info] ExtensionService#_doActivateExtension ms-vscode.js-debug {"startup":false,"extensionId":{"value":"ms-vscode.js-debug","_lower":"ms-vscode.js-debug"},"activationEvent":"onCommand:extension.js-debug.clearAutoAttachVariables"}
[2021-03-22 08:51:45.356] [exthost] [info] ExtensionService#loadCommonJSModule file:///home/soic/.vscode-server/bin/2b9aebd5354a3629c3aba0a5f5df49f43d6689f8/extensions/ms-vscode.js-debug/src/extension.js
[2021-03-22 08:51:45.631] [exthost] [warning] [Decorations] CAPPING events from decorations provider vscode.git 488
[2021-03-22 08:51:45.647] [exthost] [info] ExtensionService#_doActivateExtension ms-vscode.cmake-tools {"startup":true,"extensionId":{"value":"ms-vscode.cmake-tools","_lower":"ms-vscode.cmake-tools"},"activationEvent":"workspaceContains:**/CMakeLists.txt"}
[2021-03-22 08:51:45.647] [exthost] [info] ExtensionService#loadCommonJSModule file:///home/soic/.vscode-server/extensions/ms-vscode.cmake-tools-1.6.0/dist/main
[2021-03-22 08:51:46.048] [exthost] [error] {"message":"Git error","stdout":"","stderr":"fatal: Pathspec '/home/soic/git_test/index.html' is in submodule 'git_test'\n","exitCode":128,"gitErrorCode":"IsInSubmodule"}
[2021-03-22 08:51:46.048] [exthost] [error] {"message":"Git error","stdout":"","stderr":"fatal: Pathspec '/home/soic/git_test/index.html' is in submodule 'git_test'\n","exitCode":128,"gitErrorCode":"IsInSubmodule"}
[2021-03-22 08:51:46.048] [exthost] [error] {"message":"Git error","stdout":"","stderr":"fatal: Pathspec '/home/soic/git_test/index.html' is in submodule 'git_test'\n","exitCode":128,"gitErrorCode":"IsInSubmodule"}
[2021-03-22 08:51:46.048] [exthost] [error] {"message":"Git error","stdout":"","stderr":"fatal: Pathspec '/home/soic/git_test/index.html' is in submodule 'git_test'\n","exitCode":128,"gitErrorCode":"IsInSubmodule"}
[2021-03-22 08:51:46.048] [exthost] [error] {"message":"Git error","stdout":"","stderr":"fatal: Pathspec '/home/soic/git_test/index.html' is in submodule 'git_test'\n","exitCode":128,"gitErrorCode":"IsInSubmodule"}
[2021-03-22 08:51:46.048] [exthost] [error] {"message":"Git error","stdout":"","stderr":"fatal: Pathspec '/home/soic/git_test/index.html' is in submodule 'git_test'\n","exitCode":128,"gitErrorCode":"IsInSubmodule"}
[2021-03-22 08:51:46.048] [exthost] [error] {"message":"Git error","stdout":"","stderr":"fatal: Pathspec '/home/soic/git_test/index.html' is in submodule 'git_test'\n","exitCode":128,"gitErrorCode":"IsInSubmodule"}
[2021-03-22 08:51:46.048] [exthost] [error] {"message":"Git error","stdout":"","stderr":"fatal: Pathspec '/home/soic/git_test/index.html' is in submodule 'git_test'\n","exitCode":128,"gitErrorCode":"IsInSubmodule"}
[2021-03-22 08:51:46.048] [exthost] [error] {"message":"Git error","stdout":"","stderr":"fatal: Pathspec '/home/soic/git_test/index.html' is in submodule 'git_test'\n","exitCode":128,"gitErrorCode":"IsInSubmodule"}
[2021-03-22 08:51:46.048] [exthost] [error] {"message":"Git error","stdout":"","stderr":"fatal: Pathspec '/home/soic/git_test/index.html' is in submodule 'git_test'\n","exitCode":128,"gitErrorCode":"IsInSubmodule"}
[2021-03-22 08:51:46.048] [exthost] [error] {"message":"Git error","stdout":"","stderr":"fatal: Pathspec '/home/soic/git_test/index.html' is in submodule 'git_test'\n","exitCode":128,"gitErrorCode":"IsInSubmodule"}
[2021-03-22 08:51:46.048] [exthost] [error] {"message":"Git error","stdout":"","stderr":"fatal: Pathspec '/home/soic/git_test/index.html' is in submodule 'git_test'\n","exitCode":128,"gitErrorCode":"IsInSubmodule"}
[2021-03-22 08:51:46.048] [exthost] [error] {"message":"Git error","stdout":"","stderr":"fatal: Pathspec '/home/soic/git_test/index.html' is in submodule 'git_test'\n","exitCode":128,"gitErrorCode":"IsInSubmodule"}
[2021-03-22 08:51:46.048] [exthost] [error] {"message":"Git error","stdout":"","stderr":"fatal: Pathspec '/home/soic/git_test/index.html' is in submodule 'git_test'\n","exitCode":128,"gitErrorCode":"IsInSubmodule"}
[2021-03-22 08:51:46.048] [exthost] [error] {"message":"Git error","stdout":"","stderr":"fatal: Pathspec '/home/soic/git_test/index.html' is in submodule 'git_test'\n","exitCode":128,"gitErrorCode":"IsInSubmodule"}
[2021-03-22 08:51:46.048] [exthost] [error] {"message":"Git error","stdout":"","stderr":"fatal: Pathspec '/home/soic/git_test/index.html' is in submodule 'git_test'\n","exitCode":128,"gitErrorCode":"IsInSubmodule"}
[2021-03-22 08:51:46.048] [exthost] [error] {"message":"Git error","stdout":"","stderr":"fatal: Pathspec '/home/soic/git_test/index.html' is in submodule 'git_test'\n","exitCode":128,"gitErrorCode":"IsInSubmodule"}
[2021-03-22 08:51:46.048] [exthost] [error] {"message":"Git error","stdout":"","stderr":"fatal: Pathspec '/home/soic/git_test/index.html' is in submodule 'git_test'\n","exitCode":128,"gitErrorCode":"IsInSubmodule"}
[2021-03-22 08:51:46.049] [exthost] [error] {"message":"Git error","stdout":"","stderr":"fatal: Pathspec '/home/soic/git_test/index.html' is in submodule 'git_test'\n","exitCode":128,"gitErrorCode":"IsInSubmodule"}
[2021-03-22 08:51:46.049] [exthost] [error] {"message":"Git error","stdout":"","stderr":"fatal: Pathspec '/home/soic/git_test/index.html' is in submodule 'git_test'\n","exitCode":128,"gitErrorCode":"IsInSubmodule"}
[2021-03-22 08:51:46.049] [exthost] [error] {"message":"Git error","stdout":"","stderr":"fatal: Pathspec '/home/soic/git_test/index.html' is in submodule 'git_test'\n","exitCode":128,"gitErrorCode":"IsInSubmodule"}
[2021-03-22 08:51:46.049] [exthost] [error] {"message":"Git error","stdout":"","stderr":"fatal: Pathspec '/home/soic/git_test/index.html' is in submodule 'git_test'\n","exitCode":128,"gitErrorCode":"IsInSubmodule"}
[2021-03-22 08:51:46.049] [exthost] [error] {"message":"Git error","stdout":"","stderr":"fatal: Pathspec '/home/soic/git_test/index.html' is in submodule 'git_test'\n","exitCode":128,"gitErrorCode":"IsInSubmodule"}
[2021-03-22 08:51:46.049] [exthost] [error] {"message":"Git error","stdout":"","stderr":"fatal: Pathspec '/home/soic/git_test/index.html' is in submodule 'git_test'\n","exitCode":128,"gitErrorCode":"IsInSubmodule"}
[2021-03-22 08:51:46.049] [exthost] [error] {"message":"Git error","stdout":"","stderr":"fatal: Pathspec '/home/soic/git_test/index.html' is in submodule 'git_test'\n","exitCode":128,"gitErrorCode":"IsInSubmodule"}
[2021-03-22 08:51:46.049] [exthost] [error] {"message":"Git error","stdout":"","stderr":"fatal: Pathspec '/home/soic/git_test/index.html' is in submodule 'git_test'\n","exitCode":128,"gitErrorCode":"IsInSubmodule"}
[2021-03-22 08:51:46.049] [exthost] [error] {"message":"Git error","stdout":"","stderr":"fatal: Pathspec '/home/soic/git_test/index.html' is in submodule 'git_test'\n","exitCode":128,"gitErrorCode":"IsInSubmodule"}
[2021-03-22 08:51:46.049] [exthost] [error] {"message":"Git error","stdout":"","stderr":"fatal: Pathspec '/home/soic/git_test/index.html' is in submodule 'git_test'\n","exitCode":128,"gitErrorCode":"IsInSubmodule"}
[2021-03-22 08:51:46.049] [exthost] [error] {"message":"Git error","stdout":"","stderr":"fatal: Pathspec '/home/soic/git_test/index.html' is in submodule 'git_test'\n","exitCode":128,"gitErrorCode":"IsInSubmodule"}
[2021-03-22 08:51:46.049] [exthost] [error] {"message":"Git error","stdout":"","stderr":"fatal: Pathspec '/home/soic/git_test/index.html' is in submodule 'git_test'\n","exitCode":128,"gitErrorCode":"IsInSubmodule"}
[2021-03-22 08:51:46.049] [exthost] [error] {"message":"Git error","stdout":"","stderr":"fatal: Pathspec '/home/soic/git_test/index.html' is in submodule 'git_test'\n","exitCode":128,"gitErrorCode":"IsInSubmodule"}
[2021-03-22 08:51:46.049] [exthost] [error] {"message":"Git error","stdout":"","stderr":"fatal: Pathspec '/home/soic/git_test/index.html' is in submodule 'git_test'\n","exitCode":128,"gitErrorCode":"IsInSubmodule"}
[2021-03-22 08:51:46.049] [exthost] [error] {"message":"Git error","stdout":"","stderr":"fatal: Pathspec '/home/soic/git_test/index.html' is in submodule 'git_test'\n","exitCode":128,"gitErrorCode":"IsInSubmodule"}
[2021-03-22 08:51:46.049] [exthost] [error] {"message":"Git error","stdout":"","stderr":"fatal: Pathspec '/home/soic/git_test/index.html' is in submodule 'git_test'\n","exitCode":128,"gitErrorCode":"IsInSubmodule"}
[2021-03-22 08:51:46.049] [exthost] [error] {"message":"Git error","stdout":"","stderr":"fatal: Pathspec '/home/soic/git_test/index.html' is in submodule 'git_test'\n","exitCode":128,"gitErrorCode":"IsInSubmodule"}
[2021-03-22 08:51:46.049] [exthost] [error] {"message":"Git error","stdout":"","stderr":"fatal: Pathspec '/home/soic/git_test/index.html' is in submodule 'git_test'\n","exitCode":128,"gitErrorCode":"IsInSubmodule"}
[2021-03-22 08:51:46.049] [exthost] [error] {"message":"Git error","stdout":"","stderr":"fatal: Pathspec '/home/soic/git_test/index.html' is in submodule 'git_test'\n","exitCode":128,"gitErrorCode":"IsInSubmodule"}
[2021-03-22 08:51:46.049] [exthost] [error] {"message":"Git error","stdout":"","stderr":"fatal: Pathspec '/home/soic/git_test/index.html' is in submodule 'git_test'\n","exitCode":128,"gitErrorCode":"IsInSubmodule"}
[2021-03-22 08:51:46.049] [exthost] [error] {"message":"Git error","stdout":"","stderr":"fatal: Pathspec '/home/soic/git_test/index.html' is in submodule 'git_test'\n","exitCode":128,"gitErrorCode":"IsInSubmodule"}
[2021-03-22 08:51:46.049] [exthost] [error] {"message":"Git error","stdout":"","stderr":"fatal: Pathspec '/home/soic/git_test/index.html' is in submodule 'git_test'\n","exitCode":128,"gitErrorCode":"IsInSubmodule"}
[2021-03-22 08:51:46.049] [exthost] [error] {"message":"Git error","stdout":"","stderr":"fatal: Pathspec '/home/soic/git_test/index.html' is in submodule 'git_test'\n","exitCode":128,"gitErrorCode":"IsInSubmodule"}
[2021-03-22 08:51:46.049] [exthost] [error] {"message":"Git error","stdout":"","stderr":"fatal: Pathspec '/home/soic/git_test/index.html' is in submodule 'git_test'\n","exitCode":128,"gitErrorCode":"IsInSubmodule"}
[2021-03-22 08:51:46.049] [exthost] [error] {"message":"Git error","stdout":"","stderr":"fatal: Pathspec '/home/soic/git_test/index.html' is in submodule 'git_test'\n","exitCode":128,"gitErrorCode":"IsInSubmodule"}
[2021-03-22 08:51:46.049] [exthost] [error] {"message":"Git error","stdout":"","stderr":"fatal: Pathspec '/home/soic/git_test/index.html' is in submodule 'git_test'\n","exitCode":128,"gitErrorCode":"IsInSubmodule"}
[2021-03-22 08:51:46.049] [exthost] [error] {"message":"Git error","stdout":"","stderr":"fatal: Pathspec '/home/soic/git_test/index.html' is in submodule 'git_test'\n","exitCode":128,"gitErrorCode":"IsInSubmodule"}
[2021-03-22 08:51:46.049] [exthost] [error] {"message":"Git error","stdout":"","stderr":"fatal: Pathspec '/home/soic/git_test/index.html' is in submodule 'git_test'\n","exitCode":128,"gitErrorCode":"IsInSubmodule"}
[2021-03-22 08:51:46.049] [exthost] [error] {"message":"Git error","stdout":"","stderr":"fatal: Pathspec '/home/soic/git_test/index.html' is in submodule 'git_test'\n","exitCode":128,"gitErrorCode":"IsInSubmodule"}
[2021-03-22 08:51:46.049] [exthost] [error] {"message":"Git error","stdout":"","stderr":"fatal: Pathspec '/home/soic/git_test/index.html' is in submodule 'git_test'\n","exitCode":128,"gitErrorCode":"IsInSubmodule"}
[2021-03-22 08:51:46.434] [exthost] [info] ExtensionService#_doActivateExtension vscode.emmet {"startup":false,"extensionId":{"value":"vscode.emmet","_lower":"vscode.emmet"},"activationEvent":"onStartupFinished"}
[2021-03-22 08:51:46.434] [exthost] [info] ExtensionService#loadCommonJSModule file:///home/soic/.vscode-server/bin/2b9aebd5354a3629c3aba0a5f5df49f43d6689f8/extensions/emmet/dist/node/emmetNodeMain
[2021-03-22 08:51:46.452] [exthost] [info] ExtensionService#_doActivateExtension vscode.merge-conflict {"startup":false,"extensionId":{"value":"vscode.merge-conflict","_lower":"vscode.merge-conflict"},"activationEvent":"onStartupFinished"}
[2021-03-22 08:51:46.452] [exthost] [info] ExtensionService#loadCommonJSModule file:///home/soic/.vscode-server/bin/2b9aebd5354a3629c3aba0a5f5df49f43d6689f8/extensions/merge-conflict/dist/mergeConflictMain
[2021-03-22 08:51:46.459] [exthost] [info] ExtensionService#_doActivateExtension vscode.testing-editor-contributions {"startup":false,"extensionId":{"value":"vscode.testing-editor-contributions","_lower":"vscode.testing-editor-contributions"},"activationEvent":"onStartupFinished"}
[2021-03-22 08:51:46.459] [exthost] [info] ExtensionService#loadCommonJSModule file:///home/soic/.vscode-server/bin/2b9aebd5354a3629c3aba0a5f5df49f43d6689f8/extensions/testing-editor-contributions/dist/extension.js
[2021-03-22 08:51:46.461] [exthost] [info] eager extensions activated
[2021-03-22 08:51:46.669] [exthost] [warning] [Decorations] CAPPING events from decorations provider vscode.git 489
[2021-03-22 08:51:48.700] [exthost] [warning] [Decorations] CAPPING events from decorations provider vscode.git 489
[2021-03-22 08:51:53.815] [exthost] [warning] [Decorations] CAPPING events from decorations provider vscode.git 503
[2021-03-22 08:51:58.918] [exthost] [warning] [Decorations] CAPPING events from decorations provider vscode.git 503
[2021-03-22 08:52:04.023] [exthost] [warning] [Decorations] CAPPING events from decorations provider vscode.git 503
[2021-03-22 08:52:09.136] [exthost] [warning] [Decorations] CAPPING events from decorations provider vscode.git 503
[2021-03-22 08:52:14.244] [exthost] [warning] [Decorations] CAPPING events from decorations provider vscode.git 503
[2021-03-22 08:52:19.356] [exthost] [warning] [Decorations] CAPPING events from decorations provider vscode.git 503
[2021-03-22 08:52:24.461] [exthost] [warning] [Decorations] CAPPING events from decorations provider vscode.git 503
[2021-03-22 08:52:29.571] [exthost] [warning] [Decorations] CAPPING events from decorations provider vscode.git 503
[2021-03-22 08:52:34.685] [exthost] [warning] [Decorations] CAPPING events from decorations provider vscode.git 503
[2021-03-22 08:52:39.802] [exthost] [warning] [Decorations] CAPPING events from decorations provider vscode.git 503
[2021-03-22 08:52:44.939] [exthost] [warning] [Decorations] CAPPING events from decorations provider vscode.git 503
[2021-03-22 08:52:50.046] [exthost] [warning] [Decorations] CAPPING events from decorations provider vscode.git 503
[2021-03-22 08:52:55.154] [exthost] [warning] [Decorations] CAPPING events from decorations provider vscode.git 503
[2021-03-22 08:53:00.262] [exthost] [warning] [Decorations] CAPPING events from decorations provider vscode.git 503
[2021-03-22 08:53:05.371] [exthost] [warning] [Decorations] CAPPING events from decorations provider vscode.git 503
[2021-03-22 08:53:10.478] [exthost] [warning] [Decorations] CAPPING events from decorations provider vscode.git 503
[2021-03-22 08:53:15.588] [exthost] [warning] [Decorations] CAPPING events from decorations provider vscode.git 503
[2021-03-22 08:53:20.693] [exthost] [warning] [Decorations] CAPPING events from decorations provider vscode.git 503
[2021-03-22 08:53:25.807] [exthost] [warning] [Decorations] CAPPING events from decorations provider vscode.git 503
[2021-03-22 08:53:30.922] [exthost] [warning] [Decorations] CAPPING events from decorations provider vscode.git 503
[2021-03-22 08:53:36.047] [exthost] [warning] [Decorations] CAPPING events from decorations provider vscode.git 503
[2021-03-22 08:53:41.166] [exthost] [warning] [Decorations] CAPPING events from decorations provider vscode.git 503
[2021-03-22 08:56:16.576] [exthost] [warning] [Decorations] CAPPING events from decorations provider vscode.git 503
[2021-03-22 08:56:17.020] [exthost] [warning] [Decorations] CAPPING events from decorations provider vscode.git 503
[2021-03-22 09:46:19.598] [exthost] [warning] [Decorations] CAPPING events from decorations provider vscode.git 503
[2021-03-22 09:46:31.048] [exthost] [warning] [Decorations] CAPPING events from decorations provider vscode.git 503
[2021-03-22 09:46:36.199] [exthost] [warning] [Decorations] CAPPING events from decorations provider vscode.git 504
[2021-03-22 09:46:41.348] [exthost] [warning] [Decorations] CAPPING events from decorations provider vscode.git 504
[2021-03-22 09:46:46.492] [exthost] [warning] [Decorations] CAPPING events from decorations provider vscode.git 504
[2021-03-22 09:46:51.668] [exthost] [warning] [Decorations] CAPPING events from decorations provider vscode.git 504
[2021-03-22 09:46:56.809] [exthost] [warning] [Decorations] CAPPING events from decorations provider vscode.git 504
[2021-03-22 09:47:01.960] [exthost] [warning] [Decorations] CAPPING events from decorations provider vscode.git 505
[2021-03-22 09:47:07.103] [exthost] [warning] [Decorations] CAPPING events from decorations provider vscode.git 505
[2021-03-22 09:47:12.238] [exthost] [warning] [Decorations] CAPPING events from decorations provider vscode.git 505
[2021-03-22 09:47:17.378] [exthost] [warning] [Decorations] CAPPING events from decorations provider vscode.git 505
[2021-03-22 09:47:22.525] [exthost] [warning] [Decorations] CAPPING events from decorations provider vscode.git 515
[2021-03-22 09:47:27.663] [exthost] [warning] [Decorations] CAPPING events from decorations provider vscode.git 515
[2021-03-22 09:47:32.797] [exthost] [warning] [Decorations] CAPPING events from decorations provider vscode.git 515
[2021-03-22 09:47:37.946] [exthost] [warning] [Decorations] CAPPING events from decorations provider vscode.git 525
[2021-03-22 09:47:43.093] [exthost] [warning] [Decorations] CAPPING events from decorations provider vscode.git 515
[2021-03-22 09:47:46.770] [exthost] [warning] [Decorations] CAPPING events from decorations provider vscode.git 515
[2021-03-23 10:46:07.586] [exthost] [info] extension host terminating: renderer disconnected for too long (2)
[2021-03-23 10:46:08.662] [exthost] [info] exiting with code 0
