[2021-02-19 14:41:58.212] [exthost] [info] extension host started
[2021-02-19 14:41:58.535] [exthost] [info] ExtensionService#_doActivateExtension ms-vscode.cpptools {"startup":false,"extensionId":{"value":"ms-vscode.cpptools","_lower":"ms-vscode.cpptools"},"activationEvent":"onLanguage:cpp"}
[2021-02-19 14:41:58.535] [exthost] [info] ExtensionService#loadCommonJSModule file:///home/soic/.vscode-server/extensions/ms-vscode.cpptools-1.2.0/dist/main
[2021-02-19 14:41:58.702] [exthost] [info] ExtensionService#_doActivateExtension vscode.debug-auto-launch {"startup":true,"extensionId":{"value":"vscode.debug-auto-launch","_lower":"vscode.debug-auto-launch"},"activationEvent":"*"}
[2021-02-19 14:41:58.703] [exthost] [info] ExtensionService#loadCommonJSModule file:///home/soic/.vscode-server/bin/ea3859d4ba2f3e577a159bc91e3074c5d85c0523/extensions/debug-auto-launch/dist/extension
[2021-02-19 14:41:58.714] [exthost] [info] ExtensionService#_doActivateExtension vscode.emmet {"startup":true,"extensionId":{"value":"vscode.emmet","_lower":"vscode.emmet"},"activationEvent":"*"}
[2021-02-19 14:41:58.714] [exthost] [info] ExtensionService#loadCommonJSModule file:///home/soic/.vscode-server/bin/ea3859d4ba2f3e577a159bc91e3074c5d85c0523/extensions/emmet/dist/node/emmetNodeMain
[2021-02-19 14:41:58.827] [exthost] [info] ExtensionService#_doActivateExtension vscode.git {"startup":true,"extensionId":{"value":"vscode.github","_lower":"vscode.github"},"activationEvent":"*"}
[2021-02-19 14:41:58.827] [exthost] [info] ExtensionService#loadCommonJSModule file:///home/soic/.vscode-server/bin/ea3859d4ba2f3e577a159bc91e3074c5d85c0523/extensions/git/dist/main
[2021-02-19 14:41:58.964] [exthost] [info] ExtensionService#_doActivateExtension vscode.merge-conflict {"startup":true,"extensionId":{"value":"vscode.merge-conflict","_lower":"vscode.merge-conflict"},"activationEvent":"*"}
[2021-02-19 14:41:58.964] [exthost] [info] ExtensionService#loadCommonJSModule file:///home/soic/.vscode-server/bin/ea3859d4ba2f3e577a159bc91e3074c5d85c0523/extensions/merge-conflict/dist/mergeConflictMain
[2021-02-19 14:41:58.977] [exthost] [info] ExtensionService#_doActivateExtension vscode.search-result {"startup":true,"extensionId":{"value":"vscode.search-result","_lower":"vscode.search-result"},"activationEvent":"*"}
[2021-02-19 14:41:58.977] [exthost] [info] ExtensionService#loadCommonJSModule file:///home/soic/.vscode-server/bin/ea3859d4ba2f3e577a159bc91e3074c5d85c0523/extensions/search-result/dist/extension.js
[2021-02-19 14:41:59.523] [exthost] [info] ExtensionService#_doActivateExtension vscode.github {"startup":true,"extensionId":{"value":"vscode.github","_lower":"vscode.github"},"activationEvent":"*"}
[2021-02-19 14:41:59.523] [exthost] [info] ExtensionService#loadCommonJSModule file:///home/soic/.vscode-server/bin/ea3859d4ba2f3e577a159bc91e3074c5d85c0523/extensions/github/dist/extension.js
[2021-02-19 14:42:00.215] [exthost] [info] ExtensionService#_doActivateExtension ms-vscode.cmake-tools {"startup":true,"extensionId":{"value":"ms-vscode.cmake-tools","_lower":"ms-vscode.cmake-tools"},"activationEvent":"workspaceContains:**/CMakeLists.txt"}
[2021-02-19 14:42:00.215] [exthost] [info] ExtensionService#loadCommonJSModule file:///home/soic/.vscode-server/extensions/ms-vscode.cmake-tools-1.5.3/dist/main
[2021-02-19 14:42:00.411] [exthost] [info] ExtensionService#_doActivateExtension ms-vscode.js-debug {"startup":false,"extensionId":{"value":"ms-vscode.js-debug","_lower":"ms-vscode.js-debug"},"activationEvent":"onCommand:extension.js-debug.clearAutoAttachVariables"}
[2021-02-19 14:42:00.411] [exthost] [info] ExtensionService#loadCommonJSModule file:///home/soic/.vscode-server/bin/ea3859d4ba2f3e577a159bc91e3074c5d85c0523/extensions/ms-vscode.js-debug/src/extension.js
[2021-02-19 14:42:00.963] [exthost] [warning] [Decorations] CAPPING events from decorations provider vscode.git 485
[2021-02-19 14:42:00.986] [exthost] [error] {"message":"Git error","stdout":"","stderr":"fatal: Pathspec '/home/soic/moxa-gpio-control/autom4te.cache' is in submodule 'moxa-gpio-control'\n","exitCode":128,"gitErrorCode":"IsInSubmodule"}
[2021-02-19 14:42:00.986] [exthost] [error] {"message":"Git error","stdout":"","stderr":"fatal: Pathspec '/home/soic/moxa-gpio-control/autom4te.cache' is in submodule 'moxa-gpio-control'\n","exitCode":128,"gitErrorCode":"IsInSubmodule"}
[2021-02-19 14:42:00.986] [exthost] [error] {"message":"Git error","stdout":"","stderr":"fatal: Pathspec '/home/soic/moxa-gpio-control/autom4te.cache' is in submodule 'moxa-gpio-control'\n","exitCode":128,"gitErrorCode":"IsInSubmodule"}
[2021-02-19 14:42:00.986] [exthost] [error] {"message":"Git error","stdout":"","stderr":"fatal: Pathspec '/home/soic/moxa-gpio-control/autom4te.cache' is in submodule 'moxa-gpio-control'\n","exitCode":128,"gitErrorCode":"IsInSubmodule"}
[2021-02-19 14:42:00.986] [exthost] [error] {"message":"Git error","stdout":"","stderr":"fatal: Pathspec '/home/soic/moxa-gpio-control/autom4te.cache' is in submodule 'moxa-gpio-control'\n","exitCode":128,"gitErrorCode":"IsInSubmodule"}
[2021-02-19 14:42:00.986] [exthost] [error] {"message":"Git error","stdout":"","stderr":"fatal: Pathspec '/home/soic/moxa-gpio-control/autom4te.cache' is in submodule 'moxa-gpio-control'\n","exitCode":128,"gitErrorCode":"IsInSubmodule"}
[2021-02-19 14:42:00.986] [exthost] [error] {"message":"Git error","stdout":"","stderr":"fatal: Pathspec '/home/soic/moxa-gpio-control/autom4te.cache' is in submodule 'moxa-gpio-control'\n","exitCode":128,"gitErrorCode":"IsInSubmodule"}
[2021-02-19 14:42:00.986] [exthost] [error] {"message":"Git error","stdout":"","stderr":"fatal: Pathspec '/home/soic/moxa-gpio-control/autom4te.cache' is in submodule 'moxa-gpio-control'\n","exitCode":128,"gitErrorCode":"IsInSubmodule"}
[2021-02-19 14:42:00.986] [exthost] [error] {"message":"Git error","stdout":"","stderr":"fatal: Pathspec '/home/soic/moxa-gpio-control/autom4te.cache' is in submodule 'moxa-gpio-control'\n","exitCode":128,"gitErrorCode":"IsInSubmodule"}
[2021-02-19 14:42:00.986] [exthost] [error] {"message":"Git error","stdout":"","stderr":"fatal: Pathspec '/home/soic/moxa-gpio-control/autom4te.cache' is in submodule 'moxa-gpio-control'\n","exitCode":128,"gitErrorCode":"IsInSubmodule"}
[2021-02-19 14:42:00.986] [exthost] [error] {"message":"Git error","stdout":"","stderr":"fatal: Pathspec '/home/soic/moxa-gpio-control/autom4te.cache' is in submodule 'moxa-gpio-control'\n","exitCode":128,"gitErrorCode":"IsInSubmodule"}
[2021-02-19 14:42:00.986] [exthost] [error] {"message":"Git error","stdout":"","stderr":"fatal: Pathspec '/home/soic/moxa-gpio-control/autom4te.cache' is in submodule 'moxa-gpio-control'\n","exitCode":128,"gitErrorCode":"IsInSubmodule"}
[2021-02-19 14:42:00.986] [exthost] [error] {"message":"Git error","stdout":"","stderr":"fatal: Pathspec '/home/soic/moxa-gpio-control/autom4te.cache' is in submodule 'moxa-gpio-control'\n","exitCode":128,"gitErrorCode":"IsInSubmodule"}
[2021-02-19 14:42:00.986] [exthost] [error] {"message":"Git error","stdout":"","stderr":"fatal: Pathspec '/home/soic/moxa-gpio-control/autom4te.cache' is in submodule 'moxa-gpio-control'\n","exitCode":128,"gitErrorCode":"IsInSubmodule"}
[2021-02-19 14:42:00.986] [exthost] [error] {"message":"Git error","stdout":"","stderr":"fatal: Pathspec '/home/soic/moxa-gpio-control/autom4te.cache' is in submodule 'moxa-gpio-control'\n","exitCode":128,"gitErrorCode":"IsInSubmodule"}
[2021-02-19 14:42:00.986] [exthost] [error] {"message":"Git error","stdout":"","stderr":"fatal: Pathspec '/home/soic/moxa-gpio-control/autom4te.cache' is in submodule 'moxa-gpio-control'\n","exitCode":128,"gitErrorCode":"IsInSubmodule"}
[2021-02-19 14:42:00.986] [exthost] [error] {"message":"Git error","stdout":"","stderr":"fatal: Pathspec '/home/soic/moxa-gpio-control/autom4te.cache' is in submodule 'moxa-gpio-control'\n","exitCode":128,"gitErrorCode":"IsInSubmodule"}
[2021-02-19 14:42:00.986] [exthost] [error] {"message":"Git error","stdout":"","stderr":"fatal: Pathspec '/home/soic/moxa-gpio-control/autom4te.cache' is in submodule 'moxa-gpio-control'\n","exitCode":128,"gitErrorCode":"IsInSubmodule"}
[2021-02-19 14:42:00.986] [exthost] [error] {"message":"Git error","stdout":"","stderr":"fatal: Pathspec '/home/soic/moxa-gpio-control/autom4te.cache' is in submodule 'moxa-gpio-control'\n","exitCode":128,"gitErrorCode":"IsInSubmodule"}
[2021-02-19 14:42:00.986] [exthost] [error] {"message":"Git error","stdout":"","stderr":"fatal: Pathspec '/home/soic/moxa-gpio-control/autom4te.cache' is in submodule 'moxa-gpio-control'\n","exitCode":128,"gitErrorCode":"IsInSubmodule"}
[2021-02-19 14:42:00.986] [exthost] [error] {"message":"Git error","stdout":"","stderr":"fatal: Pathspec '/home/soic/moxa-gpio-control/autom4te.cache' is in submodule 'moxa-gpio-control'\n","exitCode":128,"gitErrorCode":"IsInSubmodule"}
[2021-02-19 14:42:00.986] [exthost] [error] {"message":"Git error","stdout":"","stderr":"fatal: Pathspec '/home/soic/moxa-gpio-control/autom4te.cache' is in submodule 'moxa-gpio-control'\n","exitCode":128,"gitErrorCode":"IsInSubmodule"}
[2021-02-19 14:42:00.987] [exthost] [error] {"message":"Git error","stdout":"","stderr":"fatal: Pathspec '/home/soic/moxa-gpio-control/autom4te.cache' is in submodule 'moxa-gpio-control'\n","exitCode":128,"gitErrorCode":"IsInSubmodule"}
[2021-02-19 14:42:00.987] [exthost] [error] {"message":"Git error","stdout":"","stderr":"fatal: Pathspec '/home/soic/moxa-gpio-control/autom4te.cache' is in submodule 'moxa-gpio-control'\n","exitCode":128,"gitErrorCode":"IsInSubmodule"}
[2021-02-19 14:42:00.987] [exthost] [error] {"message":"Git error","stdout":"","stderr":"fatal: Pathspec '/home/soic/moxa-gpio-control/autom4te.cache' is in submodule 'moxa-gpio-control'\n","exitCode":128,"gitErrorCode":"IsInSubmodule"}
[2021-02-19 14:42:00.987] [exthost] [error] {"message":"Git error","stdout":"","stderr":"fatal: Pathspec '/home/soic/moxa-gpio-control/autom4te.cache' is in submodule 'moxa-gpio-control'\n","exitCode":128,"gitErrorCode":"IsInSubmodule"}
[2021-02-19 14:42:00.987] [exthost] [error] {"message":"Git error","stdout":"","stderr":"fatal: Pathspec '/home/soic/moxa-gpio-control/autom4te.cache' is in submodule 'moxa-gpio-control'\n","exitCode":128,"gitErrorCode":"IsInSubmodule"}
[2021-02-19 14:42:00.987] [exthost] [error] {"message":"Git error","stdout":"","stderr":"fatal: Pathspec '/home/soic/moxa-gpio-control/autom4te.cache' is in submodule 'moxa-gpio-control'\n","exitCode":128,"gitErrorCode":"IsInSubmodule"}
[2021-02-19 14:42:00.987] [exthost] [error] {"message":"Git error","stdout":"","stderr":"fatal: Pathspec '/home/soic/moxa-gpio-control/autom4te.cache' is in submodule 'moxa-gpio-control'\n","exitCode":128,"gitErrorCode":"IsInSubmodule"}
[2021-02-19 14:42:00.987] [exthost] [error] {"message":"Git error","stdout":"","stderr":"fatal: Pathspec '/home/soic/moxa-gpio-control/autom4te.cache' is in submodule 'moxa-gpio-control'\n","exitCode":128,"gitErrorCode":"IsInSubmodule"}
[2021-02-19 14:42:00.987] [exthost] [error] {"message":"Git error","stdout":"","stderr":"fatal: Pathspec '/home/soic/moxa-gpio-control/autom4te.cache' is in submodule 'moxa-gpio-control'\n","exitCode":128,"gitErrorCode":"IsInSubmodule"}
[2021-02-19 14:42:00.987] [exthost] [error] {"message":"Git error","stdout":"","stderr":"fatal: Pathspec '/home/soic/moxa-gpio-control/autom4te.cache' is in submodule 'moxa-gpio-control'\n","exitCode":128,"gitErrorCode":"IsInSubmodule"}
[2021-02-19 14:42:00.987] [exthost] [error] {"message":"Git error","stdout":"","stderr":"fatal: Pathspec '/home/soic/moxa-gpio-control/autom4te.cache' is in submodule 'moxa-gpio-control'\n","exitCode":128,"gitErrorCode":"IsInSubmodule"}
[2021-02-19 14:42:00.987] [exthost] [error] {"message":"Git error","stdout":"","stderr":"fatal: Pathspec '/home/soic/moxa-gpio-control/autom4te.cache' is in submodule 'moxa-gpio-control'\n","exitCode":128,"gitErrorCode":"IsInSubmodule"}
[2021-02-19 14:42:00.987] [exthost] [error] {"message":"Git error","stdout":"","stderr":"fatal: Pathspec '/home/soic/moxa-gpio-control/autom4te.cache' is in submodule 'moxa-gpio-control'\n","exitCode":128,"gitErrorCode":"IsInSubmodule"}
[2021-02-19 14:42:00.987] [exthost] [error] {"message":"Git error","stdout":"","stderr":"fatal: Pathspec '/home/soic/moxa-gpio-control/autom4te.cache' is in submodule 'moxa-gpio-control'\n","exitCode":128,"gitErrorCode":"IsInSubmodule"}
[2021-02-19 14:42:00.987] [exthost] [error] {"message":"Git error","stdout":"","stderr":"fatal: Pathspec '/home/soic/moxa-gpio-control/autom4te.cache' is in submodule 'moxa-gpio-control'\n","exitCode":128,"gitErrorCode":"IsInSubmodule"}
[2021-02-19 14:42:00.987] [exthost] [error] {"message":"Git error","stdout":"","stderr":"fatal: Pathspec '/home/soic/moxa-gpio-control/autom4te.cache' is in submodule 'moxa-gpio-control'\n","exitCode":128,"gitErrorCode":"IsInSubmodule"}
[2021-02-19 14:42:00.987] [exthost] [error] {"message":"Git error","stdout":"","stderr":"fatal: Pathspec '/home/soic/moxa-gpio-control/autom4te.cache' is in submodule 'moxa-gpio-control'\n","exitCode":128,"gitErrorCode":"IsInSubmodule"}
[2021-02-19 14:42:00.987] [exthost] [error] {"message":"Git error","stdout":"","stderr":"fatal: Pathspec '/home/soic/moxa-gpio-control/autom4te.cache' is in submodule 'moxa-gpio-control'\n","exitCode":128,"gitErrorCode":"IsInSubmodule"}
[2021-02-19 14:42:00.987] [exthost] [error] {"message":"Git error","stdout":"","stderr":"fatal: Pathspec '/home/soic/moxa-gpio-control/autom4te.cache' is in submodule 'moxa-gpio-control'\n","exitCode":128,"gitErrorCode":"IsInSubmodule"}
[2021-02-19 14:42:00.987] [exthost] [error] {"message":"Git error","stdout":"","stderr":"fatal: Pathspec '/home/soic/moxa-gpio-control/autom4te.cache' is in submodule 'moxa-gpio-control'\n","exitCode":128,"gitErrorCode":"IsInSubmodule"}
[2021-02-19 14:42:00.987] [exthost] [error] {"message":"Git error","stdout":"","stderr":"fatal: Pathspec '/home/soic/moxa-gpio-control/autom4te.cache' is in submodule 'moxa-gpio-control'\n","exitCode":128,"gitErrorCode":"IsInSubmodule"}
[2021-02-19 14:42:00.987] [exthost] [error] {"message":"Git error","stdout":"","stderr":"fatal: Pathspec '/home/soic/moxa-gpio-control/autom4te.cache' is in submodule 'moxa-gpio-control'\n","exitCode":128,"gitErrorCode":"IsInSubmodule"}
[2021-02-19 14:42:00.987] [exthost] [error] {"message":"Git error","stdout":"","stderr":"fatal: Pathspec '/home/soic/moxa-gpio-control/autom4te.cache' is in submodule 'moxa-gpio-control'\n","exitCode":128,"gitErrorCode":"IsInSubmodule"}
[2021-02-19 14:42:00.987] [exthost] [error] {"message":"Git error","stdout":"","stderr":"fatal: Pathspec '/home/soic/moxa-gpio-control/autom4te.cache' is in submodule 'moxa-gpio-control'\n","exitCode":128,"gitErrorCode":"IsInSubmodule"}
[2021-02-19 14:42:00.987] [exthost] [error] {"message":"Git error","stdout":"","stderr":"fatal: Pathspec '/home/soic/moxa-gpio-control/autom4te.cache' is in submodule 'moxa-gpio-control'\n","exitCode":128,"gitErrorCode":"IsInSubmodule"}
[2021-02-19 14:42:00.987] [exthost] [error] {"message":"Git error","stdout":"","stderr":"fatal: Pathspec '/home/soic/moxa-gpio-control/autom4te.cache' is in submodule 'moxa-gpio-control'\n","exitCode":128,"gitErrorCode":"IsInSubmodule"}
[2021-02-19 14:42:00.987] [exthost] [error] {"message":"Git error","stdout":"","stderr":"fatal: Pathspec '/home/soic/moxa-gpio-control/autom4te.cache' is in submodule 'moxa-gpio-control'\n","exitCode":128,"gitErrorCode":"IsInSubmodule"}
[2021-02-19 14:42:00.987] [exthost] [error] {"message":"Git error","stdout":"","stderr":"fatal: Pathspec '/home/soic/moxa-gpio-control/autom4te.cache' is in submodule 'moxa-gpio-control'\n","exitCode":128,"gitErrorCode":"IsInSubmodule"}
[2021-02-19 14:42:01.631] [exthost] [info] eager extensions activated
[2021-02-19 14:42:11.052] [exthost] [warning] [Decorations] CAPPING events from decorations provider vscode.git 505
[2021-02-19 14:44:05.367] [exthost] [warning] [Decorations] CAPPING events from decorations provider vscode.git 505
[2021-02-19 14:44:08.931] [exthost] [error] {"message":"Git error","stdout":"","stderr":"fatal: Pathspec '/home/soic/moxa-gpio-control/.gitignore' is in submodule 'moxa-gpio-control'\n","exitCode":128,"gitErrorCode":"IsInSubmodule"}
[2021-02-19 14:44:08.931] [exthost] [error] {"message":"Git error","stdout":"","stderr":"fatal: Pathspec '/home/soic/moxa-gpio-control/.gitignore' is in submodule 'moxa-gpio-control'\n","exitCode":128,"gitErrorCode":"IsInSubmodule"}
[2021-02-19 14:44:08.931] [exthost] [error] {"message":"Git error","stdout":"","stderr":"fatal: Pathspec '/home/soic/moxa-gpio-control/.gitignore' is in submodule 'moxa-gpio-control'\n","exitCode":128,"gitErrorCode":"IsInSubmodule"}
[2021-02-19 14:44:08.931] [exthost] [error] {"message":"Git error","stdout":"","stderr":"fatal: Pathspec '/home/soic/moxa-gpio-control/.gitignore' is in submodule 'moxa-gpio-control'\n","exitCode":128,"gitErrorCode":"IsInSubmodule"}
[2021-02-19 14:44:08.931] [exthost] [error] {"message":"Git error","stdout":"","stderr":"fatal: Pathspec '/home/soic/moxa-gpio-control/.gitignore' is in submodule 'moxa-gpio-control'\n","exitCode":128,"gitErrorCode":"IsInSubmodule"}
[2021-02-19 14:44:08.931] [exthost] [error] {"message":"Git error","stdout":"","stderr":"fatal: Pathspec '/home/soic/moxa-gpio-control/.gitignore' is in submodule 'moxa-gpio-control'\n","exitCode":128,"gitErrorCode":"IsInSubmodule"}
[2021-02-19 14:44:08.931] [exthost] [error] {"message":"Git error","stdout":"","stderr":"fatal: Pathspec '/home/soic/moxa-gpio-control/.gitignore' is in submodule 'moxa-gpio-control'\n","exitCode":128,"gitErrorCode":"IsInSubmodule"}
[2021-02-19 14:44:08.931] [exthost] [error] {"message":"Git error","stdout":"","stderr":"fatal: Pathspec '/home/soic/moxa-gpio-control/.gitignore' is in submodule 'moxa-gpio-control'\n","exitCode":128,"gitErrorCode":"IsInSubmodule"}
[2021-02-19 14:44:08.931] [exthost] [error] {"message":"Git error","stdout":"","stderr":"fatal: Pathspec '/home/soic/moxa-gpio-control/.gitignore' is in submodule 'moxa-gpio-control'\n","exitCode":128,"gitErrorCode":"IsInSubmodule"}
[2021-02-19 14:44:08.931] [exthost] [error] {"message":"Git error","stdout":"","stderr":"fatal: Pathspec '/home/soic/moxa-gpio-control/.gitignore' is in submodule 'moxa-gpio-control'\n","exitCode":128,"gitErrorCode":"IsInSubmodule"}
[2021-02-19 14:44:08.931] [exthost] [error] {"message":"Git error","stdout":"","stderr":"fatal: Pathspec '/home/soic/moxa-gpio-control/.gitignore' is in submodule 'moxa-gpio-control'\n","exitCode":128,"gitErrorCode":"IsInSubmodule"}
[2021-02-19 14:44:08.931] [exthost] [error] {"message":"Git error","stdout":"","stderr":"fatal: Pathspec '/home/soic/moxa-gpio-control/.gitignore' is in submodule 'moxa-gpio-control'\n","exitCode":128,"gitErrorCode":"IsInSubmodule"}
[2021-02-19 14:44:08.931] [exthost] [error] {"message":"Git error","stdout":"","stderr":"fatal: Pathspec '/home/soic/moxa-gpio-control/.gitignore' is in submodule 'moxa-gpio-control'\n","exitCode":128,"gitErrorCode":"IsInSubmodule"}
[2021-02-19 14:44:08.931] [exthost] [error] {"message":"Git error","stdout":"","stderr":"fatal: Pathspec '/home/soic/moxa-gpio-control/.gitignore' is in submodule 'moxa-gpio-control'\n","exitCode":128,"gitErrorCode":"IsInSubmodule"}
[2021-02-19 14:44:08.931] [exthost] [error] {"message":"Git error","stdout":"","stderr":"fatal: Pathspec '/home/soic/moxa-gpio-control/.gitignore' is in submodule 'moxa-gpio-control'\n","exitCode":128,"gitErrorCode":"IsInSubmodule"}
[2021-02-19 14:44:10.474] [exthost] [warning] [Decorations] CAPPING events from decorations provider vscode.git 505
[2021-02-19 14:44:15.563] [exthost] [warning] [Decorations] CAPPING events from decorations provider vscode.git 505
[2021-02-19 14:44:20.661] [exthost] [warning] [Decorations] CAPPING events from decorations provider vscode.git 505
[2021-02-19 14:44:25.751] [exthost] [warning] [Decorations] CAPPING events from decorations provider vscode.git 505
[2021-02-19 14:44:30.859] [exthost] [warning] [Decorations] CAPPING events from decorations provider vscode.git 505
[2021-02-19 14:44:35.951] [exthost] [warning] [Decorations] CAPPING events from decorations provider vscode.git 505
[2021-02-19 14:44:41.039] [exthost] [warning] [Decorations] CAPPING events from decorations provider vscode.git 505
[2021-02-19 14:44:46.131] [exthost] [warning] [Decorations] CAPPING events from decorations provider vscode.git 505
[2021-02-19 14:44:51.232] [exthost] [warning] [Decorations] CAPPING events from decorations provider vscode.git 505
[2021-02-19 14:44:56.321] [exthost] [warning] [Decorations] CAPPING events from decorations provider vscode.git 505
[2021-02-19 14:45:01.411] [exthost] [warning] [Decorations] CAPPING events from decorations provider vscode.git 505
[2021-02-19 14:45:06.505] [exthost] [warning] [Decorations] CAPPING events from decorations provider vscode.git 505
[2021-02-19 14:45:11.053] [exthost] [warning] [Decorations] CAPPING events from decorations provider vscode.git 505
[2021-02-19 14:45:11.594] [exthost] [warning] [Decorations] CAPPING events from decorations provider vscode.git 505
[2021-02-19 14:45:16.684] [exthost] [warning] [Decorations] CAPPING events from decorations provider vscode.git 505
[2021-02-19 14:45:21.778] [exthost] [warning] [Decorations] CAPPING events from decorations provider vscode.git 505
[2021-02-19 14:45:26.903] [exthost] [warning] [Decorations] CAPPING events from decorations provider vscode.git 505
[2021-02-19 14:45:31.997] [exthost] [warning] [Decorations] CAPPING events from decorations provider vscode.git 505
[2021-02-19 14:45:37.089] [exthost] [warning] [Decorations] CAPPING events from decorations provider vscode.git 505
[2021-02-19 14:45:42.178] [exthost] [warning] [Decorations] CAPPING events from decorations provider vscode.git 505
[2021-02-19 14:45:47.269] [exthost] [warning] [Decorations] CAPPING events from decorations provider vscode.git 505
[2021-02-19 14:45:52.361] [exthost] [warning] [Decorations] CAPPING events from decorations provider vscode.git 505
[2021-02-19 14:45:57.451] [exthost] [warning] [Decorations] CAPPING events from decorations provider vscode.git 505
[2021-02-19 14:46:02.549] [exthost] [warning] [Decorations] CAPPING events from decorations provider vscode.git 505
[2021-02-19 14:46:07.638] [exthost] [warning] [Decorations] CAPPING events from decorations provider vscode.git 505
[2021-02-19 14:46:12.731] [exthost] [warning] [Decorations] CAPPING events from decorations provider vscode.git 505
[2021-02-19 14:46:17.827] [exthost] [warning] [Decorations] CAPPING events from decorations provider vscode.git 505
[2021-02-19 14:46:43.638] [exthost] [warning] [Decorations] CAPPING events from decorations provider vscode.git 505
[2021-02-19 14:46:48.728] [exthost] [warning] [Decorations] CAPPING events from decorations provider vscode.git 505
[2021-02-19 14:46:53.823] [exthost] [warning] [Decorations] CAPPING events from decorations provider vscode.git 505
[2021-02-19 14:46:58.915] [exthost] [warning] [Decorations] CAPPING events from decorations provider vscode.git 505
[2021-02-19 14:47:04.006] [exthost] [warning] [Decorations] CAPPING events from decorations provider vscode.git 505
[2021-02-19 14:47:09.135] [exthost] [warning] [Decorations] CAPPING events from decorations provider vscode.git 505
[2021-02-19 14:47:14.244] [exthost] [warning] [Decorations] CAPPING events from decorations provider vscode.git 505
[2021-02-19 14:47:19.335] [exthost] [warning] [Decorations] CAPPING events from decorations provider vscode.git 505
[2021-02-19 14:47:24.424] [exthost] [warning] [Decorations] CAPPING events from decorations provider vscode.git 505
[2021-02-19 14:47:29.513] [exthost] [warning] [Decorations] CAPPING events from decorations provider vscode.git 505
[2021-02-19 14:47:34.605] [exthost] [warning] [Decorations] CAPPING events from decorations provider vscode.git 505
[2021-02-19 14:47:39.695] [exthost] [warning] [Decorations] CAPPING events from decorations provider vscode.git 505
[2021-02-19 14:47:44.786] [exthost] [warning] [Decorations] CAPPING events from decorations provider vscode.git 505
[2021-02-19 14:47:49.887] [exthost] [warning] [Decorations] CAPPING events from decorations provider vscode.git 505
[2021-02-19 14:47:54.979] [exthost] [warning] [Decorations] CAPPING events from decorations provider vscode.git 505
[2021-02-19 14:48:00.070] [exthost] [warning] [Decorations] CAPPING events from decorations provider vscode.git 505
[2021-02-19 14:48:05.159] [exthost] [warning] [Decorations] CAPPING events from decorations provider vscode.git 505
[2021-02-19 14:48:10.249] [exthost] [warning] [Decorations] CAPPING events from decorations provider vscode.git 505
[2021-02-19 14:48:12.167] [exthost] [warning] [Decorations] CAPPING events from decorations provider vscode.git 505
[2021-02-19 14:48:15.341] [exthost] [warning] [Decorations] CAPPING events from decorations provider vscode.git 505
[2021-02-19 14:48:20.433] [exthost] [warning] [Decorations] CAPPING events from decorations provider vscode.git 505
[2021-02-19 14:48:25.529] [exthost] [warning] [Decorations] CAPPING events from decorations provider vscode.git 505
[2021-02-19 14:48:30.622] [exthost] [warning] [Decorations] CAPPING events from decorations provider vscode.git 505
[2021-02-19 14:48:35.714] [exthost] [warning] [Decorations] CAPPING events from decorations provider vscode.git 505
[2021-02-19 14:48:40.806] [exthost] [warning] [Decorations] CAPPING events from decorations provider vscode.git 505
[2021-02-19 14:48:45.913] [exthost] [warning] [Decorations] CAPPING events from decorations provider vscode.git 505
[2021-02-19 14:48:51.015] [exthost] [warning] [Decorations] CAPPING events from decorations provider vscode.git 505
[2021-02-19 14:48:56.119] [exthost] [warning] [Decorations] CAPPING events from decorations provider vscode.git 505
[2021-02-19 14:49:01.229] [exthost] [warning] [Decorations] CAPPING events from decorations provider vscode.git 505
[2021-02-19 14:49:06.335] [exthost] [warning] [Decorations] CAPPING events from decorations provider vscode.git 505
[2021-02-19 14:49:11.438] [exthost] [warning] [Decorations] CAPPING events from decorations provider vscode.git 505
[2021-02-19 14:49:16.539] [exthost] [warning] [Decorations] CAPPING events from decorations provider vscode.git 505
[2021-02-19 14:49:21.640] [exthost] [warning] [Decorations] CAPPING events from decorations provider vscode.git 505
[2021-02-19 14:49:26.743] [exthost] [warning] [Decorations] CAPPING events from decorations provider vscode.git 505
[2021-02-19 14:49:31.853] [exthost] [warning] [Decorations] CAPPING events from decorations provider vscode.git 505
[2021-02-19 14:49:36.957] [exthost] [warning] [Decorations] CAPPING events from decorations provider vscode.git 505
[2021-02-19 14:49:42.068] [exthost] [warning] [Decorations] CAPPING events from decorations provider vscode.git 505
[2021-02-19 14:49:47.174] [exthost] [warning] [Decorations] CAPPING events from decorations provider vscode.git 505
[2021-02-19 14:49:52.280] [exthost] [warning] [Decorations] CAPPING events from decorations provider vscode.git 505
[2021-02-19 14:49:57.395] [exthost] [warning] [Decorations] CAPPING events from decorations provider vscode.git 505
[2021-02-19 14:50:02.497] [exthost] [warning] [Decorations] CAPPING events from decorations provider vscode.git 505
[2021-02-19 14:50:07.610] [exthost] [warning] [Decorations] CAPPING events from decorations provider vscode.git 505
[2021-02-19 14:50:12.726] [exthost] [warning] [Decorations] CAPPING events from decorations provider vscode.git 505
[2021-02-19 15:13:10.993] [exthost] [warning] [Decorations] CAPPING events from decorations provider vscode.git 505
[2021-02-19 15:13:12.091] [exthost] [warning] [Decorations] CAPPING events from decorations provider vscode.git 505
[2021-02-19 15:13:16.115] [exthost] [warning] [Decorations] CAPPING events from decorations provider vscode.git 505
[2021-02-19 15:13:21.222] [exthost] [warning] [Decorations] CAPPING events from decorations provider vscode.git 505
[2021-02-19 15:13:26.327] [exthost] [warning] [Decorations] CAPPING events from decorations provider vscode.git 505
[2021-02-19 15:13:31.434] [exthost] [warning] [Decorations] CAPPING events from decorations provider vscode.git 505
[2021-02-19 15:13:36.544] [exthost] [warning] [Decorations] CAPPING events from decorations provider vscode.git 505
[2021-02-19 15:13:41.649] [exthost] [warning] [Decorations] CAPPING events from decorations provider vscode.git 505
[2021-02-19 15:13:46.756] [exthost] [warning] [Decorations] CAPPING events from decorations provider vscode.git 505
[2021-02-19 15:13:51.871] [exthost] [warning] [Decorations] CAPPING events from decorations provider vscode.git 505
[2021-02-19 15:13:56.981] [exthost] [warning] [Decorations] CAPPING events from decorations provider vscode.git 505
[2021-02-19 15:14:02.086] [exthost] [warning] [Decorations] CAPPING events from decorations provider vscode.git 505
[2021-02-19 15:14:07.205] [exthost] [warning] [Decorations] CAPPING events from decorations provider vscode.git 505
[2021-02-19 15:14:12.312] [exthost] [warning] [Decorations] CAPPING events from decorations provider vscode.git 505
[2021-02-19 15:14:17.415] [exthost] [warning] [Decorations] CAPPING events from decorations provider vscode.git 505
[2021-02-19 15:14:22.521] [exthost] [warning] [Decorations] CAPPING events from decorations provider vscode.git 505
[2021-02-19 15:14:27.624] [exthost] [warning] [Decorations] CAPPING events from decorations provider vscode.git 505
[2021-02-19 15:14:32.738] [exthost] [warning] [Decorations] CAPPING events from decorations provider vscode.git 505
[2021-02-19 15:14:37.847] [exthost] [warning] [Decorations] CAPPING events from decorations provider vscode.git 505
[2021-02-19 15:14:42.957] [exthost] [warning] [Decorations] CAPPING events from decorations provider vscode.git 505
[2021-02-19 15:14:48.063] [exthost] [warning] [Decorations] CAPPING events from decorations provider vscode.git 505
[2021-02-19 15:14:53.191] [exthost] [warning] [Decorations] CAPPING events from decorations provider vscode.git 505
[2021-02-19 15:14:58.318] [exthost] [warning] [Decorations] CAPPING events from decorations provider vscode.git 505
[2021-02-19 15:14:59.471] [exthost] [error] {"message":"Git error","stdout":"","stderr":"fatal: Pathspec '/home/soic/moxa-gpio-control/ltmain.sh' is in submodule 'moxa-gpio-control'\n","exitCode":128,"gitErrorCode":"IsInSubmodule"}
[2021-02-19 15:14:59.471] [exthost] [error] {"message":"Git error","stdout":"","stderr":"fatal: Pathspec '/home/soic/moxa-gpio-control/ltmain.sh' is in submodule 'moxa-gpio-control'\n","exitCode":128,"gitErrorCode":"IsInSubmodule"}
[2021-02-19 15:15:03.429] [exthost] [warning] [Decorations] CAPPING events from decorations provider vscode.git 505
[2021-02-19 15:15:08.535] [exthost] [warning] [Decorations] CAPPING events from decorations provider vscode.git 505
[2021-02-19 15:15:13.641] [exthost] [warning] [Decorations] CAPPING events from decorations provider vscode.git 505
[2021-02-19 15:15:18.746] [exthost] [warning] [Decorations] CAPPING events from decorations provider vscode.git 505
[2021-02-19 15:15:23.849] [exthost] [warning] [Decorations] CAPPING events from decorations provider vscode.git 505
[2021-02-19 15:15:28.953] [exthost] [warning] [Decorations] CAPPING events from decorations provider vscode.git 505
[2021-02-19 15:15:34.059] [exthost] [warning] [Decorations] CAPPING events from decorations provider vscode.git 505
[2021-02-19 15:15:39.172] [exthost] [warning] [Decorations] CAPPING events from decorations provider vscode.git 505
[2021-02-19 15:15:44.281] [exthost] [warning] [Decorations] CAPPING events from decorations provider vscode.git 505
[2021-02-19 15:15:49.384] [exthost] [warning] [Decorations] CAPPING events from decorations provider vscode.git 505
[2021-02-19 15:15:54.488] [exthost] [warning] [Decorations] CAPPING events from decorations provider vscode.git 505
[2021-02-19 15:15:59.594] [exthost] [warning] [Decorations] CAPPING events from decorations provider vscode.git 505
[2021-02-19 15:16:04.701] [exthost] [warning] [Decorations] CAPPING events from decorations provider vscode.git 505
[2021-02-19 15:16:09.805] [exthost] [warning] [Decorations] CAPPING events from decorations provider vscode.git 505
[2021-02-19 15:16:13.575] [exthost] [warning] [Decorations] CAPPING events from decorations provider vscode.git 505
[2021-02-19 15:16:14.907] [exthost] [warning] [Decorations] CAPPING events from decorations provider vscode.git 505
[2021-02-19 15:16:20.014] [exthost] [warning] [Decorations] CAPPING events from decorations provider vscode.git 505
[2021-02-19 15:16:25.121] [exthost] [warning] [Decorations] CAPPING events from decorations provider vscode.git 505
[2021-02-19 15:16:30.235] [exthost] [warning] [Decorations] CAPPING events from decorations provider vscode.git 505
[2021-02-19 15:16:35.345] [exthost] [warning] [Decorations] CAPPING events from decorations provider vscode.git 505
[2021-02-19 15:16:40.451] [exthost] [warning] [Decorations] CAPPING events from decorations provider vscode.git 505
[2021-02-19 15:16:45.558] [exthost] [warning] [Decorations] CAPPING events from decorations provider vscode.git 505
[2021-02-19 15:16:50.663] [exthost] [warning] [Decorations] CAPPING events from decorations provider vscode.git 505
[2021-02-19 15:16:55.767] [exthost] [warning] [Decorations] CAPPING events from decorations provider vscode.git 505
[2021-02-19 15:17:00.876] [exthost] [warning] [Decorations] CAPPING events from decorations provider vscode.git 505
[2021-02-19 15:17:05.980] [exthost] [warning] [Decorations] CAPPING events from decorations provider vscode.git 505
[2021-02-19 15:17:11.094] [exthost] [warning] [Decorations] CAPPING events from decorations provider vscode.git 505
[2021-02-19 15:17:16.206] [exthost] [warning] [Decorations] CAPPING events from decorations provider vscode.git 505
[2021-02-19 15:17:21.315] [exthost] [warning] [Decorations] CAPPING events from decorations provider vscode.git 505
[2021-02-19 15:17:26.420] [exthost] [warning] [Decorations] CAPPING events from decorations provider vscode.git 505
[2021-02-19 15:17:31.525] [exthost] [warning] [Decorations] CAPPING events from decorations provider vscode.git 505
[2021-02-19 15:17:36.630] [exthost] [warning] [Decorations] CAPPING events from decorations provider vscode.git 505
[2021-02-19 15:17:41.736] [exthost] [warning] [Decorations] CAPPING events from decorations provider vscode.git 505
[2021-02-19 15:17:46.844] [exthost] [warning] [Decorations] CAPPING events from decorations provider vscode.git 505
[2021-02-19 15:17:51.949] [exthost] [warning] [Decorations] CAPPING events from decorations provider vscode.git 505
[2021-02-19 15:17:57.056] [exthost] [warning] [Decorations] CAPPING events from decorations provider vscode.git 505
[2021-02-19 15:18:02.164] [exthost] [warning] [Decorations] CAPPING events from decorations provider vscode.git 505
[2021-02-19 15:18:07.275] [exthost] [warning] [Decorations] CAPPING events from decorations provider vscode.git 505
[2021-02-19 15:18:12.379] [exthost] [warning] [Decorations] CAPPING events from decorations provider vscode.git 505
[2021-02-19 15:18:17.485] [exthost] [warning] [Decorations] CAPPING events from decorations provider vscode.git 505
[2021-02-19 15:18:22.592] [exthost] [warning] [Decorations] CAPPING events from decorations provider vscode.git 505
[2021-02-19 15:18:27.697] [exthost] [warning] [Decorations] CAPPING events from decorations provider vscode.git 505
[2021-02-19 15:18:32.802] [exthost] [warning] [Decorations] CAPPING events from decorations provider vscode.git 505
[2021-02-19 15:18:37.907] [exthost] [warning] [Decorations] CAPPING events from decorations provider vscode.git 505
[2021-02-19 15:18:43.013] [exthost] [warning] [Decorations] CAPPING events from decorations provider vscode.git 505
[2021-02-19 15:18:48.118] [exthost] [warning] [Decorations] CAPPING events from decorations provider vscode.git 505
[2021-02-19 15:18:53.228] [exthost] [warning] [Decorations] CAPPING events from decorations provider vscode.git 505
[2021-02-19 15:18:58.334] [exthost] [warning] [Decorations] CAPPING events from decorations provider vscode.git 505
[2021-02-19 15:19:03.440] [exthost] [warning] [Decorations] CAPPING events from decorations provider vscode.git 505
[2021-02-19 15:19:08.544] [exthost] [warning] [Decorations] CAPPING events from decorations provider vscode.git 505
[2021-02-19 15:19:13.649] [exthost] [warning] [Decorations] CAPPING events from decorations provider vscode.git 505
[2021-02-19 15:19:14.774] [exthost] [warning] [Decorations] CAPPING events from decorations provider vscode.git 505
[2021-02-19 15:19:18.762] [exthost] [warning] [Decorations] CAPPING events from decorations provider vscode.git 505
[2021-02-19 15:19:23.866] [exthost] [warning] [Decorations] CAPPING events from decorations provider vscode.git 505
[2021-02-19 15:19:28.969] [exthost] [warning] [Decorations] CAPPING events from decorations provider vscode.git 505
[2021-02-19 15:19:34.075] [exthost] [warning] [Decorations] CAPPING events from decorations provider vscode.git 505
[2021-02-19 15:19:39.182] [exthost] [warning] [Decorations] CAPPING events from decorations provider vscode.git 505
[2021-02-19 15:19:44.292] [exthost] [warning] [Decorations] CAPPING events from decorations provider vscode.git 505
[2021-02-19 15:19:49.401] [exthost] [warning] [Decorations] CAPPING events from decorations provider vscode.git 505
[2021-02-19 15:19:54.506] [exthost] [warning] [Decorations] CAPPING events from decorations provider vscode.git 505
[2021-02-19 15:19:59.612] [exthost] [warning] [Decorations] CAPPING events from decorations provider vscode.git 505
[2021-02-19 15:20:04.717] [exthost] [warning] [Decorations] CAPPING events from decorations provider vscode.git 505
[2021-02-19 15:20:09.822] [exthost] [warning] [Decorations] CAPPING events from decorations provider vscode.git 505
[2021-02-19 15:20:14.936] [exthost] [warning] [Decorations] CAPPING events from decorations provider vscode.git 505
[2021-02-19 15:20:20.040] [exthost] [warning] [Decorations] CAPPING events from decorations provider vscode.git 505
[2021-02-19 15:20:25.144] [exthost] [warning] [Decorations] CAPPING events from decorations provider vscode.git 505
[2021-02-19 15:20:30.257] [exthost] [warning] [Decorations] CAPPING events from decorations provider vscode.git 505
[2021-02-19 15:20:35.361] [exthost] [warning] [Decorations] CAPPING events from decorations provider vscode.git 505
[2021-02-19 15:20:40.468] [exthost] [warning] [Decorations] CAPPING events from decorations provider vscode.git 505
[2021-02-19 15:20:45.573] [exthost] [warning] [Decorations] CAPPING events from decorations provider vscode.git 505
[2021-02-19 15:20:50.678] [exthost] [warning] [Decorations] CAPPING events from decorations provider vscode.git 505
[2021-02-19 15:20:55.785] [exthost] [warning] [Decorations] CAPPING events from decorations provider vscode.git 505
[2021-02-19 15:21:00.892] [exthost] [warning] [Decorations] CAPPING events from decorations provider vscode.git 505
[2021-02-19 15:21:05.996] [exthost] [warning] [Decorations] CAPPING events from decorations provider vscode.git 505
[2021-02-19 15:21:11.099] [exthost] [warning] [Decorations] CAPPING events from decorations provider vscode.git 505
[2021-02-19 15:21:16.211] [exthost] [warning] [Decorations] CAPPING events from decorations provider vscode.git 505
[2021-02-19 15:21:21.324] [exthost] [warning] [Decorations] CAPPING events from decorations provider vscode.git 505
[2021-02-19 15:21:26.428] [exthost] [warning] [Decorations] CAPPING events from decorations provider vscode.git 505
[2021-02-19 15:21:31.534] [exthost] [warning] [Decorations] CAPPING events from decorations provider vscode.git 505
[2021-02-19 15:21:36.639] [exthost] [warning] [Decorations] CAPPING events from decorations provider vscode.git 505
[2021-02-19 15:21:41.746] [exthost] [warning] [Decorations] CAPPING events from decorations provider vscode.git 505
[2021-02-19 15:21:46.850] [exthost] [warning] [Decorations] CAPPING events from decorations provider vscode.git 505
[2021-02-19 15:21:51.956] [exthost] [warning] [Decorations] CAPPING events from decorations provider vscode.git 505
[2021-02-19 15:21:57.061] [exthost] [warning] [Decorations] CAPPING events from decorations provider vscode.git 505
[2021-02-19 15:22:02.167] [exthost] [warning] [Decorations] CAPPING events from decorations provider vscode.git 505
[2021-02-19 15:22:07.278] [exthost] [warning] [Decorations] CAPPING events from decorations provider vscode.git 505
[2021-02-19 15:22:12.383] [exthost] [warning] [Decorations] CAPPING events from decorations provider vscode.git 505
[2021-02-19 15:22:15.890] [exthost] [warning] [Decorations] CAPPING events from decorations provider vscode.git 505
[2021-02-19 15:22:17.488] [exthost] [warning] [Decorations] CAPPING events from decorations provider vscode.git 505
[2021-02-19 15:22:22.592] [exthost] [warning] [Decorations] CAPPING events from decorations provider vscode.git 505
[2021-02-19 15:22:27.699] [exthost] [warning] [Decorations] CAPPING events from decorations provider vscode.git 505
[2021-02-19 15:22:32.803] [exthost] [warning] [Decorations] CAPPING events from decorations provider vscode.git 505
[2021-02-19 15:22:37.910] [exthost] [warning] [Decorations] CAPPING events from decorations provider vscode.git 505
[2021-02-19 15:22:43.014] [exthost] [warning] [Decorations] CAPPING events from decorations provider vscode.git 505
[2021-02-19 15:22:48.131] [exthost] [warning] [Decorations] CAPPING events from decorations provider vscode.git 505
[2021-02-19 15:22:53.243] [exthost] [warning] [Decorations] CAPPING events from decorations provider vscode.git 505
[2021-02-19 15:22:58.349] [exthost] [warning] [Decorations] CAPPING events from decorations provider vscode.git 505
[2021-02-19 15:23:03.456] [exthost] [warning] [Decorations] CAPPING events from decorations provider vscode.git 505
[2021-02-19 15:23:08.568] [exthost] [warning] [Decorations] CAPPING events from decorations provider vscode.git 505
[2021-02-19 15:23:13.672] [exthost] [warning] [Decorations] CAPPING events from decorations provider vscode.git 505
[2021-02-19 15:23:18.779] [exthost] [warning] [Decorations] CAPPING events from decorations provider vscode.git 505
[2021-02-19 15:23:23.884] [exthost] [warning] [Decorations] CAPPING events from decorations provider vscode.git 505
[2021-02-19 15:23:28.991] [exthost] [warning] [Decorations] CAPPING events from decorations provider vscode.git 505
[2021-02-19 15:23:34.099] [exthost] [warning] [Decorations] CAPPING events from decorations provider vscode.git 505
[2021-02-19 15:23:39.217] [exthost] [warning] [Decorations] CAPPING events from decorations provider vscode.git 505
[2021-02-19 15:23:44.323] [exthost] [warning] [Decorations] CAPPING events from decorations provider vscode.git 505
[2021-02-19 15:23:49.432] [exthost] [warning] [Decorations] CAPPING events from decorations provider vscode.git 505
[2021-02-19 15:23:54.537] [exthost] [warning] [Decorations] CAPPING events from decorations provider vscode.git 505
[2021-02-19 15:23:59.643] [exthost] [warning] [Decorations] CAPPING events from decorations provider vscode.git 505
[2021-02-19 15:24:04.746] [exthost] [warning] [Decorations] CAPPING events from decorations provider vscode.git 505
[2021-02-19 15:24:09.849] [exthost] [warning] [Decorations] CAPPING events from decorations provider vscode.git 505
[2021-02-19 15:24:14.956] [exthost] [warning] [Decorations] CAPPING events from decorations provider vscode.git 505
[2021-02-19 15:24:20.063] [exthost] [warning] [Decorations] CAPPING events from decorations provider vscode.git 505
[2021-02-19 15:24:25.168] [exthost] [warning] [Decorations] CAPPING events from decorations provider vscode.git 505
[2021-02-19 15:24:30.282] [exthost] [warning] [Decorations] CAPPING events from decorations provider vscode.git 505
[2021-02-19 15:24:35.387] [exthost] [warning] [Decorations] CAPPING events from decorations provider vscode.git 505
[2021-02-19 15:24:40.493] [exthost] [warning] [Decorations] CAPPING events from decorations provider vscode.git 505
[2021-02-19 15:24:45.600] [exthost] [warning] [Decorations] CAPPING events from decorations provider vscode.git 505
[2021-02-19 15:24:50.705] [exthost] [warning] [Decorations] CAPPING events from decorations provider vscode.git 505
[2021-02-19 15:24:55.811] [exthost] [warning] [Decorations] CAPPING events from decorations provider vscode.git 505
[2021-02-19 15:25:00.917] [exthost] [warning] [Decorations] CAPPING events from decorations provider vscode.git 505
[2021-02-19 15:25:06.023] [exthost] [warning] [Decorations] CAPPING events from decorations provider vscode.git 505
[2021-02-19 15:25:11.126] [exthost] [warning] [Decorations] CAPPING events from decorations provider vscode.git 505
[2021-02-19 15:25:17.150] [exthost] [warning] [Decorations] CAPPING events from decorations provider vscode.git 505
[2021-02-19 15:25:17.400] [exthost] [warning] [Decorations] CAPPING events from decorations provider vscode.git 505
[2021-02-19 15:25:22.503] [exthost] [warning] [Decorations] CAPPING events from decorations provider vscode.git 505
[2021-02-19 15:25:27.640] [exthost] [warning] [Decorations] CAPPING events from decorations provider vscode.git 505
[2021-02-19 15:25:32.744] [exthost] [warning] [Decorations] CAPPING events from decorations provider vscode.git 505
[2021-02-19 15:25:37.851] [exthost] [warning] [Decorations] CAPPING events from decorations provider vscode.git 505
[2021-02-19 15:25:42.957] [exthost] [warning] [Decorations] CAPPING events from decorations provider vscode.git 505
[2021-02-19 15:25:48.065] [exthost] [warning] [Decorations] CAPPING events from decorations provider vscode.git 505
[2021-02-19 15:25:53.175] [exthost] [warning] [Decorations] CAPPING events from decorations provider vscode.git 505
[2021-02-19 15:25:58.294] [exthost] [warning] [Decorations] CAPPING events from decorations provider vscode.git 505
[2021-02-19 15:26:03.408] [exthost] [warning] [Decorations] CAPPING events from decorations provider vscode.git 505
[2021-02-19 15:26:08.513] [exthost] [warning] [Decorations] CAPPING events from decorations provider vscode.git 505
[2021-02-19 15:26:13.623] [exthost] [warning] [Decorations] CAPPING events from decorations provider vscode.git 505
[2021-02-19 15:26:18.728] [exthost] [warning] [Decorations] CAPPING events from decorations provider vscode.git 505
[2021-02-19 15:26:23.835] [exthost] [warning] [Decorations] CAPPING events from decorations provider vscode.git 505
[2021-02-19 15:26:26.352] [exthost] [info] ExtensionService#_doActivateExtension vscode.debug-server-ready {"startup":false,"extensionId":{"value":"vscode.debug-server-ready","_lower":"vscode.debug-server-ready"},"activationEvent":"onDebugResolve"}
[2021-02-19 15:26:26.352] [exthost] [info] ExtensionService#loadCommonJSModule file:///home/soic/.vscode-server/bin/ea3859d4ba2f3e577a159bc91e3074c5d85c0523/extensions/debug-server-ready/dist/extension
[2021-02-19 15:26:26.477] [exthost] [info] ExtensionService#_doActivateExtension vscode.grunt {"startup":false,"extensionId":{"value":"vscode.grunt","_lower":"vscode.grunt"},"activationEvent":"onCommand:workbench.action.tasks.runTask"}
[2021-02-19 15:26:26.477] [exthost] [info] ExtensionService#loadCommonJSModule file:///home/soic/.vscode-server/bin/ea3859d4ba2f3e577a159bc91e3074c5d85c0523/extensions/grunt/dist/main
[2021-02-19 15:26:26.484] [exthost] [info] ExtensionService#_doActivateExtension vscode.gulp {"startup":false,"extensionId":{"value":"vscode.gulp","_lower":"vscode.gulp"},"activationEvent":"onCommand:workbench.action.tasks.runTask"}
[2021-02-19 15:26:26.484] [exthost] [info] ExtensionService#loadCommonJSModule file:///home/soic/.vscode-server/bin/ea3859d4ba2f3e577a159bc91e3074c5d85c0523/extensions/gulp/dist/main
[2021-02-19 15:26:26.488] [exthost] [info] ExtensionService#_doActivateExtension vscode.jake {"startup":false,"extensionId":{"value":"vscode.jake","_lower":"vscode.jake"},"activationEvent":"onCommand:workbench.action.tasks.runTask"}
[2021-02-19 15:26:26.488] [exthost] [info] ExtensionService#loadCommonJSModule file:///home/soic/.vscode-server/bin/ea3859d4ba2f3e577a159bc91e3074c5d85c0523/extensions/jake/dist/main
[2021-02-19 15:26:26.492] [exthost] [info] ExtensionService#_doActivateExtension vscode.npm {"startup":false,"extensionId":{"value":"vscode.npm","_lower":"vscode.npm"},"activationEvent":"onCommand:workbench.action.tasks.runTask"}
[2021-02-19 15:26:26.492] [exthost] [info] ExtensionService#loadCommonJSModule file:///home/soic/.vscode-server/bin/ea3859d4ba2f3e577a159bc91e3074c5d85c0523/extensions/npm/dist/npmMain
[2021-02-19 15:26:26.514] [exthost] [info] ExtensionService#_doActivateExtension vscode.typescript-language-features {"startup":false,"extensionId":{"value":"vscode.typescript-language-features","_lower":"vscode.typescript-language-features"},"activationEvent":"onCommand:workbench.action.tasks.runTask"}
[2021-02-19 15:26:26.514] [exthost] [info] ExtensionService#loadCommonJSModule file:///home/soic/.vscode-server/bin/ea3859d4ba2f3e577a159bc91e3074c5d85c0523/extensions/typescript-language-features/dist/extension
[2021-02-19 15:26:26.695] [exthost] [info] ExtensionService#_doActivateExtension vscode.configuration-editing {"startup":false,"extensionId":{"value":"vscode.configuration-editing","_lower":"vscode.configuration-editing"},"activationEvent":"onLanguage:json"}
[2021-02-19 15:26:26.695] [exthost] [info] ExtensionService#loadCommonJSModule file:///home/soic/.vscode-server/bin/ea3859d4ba2f3e577a159bc91e3074c5d85c0523/extensions/configuration-editing/dist/configurationEditingMain
[2021-02-19 15:26:26.701] [exthost] [info] ExtensionService#_doActivateExtension vscode.extension-editing {"startup":false,"extensionId":{"value":"vscode.extension-editing","_lower":"vscode.extension-editing"},"activationEvent":"onLanguage:json"}
[2021-02-19 15:26:26.701] [exthost] [info] ExtensionService#loadCommonJSModule file:///home/soic/.vscode-server/bin/ea3859d4ba2f3e577a159bc91e3074c5d85c0523/extensions/extension-editing/dist/extensionEditingMain
[2021-02-19 15:26:26.715] [exthost] [info] ExtensionService#_doActivateExtension vscode.json-language-features {"startup":false,"extensionId":{"value":"vscode.json-language-features","_lower":"vscode.json-language-features"},"activationEvent":"onLanguage:json"}
[2021-02-19 15:26:26.715] [exthost] [info] ExtensionService#loadCommonJSModule file:///home/soic/.vscode-server/bin/ea3859d4ba2f3e577a159bc91e3074c5d85c0523/extensions/json-language-features/client/dist/node/jsonClientMain
[2021-02-19 15:26:28.941] [exthost] [warning] [Decorations] CAPPING events from decorations provider vscode.git 510
[2021-02-19 15:26:34.048] [exthost] [warning] [Decorations] CAPPING events from decorations provider vscode.git 510
[2021-02-19 15:26:39.159] [exthost] [warning] [Decorations] CAPPING events from decorations provider vscode.git 510
[2021-02-19 15:26:44.277] [exthost] [warning] [Decorations] CAPPING events from decorations provider vscode.git 510
[2021-02-19 15:26:56.744] [exthost] [warning] [Decorations] CAPPING events from decorations provider vscode.git 511
[2021-02-19 15:27:01.856] [exthost] [warning] [Decorations] CAPPING events from decorations provider vscode.git 511
[2021-02-19 15:27:06.969] [exthost] [warning] [Decorations] CAPPING events from decorations provider vscode.git 511
[2021-02-19 15:27:12.082] [exthost] [warning] [Decorations] CAPPING events from decorations provider vscode.git 511
[2021-02-19 15:27:17.189] [exthost] [warning] [Decorations] CAPPING events from decorations provider vscode.git 511
[2021-02-19 15:27:22.311] [exthost] [warning] [Decorations] CAPPING events from decorations provider vscode.git 511
[2021-02-19 15:27:27.420] [exthost] [warning] [Decorations] CAPPING events from decorations provider vscode.git 511
[2021-02-19 15:27:32.529] [exthost] [warning] [Decorations] CAPPING events from decorations provider vscode.git 511
[2021-02-19 15:30:56.360] [exthost] [warning] [Decorations] CAPPING events from decorations provider vscode.git 511
[2021-02-19 15:30:57.226] [exthost] [warning] [Decorations] CAPPING events from decorations provider vscode.git 511
[2021-02-19 15:31:01.484] [exthost] [warning] [Decorations] CAPPING events from decorations provider vscode.git 511
[2021-02-19 15:31:06.588] [exthost] [warning] [Decorations] CAPPING events from decorations provider vscode.git 511
[2021-02-19 15:31:11.705] [exthost] [warning] [Decorations] CAPPING events from decorations provider vscode.git 511
[2021-02-19 15:31:16.815] [exthost] [warning] [Decorations] CAPPING events from decorations provider vscode.git 511
[2021-02-19 15:31:21.941] [exthost] [warning] [Decorations] CAPPING events from decorations provider vscode.git 511
[2021-02-19 15:31:27.044] [exthost] [warning] [Decorations] CAPPING events from decorations provider vscode.git 511
[2021-02-19 15:31:32.153] [exthost] [warning] [Decorations] CAPPING events from decorations provider vscode.git 511
[2021-02-19 15:31:37.260] [exthost] [warning] [Decorations] CAPPING events from decorations provider vscode.git 511
[2021-02-19 15:31:42.377] [exthost] [warning] [Decorations] CAPPING events from decorations provider vscode.git 511
[2021-02-19 15:31:47.490] [exthost] [warning] [Decorations] CAPPING events from decorations provider vscode.git 511
[2021-02-19 15:31:52.601] [exthost] [warning] [Decorations] CAPPING events from decorations provider vscode.git 511
[2021-02-19 15:31:57.708] [exthost] [warning] [Decorations] CAPPING events from decorations provider vscode.git 511
[2021-02-19 15:32:02.817] [exthost] [warning] [Decorations] CAPPING events from decorations provider vscode.git 511
[2021-02-19 15:32:07.928] [exthost] [warning] [Decorations] CAPPING events from decorations provider vscode.git 511
[2021-02-19 15:32:13.034] [exthost] [warning] [Decorations] CAPPING events from decorations provider vscode.git 511
[2021-02-19 15:32:18.146] [exthost] [warning] [Decorations] CAPPING events from decorations provider vscode.git 511
[2021-02-19 15:32:23.256] [exthost] [warning] [Decorations] CAPPING events from decorations provider vscode.git 511
[2021-02-19 15:32:28.365] [exthost] [warning] [Decorations] CAPPING events from decorations provider vscode.git 511
[2021-02-19 15:32:33.482] [exthost] [warning] [Decorations] CAPPING events from decorations provider vscode.git 511
[2021-02-19 15:32:38.589] [exthost] [warning] [Decorations] CAPPING events from decorations provider vscode.git 511
[2021-02-19 15:32:43.699] [exthost] [warning] [Decorations] CAPPING events from decorations provider vscode.git 511
[2021-02-19 15:32:48.806] [exthost] [warning] [Decorations] CAPPING events from decorations provider vscode.git 511
[2021-02-19 15:32:53.917] [exthost] [warning] [Decorations] CAPPING events from decorations provider vscode.git 511
[2021-02-19 15:32:59.027] [exthost] [warning] [Decorations] CAPPING events from decorations provider vscode.git 511
[2021-02-19 15:33:04.134] [exthost] [warning] [Decorations] CAPPING events from decorations provider vscode.git 511
[2021-02-19 15:33:09.242] [exthost] [warning] [Decorations] CAPPING events from decorations provider vscode.git 511
[2021-02-19 15:33:14.354] [exthost] [warning] [Decorations] CAPPING events from decorations provider vscode.git 511
[2021-02-19 15:33:19.472] [exthost] [warning] [Decorations] CAPPING events from decorations provider vscode.git 511
[2021-02-19 15:33:24.579] [exthost] [warning] [Decorations] CAPPING events from decorations provider vscode.git 511
[2021-02-19 15:33:29.687] [exthost] [warning] [Decorations] CAPPING events from decorations provider vscode.git 511
[2021-02-19 15:33:34.795] [exthost] [warning] [Decorations] CAPPING events from decorations provider vscode.git 511
[2021-02-19 15:33:39.903] [exthost] [warning] [Decorations] CAPPING events from decorations provider vscode.git 511
[2021-02-19 15:33:45.011] [exthost] [warning] [Decorations] CAPPING events from decorations provider vscode.git 511
[2021-02-19 15:33:50.125] [exthost] [warning] [Decorations] CAPPING events from decorations provider vscode.git 511
[2021-02-19 15:33:55.233] [exthost] [warning] [Decorations] CAPPING events from decorations provider vscode.git 511
[2021-02-19 15:33:58.385] [exthost] [warning] [Decorations] CAPPING events from decorations provider vscode.git 511
[2021-02-19 15:34:00.340] [exthost] [warning] [Decorations] CAPPING events from decorations provider vscode.git 511
[2021-02-19 15:34:05.458] [exthost] [warning] [Decorations] CAPPING events from decorations provider vscode.git 511
[2021-02-19 15:34:10.564] [exthost] [warning] [Decorations] CAPPING events from decorations provider vscode.git 511
[2021-02-19 15:34:15.671] [exthost] [warning] [Decorations] CAPPING events from decorations provider vscode.git 511
[2021-02-19 15:34:20.779] [exthost] [warning] [Decorations] CAPPING events from decorations provider vscode.git 511
[2021-02-19 15:34:25.888] [exthost] [warning] [Decorations] CAPPING events from decorations provider vscode.git 511
[2021-02-19 15:34:30.997] [exthost] [warning] [Decorations] CAPPING events from decorations provider vscode.git 511
[2021-02-19 15:34:36.107] [exthost] [warning] [Decorations] CAPPING events from decorations provider vscode.git 511
[2021-02-19 15:34:41.220] [exthost] [warning] [Decorations] CAPPING events from decorations provider vscode.git 511
[2021-02-19 15:34:46.334] [exthost] [warning] [Decorations] CAPPING events from decorations provider vscode.git 511
[2021-02-19 15:34:51.453] [exthost] [warning] [Decorations] CAPPING events from decorations provider vscode.git 511
[2021-02-19 15:34:56.561] [exthost] [warning] [Decorations] CAPPING events from decorations provider vscode.git 511
[2021-02-19 15:35:01.704] [exthost] [warning] [Decorations] CAPPING events from decorations provider vscode.git 511
[2021-02-19 15:35:06.811] [exthost] [warning] [Decorations] CAPPING events from decorations provider vscode.git 511
[2021-02-19 15:35:11.920] [exthost] [warning] [Decorations] CAPPING events from decorations provider vscode.git 511
[2021-02-19 15:35:17.027] [exthost] [warning] [Decorations] CAPPING events from decorations provider vscode.git 511
[2021-02-19 15:35:22.147] [exthost] [warning] [Decorations] CAPPING events from decorations provider vscode.git 511
[2021-02-19 15:35:27.254] [exthost] [warning] [Decorations] CAPPING events from decorations provider vscode.git 511
[2021-02-19 15:35:32.368] [exthost] [warning] [Decorations] CAPPING events from decorations provider vscode.git 511
[2021-02-19 15:35:37.483] [exthost] [warning] [Decorations] CAPPING events from decorations provider vscode.git 511
[2021-02-19 15:35:42.607] [exthost] [warning] [Decorations] CAPPING events from decorations provider vscode.git 511
[2021-02-19 15:35:47.718] [exthost] [warning] [Decorations] CAPPING events from decorations provider vscode.git 511
[2021-02-19 15:35:52.827] [exthost] [warning] [Decorations] CAPPING events from decorations provider vscode.git 511
[2021-02-19 15:35:57.936] [exthost] [warning] [Decorations] CAPPING events from decorations provider vscode.git 511
[2021-02-19 15:36:03.051] [exthost] [warning] [Decorations] CAPPING events from decorations provider vscode.git 511
[2021-02-19 15:36:08.163] [exthost] [warning] [Decorations] CAPPING events from decorations provider vscode.git 511
[2021-02-19 15:36:13.272] [exthost] [warning] [Decorations] CAPPING events from decorations provider vscode.git 511
[2021-02-19 15:36:18.382] [exthost] [warning] [Decorations] CAPPING events from decorations provider vscode.git 511
[2021-02-19 15:36:23.521] [exthost] [warning] [Decorations] CAPPING events from decorations provider vscode.git 511
[2021-02-19 15:36:28.642] [exthost] [warning] [Decorations] CAPPING events from decorations provider vscode.git 511
[2021-02-19 15:36:33.750] [exthost] [warning] [Decorations] CAPPING events from decorations provider vscode.git 511
[2021-02-19 15:36:38.855] [exthost] [warning] [Decorations] CAPPING events from decorations provider vscode.git 511
[2021-02-19 15:36:43.991] [exthost] [warning] [Decorations] CAPPING events from decorations provider vscode.git 511
[2021-02-19 15:36:49.100] [exthost] [warning] [Decorations] CAPPING events from decorations provider vscode.git 511
[2021-02-19 15:36:54.206] [exthost] [warning] [Decorations] CAPPING events from decorations provider vscode.git 511
[2021-02-19 15:36:59.535] [exthost] [warning] [Decorations] CAPPING events from decorations provider vscode.git 511
[2021-02-19 15:36:59.764] [exthost] [warning] [Decorations] CAPPING events from decorations provider vscode.git 511
[2021-02-19 15:37:04.892] [exthost] [warning] [Decorations] CAPPING events from decorations provider vscode.git 511
[2021-02-19 15:37:10.022] [exthost] [warning] [Decorations] CAPPING events from decorations provider vscode.git 511
[2021-02-19 15:37:15.132] [exthost] [warning] [Decorations] CAPPING events from decorations provider vscode.git 511
[2021-02-19 15:37:20.241] [exthost] [warning] [Decorations] CAPPING events from decorations provider vscode.git 511
[2021-02-19 15:37:25.381] [exthost] [warning] [Decorations] CAPPING events from decorations provider vscode.git 511
[2021-02-19 15:37:30.496] [exthost] [warning] [Decorations] CAPPING events from decorations provider vscode.git 511
[2021-02-19 15:37:35.604] [exthost] [warning] [Decorations] CAPPING events from decorations provider vscode.git 511
[2021-02-19 15:37:40.714] [exthost] [warning] [Decorations] CAPPING events from decorations provider vscode.git 511
[2021-02-19 15:37:45.912] [exthost] [warning] [Decorations] CAPPING events from decorations provider vscode.git 511
[2021-02-19 15:37:51.046] [exthost] [warning] [Decorations] CAPPING events from decorations provider vscode.git 511
[2021-02-19 15:37:56.170] [exthost] [warning] [Decorations] CAPPING events from decorations provider vscode.git 511
[2021-02-19 15:38:01.282] [exthost] [warning] [Decorations] CAPPING events from decorations provider vscode.git 511
[2021-02-19 15:38:06.430] [exthost] [warning] [Decorations] CAPPING events from decorations provider vscode.git 511
[2021-02-19 15:38:11.542] [exthost] [warning] [Decorations] CAPPING events from decorations provider vscode.git 511
[2021-02-19 15:38:16.653] [exthost] [warning] [Decorations] CAPPING events from decorations provider vscode.git 511
[2021-02-19 15:38:21.763] [exthost] [warning] [Decorations] CAPPING events from decorations provider vscode.git 511
[2021-02-19 15:38:26.897] [exthost] [warning] [Decorations] CAPPING events from decorations provider vscode.git 511
[2021-02-19 15:38:32.004] [exthost] [warning] [Decorations] CAPPING events from decorations provider vscode.git 511
[2021-02-19 15:38:37.113] [exthost] [warning] [Decorations] CAPPING events from decorations provider vscode.git 511
[2021-02-19 15:38:42.219] [exthost] [warning] [Decorations] CAPPING events from decorations provider vscode.git 511
[2021-02-19 15:38:47.357] [exthost] [warning] [Decorations] CAPPING events from decorations provider vscode.git 511
[2021-02-19 15:38:52.476] [exthost] [warning] [Decorations] CAPPING events from decorations provider vscode.git 511
[2021-02-19 15:38:57.587] [exthost] [warning] [Decorations] CAPPING events from decorations provider vscode.git 511
[2021-02-19 15:39:02.695] [exthost] [warning] [Decorations] CAPPING events from decorations provider vscode.git 511
[2021-02-19 15:39:07.800] [exthost] [warning] [Decorations] CAPPING events from decorations provider vscode.git 511
[2021-02-19 15:39:12.907] [exthost] [warning] [Decorations] CAPPING events from decorations provider vscode.git 511
[2021-02-19 15:39:18.015] [exthost] [warning] [Decorations] CAPPING events from decorations provider vscode.git 511
[2021-02-19 15:39:23.121] [exthost] [warning] [Decorations] CAPPING events from decorations provider vscode.git 511
[2021-02-19 15:39:28.230] [exthost] [warning] [Decorations] CAPPING events from decorations provider vscode.git 511
[2021-02-19 15:39:33.343] [exthost] [warning] [Decorations] CAPPING events from decorations provider vscode.git 511
[2021-02-19 15:39:38.460] [exthost] [warning] [Decorations] CAPPING events from decorations provider vscode.git 511
[2021-02-19 15:39:43.569] [exthost] [warning] [Decorations] CAPPING events from decorations provider vscode.git 511
[2021-02-19 15:39:48.680] [exthost] [warning] [Decorations] CAPPING events from decorations provider vscode.git 511
[2021-02-19 15:39:53.791] [exthost] [warning] [Decorations] CAPPING events from decorations provider vscode.git 511
[2021-02-19 15:39:58.899] [exthost] [warning] [Decorations] CAPPING events from decorations provider vscode.git 511
[2021-02-19 15:40:00.516] [exthost] [warning] [Decorations] CAPPING events from decorations provider vscode.git 511
[2021-02-19 15:40:04.011] [exthost] [warning] [Decorations] CAPPING events from decorations provider vscode.git 511
[2021-02-19 15:40:09.121] [exthost] [warning] [Decorations] CAPPING events from decorations provider vscode.git 511
[2021-02-19 15:40:14.230] [exthost] [warning] [Decorations] CAPPING events from decorations provider vscode.git 511
[2021-02-19 15:40:19.338] [exthost] [warning] [Decorations] CAPPING events from decorations provider vscode.git 511
[2021-02-19 15:40:24.465] [exthost] [warning] [Decorations] CAPPING events from decorations provider vscode.git 511
[2021-02-19 15:40:29.576] [exthost] [warning] [Decorations] CAPPING events from decorations provider vscode.git 511
[2021-02-19 15:40:34.687] [exthost] [warning] [Decorations] CAPPING events from decorations provider vscode.git 511
[2021-02-19 15:40:39.795] [exthost] [warning] [Decorations] CAPPING events from decorations provider vscode.git 511
[2021-02-19 15:40:44.904] [exthost] [warning] [Decorations] CAPPING events from decorations provider vscode.git 511
[2021-02-19 15:40:50.011] [exthost] [warning] [Decorations] CAPPING events from decorations provider vscode.git 511
[2021-02-19 15:40:55.118] [exthost] [warning] [Decorations] CAPPING events from decorations provider vscode.git 511
[2021-02-19 15:43:47.577] [exthost] [warning] [Decorations] CAPPING events from decorations provider vscode.git 743
[2021-02-19 15:43:48.770] [exthost] [warning] [Decorations] CAPPING events from decorations provider vscode.git 743
[2021-02-19 15:43:52.692] [exthost] [warning] [Decorations] CAPPING events from decorations provider vscode.git 743
[2021-02-19 15:43:57.802] [exthost] [warning] [Decorations] CAPPING events from decorations provider vscode.git 743
[2021-02-19 15:44:02.922] [exthost] [warning] [Decorations] CAPPING events from decorations provider vscode.git 743
[2021-02-19 15:44:08.031] [exthost] [warning] [Decorations] CAPPING events from decorations provider vscode.git 743
[2021-02-19 15:44:13.139] [exthost] [warning] [Decorations] CAPPING events from decorations provider vscode.git 743
[2021-02-19 15:44:18.255] [exthost] [warning] [Decorations] CAPPING events from decorations provider vscode.git 743
[2021-02-19 15:44:23.365] [exthost] [warning] [Decorations] CAPPING events from decorations provider vscode.git 743
[2021-02-19 15:44:28.488] [exthost] [warning] [Decorations] CAPPING events from decorations provider vscode.git 743
[2021-02-19 15:44:33.612] [exthost] [warning] [Decorations] CAPPING events from decorations provider vscode.git 743
[2021-02-19 15:44:38.726] [exthost] [warning] [Decorations] CAPPING events from decorations provider vscode.git 743
[2021-02-19 15:44:43.835] [exthost] [warning] [Decorations] CAPPING events from decorations provider vscode.git 743
[2021-02-19 15:44:48.973] [exthost] [warning] [Decorations] CAPPING events from decorations provider vscode.git 743
[2021-02-19 15:44:54.089] [exthost] [warning] [Decorations] CAPPING events from decorations provider vscode.git 743
[2021-02-19 15:44:59.199] [exthost] [warning] [Decorations] CAPPING events from decorations provider vscode.git 743
[2021-02-19 15:45:04.338] [exthost] [warning] [Decorations] CAPPING events from decorations provider vscode.git 743
[2021-02-19 15:45:09.455] [exthost] [warning] [Decorations] CAPPING events from decorations provider vscode.git 743
[2021-02-19 15:45:14.571] [exthost] [warning] [Decorations] CAPPING events from decorations provider vscode.git 743
[2021-02-19 15:45:19.681] [exthost] [warning] [Decorations] CAPPING events from decorations provider vscode.git 743
[2021-02-19 15:45:24.793] [exthost] [warning] [Decorations] CAPPING events from decorations provider vscode.git 743
[2021-02-19 15:45:29.907] [exthost] [warning] [Decorations] CAPPING events from decorations provider vscode.git 743
[2021-02-19 15:45:35.023] [exthost] [warning] [Decorations] CAPPING events from decorations provider vscode.git 743
[2021-02-19 15:45:40.135] [exthost] [warning] [Decorations] CAPPING events from decorations provider vscode.git 743
[2021-02-19 15:45:45.252] [exthost] [warning] [Decorations] CAPPING events from decorations provider vscode.git 743
[2021-02-19 15:45:50.360] [exthost] [warning] [Decorations] CAPPING events from decorations provider vscode.git 743
[2021-02-19 15:45:55.475] [exthost] [warning] [Decorations] CAPPING events from decorations provider vscode.git 743
[2021-02-19 15:46:00.594] [exthost] [warning] [Decorations] CAPPING events from decorations provider vscode.git 743
[2021-02-19 15:46:05.710] [exthost] [warning] [Decorations] CAPPING events from decorations provider vscode.git 743
[2021-02-19 15:46:10.826] [exthost] [warning] [Decorations] CAPPING events from decorations provider vscode.git 743
[2021-02-19 15:46:15.938] [exthost] [warning] [Decorations] CAPPING events from decorations provider vscode.git 743
[2021-02-19 15:46:21.077] [exthost] [warning] [Decorations] CAPPING events from decorations provider vscode.git 743
[2021-02-19 15:46:26.190] [exthost] [warning] [Decorations] CAPPING events from decorations provider vscode.git 743
[2021-02-19 15:46:31.301] [exthost] [warning] [Decorations] CAPPING events from decorations provider vscode.git 743
[2021-02-19 15:46:36.418] [exthost] [warning] [Decorations] CAPPING events from decorations provider vscode.git 743
[2021-02-19 15:46:41.547] [exthost] [warning] [Decorations] CAPPING events from decorations provider vscode.git 743
[2021-02-19 15:46:46.658] [exthost] [warning] [Decorations] CAPPING events from decorations provider vscode.git 743
[2021-02-19 15:46:49.920] [exthost] [warning] [Decorations] CAPPING events from decorations provider vscode.git 743
[2021-02-19 15:46:51.768] [exthost] [warning] [Decorations] CAPPING events from decorations provider vscode.git 743
[2021-02-19 15:46:56.881] [exthost] [warning] [Decorations] CAPPING events from decorations provider vscode.git 743
