[2021-01-25 09:47:48.519] [exthost] [info] extension host started
[2021-01-25 09:47:48.810] [exthost] [info] ExtensionService#_doActivateExtension ms-vscode.cpptools {"startup":false,"extensionId":{"value":"ms-vscode.cpptools","_lower":"ms-vscode.cpptools"},"activationEvent":"onLanguage:c"}
[2021-01-25 09:47:48.811] [exthost] [info] ExtensionService#loadCommonJSModule file:///home/soic/.vscode-server/extensions/ms-vscode.cpptools-1.2.0-insiders2/dist/main
[2021-01-25 09:47:49.009] [exthost] [info] ExtensionService#_doActivateExtension vscode.debug-auto-launch {"startup":true,"extensionId":{"value":"vscode.debug-auto-launch","_lower":"vscode.debug-auto-launch"},"activationEvent":"*"}
[2021-01-25 09:47:49.009] [exthost] [info] ExtensionService#loadCommonJSModule file:///home/soic/.vscode-server/bin/ea3859d4ba2f3e577a159bc91e3074c5d85c0523/extensions/debug-auto-launch/dist/extension
[2021-01-25 09:47:49.016] [exthost] [info] ExtensionService#_doActivateExtension vscode.emmet {"startup":true,"extensionId":{"value":"vscode.emmet","_lower":"vscode.emmet"},"activationEvent":"*"}
[2021-01-25 09:47:49.017] [exthost] [info] ExtensionService#loadCommonJSModule file:///home/soic/.vscode-server/bin/ea3859d4ba2f3e577a159bc91e3074c5d85c0523/extensions/emmet/dist/node/emmetNodeMain
[2021-01-25 09:47:49.076] [exthost] [info] ExtensionService#_doActivateExtension vscode.git {"startup":true,"extensionId":{"value":"vscode.github","_lower":"vscode.github"},"activationEvent":"*"}
[2021-01-25 09:47:49.077] [exthost] [info] ExtensionService#loadCommonJSModule file:///home/soic/.vscode-server/bin/ea3859d4ba2f3e577a159bc91e3074c5d85c0523/extensions/git/dist/main
[2021-01-25 09:47:49.147] [exthost] [info] ExtensionService#_doActivateExtension vscode.merge-conflict {"startup":true,"extensionId":{"value":"vscode.merge-conflict","_lower":"vscode.merge-conflict"},"activationEvent":"*"}
[2021-01-25 09:47:49.147] [exthost] [info] ExtensionService#loadCommonJSModule file:///home/soic/.vscode-server/bin/ea3859d4ba2f3e577a159bc91e3074c5d85c0523/extensions/merge-conflict/dist/mergeConflictMain
[2021-01-25 09:47:49.166] [exthost] [info] ExtensionService#_doActivateExtension vscode.search-result {"startup":true,"extensionId":{"value":"vscode.search-result","_lower":"vscode.search-result"},"activationEvent":"*"}
[2021-01-25 09:47:49.166] [exthost] [info] ExtensionService#loadCommonJSModule file:///home/soic/.vscode-server/bin/ea3859d4ba2f3e577a159bc91e3074c5d85c0523/extensions/search-result/dist/extension.js
[2021-01-25 09:47:49.869] [exthost] [info] ExtensionService#_doActivateExtension vscode.github {"startup":true,"extensionId":{"value":"vscode.github","_lower":"vscode.github"},"activationEvent":"*"}
[2021-01-25 09:47:49.869] [exthost] [info] ExtensionService#loadCommonJSModule file:///home/soic/.vscode-server/bin/ea3859d4ba2f3e577a159bc91e3074c5d85c0523/extensions/github/dist/extension.js
[2021-01-25 09:47:49.891] [exthost] [info] ExtensionService#_doActivateExtension ms-vscode.js-debug {"startup":false,"extensionId":{"value":"ms-vscode.js-debug","_lower":"ms-vscode.js-debug"},"activationEvent":"onCommand:extension.js-debug.clearAutoAttachVariables"}
[2021-01-25 09:47:49.891] [exthost] [info] ExtensionService#loadCommonJSModule file:///home/soic/.vscode-server/bin/ea3859d4ba2f3e577a159bc91e3074c5d85c0523/extensions/ms-vscode.js-debug/src/extension.js
[2021-01-25 09:47:50.188] [exthost] [info] ExtensionService#_doActivateExtension ms-vscode.cmake-tools {"startup":true,"extensionId":{"value":"ms-vscode.cmake-tools","_lower":"ms-vscode.cmake-tools"},"activationEvent":"workspaceContains:**/CMakeLists.txt"}
[2021-01-25 09:47:50.188] [exthost] [info] ExtensionService#loadCommonJSModule file:///home/soic/.vscode-server/extensions/ms-vscode.cmake-tools-1.5.3/dist/main
[2021-01-25 09:47:50.788] [exthost] [info] eager extensions activated
[2021-01-25 09:47:51.034] [exthost] [warning] [Decorations] CAPPING events from decorations provider vscode.git 540
[2021-01-25 09:47:51.648] [exthost] [error] {"message":"Git error","stdout":"","stderr":"fatal: Pathspec '/home/soic/moxa-uart-control/example' is in submodule 'moxa-uart-control'\n","exitCode":128,"gitErrorCode":"IsInSubmodule"}
[2021-01-25 09:47:51.648] [exthost] [error] {"message":"Git error","stdout":"","stderr":"fatal: Pathspec '/home/soic/moxa-uart-control/example' is in submodule 'moxa-uart-control'\n","exitCode":128,"gitErrorCode":"IsInSubmodule"}
[2021-01-25 09:47:51.648] [exthost] [error] {"message":"Git error","stdout":"","stderr":"fatal: Pathspec '/home/soic/moxa-uart-control/example' is in submodule 'moxa-uart-control'\n","exitCode":128,"gitErrorCode":"IsInSubmodule"}
[2021-01-25 09:47:51.648] [exthost] [error] {"message":"Git error","stdout":"","stderr":"fatal: Pathspec '/home/soic/moxa-uart-control/example' is in submodule 'moxa-uart-control'\n","exitCode":128,"gitErrorCode":"IsInSubmodule"}
[2021-01-25 09:47:51.648] [exthost] [error] {"message":"Git error","stdout":"","stderr":"fatal: Pathspec '/home/soic/moxa-uart-control/example' is in submodule 'moxa-uart-control'\n","exitCode":128,"gitErrorCode":"IsInSubmodule"}
[2021-01-25 09:47:51.648] [exthost] [error] {"message":"Git error","stdout":"","stderr":"fatal: Pathspec '/home/soic/moxa-uart-control/example' is in submodule 'moxa-uart-control'\n","exitCode":128,"gitErrorCode":"IsInSubmodule"}
[2021-01-25 09:47:51.648] [exthost] [error] {"message":"Git error","stdout":"","stderr":"fatal: Pathspec '/home/soic/moxa-uart-control/example' is in submodule 'moxa-uart-control'\n","exitCode":128,"gitErrorCode":"IsInSubmodule"}
[2021-01-25 09:47:51.648] [exthost] [error] {"message":"Git error","stdout":"","stderr":"fatal: Pathspec '/home/soic/moxa-uart-control/example' is in submodule 'moxa-uart-control'\n","exitCode":128,"gitErrorCode":"IsInSubmodule"}
[2021-01-25 09:47:51.648] [exthost] [error] {"message":"Git error","stdout":"","stderr":"fatal: Pathspec '/home/soic/moxa-uart-control/example' is in submodule 'moxa-uart-control'\n","exitCode":128,"gitErrorCode":"IsInSubmodule"}
[2021-01-25 09:47:51.649] [exthost] [error] {"message":"Git error","stdout":"","stderr":"fatal: Pathspec '/home/soic/moxa-uart-control/example' is in submodule 'moxa-uart-control'\n","exitCode":128,"gitErrorCode":"IsInSubmodule"}
[2021-01-25 09:47:51.649] [exthost] [error] {"message":"Git error","stdout":"","stderr":"fatal: Pathspec '/home/soic/moxa-uart-control/example' is in submodule 'moxa-uart-control'\n","exitCode":128,"gitErrorCode":"IsInSubmodule"}
[2021-01-25 09:47:51.649] [exthost] [error] {"message":"Git error","stdout":"","stderr":"fatal: Pathspec '/home/soic/moxa-uart-control/example' is in submodule 'moxa-uart-control'\n","exitCode":128,"gitErrorCode":"IsInSubmodule"}
[2021-01-25 09:47:51.649] [exthost] [error] {"message":"Git error","stdout":"","stderr":"fatal: Pathspec '/home/soic/moxa-uart-control/example' is in submodule 'moxa-uart-control'\n","exitCode":128,"gitErrorCode":"IsInSubmodule"}
[2021-01-25 09:47:51.649] [exthost] [error] {"message":"Git error","stdout":"","stderr":"fatal: Pathspec '/home/soic/moxa-uart-control/example' is in submodule 'moxa-uart-control'\n","exitCode":128,"gitErrorCode":"IsInSubmodule"}
[2021-01-25 09:47:51.649] [exthost] [error] {"message":"Git error","stdout":"","stderr":"fatal: Pathspec '/home/soic/moxa-uart-control/example' is in submodule 'moxa-uart-control'\n","exitCode":128,"gitErrorCode":"IsInSubmodule"}
[2021-01-25 09:47:51.649] [exthost] [error] {"message":"Git error","stdout":"","stderr":"fatal: Pathspec '/home/soic/moxa-uart-control/example' is in submodule 'moxa-uart-control'\n","exitCode":128,"gitErrorCode":"IsInSubmodule"}
[2021-01-25 09:47:51.649] [exthost] [error] {"message":"Git error","stdout":"","stderr":"fatal: Pathspec '/home/soic/moxa-uart-control/example' is in submodule 'moxa-uart-control'\n","exitCode":128,"gitErrorCode":"IsInSubmodule"}
[2021-01-25 09:47:51.649] [exthost] [error] {"message":"Git error","stdout":"","stderr":"fatal: Pathspec '/home/soic/moxa-uart-control/example' is in submodule 'moxa-uart-control'\n","exitCode":128,"gitErrorCode":"IsInSubmodule"}
[2021-01-25 09:47:51.649] [exthost] [error] {"message":"Git error","stdout":"","stderr":"fatal: Pathspec '/home/soic/moxa-uart-control/example' is in submodule 'moxa-uart-control'\n","exitCode":128,"gitErrorCode":"IsInSubmodule"}
[2021-01-25 09:47:51.649] [exthost] [error] {"message":"Git error","stdout":"","stderr":"fatal: Pathspec '/home/soic/moxa-uart-control/example' is in submodule 'moxa-uart-control'\n","exitCode":128,"gitErrorCode":"IsInSubmodule"}
[2021-01-25 09:47:51.649] [exthost] [error] {"message":"Git error","stdout":"","stderr":"fatal: Pathspec '/home/soic/moxa-uart-control/example' is in submodule 'moxa-uart-control'\n","exitCode":128,"gitErrorCode":"IsInSubmodule"}
[2021-01-25 09:47:51.649] [exthost] [error] {"message":"Git error","stdout":"","stderr":"fatal: Pathspec '/home/soic/moxa-uart-control/example' is in submodule 'moxa-uart-control'\n","exitCode":128,"gitErrorCode":"IsInSubmodule"}
[2021-01-25 09:47:51.649] [exthost] [error] {"message":"Git error","stdout":"","stderr":"fatal: Pathspec '/home/soic/moxa-uart-control/example' is in submodule 'moxa-uart-control'\n","exitCode":128,"gitErrorCode":"IsInSubmodule"}
[2021-01-25 09:47:51.649] [exthost] [error] {"message":"Git error","stdout":"","stderr":"fatal: Pathspec '/home/soic/moxa-uart-control/example' is in submodule 'moxa-uart-control'\n","exitCode":128,"gitErrorCode":"IsInSubmodule"}
[2021-01-25 09:47:51.649] [exthost] [error] {"message":"Git error","stdout":"","stderr":"fatal: Pathspec '/home/soic/moxa-uart-control/example' is in submodule 'moxa-uart-control'\n","exitCode":128,"gitErrorCode":"IsInSubmodule"}
[2021-01-25 09:47:51.649] [exthost] [error] {"message":"Git error","stdout":"","stderr":"fatal: Pathspec '/home/soic/moxa-uart-control/example' is in submodule 'moxa-uart-control'\n","exitCode":128,"gitErrorCode":"IsInSubmodule"}
[2021-01-25 09:47:51.649] [exthost] [error] {"message":"Git error","stdout":"","stderr":"fatal: Pathspec '/home/soic/moxa-uart-control/example' is in submodule 'moxa-uart-control'\n","exitCode":128,"gitErrorCode":"IsInSubmodule"}
[2021-01-25 09:47:51.649] [exthost] [error] {"message":"Git error","stdout":"","stderr":"fatal: Pathspec '/home/soic/moxa-uart-control/example' is in submodule 'moxa-uart-control'\n","exitCode":128,"gitErrorCode":"IsInSubmodule"}
[2021-01-25 09:47:51.650] [exthost] [error] {"message":"Git error","stdout":"","stderr":"fatal: Pathspec '/home/soic/moxa-uart-control/example' is in submodule 'moxa-uart-control'\n","exitCode":128,"gitErrorCode":"IsInSubmodule"}
[2021-01-25 09:47:51.650] [exthost] [error] {"message":"Git error","stdout":"","stderr":"fatal: Pathspec '/home/soic/moxa-uart-control/example' is in submodule 'moxa-uart-control'\n","exitCode":128,"gitErrorCode":"IsInSubmodule"}
[2021-01-25 09:47:51.650] [exthost] [error] {"message":"Git error","stdout":"","stderr":"fatal: Pathspec '/home/soic/moxa-uart-control/example' is in submodule 'moxa-uart-control'\n","exitCode":128,"gitErrorCode":"IsInSubmodule"}
[2021-01-25 09:47:51.650] [exthost] [error] {"message":"Git error","stdout":"","stderr":"fatal: Pathspec '/home/soic/moxa-uart-control/example' is in submodule 'moxa-uart-control'\n","exitCode":128,"gitErrorCode":"IsInSubmodule"}
[2021-01-25 09:47:51.650] [exthost] [error] {"message":"Git error","stdout":"","stderr":"fatal: Pathspec '/home/soic/moxa-uart-control/example' is in submodule 'moxa-uart-control'\n","exitCode":128,"gitErrorCode":"IsInSubmodule"}
[2021-01-25 09:47:51.650] [exthost] [error] {"message":"Git error","stdout":"","stderr":"fatal: Pathspec '/home/soic/moxa-uart-control/example' is in submodule 'moxa-uart-control'\n","exitCode":128,"gitErrorCode":"IsInSubmodule"}
[2021-01-25 09:47:51.650] [exthost] [error] {"message":"Git error","stdout":"","stderr":"fatal: Pathspec '/home/soic/moxa-uart-control/example' is in submodule 'moxa-uart-control'\n","exitCode":128,"gitErrorCode":"IsInSubmodule"}
[2021-01-25 09:47:51.650] [exthost] [error] {"message":"Git error","stdout":"","stderr":"fatal: Pathspec '/home/soic/moxa-uart-control/example' is in submodule 'moxa-uart-control'\n","exitCode":128,"gitErrorCode":"IsInSubmodule"}
[2021-01-25 09:47:51.650] [exthost] [error] {"message":"Git error","stdout":"","stderr":"fatal: Pathspec '/home/soic/moxa-uart-control/example' is in submodule 'moxa-uart-control'\n","exitCode":128,"gitErrorCode":"IsInSubmodule"}
[2021-01-25 09:47:51.650] [exthost] [error] {"message":"Git error","stdout":"","stderr":"fatal: Pathspec '/home/soic/moxa-uart-control/example' is in submodule 'moxa-uart-control'\n","exitCode":128,"gitErrorCode":"IsInSubmodule"}
[2021-01-25 09:47:51.650] [exthost] [error] {"message":"Git error","stdout":"","stderr":"fatal: Pathspec '/home/soic/moxa-uart-control/example' is in submodule 'moxa-uart-control'\n","exitCode":128,"gitErrorCode":"IsInSubmodule"}
[2021-01-25 09:47:51.650] [exthost] [error] {"message":"Git error","stdout":"","stderr":"fatal: Pathspec '/home/soic/moxa-uart-control/example' is in submodule 'moxa-uart-control'\n","exitCode":128,"gitErrorCode":"IsInSubmodule"}
[2021-01-25 09:47:51.650] [exthost] [error] {"message":"Git error","stdout":"","stderr":"fatal: Pathspec '/home/soic/moxa-uart-control/example' is in submodule 'moxa-uart-control'\n","exitCode":128,"gitErrorCode":"IsInSubmodule"}
[2021-01-25 09:47:52.148] [exthost] [warning] [Decorations] CAPPING events from decorations provider vscode.git 540
[2021-01-25 09:47:54.363] [exthost] [warning] [Decorations] CAPPING events from decorations provider vscode.git 540
[2021-01-25 09:47:59.487] [exthost] [warning] [Decorations] CAPPING events from decorations provider vscode.git 545
[2021-01-25 09:48:04.623] [exthost] [warning] [Decorations] CAPPING events from decorations provider vscode.git 545
[2021-01-25 09:48:09.747] [exthost] [warning] [Decorations] CAPPING events from decorations provider vscode.git 545
[2021-01-25 09:48:26.548] [exthost] [warning] [Decorations] CAPPING events from decorations provider vscode.git 545
[2021-01-25 11:08:01.339] [exthost] [warning] [Decorations] CAPPING events from decorations provider vscode.git 545
[2021-01-25 11:08:02.616] [exthost] [warning] [Decorations] CAPPING events from decorations provider vscode.git 545
[2021-01-25 11:08:06.492] [exthost] [warning] [Decorations] CAPPING events from decorations provider vscode.git 545
[2021-01-26 09:12:32.856] [exthost] [warning] [Decorations] CAPPING events from decorations provider vscode.git 545
[2021-01-26 11:28:48.655] [exthost] [warning] [Decorations] CAPPING events from decorations provider vscode.git 545
[2021-01-26 11:28:49.626] [exthost] [warning] [Decorations] CAPPING events from decorations provider vscode.git 545
[2021-01-26 13:08:36.853] [exthost] [warning] [Decorations] CAPPING events from decorations provider vscode.git 545
[2021-01-26 13:08:37.811] [exthost] [warning] [Decorations] CAPPING events from decorations provider vscode.git 545
[2021-01-27 09:30:20.988] [exthost] [warning] [Decorations] CAPPING events from decorations provider vscode.git 545
[2021-01-27 09:30:22.210] [exthost] [warning] [Decorations] CAPPING events from decorations provider vscode.git 545
[2021-01-27 09:30:42.677] [exthost] [warning] [Decorations] CAPPING events from decorations provider vscode.git 545
[2021-01-27 09:30:47.842] [exthost] [warning] [Decorations] CAPPING events from decorations provider vscode.git 545
[2021-01-27 09:51:25.026] [exthost] [warning] [Decorations] CAPPING events from decorations provider vscode.git 545
[2021-01-27 09:51:26.027] [exthost] [warning] [Decorations] CAPPING events from decorations provider vscode.git 545
[2021-01-27 09:51:30.186] [exthost] [warning] [Decorations] CAPPING events from decorations provider vscode.git 545
[2021-01-27 09:51:35.319] [exthost] [warning] [Decorations] CAPPING events from decorations provider vscode.git 545
[2021-01-27 09:51:40.460] [exthost] [warning] [Decorations] CAPPING events from decorations provider vscode.git 545
[2021-01-27 09:51:45.600] [exthost] [warning] [Decorations] CAPPING events from decorations provider vscode.git 545
[2021-01-27 09:51:50.734] [exthost] [warning] [Decorations] CAPPING events from decorations provider vscode.git 545
[2021-01-27 09:51:55.867] [exthost] [warning] [Decorations] CAPPING events from decorations provider vscode.git 545
[2021-01-27 09:52:01.001] [exthost] [warning] [Decorations] CAPPING events from decorations provider vscode.git 545
[2021-01-27 09:52:06.142] [exthost] [warning] [Decorations] CAPPING events from decorations provider vscode.git 545
[2021-01-27 09:52:11.299] [exthost] [warning] [Decorations] CAPPING events from decorations provider vscode.git 545
[2021-01-27 09:52:16.511] [exthost] [warning] [Decorations] CAPPING events from decorations provider vscode.git 545
[2021-01-27 09:52:21.646] [exthost] [warning] [Decorations] CAPPING events from decorations provider vscode.git 545
[2021-01-27 09:52:26.789] [exthost] [warning] [Decorations] CAPPING events from decorations provider vscode.git 545
[2021-01-27 09:52:31.924] [exthost] [warning] [Decorations] CAPPING events from decorations provider vscode.git 545
[2021-01-27 09:52:37.057] [exthost] [warning] [Decorations] CAPPING events from decorations provider vscode.git 545
[2021-01-27 09:52:42.187] [exthost] [warning] [Decorations] CAPPING events from decorations provider vscode.git 545
[2021-01-27 09:52:47.325] [exthost] [warning] [Decorations] CAPPING events from decorations provider vscode.git 545
[2021-01-27 09:52:52.459] [exthost] [warning] [Decorations] CAPPING events from decorations provider vscode.git 545
[2021-01-27 09:52:57.591] [exthost] [warning] [Decorations] CAPPING events from decorations provider vscode.git 545
[2021-01-27 09:53:02.727] [exthost] [warning] [Decorations] CAPPING events from decorations provider vscode.git 545
[2021-01-27 09:53:07.859] [exthost] [warning] [Decorations] CAPPING events from decorations provider vscode.git 545
[2021-01-27 09:53:12.992] [exthost] [warning] [Decorations] CAPPING events from decorations provider vscode.git 545
[2021-01-27 09:53:18.138] [exthost] [warning] [Decorations] CAPPING events from decorations provider vscode.git 545
[2021-01-27 09:53:23.265] [exthost] [warning] [Decorations] CAPPING events from decorations provider vscode.git 545
[2021-01-27 09:53:28.396] [exthost] [warning] [Decorations] CAPPING events from decorations provider vscode.git 545
[2021-01-27 09:53:33.531] [exthost] [warning] [Decorations] CAPPING events from decorations provider vscode.git 545
[2021-01-27 09:53:38.664] [exthost] [warning] [Decorations] CAPPING events from decorations provider vscode.git 545
[2021-01-27 09:53:43.797] [exthost] [warning] [Decorations] CAPPING events from decorations provider vscode.git 545
[2021-01-27 09:53:48.930] [exthost] [warning] [Decorations] CAPPING events from decorations provider vscode.git 545
[2021-01-27 09:53:54.061] [exthost] [warning] [Decorations] CAPPING events from decorations provider vscode.git 545
[2021-01-27 09:53:59.200] [exthost] [warning] [Decorations] CAPPING events from decorations provider vscode.git 545
[2021-01-27 09:54:04.337] [exthost] [warning] [Decorations] CAPPING events from decorations provider vscode.git 545
[2021-01-27 09:54:09.477] [exthost] [warning] [Decorations] CAPPING events from decorations provider vscode.git 545
[2021-01-27 09:54:14.613] [exthost] [warning] [Decorations] CAPPING events from decorations provider vscode.git 545
[2021-01-27 09:54:19.781] [exthost] [warning] [Decorations] CAPPING events from decorations provider vscode.git 545
[2021-01-27 09:54:24.918] [exthost] [warning] [Decorations] CAPPING events from decorations provider vscode.git 545
[2021-01-27 09:54:27.514] [exthost] [warning] [Decorations] CAPPING events from decorations provider vscode.git 545
[2021-01-27 09:54:30.055] [exthost] [warning] [Decorations] CAPPING events from decorations provider vscode.git 545
[2021-01-27 09:54:35.192] [exthost] [warning] [Decorations] CAPPING events from decorations provider vscode.git 545
[2021-01-27 09:54:40.325] [exthost] [warning] [Decorations] CAPPING events from decorations provider vscode.git 545
[2021-01-27 09:54:45.460] [exthost] [warning] [Decorations] CAPPING events from decorations provider vscode.git 545
[2021-01-27 09:54:50.591] [exthost] [warning] [Decorations] CAPPING events from decorations provider vscode.git 545
[2021-01-27 09:54:55.726] [exthost] [warning] [Decorations] CAPPING events from decorations provider vscode.git 545
[2021-01-27 09:55:00.865] [exthost] [warning] [Decorations] CAPPING events from decorations provider vscode.git 545
[2021-01-27 09:55:05.996] [exthost] [warning] [Decorations] CAPPING events from decorations provider vscode.git 545
[2021-01-27 09:55:11.132] [exthost] [warning] [Decorations] CAPPING events from decorations provider vscode.git 545
[2021-01-27 09:55:16.265] [exthost] [warning] [Decorations] CAPPING events from decorations provider vscode.git 545
[2021-01-27 09:55:21.397] [exthost] [warning] [Decorations] CAPPING events from decorations provider vscode.git 545
[2021-01-27 09:55:26.532] [exthost] [warning] [Decorations] CAPPING events from decorations provider vscode.git 545
[2021-01-27 09:55:31.662] [exthost] [warning] [Decorations] CAPPING events from decorations provider vscode.git 545
[2021-01-27 09:55:36.795] [exthost] [warning] [Decorations] CAPPING events from decorations provider vscode.git 545
[2021-01-27 09:55:41.929] [exthost] [warning] [Decorations] CAPPING events from decorations provider vscode.git 545
[2021-01-27 09:55:47.069] [exthost] [warning] [Decorations] CAPPING events from decorations provider vscode.git 545
[2021-01-27 09:55:52.207] [exthost] [warning] [Decorations] CAPPING events from decorations provider vscode.git 545
[2021-01-27 09:55:57.346] [exthost] [warning] [Decorations] CAPPING events from decorations provider vscode.git 545
[2021-01-27 09:56:02.480] [exthost] [warning] [Decorations] CAPPING events from decorations provider vscode.git 545
[2021-01-27 09:56:07.612] [exthost] [warning] [Decorations] CAPPING events from decorations provider vscode.git 545
[2021-01-27 09:56:12.742] [exthost] [warning] [Decorations] CAPPING events from decorations provider vscode.git 545
[2021-01-27 09:56:17.882] [exthost] [warning] [Decorations] CAPPING events from decorations provider vscode.git 545
[2021-01-27 09:56:23.017] [exthost] [warning] [Decorations] CAPPING events from decorations provider vscode.git 545
[2021-01-27 09:56:28.153] [exthost] [warning] [Decorations] CAPPING events from decorations provider vscode.git 545
[2021-01-27 09:56:33.313] [exthost] [warning] [Decorations] CAPPING events from decorations provider vscode.git 545
[2021-01-27 09:56:38.464] [exthost] [warning] [Decorations] CAPPING events from decorations provider vscode.git 545
[2021-01-27 09:56:43.592] [exthost] [warning] [Decorations] CAPPING events from decorations provider vscode.git 545
[2021-01-27 09:56:48.725] [exthost] [warning] [Decorations] CAPPING events from decorations provider vscode.git 545
[2021-01-27 09:56:53.858] [exthost] [warning] [Decorations] CAPPING events from decorations provider vscode.git 545
[2021-01-27 09:56:59.019] [exthost] [warning] [Decorations] CAPPING events from decorations provider vscode.git 545
[2021-01-27 09:57:04.155] [exthost] [warning] [Decorations] CAPPING events from decorations provider vscode.git 545
[2021-01-27 09:57:09.289] [exthost] [warning] [Decorations] CAPPING events from decorations provider vscode.git 545
[2021-01-27 09:57:14.423] [exthost] [warning] [Decorations] CAPPING events from decorations provider vscode.git 545
[2021-01-27 09:57:19.562] [exthost] [warning] [Decorations] CAPPING events from decorations provider vscode.git 545
[2021-01-27 09:57:24.696] [exthost] [warning] [Decorations] CAPPING events from decorations provider vscode.git 545
[2021-01-27 09:57:37.715] [exthost] [warning] [Decorations] CAPPING events from decorations provider vscode.git 545
[2021-01-27 09:57:42.851] [exthost] [warning] [Decorations] CAPPING events from decorations provider vscode.git 545
[2021-01-27 09:57:47.990] [exthost] [warning] [Decorations] CAPPING events from decorations provider vscode.git 545
[2021-01-27 09:57:53.124] [exthost] [warning] [Decorations] CAPPING events from decorations provider vscode.git 545
[2021-01-27 09:57:58.259] [exthost] [warning] [Decorations] CAPPING events from decorations provider vscode.git 545
[2021-01-27 09:58:03.400] [exthost] [warning] [Decorations] CAPPING events from decorations provider vscode.git 545
[2021-01-27 09:58:08.563] [exthost] [warning] [Decorations] CAPPING events from decorations provider vscode.git 545
[2021-01-27 09:58:13.701] [exthost] [warning] [Decorations] CAPPING events from decorations provider vscode.git 545
[2021-01-27 09:58:18.839] [exthost] [warning] [Decorations] CAPPING events from decorations provider vscode.git 545
[2021-01-27 09:58:23.980] [exthost] [warning] [Decorations] CAPPING events from decorations provider vscode.git 545
[2021-01-27 09:58:29.120] [exthost] [warning] [Decorations] CAPPING events from decorations provider vscode.git 545
[2021-01-27 09:58:34.253] [exthost] [warning] [Decorations] CAPPING events from decorations provider vscode.git 545
[2021-01-27 09:58:39.395] [exthost] [warning] [Decorations] CAPPING events from decorations provider vscode.git 545
[2021-01-27 09:58:44.533] [exthost] [warning] [Decorations] CAPPING events from decorations provider vscode.git 545
[2021-01-27 09:58:49.671] [exthost] [warning] [Decorations] CAPPING events from decorations provider vscode.git 545
[2021-01-27 09:58:54.805] [exthost] [warning] [Decorations] CAPPING events from decorations provider vscode.git 545
[2021-01-27 09:58:59.943] [exthost] [warning] [Decorations] CAPPING events from decorations provider vscode.git 545
[2021-01-27 09:59:05.140] [exthost] [warning] [Decorations] CAPPING events from decorations provider vscode.git 545
[2021-01-27 09:59:10.290] [exthost] [warning] [Decorations] CAPPING events from decorations provider vscode.git 545
[2021-01-27 09:59:15.453] [exthost] [warning] [Decorations] CAPPING events from decorations provider vscode.git 545
[2021-01-27 09:59:20.591] [exthost] [warning] [Decorations] CAPPING events from decorations provider vscode.git 545
[2021-01-27 09:59:25.723] [exthost] [warning] [Decorations] CAPPING events from decorations provider vscode.git 545
[2021-01-27 09:59:30.861] [exthost] [warning] [Decorations] CAPPING events from decorations provider vscode.git 545
[2021-01-27 09:59:35.997] [exthost] [warning] [Decorations] CAPPING events from decorations provider vscode.git 545
[2021-01-27 09:59:41.132] [exthost] [warning] [Decorations] CAPPING events from decorations provider vscode.git 545
[2021-01-27 09:59:46.270] [exthost] [warning] [Decorations] CAPPING events from decorations provider vscode.git 545
[2021-01-27 09:59:51.411] [exthost] [warning] [Decorations] CAPPING events from decorations provider vscode.git 545
[2021-01-27 09:59:56.557] [exthost] [warning] [Decorations] CAPPING events from decorations provider vscode.git 545
[2021-01-27 10:00:01.706] [exthost] [warning] [Decorations] CAPPING events from decorations provider vscode.git 545
[2021-01-27 10:00:06.842] [exthost] [warning] [Decorations] CAPPING events from decorations provider vscode.git 545
[2021-01-27 10:00:11.976] [exthost] [warning] [Decorations] CAPPING events from decorations provider vscode.git 545
[2021-01-27 10:00:17.112] [exthost] [warning] [Decorations] CAPPING events from decorations provider vscode.git 545
[2021-01-27 10:00:22.250] [exthost] [warning] [Decorations] CAPPING events from decorations provider vscode.git 545
[2021-01-27 10:00:27.386] [exthost] [warning] [Decorations] CAPPING events from decorations provider vscode.git 545
[2021-01-27 10:00:32.520] [exthost] [warning] [Decorations] CAPPING events from decorations provider vscode.git 545
[2021-01-27 10:00:37.659] [exthost] [warning] [Decorations] CAPPING events from decorations provider vscode.git 545
[2021-01-27 10:00:48.908] [exthost] [warning] [Decorations] CAPPING events from decorations provider vscode.git 545
[2021-01-27 10:00:54.048] [exthost] [warning] [Decorations] CAPPING events from decorations provider vscode.git 545
[2021-01-27 10:00:59.180] [exthost] [warning] [Decorations] CAPPING events from decorations provider vscode.git 545
[2021-01-27 10:01:04.312] [exthost] [warning] [Decorations] CAPPING events from decorations provider vscode.git 545
[2021-01-27 10:01:09.453] [exthost] [warning] [Decorations] CAPPING events from decorations provider vscode.git 545
[2021-01-27 10:01:14.590] [exthost] [warning] [Decorations] CAPPING events from decorations provider vscode.git 545
[2021-01-27 10:01:19.723] [exthost] [warning] [Decorations] CAPPING events from decorations provider vscode.git 545
[2021-01-27 10:01:24.860] [exthost] [warning] [Decorations] CAPPING events from decorations provider vscode.git 545
[2021-01-27 10:01:29.999] [exthost] [warning] [Decorations] CAPPING events from decorations provider vscode.git 545
[2021-01-27 10:01:35.138] [exthost] [warning] [Decorations] CAPPING events from decorations provider vscode.git 545
[2021-01-27 10:01:40.283] [exthost] [warning] [Decorations] CAPPING events from decorations provider vscode.git 545
[2021-01-27 10:01:45.423] [exthost] [warning] [Decorations] CAPPING events from decorations provider vscode.git 545
[2021-01-27 10:01:50.557] [exthost] [warning] [Decorations] CAPPING events from decorations provider vscode.git 545
[2021-01-27 10:01:55.693] [exthost] [warning] [Decorations] CAPPING events from decorations provider vscode.git 545
[2021-01-27 10:02:00.828] [exthost] [warning] [Decorations] CAPPING events from decorations provider vscode.git 545
[2021-01-27 10:02:05.965] [exthost] [warning] [Decorations] CAPPING events from decorations provider vscode.git 545
[2021-01-27 10:02:11.103] [exthost] [warning] [Decorations] CAPPING events from decorations provider vscode.git 545
[2021-01-27 10:02:16.238] [exthost] [warning] [Decorations] CAPPING events from decorations provider vscode.git 545
[2021-01-27 10:02:21.377] [exthost] [warning] [Decorations] CAPPING events from decorations provider vscode.git 545
[2021-01-27 10:02:26.523] [exthost] [warning] [Decorations] CAPPING events from decorations provider vscode.git 545
[2021-01-27 10:02:31.660] [exthost] [warning] [Decorations] CAPPING events from decorations provider vscode.git 545
[2021-01-27 10:02:36.824] [exthost] [warning] [Decorations] CAPPING events from decorations provider vscode.git 545
[2021-01-27 10:02:41.960] [exthost] [warning] [Decorations] CAPPING events from decorations provider vscode.git 545
[2021-01-27 10:02:47.101] [exthost] [warning] [Decorations] CAPPING events from decorations provider vscode.git 545
[2021-01-27 10:02:52.237] [exthost] [warning] [Decorations] CAPPING events from decorations provider vscode.git 545
[2021-01-27 10:02:57.371] [exthost] [warning] [Decorations] CAPPING events from decorations provider vscode.git 545
[2021-01-27 10:03:02.506] [exthost] [warning] [Decorations] CAPPING events from decorations provider vscode.git 545
[2021-01-27 10:03:07.642] [exthost] [warning] [Decorations] CAPPING events from decorations provider vscode.git 545
[2021-01-27 10:03:12.785] [exthost] [warning] [Decorations] CAPPING events from decorations provider vscode.git 545
[2021-01-27 10:03:17.921] [exthost] [warning] [Decorations] CAPPING events from decorations provider vscode.git 545
[2021-01-27 10:03:23.058] [exthost] [warning] [Decorations] CAPPING events from decorations provider vscode.git 545
[2021-01-27 10:03:28.195] [exthost] [warning] [Decorations] CAPPING events from decorations provider vscode.git 545
[2021-01-27 10:03:33.328] [exthost] [warning] [Decorations] CAPPING events from decorations provider vscode.git 545
[2021-01-27 10:03:38.462] [exthost] [warning] [Decorations] CAPPING events from decorations provider vscode.git 545
[2021-01-27 10:03:43.603] [exthost] [warning] [Decorations] CAPPING events from decorations provider vscode.git 545
[2021-01-27 10:03:57.908] [exthost] [warning] [Decorations] CAPPING events from decorations provider vscode.git 545
[2021-01-27 10:04:03.042] [exthost] [warning] [Decorations] CAPPING events from decorations provider vscode.git 545
[2021-01-27 10:04:08.181] [exthost] [warning] [Decorations] CAPPING events from decorations provider vscode.git 545
[2021-01-27 10:04:13.317] [exthost] [warning] [Decorations] CAPPING events from decorations provider vscode.git 545
[2021-01-27 10:04:18.453] [exthost] [warning] [Decorations] CAPPING events from decorations provider vscode.git 545
[2021-01-27 10:04:23.595] [exthost] [warning] [Decorations] CAPPING events from decorations provider vscode.git 545
[2021-01-27 10:04:28.733] [exthost] [warning] [Decorations] CAPPING events from decorations provider vscode.git 545
[2021-01-27 10:04:33.866] [exthost] [warning] [Decorations] CAPPING events from decorations provider vscode.git 545
[2021-01-27 10:04:39.001] [exthost] [warning] [Decorations] CAPPING events from decorations provider vscode.git 545
[2021-01-27 10:04:44.140] [exthost] [warning] [Decorations] CAPPING events from decorations provider vscode.git 545
[2021-01-27 10:04:49.278] [exthost] [warning] [Decorations] CAPPING events from decorations provider vscode.git 545
[2021-01-27 10:04:54.423] [exthost] [warning] [Decorations] CAPPING events from decorations provider vscode.git 545
[2021-01-27 10:04:59.557] [exthost] [warning] [Decorations] CAPPING events from decorations provider vscode.git 545
[2021-01-27 10:05:04.696] [exthost] [warning] [Decorations] CAPPING events from decorations provider vscode.git 545
[2021-01-27 10:05:09.828] [exthost] [warning] [Decorations] CAPPING events from decorations provider vscode.git 545
[2021-01-27 10:05:14.961] [exthost] [warning] [Decorations] CAPPING events from decorations provider vscode.git 545
[2021-01-27 10:05:20.097] [exthost] [warning] [Decorations] CAPPING events from decorations provider vscode.git 545
[2021-01-27 10:05:25.234] [exthost] [warning] [Decorations] CAPPING events from decorations provider vscode.git 545
[2021-01-27 10:05:30.364] [exthost] [warning] [Decorations] CAPPING events from decorations provider vscode.git 545
[2021-01-27 10:05:35.497] [exthost] [warning] [Decorations] CAPPING events from decorations provider vscode.git 545
[2021-01-27 10:05:40.639] [exthost] [warning] [Decorations] CAPPING events from decorations provider vscode.git 545
[2021-01-27 10:05:45.787] [exthost] [warning] [Decorations] CAPPING events from decorations provider vscode.git 545
[2021-01-27 10:05:50.920] [exthost] [warning] [Decorations] CAPPING events from decorations provider vscode.git 545
[2021-01-27 10:05:56.053] [exthost] [warning] [Decorations] CAPPING events from decorations provider vscode.git 545
[2021-01-27 10:06:01.191] [exthost] [warning] [Decorations] CAPPING events from decorations provider vscode.git 545
[2021-01-27 10:06:06.320] [exthost] [warning] [Decorations] CAPPING events from decorations provider vscode.git 545
[2021-01-27 10:06:11.453] [exthost] [warning] [Decorations] CAPPING events from decorations provider vscode.git 545
[2021-01-27 10:06:16.588] [exthost] [warning] [Decorations] CAPPING events from decorations provider vscode.git 545
[2021-01-27 10:06:21.725] [exthost] [warning] [Decorations] CAPPING events from decorations provider vscode.git 545
[2021-01-27 10:06:26.861] [exthost] [warning] [Decorations] CAPPING events from decorations provider vscode.git 545
[2021-01-27 10:06:32.007] [exthost] [warning] [Decorations] CAPPING events from decorations provider vscode.git 545
[2021-01-27 10:06:37.152] [exthost] [warning] [Decorations] CAPPING events from decorations provider vscode.git 545
[2021-01-27 10:06:42.288] [exthost] [warning] [Decorations] CAPPING events from decorations provider vscode.git 545
[2021-01-27 10:06:47.424] [exthost] [warning] [Decorations] CAPPING events from decorations provider vscode.git 545
[2021-01-27 10:06:52.560] [exthost] [warning] [Decorations] CAPPING events from decorations provider vscode.git 545
[2021-01-27 10:06:57.693] [exthost] [warning] [Decorations] CAPPING events from decorations provider vscode.git 545
[2021-01-27 10:07:07.967] [exthost] [warning] [Decorations] CAPPING events from decorations provider vscode.git 545
[2021-01-27 10:07:13.101] [exthost] [warning] [Decorations] CAPPING events from decorations provider vscode.git 545
[2021-01-27 10:07:18.233] [exthost] [warning] [Decorations] CAPPING events from decorations provider vscode.git 545
[2021-01-27 10:07:23.375] [exthost] [warning] [Decorations] CAPPING events from decorations provider vscode.git 545
[2021-01-27 10:07:28.514] [exthost] [warning] [Decorations] CAPPING events from decorations provider vscode.git 545
[2021-01-27 10:07:33.649] [exthost] [warning] [Decorations] CAPPING events from decorations provider vscode.git 545
[2021-01-27 10:07:38.787] [exthost] [warning] [Decorations] CAPPING events from decorations provider vscode.git 545
[2021-01-27 10:07:43.928] [exthost] [warning] [Decorations] CAPPING events from decorations provider vscode.git 545
[2021-01-27 10:07:49.062] [exthost] [warning] [Decorations] CAPPING events from decorations provider vscode.git 545
[2021-01-27 10:07:54.195] [exthost] [warning] [Decorations] CAPPING events from decorations provider vscode.git 545
[2021-01-27 10:07:59.328] [exthost] [warning] [Decorations] CAPPING events from decorations provider vscode.git 545
[2021-01-27 10:08:04.461] [exthost] [warning] [Decorations] CAPPING events from decorations provider vscode.git 545
[2021-01-27 10:08:09.598] [exthost] [warning] [Decorations] CAPPING events from decorations provider vscode.git 545
[2021-01-27 10:08:14.745] [exthost] [warning] [Decorations] CAPPING events from decorations provider vscode.git 545
[2021-01-27 10:08:19.881] [exthost] [warning] [Decorations] CAPPING events from decorations provider vscode.git 545
[2021-01-27 10:08:25.015] [exthost] [warning] [Decorations] CAPPING events from decorations provider vscode.git 545
[2021-01-27 10:08:30.148] [exthost] [warning] [Decorations] CAPPING events from decorations provider vscode.git 545
[2021-01-27 10:08:35.282] [exthost] [warning] [Decorations] CAPPING events from decorations provider vscode.git 545
[2021-01-27 10:08:40.416] [exthost] [warning] [Decorations] CAPPING events from decorations provider vscode.git 545
[2021-01-27 10:08:45.548] [exthost] [warning] [Decorations] CAPPING events from decorations provider vscode.git 545
[2021-01-27 10:08:50.685] [exthost] [warning] [Decorations] CAPPING events from decorations provider vscode.git 545
[2021-01-27 10:08:55.820] [exthost] [warning] [Decorations] CAPPING events from decorations provider vscode.git 545
[2021-01-27 10:09:00.957] [exthost] [warning] [Decorations] CAPPING events from decorations provider vscode.git 545
[2021-01-27 10:09:06.111] [exthost] [warning] [Decorations] CAPPING events from decorations provider vscode.git 545
[2021-01-27 10:09:11.251] [exthost] [warning] [Decorations] CAPPING events from decorations provider vscode.git 545
[2021-01-27 10:09:16.387] [exthost] [warning] [Decorations] CAPPING events from decorations provider vscode.git 545
[2021-01-27 10:09:21.524] [exthost] [warning] [Decorations] CAPPING events from decorations provider vscode.git 545
[2021-01-27 10:09:26.658] [exthost] [warning] [Decorations] CAPPING events from decorations provider vscode.git 545
[2021-01-27 10:09:31.792] [exthost] [warning] [Decorations] CAPPING events from decorations provider vscode.git 545
[2021-01-27 10:09:36.929] [exthost] [warning] [Decorations] CAPPING events from decorations provider vscode.git 545
[2021-01-27 10:09:42.071] [exthost] [warning] [Decorations] CAPPING events from decorations provider vscode.git 545
[2021-01-27 10:09:47.209] [exthost] [warning] [Decorations] CAPPING events from decorations provider vscode.git 545
[2021-01-27 10:09:52.354] [exthost] [warning] [Decorations] CAPPING events from decorations provider vscode.git 545
[2021-01-27 10:09:57.489] [exthost] [warning] [Decorations] CAPPING events from decorations provider vscode.git 545
[2021-01-27 10:10:02.622] [exthost] [warning] [Decorations] CAPPING events from decorations provider vscode.git 545
[2021-01-27 10:10:07.755] [exthost] [warning] [Decorations] CAPPING events from decorations provider vscode.git 545
[2021-01-27 10:10:18.025] [exthost] [warning] [Decorations] CAPPING events from decorations provider vscode.git 545
[2021-01-27 10:10:23.159] [exthost] [warning] [Decorations] CAPPING events from decorations provider vscode.git 545
[2021-01-27 10:10:28.291] [exthost] [warning] [Decorations] CAPPING events from decorations provider vscode.git 545
[2021-01-27 10:10:33.426] [exthost] [warning] [Decorations] CAPPING events from decorations provider vscode.git 545
[2021-01-27 10:10:38.561] [exthost] [warning] [Decorations] CAPPING events from decorations provider vscode.git 545
[2021-01-27 10:10:43.699] [exthost] [warning] [Decorations] CAPPING events from decorations provider vscode.git 545
[2021-01-27 10:10:48.838] [exthost] [warning] [Decorations] CAPPING events from decorations provider vscode.git 545
[2021-01-27 10:10:53.976] [exthost] [warning] [Decorations] CAPPING events from decorations provider vscode.git 545
[2021-01-27 10:10:59.108] [exthost] [warning] [Decorations] CAPPING events from decorations provider vscode.git 545
[2021-01-27 10:11:04.245] [exthost] [warning] [Decorations] CAPPING events from decorations provider vscode.git 545
[2021-01-27 10:11:09.380] [exthost] [warning] [Decorations] CAPPING events from decorations provider vscode.git 545
[2021-01-27 10:11:14.514] [exthost] [warning] [Decorations] CAPPING events from decorations provider vscode.git 545
[2021-01-27 10:11:19.649] [exthost] [warning] [Decorations] CAPPING events from decorations provider vscode.git 545
[2021-01-27 10:11:24.787] [exthost] [warning] [Decorations] CAPPING events from decorations provider vscode.git 545
[2021-01-27 10:11:29.930] [exthost] [warning] [Decorations] CAPPING events from decorations provider vscode.git 545
[2021-01-27 10:11:35.067] [exthost] [warning] [Decorations] CAPPING events from decorations provider vscode.git 545
[2021-01-27 10:11:40.208] [exthost] [warning] [Decorations] CAPPING events from decorations provider vscode.git 545
[2021-01-27 10:11:45.342] [exthost] [warning] [Decorations] CAPPING events from decorations provider vscode.git 545
[2021-01-27 10:11:50.476] [exthost] [warning] [Decorations] CAPPING events from decorations provider vscode.git 545
[2021-01-27 10:11:55.615] [exthost] [warning] [Decorations] CAPPING events from decorations provider vscode.git 545
[2021-01-27 10:12:00.759] [exthost] [warning] [Decorations] CAPPING events from decorations provider vscode.git 545
[2021-01-27 10:12:05.892] [exthost] [warning] [Decorations] CAPPING events from decorations provider vscode.git 545
[2021-01-27 10:12:11.027] [exthost] [warning] [Decorations] CAPPING events from decorations provider vscode.git 545
[2021-01-27 10:12:16.166] [exthost] [warning] [Decorations] CAPPING events from decorations provider vscode.git 545
[2021-01-27 10:12:21.313] [exthost] [warning] [Decorations] CAPPING events from decorations provider vscode.git 545
[2021-01-27 10:12:26.450] [exthost] [warning] [Decorations] CAPPING events from decorations provider vscode.git 545
[2021-01-27 10:12:31.586] [exthost] [warning] [Decorations] CAPPING events from decorations provider vscode.git 545
[2021-01-27 10:12:36.719] [exthost] [warning] [Decorations] CAPPING events from decorations provider vscode.git 545
[2021-01-27 10:12:41.851] [exthost] [warning] [Decorations] CAPPING events from decorations provider vscode.git 545
[2021-01-27 10:12:46.986] [exthost] [warning] [Decorations] CAPPING events from decorations provider vscode.git 545
[2021-01-27 10:12:52.120] [exthost] [warning] [Decorations] CAPPING events from decorations provider vscode.git 545
[2021-01-27 10:12:57.258] [exthost] [warning] [Decorations] CAPPING events from decorations provider vscode.git 545
[2021-01-27 10:13:02.392] [exthost] [warning] [Decorations] CAPPING events from decorations provider vscode.git 545
[2021-01-27 10:13:07.537] [exthost] [warning] [Decorations] CAPPING events from decorations provider vscode.git 545
[2021-01-27 10:13:12.672] [exthost] [warning] [Decorations] CAPPING events from decorations provider vscode.git 545
[2021-01-27 10:13:17.811] [exthost] [warning] [Decorations] CAPPING events from decorations provider vscode.git 545
[2021-01-27 10:13:28.066] [exthost] [warning] [Decorations] CAPPING events from decorations provider vscode.git 545
[2021-01-27 10:13:33.199] [exthost] [warning] [Decorations] CAPPING events from decorations provider vscode.git 545
[2021-01-27 10:13:38.340] [exthost] [warning] [Decorations] CAPPING events from decorations provider vscode.git 545
[2021-01-27 10:13:43.482] [exthost] [warning] [Decorations] CAPPING events from decorations provider vscode.git 545
[2021-01-27 10:13:48.616] [exthost] [warning] [Decorations] CAPPING events from decorations provider vscode.git 545
[2021-01-27 10:13:53.759] [exthost] [warning] [Decorations] CAPPING events from decorations provider vscode.git 545
[2021-01-27 10:13:58.906] [exthost] [warning] [Decorations] CAPPING events from decorations provider vscode.git 545
[2021-01-27 10:14:04.049] [exthost] [warning] [Decorations] CAPPING events from decorations provider vscode.git 545
[2021-01-27 10:14:09.240] [exthost] [warning] [Decorations] CAPPING events from decorations provider vscode.git 545
[2021-01-27 10:14:14.395] [exthost] [warning] [Decorations] CAPPING events from decorations provider vscode.git 545
[2021-01-27 10:14:19.534] [exthost] [warning] [Decorations] CAPPING events from decorations provider vscode.git 545
[2021-01-27 10:14:24.691] [exthost] [warning] [Decorations] CAPPING events from decorations provider vscode.git 545
[2021-01-27 10:14:29.824] [exthost] [warning] [Decorations] CAPPING events from decorations provider vscode.git 545
[2021-01-27 10:14:34.960] [exthost] [warning] [Decorations] CAPPING events from decorations provider vscode.git 545
[2021-01-27 10:14:40.105] [exthost] [warning] [Decorations] CAPPING events from decorations provider vscode.git 545
[2021-01-27 10:14:45.246] [exthost] [warning] [Decorations] CAPPING events from decorations provider vscode.git 545
[2021-01-27 10:14:50.393] [exthost] [warning] [Decorations] CAPPING events from decorations provider vscode.git 545
[2021-01-27 10:14:55.539] [exthost] [warning] [Decorations] CAPPING events from decorations provider vscode.git 545
[2021-01-27 10:15:00.678] [exthost] [warning] [Decorations] CAPPING events from decorations provider vscode.git 545
[2021-01-27 10:15:05.817] [exthost] [warning] [Decorations] CAPPING events from decorations provider vscode.git 545
[2021-01-27 10:15:10.955] [exthost] [warning] [Decorations] CAPPING events from decorations provider vscode.git 545
[2021-01-27 10:15:16.276] [exthost] [warning] [Decorations] CAPPING events from decorations provider vscode.git 545
[2021-01-27 10:15:21.432] [exthost] [warning] [Decorations] CAPPING events from decorations provider vscode.git 545
[2021-01-27 10:15:26.574] [exthost] [warning] [Decorations] CAPPING events from decorations provider vscode.git 545
[2021-01-27 10:15:31.712] [exthost] [warning] [Decorations] CAPPING events from decorations provider vscode.git 545
[2021-01-27 10:15:53.664] [exthost] [warning] [Decorations] CAPPING events from decorations provider vscode.git 545
[2021-01-27 10:15:58.825] [exthost] [warning] [Decorations] CAPPING events from decorations provider vscode.git 545
[2021-01-27 10:16:03.961] [exthost] [warning] [Decorations] CAPPING events from decorations provider vscode.git 545
[2021-01-27 10:16:09.100] [exthost] [warning] [Decorations] CAPPING events from decorations provider vscode.git 545
[2021-01-27 10:16:14.231] [exthost] [warning] [Decorations] CAPPING events from decorations provider vscode.git 545
[2021-01-27 10:16:19.366] [exthost] [warning] [Decorations] CAPPING events from decorations provider vscode.git 545
[2021-01-27 10:16:24.511] [exthost] [warning] [Decorations] CAPPING events from decorations provider vscode.git 545
[2021-01-27 10:16:29.544] [exthost] [warning] [Decorations] CAPPING events from decorations provider vscode.git 545
[2021-01-27 10:16:29.867] [exthost] [warning] [Decorations] CAPPING events from decorations provider vscode.git 545
[2021-01-27 10:16:35.010] [exthost] [warning] [Decorations] CAPPING events from decorations provider vscode.git 545
[2021-01-27 10:16:40.148] [exthost] [warning] [Decorations] CAPPING events from decorations provider vscode.git 545
[2021-01-27 10:16:45.286] [exthost] [warning] [Decorations] CAPPING events from decorations provider vscode.git 545
[2021-01-27 10:16:50.422] [exthost] [warning] [Decorations] CAPPING events from decorations provider vscode.git 545
[2021-01-27 10:16:55.562] [exthost] [warning] [Decorations] CAPPING events from decorations provider vscode.git 545
[2021-01-27 10:17:00.695] [exthost] [warning] [Decorations] CAPPING events from decorations provider vscode.git 545
[2021-01-27 10:17:05.831] [exthost] [warning] [Decorations] CAPPING events from decorations provider vscode.git 545
[2021-01-27 10:17:10.971] [exthost] [warning] [Decorations] CAPPING events from decorations provider vscode.git 545
[2021-01-27 10:17:16.108] [exthost] [warning] [Decorations] CAPPING events from decorations provider vscode.git 545
[2021-01-27 10:17:21.252] [exthost] [warning] [Decorations] CAPPING events from decorations provider vscode.git 545
[2021-01-27 10:17:26.392] [exthost] [warning] [Decorations] CAPPING events from decorations provider vscode.git 545
[2021-01-27 10:17:31.531] [exthost] [warning] [Decorations] CAPPING events from decorations provider vscode.git 545
[2021-01-27 10:17:36.673] [exthost] [warning] [Decorations] CAPPING events from decorations provider vscode.git 545
[2021-01-27 10:17:41.810] [exthost] [warning] [Decorations] CAPPING events from decorations provider vscode.git 545
[2021-01-27 10:17:46.949] [exthost] [warning] [Decorations] CAPPING events from decorations provider vscode.git 545
[2021-01-27 10:17:52.090] [exthost] [warning] [Decorations] CAPPING events from decorations provider vscode.git 545
[2021-01-27 10:17:57.229] [exthost] [warning] [Decorations] CAPPING events from decorations provider vscode.git 545
[2021-01-27 13:16:25.377] [exthost] [warning] [Decorations] CAPPING events from decorations provider vscode.git 545
[2021-01-27 13:16:26.342] [exthost] [warning] [Decorations] CAPPING events from decorations provider vscode.git 545
[2021-01-27 13:23:13.086] [exthost] [warning] [Decorations] CAPPING events from decorations provider vscode.git 545
[2021-01-27 13:23:14.038] [exthost] [warning] [Decorations] CAPPING events from decorations provider vscode.git 545
[2021-01-27 13:23:18.226] [exthost] [warning] [Decorations] CAPPING events from decorations provider vscode.git 545
[2021-01-27 13:23:23.368] [exthost] [warning] [Decorations] CAPPING events from decorations provider vscode.git 545
[2021-01-27 13:23:28.506] [exthost] [warning] [Decorations] CAPPING events from decorations provider vscode.git 545
[2021-01-27 13:23:33.642] [exthost] [warning] [Decorations] CAPPING events from decorations provider vscode.git 545
[2021-01-27 13:23:38.776] [exthost] [warning] [Decorations] CAPPING events from decorations provider vscode.git 545
[2021-01-27 13:23:43.917] [exthost] [warning] [Decorations] CAPPING events from decorations provider vscode.git 545
[2021-01-27 13:23:49.052] [exthost] [warning] [Decorations] CAPPING events from decorations provider vscode.git 545
[2021-01-27 13:23:54.196] [exthost] [warning] [Decorations] CAPPING events from decorations provider vscode.git 545
[2021-01-27 13:23:59.334] [exthost] [warning] [Decorations] CAPPING events from decorations provider vscode.git 545
[2021-01-27 13:24:04.478] [exthost] [warning] [Decorations] CAPPING events from decorations provider vscode.git 545
[2021-01-27 13:24:09.653] [exthost] [warning] [Decorations] CAPPING events from decorations provider vscode.git 545
[2021-01-27 13:24:14.790] [exthost] [warning] [Decorations] CAPPING events from decorations provider vscode.git 545
[2021-01-27 13:24:19.931] [exthost] [warning] [Decorations] CAPPING events from decorations provider vscode.git 545
[2021-01-27 13:24:25.067] [exthost] [warning] [Decorations] CAPPING events from decorations provider vscode.git 545
[2021-01-27 13:24:30.200] [exthost] [warning] [Decorations] CAPPING events from decorations provider vscode.git 545
[2021-01-27 13:24:35.341] [exthost] [warning] [Decorations] CAPPING events from decorations provider vscode.git 545
[2021-01-27 13:24:40.501] [exthost] [warning] [Decorations] CAPPING events from decorations provider vscode.git 545
[2021-01-27 13:24:45.637] [exthost] [warning] [Decorations] CAPPING events from decorations provider vscode.git 545
[2021-01-27 13:24:50.772] [exthost] [warning] [Decorations] CAPPING events from decorations provider vscode.git 545
[2021-01-27 13:24:55.907] [exthost] [warning] [Decorations] CAPPING events from decorations provider vscode.git 545
[2021-01-27 13:25:01.044] [exthost] [warning] [Decorations] CAPPING events from decorations provider vscode.git 545
[2021-01-27 13:25:06.181] [exthost] [warning] [Decorations] CAPPING events from decorations provider vscode.git 545
[2021-01-27 13:25:11.325] [exthost] [warning] [Decorations] CAPPING events from decorations provider vscode.git 545
[2021-01-27 13:25:16.465] [exthost] [warning] [Decorations] CAPPING events from decorations provider vscode.git 545
[2021-01-27 13:25:21.601] [exthost] [warning] [Decorations] CAPPING events from decorations provider vscode.git 545
[2021-01-27 13:25:26.748] [exthost] [warning] [Decorations] CAPPING events from decorations provider vscode.git 545
[2021-01-27 13:25:31.883] [exthost] [warning] [Decorations] CAPPING events from decorations provider vscode.git 545
[2021-01-27 13:25:37.020] [exthost] [warning] [Decorations] CAPPING events from decorations provider vscode.git 545
[2021-01-27 13:25:42.156] [exthost] [warning] [Decorations] CAPPING events from decorations provider vscode.git 545
[2021-01-27 13:25:47.291] [exthost] [warning] [Decorations] CAPPING events from decorations provider vscode.git 545
[2021-01-27 13:25:52.426] [exthost] [warning] [Decorations] CAPPING events from decorations provider vscode.git 545
[2021-01-27 13:25:57.566] [exthost] [warning] [Decorations] CAPPING events from decorations provider vscode.git 545
[2021-01-27 13:26:02.704] [exthost] [warning] [Decorations] CAPPING events from decorations provider vscode.git 545
[2021-01-27 13:26:07.840] [exthost] [warning] [Decorations] CAPPING events from decorations provider vscode.git 545
[2021-01-27 13:26:12.976] [exthost] [warning] [Decorations] CAPPING events from decorations provider vscode.git 545
[2021-01-27 13:26:15.425] [exthost] [warning] [Decorations] CAPPING events from decorations provider vscode.git 545
[2021-01-27 13:26:18.119] [exthost] [warning] [Decorations] CAPPING events from decorations provider vscode.git 545
[2021-01-27 13:26:23.264] [exthost] [warning] [Decorations] CAPPING events from decorations provider vscode.git 545
[2021-01-27 13:26:28.401] [exthost] [warning] [Decorations] CAPPING events from decorations provider vscode.git 545
[2021-01-27 13:26:33.538] [exthost] [warning] [Decorations] CAPPING events from decorations provider vscode.git 545
[2021-01-27 13:26:38.675] [exthost] [warning] [Decorations] CAPPING events from decorations provider vscode.git 545
[2021-01-27 13:26:43.822] [exthost] [warning] [Decorations] CAPPING events from decorations provider vscode.git 545
[2021-01-27 13:26:48.959] [exthost] [warning] [Decorations] CAPPING events from decorations provider vscode.git 545
[2021-01-27 13:26:54.094] [exthost] [warning] [Decorations] CAPPING events from decorations provider vscode.git 545
[2021-01-27 13:26:59.246] [exthost] [warning] [Decorations] CAPPING events from decorations provider vscode.git 545
[2021-01-27 13:27:04.408] [exthost] [warning] [Decorations] CAPPING events from decorations provider vscode.git 545
[2021-01-27 13:27:09.556] [exthost] [warning] [Decorations] CAPPING events from decorations provider vscode.git 545
[2021-01-27 17:04:53.387] [exthost] [warning] [Decorations] CAPPING events from decorations provider vscode.git 545
[2021-01-27 17:04:54.583] [exthost] [warning] [Decorations] CAPPING events from decorations provider vscode.git 545
[2021-01-27 17:04:58.545] [exthost] [warning] [Decorations] CAPPING events from decorations provider vscode.git 545
[2021-01-27 17:05:03.694] [exthost] [warning] [Decorations] CAPPING events from decorations provider vscode.git 545
[2021-01-27 17:05:08.833] [exthost] [warning] [Decorations] CAPPING events from decorations provider vscode.git 545
[2021-01-27 17:05:13.973] [exthost] [warning] [Decorations] CAPPING events from decorations provider vscode.git 545
[2021-01-27 17:05:19.110] [exthost] [warning] [Decorations] CAPPING events from decorations provider vscode.git 545
[2021-01-27 17:05:24.243] [exthost] [warning] [Decorations] CAPPING events from decorations provider vscode.git 545
[2021-01-27 17:05:29.382] [exthost] [warning] [Decorations] CAPPING events from decorations provider vscode.git 545
[2021-01-27 17:05:34.522] [exthost] [warning] [Decorations] CAPPING events from decorations provider vscode.git 545
[2021-01-27 17:05:39.666] [exthost] [warning] [Decorations] CAPPING events from decorations provider vscode.git 545
[2021-01-27 17:05:44.806] [exthost] [warning] [Decorations] CAPPING events from decorations provider vscode.git 545
[2021-01-27 17:05:49.939] [exthost] [warning] [Decorations] CAPPING events from decorations provider vscode.git 545
[2021-01-27 17:05:55.073] [exthost] [warning] [Decorations] CAPPING events from decorations provider vscode.git 545
[2021-01-27 17:06:00.207] [exthost] [warning] [Decorations] CAPPING events from decorations provider vscode.git 545
[2021-01-27 17:06:05.344] [exthost] [warning] [Decorations] CAPPING events from decorations provider vscode.git 545
[2021-01-27 17:06:10.477] [exthost] [warning] [Decorations] CAPPING events from decorations provider vscode.git 545
[2021-01-27 17:06:15.610] [exthost] [warning] [Decorations] CAPPING events from decorations provider vscode.git 545
[2021-01-27 17:06:20.744] [exthost] [warning] [Decorations] CAPPING events from decorations provider vscode.git 545
[2021-01-27 17:06:25.912] [exthost] [warning] [Decorations] CAPPING events from decorations provider vscode.git 545
[2021-01-27 17:06:31.057] [exthost] [warning] [Decorations] CAPPING events from decorations provider vscode.git 545
[2021-01-27 17:06:36.193] [exthost] [warning] [Decorations] CAPPING events from decorations provider vscode.git 545
[2021-01-27 17:06:41.331] [exthost] [warning] [Decorations] CAPPING events from decorations provider vscode.git 545
[2021-01-27 17:06:46.496] [exthost] [warning] [Decorations] CAPPING events from decorations provider vscode.git 545
[2021-01-27 17:06:51.636] [exthost] [warning] [Decorations] CAPPING events from decorations provider vscode.git 545
[2021-01-27 17:06:56.772] [exthost] [warning] [Decorations] CAPPING events from decorations provider vscode.git 545
[2021-01-27 17:07:01.908] [exthost] [warning] [Decorations] CAPPING events from decorations provider vscode.git 545
[2021-01-27 17:07:07.042] [exthost] [warning] [Decorations] CAPPING events from decorations provider vscode.git 545
[2021-01-27 17:07:12.173] [exthost] [warning] [Decorations] CAPPING events from decorations provider vscode.git 545
[2021-01-27 17:07:17.313] [exthost] [warning] [Decorations] CAPPING events from decorations provider vscode.git 545
[2021-01-27 17:07:22.453] [exthost] [warning] [Decorations] CAPPING events from decorations provider vscode.git 545
[2021-01-27 17:07:27.593] [exthost] [warning] [Decorations] CAPPING events from decorations provider vscode.git 545
[2021-01-27 17:07:32.728] [exthost] [warning] [Decorations] CAPPING events from decorations provider vscode.git 545
[2021-01-27 17:07:37.866] [exthost] [warning] [Decorations] CAPPING events from decorations provider vscode.git 545
[2021-01-27 17:07:43.009] [exthost] [warning] [Decorations] CAPPING events from decorations provider vscode.git 545
[2021-01-27 17:07:48.174] [exthost] [warning] [Decorations] CAPPING events from decorations provider vscode.git 545
[2021-01-27 17:07:53.310] [exthost] [warning] [Decorations] CAPPING events from decorations provider vscode.git 545
[2021-01-27 17:07:55.961] [exthost] [warning] [Decorations] CAPPING events from decorations provider vscode.git 545
[2021-01-27 17:07:58.460] [exthost] [warning] [Decorations] CAPPING events from decorations provider vscode.git 545
[2021-01-27 17:08:03.607] [exthost] [warning] [Decorations] CAPPING events from decorations provider vscode.git 545
[2021-01-27 17:08:08.742] [exthost] [warning] [Decorations] CAPPING events from decorations provider vscode.git 545
[2021-01-27 17:08:13.881] [exthost] [warning] [Decorations] CAPPING events from decorations provider vscode.git 545
[2021-01-27 17:08:19.015] [exthost] [warning] [Decorations] CAPPING events from decorations provider vscode.git 545
[2021-01-27 17:08:24.177] [exthost] [warning] [Decorations] CAPPING events from decorations provider vscode.git 545
[2021-01-27 17:08:29.314] [exthost] [warning] [Decorations] CAPPING events from decorations provider vscode.git 545
[2021-01-27 17:08:34.449] [exthost] [warning] [Decorations] CAPPING events from decorations provider vscode.git 545
[2021-01-27 17:08:39.585] [exthost] [warning] [Decorations] CAPPING events from decorations provider vscode.git 545
[2021-01-27 17:08:44.721] [exthost] [warning] [Decorations] CAPPING events from decorations provider vscode.git 545
[2021-01-27 17:08:49.862] [exthost] [warning] [Decorations] CAPPING events from decorations provider vscode.git 545
[2021-01-27 17:08:54.997] [exthost] [warning] [Decorations] CAPPING events from decorations provider vscode.git 545
[2021-01-27 17:09:00.135] [exthost] [warning] [Decorations] CAPPING events from decorations provider vscode.git 545
[2021-01-27 17:09:05.310] [exthost] [warning] [Decorations] CAPPING events from decorations provider vscode.git 545
[2021-01-27 17:09:10.450] [exthost] [warning] [Decorations] CAPPING events from decorations provider vscode.git 545
[2021-01-27 17:09:15.590] [exthost] [warning] [Decorations] CAPPING events from decorations provider vscode.git 545
[2021-01-27 17:09:20.740] [exthost] [warning] [Decorations] CAPPING events from decorations provider vscode.git 545
[2021-01-27 17:09:25.888] [exthost] [warning] [Decorations] CAPPING events from decorations provider vscode.git 545
[2021-01-27 17:09:31.035] [exthost] [warning] [Decorations] CAPPING events from decorations provider vscode.git 545
[2021-01-27 17:09:36.181] [exthost] [warning] [Decorations] CAPPING events from decorations provider vscode.git 545
[2021-01-27 17:09:41.314] [exthost] [warning] [Decorations] CAPPING events from decorations provider vscode.git 545
[2021-01-27 17:09:46.451] [exthost] [warning] [Decorations] CAPPING events from decorations provider vscode.git 545
[2021-01-27 17:09:51.586] [exthost] [warning] [Decorations] CAPPING events from decorations provider vscode.git 545
[2021-01-27 17:09:56.731] [exthost] [warning] [Decorations] CAPPING events from decorations provider vscode.git 545
[2021-01-27 17:10:01.880] [exthost] [warning] [Decorations] CAPPING events from decorations provider vscode.git 545
[2021-01-27 17:10:07.038] [exthost] [warning] [Decorations] CAPPING events from decorations provider vscode.git 545
[2021-01-27 17:10:12.177] [exthost] [warning] [Decorations] CAPPING events from decorations provider vscode.git 545
[2021-01-27 17:10:17.314] [exthost] [warning] [Decorations] CAPPING events from decorations provider vscode.git 545
[2021-01-27 17:10:22.463] [exthost] [warning] [Decorations] CAPPING events from decorations provider vscode.git 545
[2021-01-27 17:10:27.610] [exthost] [warning] [Decorations] CAPPING events from decorations provider vscode.git 545
[2021-01-27 17:10:32.763] [exthost] [warning] [Decorations] CAPPING events from decorations provider vscode.git 545
[2021-01-27 17:10:37.907] [exthost] [warning] [Decorations] CAPPING events from decorations provider vscode.git 545
[2021-01-27 17:10:43.047] [exthost] [warning] [Decorations] CAPPING events from decorations provider vscode.git 545
[2021-01-27 17:10:48.188] [exthost] [warning] [Decorations] CAPPING events from decorations provider vscode.git 545
[2021-01-27 17:10:53.329] [exthost] [warning] [Decorations] CAPPING events from decorations provider vscode.git 545
[2021-01-27 17:10:57.678] [exthost] [warning] [Decorations] CAPPING events from decorations provider vscode.git 545
[2021-01-27 17:10:58.468] [exthost] [warning] [Decorations] CAPPING events from decorations provider vscode.git 545
[2021-01-27 17:11:03.614] [exthost] [warning] [Decorations] CAPPING events from decorations provider vscode.git 545
[2021-01-27 17:11:08.772] [exthost] [warning] [Decorations] CAPPING events from decorations provider vscode.git 545
[2021-01-27 17:11:13.917] [exthost] [warning] [Decorations] CAPPING events from decorations provider vscode.git 545
[2021-01-27 17:11:19.055] [exthost] [warning] [Decorations] CAPPING events from decorations provider vscode.git 545
[2021-01-27 17:11:24.197] [exthost] [warning] [Decorations] CAPPING events from decorations provider vscode.git 545
[2021-01-27 17:11:29.338] [exthost] [warning] [Decorations] CAPPING events from decorations provider vscode.git 545
[2021-01-27 17:11:34.488] [exthost] [warning] [Decorations] CAPPING events from decorations provider vscode.git 545
[2021-01-27 17:11:39.630] [exthost] [warning] [Decorations] CAPPING events from decorations provider vscode.git 545
[2021-01-27 17:11:44.775] [exthost] [warning] [Decorations] CAPPING events from decorations provider vscode.git 545
[2021-01-27 17:11:49.912] [exthost] [warning] [Decorations] CAPPING events from decorations provider vscode.git 545
[2021-01-27 17:11:55.046] [exthost] [warning] [Decorations] CAPPING events from decorations provider vscode.git 545
[2021-01-27 17:12:00.183] [exthost] [warning] [Decorations] CAPPING events from decorations provider vscode.git 545
[2021-01-27 17:12:05.329] [exthost] [warning] [Decorations] CAPPING events from decorations provider vscode.git 545
[2021-01-27 17:12:10.469] [exthost] [warning] [Decorations] CAPPING events from decorations provider vscode.git 545
[2021-01-27 17:12:15.608] [exthost] [warning] [Decorations] CAPPING events from decorations provider vscode.git 545
[2021-01-27 17:12:20.742] [exthost] [warning] [Decorations] CAPPING events from decorations provider vscode.git 545
[2021-01-27 17:12:25.926] [exthost] [warning] [Decorations] CAPPING events from decorations provider vscode.git 545
[2021-01-27 17:12:31.060] [exthost] [warning] [Decorations] CAPPING events from decorations provider vscode.git 545
[2021-01-27 17:12:36.204] [exthost] [warning] [Decorations] CAPPING events from decorations provider vscode.git 545
[2021-01-27 17:12:41.341] [exthost] [warning] [Decorations] CAPPING events from decorations provider vscode.git 545
[2021-01-27 17:12:46.507] [exthost] [warning] [Decorations] CAPPING events from decorations provider vscode.git 545
[2021-01-27 17:12:51.648] [exthost] [warning] [Decorations] CAPPING events from decorations provider vscode.git 545
[2021-01-28 15:20:13.601] [exthost] [warning] [Decorations] CAPPING events from decorations provider vscode.git 777
[2021-01-28 15:20:14.891] [exthost] [warning] [Decorations] CAPPING events from decorations provider vscode.git 777
[2021-01-28 15:20:20.274] [exthost] [warning] [Decorations] CAPPING events from decorations provider vscode.git 777
[2021-01-28 15:20:23.713] [exthost] [error] {"message":"Git error","stdout":"","stderr":"fatal: Pathspec '/home/soic/moxa-uart-control/config.log' is in submodule 'moxa-uart-control'\n","exitCode":128,"gitErrorCode":"IsInSubmodule"}
[2021-01-28 15:20:23.713] [exthost] [error] {"message":"Git error","stdout":"","stderr":"fatal: Pathspec '/home/soic/moxa-uart-control/config.log' is in submodule 'moxa-uart-control'\n","exitCode":128,"gitErrorCode":"IsInSubmodule"}
[2021-01-28 15:20:23.713] [exthost] [error] {"message":"Git error","stdout":"","stderr":"fatal: Pathspec '/home/soic/moxa-uart-control/config.log' is in submodule 'moxa-uart-control'\n","exitCode":128,"gitErrorCode":"IsInSubmodule"}
[2021-01-28 15:20:23.713] [exthost] [error] {"message":"Git error","stdout":"","stderr":"fatal: Pathspec '/home/soic/moxa-uart-control/config.log' is in submodule 'moxa-uart-control'\n","exitCode":128,"gitErrorCode":"IsInSubmodule"}
[2021-01-28 15:20:23.713] [exthost] [error] {"message":"Git error","stdout":"","stderr":"fatal: Pathspec '/home/soic/moxa-uart-control/config.log' is in submodule 'moxa-uart-control'\n","exitCode":128,"gitErrorCode":"IsInSubmodule"}
[2021-01-28 15:20:23.713] [exthost] [error] {"message":"Git error","stdout":"","stderr":"fatal: Pathspec '/home/soic/moxa-uart-control/config.log' is in submodule 'moxa-uart-control'\n","exitCode":128,"gitErrorCode":"IsInSubmodule"}
[2021-01-28 15:20:23.713] [exthost] [error] {"message":"Git error","stdout":"","stderr":"fatal: Pathspec '/home/soic/moxa-uart-control/config.log' is in submodule 'moxa-uart-control'\n","exitCode":128,"gitErrorCode":"IsInSubmodule"}
[2021-01-28 15:20:23.713] [exthost] [error] {"message":"Git error","stdout":"","stderr":"fatal: Pathspec '/home/soic/moxa-uart-control/config.log' is in submodule 'moxa-uart-control'\n","exitCode":128,"gitErrorCode":"IsInSubmodule"}
[2021-01-28 15:20:23.713] [exthost] [error] {"message":"Git error","stdout":"","stderr":"fatal: Pathspec '/home/soic/moxa-uart-control/config.log' is in submodule 'moxa-uart-control'\n","exitCode":128,"gitErrorCode":"IsInSubmodule"}
[2021-01-28 15:20:23.713] [exthost] [error] {"message":"Git error","stdout":"","stderr":"fatal: Pathspec '/home/soic/moxa-uart-control/config.log' is in submodule 'moxa-uart-control'\n","exitCode":128,"gitErrorCode":"IsInSubmodule"}
[2021-01-28 15:20:23.713] [exthost] [error] {"message":"Git error","stdout":"","stderr":"fatal: Pathspec '/home/soic/moxa-uart-control/config.log' is in submodule 'moxa-uart-control'\n","exitCode":128,"gitErrorCode":"IsInSubmodule"}
[2021-01-28 15:20:23.713] [exthost] [error] {"message":"Git error","stdout":"","stderr":"fatal: Pathspec '/home/soic/moxa-uart-control/config.log' is in submodule 'moxa-uart-control'\n","exitCode":128,"gitErrorCode":"IsInSubmodule"}
[2021-01-28 15:20:23.713] [exthost] [error] {"message":"Git error","stdout":"","stderr":"fatal: Pathspec '/home/soic/moxa-uart-control/config.log' is in submodule 'moxa-uart-control'\n","exitCode":128,"gitErrorCode":"IsInSubmodule"}
[2021-01-28 15:20:23.713] [exthost] [error] {"message":"Git error","stdout":"","stderr":"fatal: Pathspec '/home/soic/moxa-uart-control/config.log' is in submodule 'moxa-uart-control'\n","exitCode":128,"gitErrorCode":"IsInSubmodule"}
[2021-01-28 15:20:23.713] [exthost] [error] {"message":"Git error","stdout":"","stderr":"fatal: Pathspec '/home/soic/moxa-uart-control/config.log' is in submodule 'moxa-uart-control'\n","exitCode":128,"gitErrorCode":"IsInSubmodule"}
[2021-01-28 15:20:25.435] [exthost] [warning] [Decorations] CAPPING events from decorations provider vscode.git 777
